/home/rhu/anaconda3/envs/py310/lib/python3.10/site-packages/torchvision/io/image.py:13: UserWarning: Failed to load image Python extension: '/home/rhu/anaconda3/envs/py310/lib/python3.10/site-packages/torchvision/image.so: undefined symbol: _ZN3c1017RegisterOperatorsD1Ev'If you don't plan on using image functionality from `torchvision.io`, you can ignore this warning. Otherwise, there might be something wrong with your environment. Did you have `libjpeg` or `libpng` installed before building `torchvision` from source?
  warn(
Namespace(batch_size=128, lr=0.02, alpha=4, lambda_u=0, p_threshold=0, T=0.5, num_epochs=300, id='redmini_vri', data_path='/home/rhu/r_work/VRI/VRI_DivideMix/data/red_mini_imagenet_s32', seed='1', gpuid=0, num_class=100, num_batches=1000, log_wandb=False, wandb_project='', wandb_experiment='', wandb_entity='', wandb_resume=False, need_clean=False, single_meta=0, moco_pretrained=None, warmup=20, cos_lr=False, lam=0.01, meta_goal='clid', tau=0.5, meta_lr=0.01, meta_bsz=100, split='red_noise_nl_0.4')
| Building net
Warmup Net1

Warmup Net2

| Test	 Net1  Acc: 14.22%

| Test	 Net2  Acc: 14.36%

==== net 1 evaluate next epoch training data loss ====

| Test Acc: 15.72%


==== Test ACC:15.72 ====
Warmup Net1

Warmup Net2

| Test	 Net1  Acc: 17.28%

| Test	 Net2  Acc: 18.28%

==== net 1 evaluate next epoch training data loss ====

| Test Acc: 20.34%


==== Test ACC:20.34 ====
Warmup Net1

Warmup Net2

| Test	 Net1  Acc: 22.14%

| Test	 Net2  Acc: 22.56%

==== net 1 evaluate next epoch training data loss ====

| Test Acc: 25.30%


==== Test ACC:25.3 ====
Warmup Net1

Warmup Net2

| Test	 Net1  Acc: 25.44%

| Test	 Net2  Acc: 23.30%

==== net 1 evaluate next epoch training data loss ====

| Test Acc: 27.68%


==== Test ACC:27.68 ====
Warmup Net1

Warmup Net2

| Test	 Net1  Acc: 27.74%

| Test	 Net2  Acc: 25.32%

==== net 1 evaluate next epoch training data loss ====

| Test Acc: 29.96%


==== Test ACC:29.96 ====
Warmup Net1

Warmup Net2

| Test	 Net1  Acc: 28.40%

| Test	 Net2  Acc: 26.66%

==== net 1 evaluate next epoch training data loss ====

| Test Acc: 30.44%


==== Test ACC:30.44 ====
Warmup Net1
