/home/rhu/anaconda3/envs/py310/lib/python3.10/site-packages/torchvision/io/image.py:13: UserWarning: Failed to load image Python extension: '/home/rhu/anaconda3/envs/py310/lib/python3.10/site-packages/torchvision/image.so: undefined symbol: _ZN3c1017RegisterOperatorsD1Ev'If you don't plan on using image functionality from `torchvision.io`, you can ignore this warning. Otherwise, there might be something wrong with your environment. Did you have `libjpeg` or `libpng` installed before building `torchvision` from source?
  warn(
| Building net
data saved
data saved
Namespace(batch_size=128, lr=0.1, alpha=0.5, lambda_u=0, p_threshold=0.5, T=0.5, num_epochs=160, id='clothing1m_vri', data_path='../data', seed='10', gpuid=0, num_class=10, num_batches=3000, log_wandb=False, wandb_project='', wandb_experiment='', wandb_entity='', wandb_resume=False, need_clean=False, single_meta=0, moco_pretrained='/home/rhu/r_work/VRI/VRI_DivideMix/pretrained/ckpt_clothing_resnet50.pth', warmup=10, cos_lr=True, lam=0.01, meta_goal='clid', tau=0.5, meta_lr=0.01, meta_bsz=100, model='vgg')

| Test	 Net1  Acc: 40.62%

==== Test ACC:40.62 ====


| Test	 Net1  Acc: 39.04%

==== Test ACC:39.04 ====


| Test	 Net1  Acc: 47.32%

==== Test ACC:47.32 ====


| Test	 Net1  Acc: 44.82%

==== Test ACC:44.82 ====


| Test	 Net1  Acc: 48.12%

==== Test ACC:48.12 ====


| Test	 Net1  Acc: 40.46%

==== Test ACC:40.46 ====


| Test	 Net1  Acc: 57.44%

==== Test ACC:57.44 ====


| Test	 Net1  Acc: 54.38%

==== Test ACC:54.38 ====


| Test	 Net1  Acc: 54.44%

==== Test ACC:54.44 ====


| Test	 Net1  Acc: 55.88%

==== Test ACC:55.88 ====

data saved
data saved

| Test	 Net1  Acc: 53.40%

==== Epoch:10 Test ACC:53.4 ====

/home/rhu/anaconda3/envs/py310/lib/python3.10/site-packages/torch/optim/lr_scheduler.py:143: UserWarning: Detected call of `lr_scheduler.step()` before `optimizer.step()`. In PyTorch 1.1.0 and later, you should call them in the opposite order: `optimizer.step()` before `lr_scheduler.step()`.  Failure to do this will result in PyTorch skipping the first value of the learning rate schedule. See more details at https://pytorch.org/docs/stable/optim.html#how-to-adjust-learning-rate
  warnings.warn("Detected call of `lr_scheduler.step()` before `optimizer.step()`. "
Ensenble {10: 5.089868354797363, 'acc_5': 0.534, 'acc_1': 0.534}
data saved
data saved

| Test	 Net1  Acc: 41.02%

==== Epoch:11 Test ACC:41.02 ====

Ensenble {11: 4.970376110076904, 10: 5.089868354797363, 'acc_5': 0.5196, 'acc_1': 0.4102}
data saved
data saved

| Test	 Net1  Acc: 45.86%

==== Epoch:12 Test ACC:45.86 ====

Ensenble {11: 4.970376110076904, 12: 5.008342933654785, 10: 5.089868354797363, 'acc_5': 0.599, 'acc_1': 0.4102}
data saved
data saved

| Test	 Net1  Acc: 40.18%

==== Epoch:13 Test ACC:40.18 ====

Ensenble {13: 4.807052516937256, 11: 4.970376110076904, 12: 5.008342933654785, 10: 5.089868354797363, 'acc_5': 0.5278, 'acc_1': 0.4018}
data saved
data saved

| Test	 Net1  Acc: 47.04%

==== Epoch:14 Test ACC:47.04 ====

Ensenble {13: 4.807052516937256, 14: 4.8643975257873535, 11: 4.970376110076904, 12: 5.008342933654785, 10: 5.089868354797363, 'acc_5': 0.6054, 'acc_1': 0.4018}
data saved
data saved

| Test	 Net1  Acc: 43.84%

==== Epoch:15 Test ACC:43.84 ====

Ensenble {15: 4.71032075881958, 13: 4.807052516937256, 14: 4.8643975257873535, 11: 4.970376110076904, 12: 5.008342933654785, 'acc_5': 0.652, 'acc_1': 0.4384}
data saved
data saved

| Test	 Net1  Acc: 57.44%

==== Epoch:16 Test ACC:57.44 ====

Ensenble {15: 4.71032075881958, 16: 4.800527191162109, 13: 4.807052516937256, 14: 4.8643975257873535, 11: 4.970376110076904, 'acc_5': 0.6386, 'acc_1': 0.4384}
data saved
data saved

| Test	 Net1  Acc: 52.26%

==== Epoch:17 Test ACC:52.26 ====

Ensenble {15: 4.71032075881958, 16: 4.800527191162109, 13: 4.807052516937256, 17: 4.823861980438233, 14: 4.8643975257873535, 'acc_5': 0.6268, 'acc_1': 0.4384}
data saved
data saved

| Test	 Net1  Acc: 56.78%

==== Epoch:18 Test ACC:56.78 ====

Ensenble {15: 4.71032075881958, 16: 4.800527191162109, 13: 4.807052516937256, 17: 4.823861980438233, 14: 4.8643975257873535, 'acc_5': 0.6268, 'acc_1': 0.4384}
data saved
data saved

| Test	 Net1  Acc: 39.70%

==== Epoch:19 Test ACC:39.7 ====

Ensenble {15: 4.71032075881958, 16: 4.800527191162109, 13: 4.807052516937256, 17: 4.823861980438233, 14: 4.8643975257873535, 'acc_5': 0.6268, 'acc_1': 0.4384}
data saved
data saved

| Test	 Net1  Acc: 50.90%

==== Epoch:20 Test ACC:50.9 ====

Ensenble {15: 4.71032075881958, 20: 4.797606945037842, 16: 4.800527191162109, 13: 4.807052516937256, 17: 4.823861980438233, 'acc_5': 0.6038, 'acc_1': 0.4384}
data saved
data saved

| Test	 Net1  Acc: 52.52%

==== Epoch:21 Test ACC:52.52 ====

Ensenble {15: 4.71032075881958, 20: 4.797606945037842, 16: 4.800527191162109, 13: 4.807052516937256, 17: 4.823861980438233, 'acc_5': 0.6038, 'acc_1': 0.4384}
data saved
data saved

| Test	 Net1  Acc: 34.00%

==== Epoch:22 Test ACC:34.0 ====

Ensenble {15: 4.71032075881958, 20: 4.797606945037842, 16: 4.800527191162109, 13: 4.807052516937256, 17: 4.823861980438233, 'acc_5': 0.6038, 'acc_1': 0.4384}
data saved
data saved

| Test	 Net1  Acc: 60.86%

==== Epoch:23 Test ACC:60.86 ====

Ensenble {15: 4.71032075881958, 23: 4.79201192855835, 20: 4.797606945037842, 16: 4.800527191162109, 13: 4.807052516937256, 'acc_5': 0.6546, 'acc_1': 0.4384}
data saved
data saved

| Test	 Net1  Acc: 59.20%

==== Epoch:24 Test ACC:59.2 ====

Ensenble {15: 4.71032075881958, 24: 4.781946277618408, 23: 4.79201192855835, 20: 4.797606945037842, 16: 4.800527191162109, 'acc_5': 0.694, 'acc_1': 0.4384}
data saved
data saved

| Test	 Net1  Acc: 53.14%

==== Epoch:25 Test ACC:53.14 ====

Ensenble {15: 4.71032075881958, 24: 4.781946277618408, 23: 4.79201192855835, 20: 4.797606945037842, 16: 4.800527191162109, 'acc_5': 0.694, 'acc_1': 0.4384}
data saved
data saved

| Test	 Net1  Acc: 45.04%

==== Epoch:26 Test ACC:45.04 ====

Ensenble {15: 4.71032075881958, 24: 4.781946277618408, 23: 4.79201192855835, 20: 4.797606945037842, 16: 4.800527191162109, 'acc_5': 0.694, 'acc_1': 0.4384}
data saved
data saved

| Test	 Net1  Acc: 39.22%

==== Epoch:27 Test ACC:39.22 ====

Ensenble {15: 4.71032075881958, 24: 4.781946277618408, 23: 4.79201192855835, 20: 4.797606945037842, 16: 4.800527191162109, 'acc_5': 0.694, 'acc_1': 0.4384}
data saved
data saved

| Test	 Net1  Acc: 50.72%

==== Epoch:28 Test ACC:50.72 ====

Ensenble {15: 4.71032075881958, 28: 4.746656990051269, 24: 4.781946277618408, 23: 4.79201192855835, 20: 4.797606945037842, 'acc_5': 0.6762, 'acc_1': 0.4384}
data saved
data saved

| Test	 Net1  Acc: 51.16%

==== Epoch:29 Test ACC:51.16 ====

Ensenble {15: 4.71032075881958, 28: 4.746656990051269, 24: 4.781946277618408, 23: 4.79201192855835, 20: 4.797606945037842, 'acc_5': 0.6762, 'acc_1': 0.4384}
data saved
data saved

| Test	 Net1  Acc: 58.80%

==== Epoch:30 Test ACC:58.8 ====

Ensenble {15: 4.71032075881958, 28: 4.746656990051269, 30: 4.781668376922608, 24: 4.781946277618408, 23: 4.79201192855835, 'acc_5': 0.6708, 'acc_1': 0.4384}
data saved
data saved

| Test	 Net1  Acc: 51.10%

==== Epoch:31 Test ACC:51.1 ====

Ensenble {15: 4.71032075881958, 31: 4.734538841247558, 28: 4.746656990051269, 30: 4.781668376922608, 24: 4.781946277618408, 'acc_5': 0.6596, 'acc_1': 0.4384}
data saved
data saved

| Test	 Net1  Acc: 57.12%

==== Epoch:32 Test ACC:57.12 ====

Ensenble {15: 4.71032075881958, 31: 4.734538841247558, 28: 4.746656990051269, 32: 4.755117321014405, 30: 4.781668376922608, 'acc_5': 0.6308, 'acc_1': 0.4384}
data saved
data saved

| Test	 Net1  Acc: 49.80%

==== Epoch:33 Test ACC:49.8 ====

Ensenble {15: 4.71032075881958, 31: 4.734538841247558, 28: 4.746656990051269, 32: 4.755117321014405, 30: 4.781668376922608, 'acc_5': 0.6308, 'acc_1': 0.4384}
data saved
data saved

| Test	 Net1  Acc: 56.32%

==== Epoch:34 Test ACC:56.32 ====

Ensenble {15: 4.71032075881958, 31: 4.734538841247558, 28: 4.746656990051269, 32: 4.755117321014405, 30: 4.781668376922608, 'acc_5': 0.6308, 'acc_1': 0.4384}
data saved
data saved

| Test	 Net1  Acc: 42.94%

==== Epoch:35 Test ACC:42.94 ====

Ensenble {15: 4.71032075881958, 31: 4.734538841247558, 28: 4.746656990051269, 32: 4.755117321014405, 30: 4.781668376922608, 'acc_5': 0.6308, 'acc_1': 0.4384}
data saved
data saved

| Test	 Net1  Acc: 57.36%

==== Epoch:36 Test ACC:57.36 ====

Ensenble {15: 4.71032075881958, 31: 4.734538841247558, 28: 4.746656990051269, 32: 4.755117321014405, 30: 4.781668376922608, 'acc_5': 0.6308, 'acc_1': 0.4384}
data saved
data saved

| Test	 Net1  Acc: 64.94%

==== Epoch:37 Test ACC:64.94 ====

Ensenble {15: 4.71032075881958, 31: 4.734538841247558, 28: 4.746656990051269, 32: 4.755117321014405, 30: 4.781668376922608, 'acc_5': 0.6308, 'acc_1': 0.4384}
data saved
data saved

| Test	 Net1  Acc: 58.16%

==== Epoch:38 Test ACC:58.16 ====

Ensenble {38: 4.675843334197998, 15: 4.71032075881958, 31: 4.734538841247558, 28: 4.746656990051269, 32: 4.755117321014405, 'acc_5': 0.6526, 'acc_1': 0.5816}
data saved
data saved

| Test	 Net1  Acc: 52.14%

==== Epoch:39 Test ACC:52.14 ====

Ensenble {38: 4.675843334197998, 15: 4.71032075881958, 31: 4.734538841247558, 28: 4.746656990051269, 32: 4.755117321014405, 'acc_5': 0.6526, 'acc_1': 0.5816}
data saved
data saved

| Test	 Net1  Acc: 61.40%

==== Epoch:40 Test ACC:61.4 ====

Ensenble {38: 4.675843334197998, 15: 4.71032075881958, 31: 4.734538841247558, 28: 4.746656990051269, 32: 4.755117321014405, 'acc_5': 0.6526, 'acc_1': 0.5816}
data saved
data saved

| Test	 Net1  Acc: 55.42%

==== Epoch:41 Test ACC:55.42 ====

Ensenble {38: 4.675843334197998, 15: 4.71032075881958, 31: 4.734538841247558, 28: 4.746656990051269, 32: 4.755117321014405, 'acc_5': 0.6526, 'acc_1': 0.5816}
data saved
data saved

| Test	 Net1  Acc: 49.24%

==== Epoch:42 Test ACC:49.24 ====

Ensenble {38: 4.675843334197998, 15: 4.71032075881958, 31: 4.734538841247558, 28: 4.746656990051269, 32: 4.755117321014405, 'acc_5': 0.6526, 'acc_1': 0.5816}
data saved
data saved

| Test	 Net1  Acc: 52.28%

==== Epoch:43 Test ACC:52.28 ====

Ensenble {38: 4.675843334197998, 15: 4.71032075881958, 31: 4.734538841247558, 28: 4.746656990051269, 32: 4.755117321014405, 'acc_5': 0.6526, 'acc_1': 0.5816}
data saved
data saved

| Test	 Net1  Acc: 48.88%

==== Epoch:44 Test ACC:48.88 ====

Ensenble {38: 4.675843334197998, 15: 4.71032075881958, 31: 4.734538841247558, 28: 4.746656990051269, 32: 4.755117321014405, 'acc_5': 0.6526, 'acc_1': 0.5816}
data saved
data saved

| Test	 Net1  Acc: 56.06%

==== Epoch:45 Test ACC:56.06 ====

Ensenble {38: 4.675843334197998, 15: 4.71032075881958, 31: 4.734538841247558, 28: 4.746656990051269, 32: 4.755117321014405, 'acc_5': 0.6526, 'acc_1': 0.5816}
data saved
data saved

| Test	 Net1  Acc: 61.48%

==== Epoch:46 Test ACC:61.48 ====

Ensenble {38: 4.675843334197998, 15: 4.71032075881958, 31: 4.734538841247558, 28: 4.746656990051269, 32: 4.755117321014405, 'acc_5': 0.6526, 'acc_1': 0.5816}
data saved
data saved

| Test	 Net1  Acc: 59.64%

==== Epoch:47 Test ACC:59.64 ====

Ensenble {38: 4.675843334197998, 15: 4.71032075881958, 31: 4.734538841247558, 28: 4.746656990051269, 32: 4.755117321014405, 'acc_5': 0.6526, 'acc_1': 0.5816}
data saved
data saved

| Test	 Net1  Acc: 49.22%

==== Epoch:48 Test ACC:49.22 ====

Ensenble {38: 4.675843334197998, 15: 4.71032075881958, 31: 4.734538841247558, 28: 4.746656990051269, 32: 4.755117321014405, 'acc_5': 0.6526, 'acc_1': 0.5816}
data saved
data saved

| Test	 Net1  Acc: 58.46%

==== Epoch:49 Test ACC:58.46 ====

Ensenble {38: 4.675843334197998, 15: 4.71032075881958, 31: 4.734538841247558, 28: 4.746656990051269, 32: 4.755117321014405, 'acc_5': 0.6526, 'acc_1': 0.5816}
data saved
data saved

| Test	 Net1  Acc: 56.28%

==== Epoch:50 Test ACC:56.28 ====

Ensenble {38: 4.675843334197998, 15: 4.71032075881958, 31: 4.734538841247558, 28: 4.746656990051269, 32: 4.755117321014405, 'acc_5': 0.6526, 'acc_1': 0.5816}
data saved
data saved

| Test	 Net1  Acc: 59.46%

==== Epoch:51 Test ACC:59.46 ====

Ensenble {38: 4.675843334197998, 15: 4.71032075881958, 31: 4.734538841247558, 28: 4.746656990051269, 32: 4.755117321014405, 'acc_5': 0.6526, 'acc_1': 0.5816}
data saved
data saved

| Test	 Net1  Acc: 56.80%

==== Epoch:52 Test ACC:56.8 ====

Ensenble {38: 4.675843334197998, 15: 4.71032075881958, 31: 4.734538841247558, 28: 4.746656990051269, 32: 4.755117321014405, 'acc_5': 0.6526, 'acc_1': 0.5816}
data saved
data saved

| Test	 Net1  Acc: 58.98%

==== Epoch:53 Test ACC:58.98 ====

Ensenble {38: 4.675843334197998, 15: 4.71032075881958, 31: 4.734538841247558, 28: 4.746656990051269, 32: 4.755117321014405, 'acc_5': 0.6526, 'acc_1': 0.5816}
data saved
data saved

| Test	 Net1  Acc: 62.36%

==== Epoch:54 Test ACC:62.36 ====

Ensenble {38: 4.675843334197998, 15: 4.71032075881958, 31: 4.734538841247558, 28: 4.746656990051269, 32: 4.755117321014405, 'acc_5': 0.6526, 'acc_1': 0.5816}
data saved
data saved

| Test	 Net1  Acc: 48.18%

==== Epoch:55 Test ACC:48.18 ====

Ensenble {38: 4.675843334197998, 15: 4.71032075881958, 31: 4.734538841247558, 28: 4.746656990051269, 32: 4.755117321014405, 'acc_5': 0.6526, 'acc_1': 0.5816}
data saved
data saved

| Test	 Net1  Acc: 58.86%

==== Epoch:56 Test ACC:58.86 ====

Ensenble {38: 4.675843334197998, 15: 4.71032075881958, 31: 4.734538841247558, 28: 4.746656990051269, 32: 4.755117321014405, 'acc_5': 0.6526, 'acc_1': 0.5816}
data saved
data saved

| Test	 Net1  Acc: 53.52%

==== Epoch:57 Test ACC:53.52 ====

Ensenble {38: 4.675843334197998, 15: 4.71032075881958, 31: 4.734538841247558, 28: 4.746656990051269, 32: 4.755117321014405, 'acc_5': 0.6526, 'acc_1': 0.5816}
data saved
data saved

| Test	 Net1  Acc: 63.88%

==== Epoch:58 Test ACC:63.88 ====

Ensenble {38: 4.675843334197998, 15: 4.71032075881958, 31: 4.734538841247558, 28: 4.746656990051269, 32: 4.755117321014405, 'acc_5': 0.6526, 'acc_1': 0.5816}
data saved
data saved

| Test	 Net1  Acc: 64.00%

==== Epoch:59 Test ACC:64.0 ====

Ensenble {38: 4.675843334197998, 15: 4.71032075881958, 31: 4.734538841247558, 28: 4.746656990051269, 32: 4.755117321014405, 'acc_5': 0.6526, 'acc_1': 0.5816}
data saved
data saved

| Test	 Net1  Acc: 63.60%

==== Epoch:60 Test ACC:63.6 ====

Ensenble {60: 4.562354946136475, 38: 4.675843334197998, 15: 4.71032075881958, 31: 4.734538841247558, 28: 4.746656990051269, 'acc_5': 0.6742, 'acc_1': 0.636}
data saved
data saved

| Test	 Net1  Acc: 62.40%

==== Epoch:61 Test ACC:62.4 ====

Ensenble {60: 4.562354946136475, 38: 4.675843334197998, 15: 4.71032075881958, 31: 4.734538841247558, 28: 4.746656990051269, 'acc_5': 0.6742, 'acc_1': 0.636}
data saved
data saved

| Test	 Net1  Acc: 54.18%

==== Epoch:62 Test ACC:54.18 ====

Ensenble {60: 4.562354946136475, 38: 4.675843334197998, 15: 4.71032075881958, 62: 4.729853916168213, 31: 4.734538841247558, 'acc_5': 0.7056, 'acc_1': 0.636}
data saved
data saved

| Test	 Net1  Acc: 65.02%

==== Epoch:63 Test ACC:65.02 ====

Ensenble {60: 4.562354946136475, 38: 4.675843334197998, 15: 4.71032075881958, 62: 4.729853916168213, 31: 4.734538841247558, 'acc_5': 0.7056, 'acc_1': 0.636}
data saved
data saved

| Test	 Net1  Acc: 48.00%

==== Epoch:64 Test ACC:48.0 ====

Ensenble {60: 4.562354946136475, 38: 4.675843334197998, 15: 4.71032075881958, 62: 4.729853916168213, 31: 4.734538841247558, 'acc_5': 0.7056, 'acc_1': 0.636}
data saved
data saved

| Test	 Net1  Acc: 66.70%

==== Epoch:65 Test ACC:66.7 ====

Ensenble {60: 4.562354946136475, 38: 4.675843334197998, 15: 4.71032075881958, 62: 4.729853916168213, 31: 4.734538841247558, 'acc_5': 0.7056, 'acc_1': 0.636}
data saved
data saved

| Test	 Net1  Acc: 57.58%

==== Epoch:66 Test ACC:57.58 ====

Ensenble {60: 4.562354946136475, 38: 4.675843334197998, 66: 4.690625476837158, 15: 4.71032075881958, 62: 4.729853916168213, 'acc_5': 0.7144, 'acc_1': 0.636}
data saved
data saved

| Test	 Net1  Acc: 66.94%

==== Epoch:67 Test ACC:66.94 ====

Ensenble {60: 4.562354946136475, 38: 4.675843334197998, 66: 4.690625476837158, 67: 4.693513107299805, 15: 4.71032075881958, 'acc_5': 0.7386, 'acc_1': 0.636}
data saved
data saved

| Test	 Net1  Acc: 67.68%

==== Epoch:68 Test ACC:67.68 ====

Ensenble {60: 4.562354946136475, 38: 4.675843334197998, 68: 4.685688209533692, 66: 4.690625476837158, 67: 4.693513107299805, 'acc_5': 0.754, 'acc_1': 0.636}
data saved
data saved

| Test	 Net1  Acc: 67.42%

==== Epoch:69 Test ACC:67.42 ====

Ensenble {60: 4.562354946136475, 38: 4.675843334197998, 68: 4.685688209533692, 66: 4.690625476837158, 67: 4.693513107299805, 'acc_5': 0.754, 'acc_1': 0.636}
data saved
data saved

| Test	 Net1  Acc: 64.08%

==== Epoch:70 Test ACC:64.08 ====

Ensenble {60: 4.562354946136475, 38: 4.675843334197998, 68: 4.685688209533692, 66: 4.690625476837158, 67: 4.693513107299805, 'acc_5': 0.754, 'acc_1': 0.636}
data saved
data saved

| Test	 Net1  Acc: 62.34%

==== Epoch:71 Test ACC:62.34 ====

Ensenble {60: 4.562354946136475, 71: 4.623484706878662, 38: 4.675843334197998, 68: 4.685688209533692, 66: 4.690625476837158, 'acc_5': 0.7636, 'acc_1': 0.636}
data saved
data saved

| Test	 Net1  Acc: 62.76%

==== Epoch:72 Test ACC:62.76 ====

Ensenble {60: 4.562354946136475, 71: 4.623484706878662, 38: 4.675843334197998, 68: 4.685688209533692, 66: 4.690625476837158, 'acc_5': 0.7636, 'acc_1': 0.636}
data saved
data saved

| Test	 Net1  Acc: 66.32%

==== Epoch:73 Test ACC:66.32 ====

Ensenble {60: 4.562354946136475, 71: 4.623484706878662, 38: 4.675843334197998, 68: 4.685688209533692, 66: 4.690625476837158, 'acc_5': 0.7636, 'acc_1': 0.636}
data saved
data saved

| Test	 Net1  Acc: 67.50%

==== Epoch:74 Test ACC:67.5 ====

Ensenble {60: 4.562354946136475, 71: 4.623484706878662, 38: 4.675843334197998, 68: 4.685688209533692, 66: 4.690625476837158, 'acc_5': 0.7636, 'acc_1': 0.636}
data saved
data saved

| Test	 Net1  Acc: 63.76%

==== Epoch:75 Test ACC:63.76 ====

Ensenble {60: 4.562354946136475, 71: 4.623484706878662, 38: 4.675843334197998, 68: 4.685688209533692, 66: 4.690625476837158, 'acc_5': 0.7636, 'acc_1': 0.636}
data saved
data saved

| Test	 Net1  Acc: 65.68%

==== Epoch:76 Test ACC:65.68 ====

Ensenble {60: 4.562354946136475, 71: 4.623484706878662, 38: 4.675843334197998, 68: 4.685688209533692, 66: 4.690625476837158, 'acc_5': 0.7636, 'acc_1': 0.636}
data saved
data saved

| Test	 Net1  Acc: 66.18%

==== Epoch:77 Test ACC:66.18 ====

Ensenble {60: 4.562354946136475, 71: 4.623484706878662, 38: 4.675843334197998, 68: 4.685688209533692, 66: 4.690625476837158, 'acc_5': 0.7636, 'acc_1': 0.636}
data saved
data saved

| Test	 Net1  Acc: 71.22%

==== Epoch:78 Test ACC:71.22 ====

Ensenble {60: 4.562354946136475, 71: 4.623484706878662, 78: 4.660905361175537, 38: 4.675843334197998, 68: 4.685688209533692, 'acc_5': 0.7738, 'acc_1': 0.636}
data saved
data saved

| Test	 Net1  Acc: 55.58%

==== Epoch:79 Test ACC:55.58 ====

Ensenble {60: 4.562354946136475, 71: 4.623484706878662, 78: 4.660905361175537, 38: 4.675843334197998, 68: 4.685688209533692, 'acc_5': 0.7738, 'acc_1': 0.636}
data saved
data saved

| Test	 Net1  Acc: 69.66%

==== Epoch:80 Test ACC:69.66 ====

Ensenble {60: 4.562354946136475, 71: 4.623484706878662, 80: 4.651017189025879, 78: 4.660905361175537, 38: 4.675843334197998, 'acc_5': 0.7834, 'acc_1': 0.636}
data saved
data saved

| Test	 Net1  Acc: 66.14%

==== Epoch:81 Test ACC:66.14 ====

Ensenble {60: 4.562354946136475, 71: 4.623484706878662, 80: 4.651017189025879, 78: 4.660905361175537, 38: 4.675843334197998, 'acc_5': 0.7834, 'acc_1': 0.636}
data saved
data saved

| Test	 Net1  Acc: 62.66%

==== Epoch:82 Test ACC:62.66 ====

Ensenble {60: 4.562354946136475, 71: 4.623484706878662, 80: 4.651017189025879, 78: 4.660905361175537, 38: 4.675843334197998, 'acc_5': 0.7834, 'acc_1': 0.636}
data saved
data saved

| Test	 Net1  Acc: 67.24%

==== Epoch:83 Test ACC:67.24 ====

Ensenble {60: 4.562354946136475, 83: 4.5826822280883786, 71: 4.623484706878662, 80: 4.651017189025879, 78: 4.660905361175537, 'acc_5': 0.7822, 'acc_1': 0.636}
data saved
data saved

| Test	 Net1  Acc: 65.56%

==== Epoch:84 Test ACC:65.56 ====

Ensenble {60: 4.562354946136475, 83: 4.5826822280883786, 71: 4.623484706878662, 80: 4.651017189025879, 78: 4.660905361175537, 'acc_5': 0.7822, 'acc_1': 0.636}
data saved
data saved

| Test	 Net1  Acc: 70.14%

==== Epoch:85 Test ACC:70.14 ====

Ensenble {60: 4.562354946136475, 83: 4.5826822280883786, 71: 4.623484706878662, 80: 4.651017189025879, 78: 4.660905361175537, 'acc_5': 0.7822, 'acc_1': 0.636}
data saved
data saved

| Test	 Net1  Acc: 65.84%

==== Epoch:86 Test ACC:65.84 ====

Ensenble {60: 4.562354946136475, 83: 4.5826822280883786, 71: 4.623484706878662, 80: 4.651017189025879, 78: 4.660905361175537, 'acc_5': 0.7822, 'acc_1': 0.636}
data saved
data saved

| Test	 Net1  Acc: 71.68%

==== Epoch:87 Test ACC:71.68 ====

Ensenble {60: 4.562354946136475, 83: 4.5826822280883786, 71: 4.623484706878662, 87: 4.62479419708252, 80: 4.651017189025879, 'acc_5': 0.7726, 'acc_1': 0.636}
data saved
data saved

| Test	 Net1  Acc: 68.66%

==== Epoch:88 Test ACC:68.66 ====

Ensenble {60: 4.562354946136475, 83: 4.5826822280883786, 71: 4.623484706878662, 87: 4.62479419708252, 80: 4.651017189025879, 'acc_5': 0.7726, 'acc_1': 0.636}
data saved
data saved

| Test	 Net1  Acc: 67.84%

==== Epoch:89 Test ACC:67.84 ====

Ensenble {60: 4.562354946136475, 83: 4.5826822280883786, 71: 4.623484706878662, 87: 4.62479419708252, 80: 4.651017189025879, 'acc_5': 0.7726, 'acc_1': 0.636}
data saved
data saved

| Test	 Net1  Acc: 64.10%

==== Epoch:90 Test ACC:64.1 ====

Ensenble {60: 4.562354946136475, 83: 4.5826822280883786, 71: 4.623484706878662, 87: 4.62479419708252, 80: 4.651017189025879, 'acc_5': 0.7726, 'acc_1': 0.636}
data saved
data saved

| Test	 Net1  Acc: 68.98%

==== Epoch:91 Test ACC:68.98 ====

Ensenble {60: 4.562354946136475, 83: 4.5826822280883786, 71: 4.623484706878662, 87: 4.62479419708252, 91: 4.649516487121582, 'acc_5': 0.7748, 'acc_1': 0.636}
data saved
data saved

| Test	 Net1  Acc: 69.00%

==== Epoch:92 Test ACC:69.0 ====

Ensenble {60: 4.562354946136475, 83: 4.5826822280883786, 71: 4.623484706878662, 87: 4.62479419708252, 91: 4.649516487121582, 'acc_5': 0.7748, 'acc_1': 0.636}
data saved
data saved

| Test	 Net1  Acc: 64.44%

==== Epoch:93 Test ACC:64.44 ====

Ensenble {60: 4.562354946136475, 83: 4.5826822280883786, 71: 4.623484706878662, 87: 4.62479419708252, 91: 4.649516487121582, 'acc_5': 0.7748, 'acc_1': 0.636}
data saved
data saved

| Test	 Net1  Acc: 72.22%

==== Epoch:94 Test ACC:72.22 ====

Ensenble {60: 4.562354946136475, 83: 4.5826822280883786, 94: 4.6090141296386715, 71: 4.623484706878662, 87: 4.62479419708252, 'acc_5': 0.7722, 'acc_1': 0.636}
data saved
data saved

| Test	 Net1  Acc: 64.84%

==== Epoch:95 Test ACC:64.84 ====

Ensenble {60: 4.562354946136475, 83: 4.5826822280883786, 94: 4.6090141296386715, 71: 4.623484706878662, 87: 4.62479419708252, 'acc_5': 0.7722, 'acc_1': 0.636}
data saved
data saved

| Test	 Net1  Acc: 71.88%

==== Epoch:96 Test ACC:71.88 ====

Ensenble {60: 4.562354946136475, 83: 4.5826822280883786, 94: 4.6090141296386715, 71: 4.623484706878662, 87: 4.62479419708252, 'acc_5': 0.7722, 'acc_1': 0.636}
data saved
data saved

| Test	 Net1  Acc: 63.66%

==== Epoch:97 Test ACC:63.66 ====

Ensenble {60: 4.562354946136475, 83: 4.5826822280883786, 94: 4.6090141296386715, 71: 4.623484706878662, 87: 4.62479419708252, 'acc_5': 0.7722, 'acc_1': 0.636}
data saved
data saved

| Test	 Net1  Acc: 73.32%

==== Epoch:98 Test ACC:73.32 ====

Ensenble {60: 4.562354946136475, 83: 4.5826822280883786, 94: 4.6090141296386715, 71: 4.623484706878662, 87: 4.62479419708252, 'acc_5': 0.7722, 'acc_1': 0.636}
data saved
data saved

| Test	 Net1  Acc: 68.00%

==== Epoch:99 Test ACC:68.0 ====

Ensenble {60: 4.562354946136475, 83: 4.5826822280883786, 94: 4.6090141296386715, 71: 4.623484706878662, 87: 4.62479419708252, 'acc_5': 0.7722, 'acc_1': 0.636}
data saved
data saved

| Test	 Net1  Acc: 72.38%

==== Epoch:100 Test ACC:72.38 ====

Ensenble {100: 4.475050544738769, 60: 4.562354946136475, 83: 4.5826822280883786, 94: 4.6090141296386715, 71: 4.623484706878662, 'acc_5': 0.7832, 'acc_1': 0.7238}
data saved
data saved

| Test	 Net1  Acc: 66.42%

==== Epoch:101 Test ACC:66.42 ====

Ensenble {100: 4.475050544738769, 60: 4.562354946136475, 83: 4.5826822280883786, 94: 4.6090141296386715, 71: 4.623484706878662, 'acc_5': 0.7832, 'acc_1': 0.7238}
data saved
data saved

| Test	 Net1  Acc: 74.24%

==== Epoch:102 Test ACC:74.24 ====

Ensenble {100: 4.475050544738769, 60: 4.562354946136475, 83: 4.5826822280883786, 102: 4.595540237426758, 94: 4.6090141296386715, 'acc_5': 0.7988, 'acc_1': 0.7238}
data saved
data saved

| Test	 Net1  Acc: 72.00%

==== Epoch:103 Test ACC:72.0 ====

Ensenble {100: 4.475050544738769, 60: 4.562354946136475, 83: 4.5826822280883786, 102: 4.595540237426758, 103: 4.599699592590332, 'acc_5': 0.8032, 'acc_1': 0.7238}
data saved
data saved

| Test	 Net1  Acc: 70.84%

==== Epoch:104 Test ACC:70.84 ====

Ensenble {100: 4.475050544738769, 60: 4.562354946136475, 83: 4.5826822280883786, 102: 4.595540237426758, 103: 4.599699592590332, 'acc_5': 0.8032, 'acc_1': 0.7238}
data saved
data saved

| Test	 Net1  Acc: 76.38%

==== Epoch:105 Test ACC:76.38 ====

Ensenble {100: 4.475050544738769, 105: 4.53437032699585, 60: 4.562354946136475, 83: 4.5826822280883786, 102: 4.595540237426758, 'acc_5': 0.8098, 'acc_1': 0.7238}
data saved
data saved

| Test	 Net1  Acc: 73.62%

==== Epoch:106 Test ACC:73.62 ====

Ensenble {100: 4.475050544738769, 105: 4.53437032699585, 60: 4.562354946136475, 83: 4.5826822280883786, 102: 4.595540237426758, 'acc_5': 0.8098, 'acc_1': 0.7238}
data saved
data saved

| Test	 Net1  Acc: 69.84%

==== Epoch:107 Test ACC:69.84 ====

Ensenble {100: 4.475050544738769, 105: 4.53437032699585, 107: 4.536017799377442, 60: 4.562354946136475, 83: 4.5826822280883786, 'acc_5': 0.7876, 'acc_1': 0.7238}
data saved
data saved

| Test	 Net1  Acc: 72.96%

==== Epoch:108 Test ACC:72.96 ====

Ensenble {100: 4.475050544738769, 105: 4.53437032699585, 107: 4.536017799377442, 108: 4.536457538604736, 60: 4.562354946136475, 'acc_5': 0.7908, 'acc_1': 0.7238}
data saved
data saved

| Test	 Net1  Acc: 69.64%

==== Epoch:109 Test ACC:69.64 ====

Ensenble {100: 4.475050544738769, 105: 4.53437032699585, 107: 4.536017799377442, 108: 4.536457538604736, 60: 4.562354946136475, 'acc_5': 0.7908, 'acc_1': 0.7238}
data saved
data saved

| Test	 Net1  Acc: 63.60%

==== Epoch:110 Test ACC:63.6 ====

Ensenble {100: 4.475050544738769, 105: 4.53437032699585, 107: 4.536017799377442, 108: 4.536457538604736, 60: 4.562354946136475, 'acc_5': 0.7908, 'acc_1': 0.7238}
data saved
data saved

| Test	 Net1  Acc: 77.14%

==== Epoch:111 Test ACC:77.14 ====

Ensenble {100: 4.475050544738769, 105: 4.53437032699585, 107: 4.536017799377442, 108: 4.536457538604736, 111: 4.5612565040588375, 'acc_5': 0.81, 'acc_1': 0.7238}
data saved
data saved

| Test	 Net1  Acc: 68.34%

==== Epoch:112 Test ACC:68.34 ====

Ensenble {100: 4.475050544738769, 105: 4.53437032699585, 107: 4.536017799377442, 108: 4.536457538604736, 111: 4.5612565040588375, 'acc_5': 0.81, 'acc_1': 0.7238}
data saved
data saved

| Test	 Net1  Acc: 75.76%

==== Epoch:113 Test ACC:75.76 ====

Ensenble {100: 4.475050544738769, 105: 4.53437032699585, 107: 4.536017799377442, 108: 4.536457538604736, 113: 4.544198799133301, 'acc_5': 0.8126, 'acc_1': 0.7238}
data saved
data saved

| Test	 Net1  Acc: 67.38%

==== Epoch:114 Test ACC:67.38 ====

Ensenble {100: 4.475050544738769, 105: 4.53437032699585, 107: 4.536017799377442, 108: 4.536457538604736, 114: 4.54347038269043, 'acc_5': 0.813, 'acc_1': 0.7238}
data saved
data saved

| Test	 Net1  Acc: 75.92%

==== Epoch:115 Test ACC:75.92 ====

Ensenble {100: 4.475050544738769, 115: 4.507029819488525, 105: 4.53437032699585, 107: 4.536017799377442, 108: 4.536457538604736, 'acc_5': 0.8182, 'acc_1': 0.7238}
data saved
data saved

| Test	 Net1  Acc: 74.84%

==== Epoch:116 Test ACC:74.84 ====

Ensenble {100: 4.475050544738769, 115: 4.507029819488525, 105: 4.53437032699585, 107: 4.536017799377442, 108: 4.536457538604736, 'acc_5': 0.8182, 'acc_1': 0.7238}
data saved
data saved

| Test	 Net1  Acc: 73.48%

==== Epoch:117 Test ACC:73.48 ====

Ensenble {100: 4.475050544738769, 115: 4.507029819488525, 105: 4.53437032699585, 107: 4.536017799377442, 108: 4.536457538604736, 'acc_5': 0.8182, 'acc_1': 0.7238}
data saved
data saved

| Test	 Net1  Acc: 76.06%

==== Epoch:118 Test ACC:76.06 ====

Ensenble {100: 4.475050544738769, 115: 4.507029819488525, 105: 4.53437032699585, 107: 4.536017799377442, 108: 4.536457538604736, 'acc_5': 0.8182, 'acc_1': 0.7238}
data saved
data saved

| Test	 Net1  Acc: 75.76%

==== Epoch:119 Test ACC:75.76 ====

Ensenble {100: 4.475050544738769, 115: 4.507029819488525, 119: 4.512816143035889, 105: 4.53437032699585, 107: 4.536017799377442, 'acc_5': 0.8258, 'acc_1': 0.7238}
data saved
data saved

| Test	 Net1  Acc: 73.70%

==== Epoch:120 Test ACC:73.7 ====

Ensenble {100: 4.475050544738769, 115: 4.507029819488525, 119: 4.512816143035889, 105: 4.53437032699585, 107: 4.536017799377442, 'acc_5': 0.8258, 'acc_1': 0.7238}
data saved
data saved

| Test	 Net1  Acc: 77.16%

==== Epoch:121 Test ACC:77.16 ====

Ensenble {100: 4.475050544738769, 121: 4.501140403747558, 115: 4.507029819488525, 119: 4.512816143035889, 105: 4.53437032699585, 'acc_5': 0.8342, 'acc_1': 0.7238}
data saved
data saved

| Test	 Net1  Acc: 77.92%

==== Epoch:122 Test ACC:77.92 ====

Ensenble {100: 4.475050544738769, 122: 4.476155567169189, 121: 4.501140403747558, 115: 4.507029819488525, 119: 4.512816143035889, 'acc_5': 0.8296, 'acc_1': 0.7238}
data saved
data saved

| Test	 Net1  Acc: 76.12%

==== Epoch:123 Test ACC:76.12 ====

Ensenble {100: 4.475050544738769, 122: 4.476155567169189, 123: 4.496522331237793, 121: 4.501140403747558, 115: 4.507029819488525, 'acc_5': 0.835, 'acc_1': 0.7238}
data saved
data saved

| Test	 Net1  Acc: 75.52%

==== Epoch:124 Test ACC:75.52 ====

Ensenble {100: 4.475050544738769, 122: 4.476155567169189, 123: 4.496522331237793, 121: 4.501140403747558, 115: 4.507029819488525, 'acc_5': 0.835, 'acc_1': 0.7238}
data saved
data saved

| Test	 Net1  Acc: 80.48%

==== Epoch:125 Test ACC:80.48 ====

Ensenble {125: 4.451929187774658, 100: 4.475050544738769, 122: 4.476155567169189, 123: 4.496522331237793, 121: 4.501140403747558, 'acc_5': 0.837, 'acc_1': 0.8048}
data saved
data saved

| Test	 Net1  Acc: 77.40%

==== Epoch:126 Test ACC:77.4 ====

Ensenble {125: 4.451929187774658, 100: 4.475050544738769, 122: 4.476155567169189, 126: 4.4852269172668455, 123: 4.496522331237793, 'acc_5': 0.84, 'acc_1': 0.8048}
data saved
data saved

| Test	 Net1  Acc: 69.40%

==== Epoch:127 Test ACC:69.4 ====

Ensenble {125: 4.451929187774658, 100: 4.475050544738769, 122: 4.476155567169189, 126: 4.4852269172668455, 123: 4.496522331237793, 'acc_5': 0.84, 'acc_1': 0.8048}
data saved
data saved

| Test	 Net1  Acc: 79.24%

==== Epoch:128 Test ACC:79.24 ====

Ensenble {125: 4.451929187774658, 128: 4.474807167053223, 100: 4.475050544738769, 122: 4.476155567169189, 126: 4.4852269172668455, 'acc_5': 0.8414, 'acc_1': 0.8048}
data saved
data saved

| Test	 Net1  Acc: 77.46%

==== Epoch:129 Test ACC:77.46 ====

Ensenble {125: 4.451929187774658, 128: 4.474807167053223, 100: 4.475050544738769, 122: 4.476155567169189, 126: 4.4852269172668455, 'acc_5': 0.8414, 'acc_1': 0.8048}
data saved
data saved

| Test	 Net1  Acc: 76.32%

==== Epoch:130 Test ACC:76.32 ====

Ensenble {125: 4.451929187774658, 130: 4.462324810028076, 128: 4.474807167053223, 100: 4.475050544738769, 122: 4.476155567169189, 'acc_5': 0.8426, 'acc_1': 0.8048}
data saved
data saved

| Test	 Net1  Acc: 77.16%

==== Epoch:131 Test ACC:77.16 ====

Ensenble {131: 4.443510341644287, 125: 4.451929187774658, 130: 4.462324810028076, 128: 4.474807167053223, 100: 4.475050544738769, 'acc_5': 0.8452, 'acc_1': 0.7716}
data saved
data saved

| Test	 Net1  Acc: 81.06%

==== Epoch:132 Test ACC:81.06 ====

Ensenble {132: 4.378029727935791, 131: 4.443510341644287, 125: 4.451929187774658, 130: 4.462324810028076, 128: 4.474807167053223, 'acc_5': 0.8484, 'acc_1': 0.8106}
data saved
data saved

| Test	 Net1  Acc: 79.02%

==== Epoch:133 Test ACC:79.02 ====

Ensenble {132: 4.378029727935791, 133: 4.428932476043701, 131: 4.443510341644287, 125: 4.451929187774658, 130: 4.462324810028076, 'acc_5': 0.8464, 'acc_1': 0.8106}
data saved
data saved

| Test	 Net1  Acc: 81.04%

==== Epoch:134 Test ACC:81.04 ====

Ensenble {132: 4.378029727935791, 134: 4.386905193328857, 133: 4.428932476043701, 131: 4.443510341644287, 125: 4.451929187774658, 'acc_5': 0.8514, 'acc_1': 0.8106}
data saved
data saved

| Test	 Net1  Acc: 81.38%

==== Epoch:135 Test ACC:81.38 ====

Ensenble {132: 4.378029727935791, 134: 4.386905193328857, 135: 4.415271186828614, 133: 4.428932476043701, 131: 4.443510341644287, 'acc_5': 0.8508, 'acc_1': 0.8106}
data saved
data saved

| Test	 Net1  Acc: 78.92%

==== Epoch:136 Test ACC:78.92 ====

Ensenble {132: 4.378029727935791, 134: 4.386905193328857, 136: 4.404145240783691, 135: 4.415271186828614, 133: 4.428932476043701, 'acc_5': 0.8496, 'acc_1': 0.8106}
data saved
data saved

| Test	 Net1  Acc: 80.82%

==== Epoch:137 Test ACC:80.82 ====

Ensenble {132: 4.378029727935791, 137: 4.386343097686767, 134: 4.386905193328857, 136: 4.404145240783691, 135: 4.415271186828614, 'acc_5': 0.8492, 'acc_1': 0.8106}
data saved
data saved

| Test	 Net1  Acc: 79.68%

==== Epoch:138 Test ACC:79.68 ====

Ensenble {138: 4.354480838775634, 132: 4.378029727935791, 137: 4.386343097686767, 134: 4.386905193328857, 136: 4.404145240783691, 'acc_5': 0.8454, 'acc_1': 0.7968}
data saved
data saved
