/home/rhu/anaconda3/envs/py310/lib/python3.10/site-packages/torchvision/io/image.py:13: UserWarning: Failed to load image Python extension: '/home/rhu/anaconda3/envs/py310/lib/python3.10/site-packages/torchvision/image.so: undefined symbol: _ZN3c1017RegisterOperatorsD1Ev'If you don't plan on using image functionality from `torchvision.io`, you can ignore this warning. Otherwise, there might be something wrong with your environment. Did you have `libjpeg` or `libpng` installed before building `torchvision` from source?
  warn(
| Building net
Successfully load pre-trained model!!!
Successfully load pre-trained model!!!
data saved
data saved
Namespace(batch_size=128, lr=0.0003, alpha=0.5, lambda_u=0, p_threshold=0.5, T=0.5, num_epochs=200, id='clothing1m_vri', data_path='../data', seed='2', gpuid=0, num_class=10, num_batches=3000, log_wandb=False, wandb_project='', wandb_experiment='', wandb_entity='', wandb_resume=False, need_clean=False, single_meta=0, moco_pretrained='/home/rhu/r_work/VRI/VRI_DivideMix/pretrained/ckpt_clothing_resnet50.pth', warmup=0, cos_lr=False, lam=0.01, meta_goal='clid', tau=0.5, meta_lr=0.01, meta_bsz=200, model='resnet50')
data saved

| Test	 Net1  Acc: 73.36%

==== Epoch:0 Test ACC:73.36 ====

Ensenble {0: 4.655906105041504, 'acc_5': 0.7336, 'acc_1': 0.7336}
data saved

| Test	 Net1  Acc: 74.06%

==== Epoch:1 Test ACC:74.06 ====

Ensenble {0: 4.655906105041504, 1: 4.710473442077637, 'acc_5': 0.766, 'acc_1': 0.7336}
data saved

| Test	 Net1  Acc: 75.76%

==== Epoch:2 Test ACC:75.76 ====

Ensenble {2: 4.637042045593262, 0: 4.655906105041504, 1: 4.710473442077637, 'acc_5': 0.7848, 'acc_1': 0.7576}
data saved

| Test	 Net1  Acc: 74.90%

==== Epoch:3 Test ACC:74.9 ====

Ensenble {3: 4.632994174957275, 2: 4.637042045593262, 0: 4.655906105041504, 1: 4.710473442077637, 'acc_5': 0.8078, 'acc_1': 0.749}
data saved

| Test	 Net1  Acc: 75.20%

==== Epoch:4 Test ACC:75.2 ====

Ensenble {4: 4.609732627868652, 3: 4.632994174957275, 2: 4.637042045593262, 0: 4.655906105041504, 1: 4.710473442077637, 'acc_5': 0.81, 'acc_1': 0.752}
data saved

| Test	 Net1  Acc: 78.88%

==== Epoch:5 Test ACC:78.88 ====

Ensenble {5: 4.544643592834473, 4: 4.609732627868652, 3: 4.632994174957275, 2: 4.637042045593262, 0: 4.655906105041504, 'acc_5': 0.8226, 'acc_1': 0.7888}
data saved

| Test	 Net1  Acc: 75.50%

==== Epoch:6 Test ACC:75.5 ====

Ensenble {5: 4.544643592834473, 6: 4.582981300354004, 4: 4.609732627868652, 3: 4.632994174957275, 2: 4.637042045593262, 'acc_5': 0.8206, 'acc_1': 0.7888}
data saved

| Test	 Net1  Acc: 77.46%

==== Epoch:7 Test ACC:77.46 ====

Ensenble {5: 4.544643592834473, 7: 4.5633225440979, 6: 4.582981300354004, 4: 4.609732627868652, 3: 4.632994174957275, 'acc_5': 0.8222, 'acc_1': 0.7888}
data saved

| Test	 Net1  Acc: 78.62%

==== Epoch:8 Test ACC:78.62 ====

Ensenble {5: 4.544643592834473, 8: 4.555056476593018, 7: 4.5633225440979, 6: 4.582981300354004, 4: 4.609732627868652, 'acc_5': 0.8328, 'acc_1': 0.7888}
data saved

| Test	 Net1  Acc: 79.24%

==== Epoch:9 Test ACC:79.24 ====

Ensenble {9: 4.513555240631104, 5: 4.544643592834473, 8: 4.555056476593018, 7: 4.5633225440979, 6: 4.582981300354004, 'acc_5': 0.8322, 'acc_1': 0.7924}
data saved

| Test	 Net1  Acc: 79.42%

==== Epoch:10 Test ACC:79.42 ====

Ensenble {9: 4.513555240631104, 10: 4.524175548553467, 5: 4.544643592834473, 8: 4.555056476593018, 7: 4.5633225440979, 'acc_5': 0.8352, 'acc_1': 0.7924}
data saved

| Test	 Net1  Acc: 76.38%

==== Epoch:11 Test ACC:76.38 ====

Ensenble {9: 4.513555240631104, 10: 4.524175548553467, 5: 4.544643592834473, 8: 4.555056476593018, 7: 4.5633225440979, 'acc_5': 0.8352, 'acc_1': 0.7924}
data saved

| Test	 Net1  Acc: 78.42%

==== Epoch:12 Test ACC:78.42 ====

Ensenble {12: 4.495152473449707, 9: 4.513555240631104, 10: 4.524175548553467, 5: 4.544643592834473, 8: 4.555056476593018, 'acc_5': 0.8364, 'acc_1': 0.7842}
data saved

| Test	 Net1  Acc: 78.24%

==== Epoch:13 Test ACC:78.24 ====

Ensenble {13: 4.458802890777588, 12: 4.495152473449707, 9: 4.513555240631104, 10: 4.524175548553467, 5: 4.544643592834473, 'acc_5': 0.8328, 'acc_1': 0.7824}
data saved

| Test	 Net1  Acc: 76.90%

==== Epoch:14 Test ACC:76.9 ====

Ensenble {13: 4.458802890777588, 12: 4.495152473449707, 9: 4.513555240631104, 10: 4.524175548553467, 5: 4.544643592834473, 'acc_5': 0.8328, 'acc_1': 0.7824}
data saved

| Test	 Net1  Acc: 77.64%

==== Epoch:15 Test ACC:77.64 ====

Ensenble {13: 4.458802890777588, 12: 4.495152473449707, 15: 4.503004264831543, 9: 4.513555240631104, 10: 4.524175548553467, 'acc_5': 0.8276, 'acc_1': 0.7824}
data saved

| Test	 Net1  Acc: 76.44%

==== Epoch:16 Test ACC:76.44 ====

Ensenble {13: 4.458802890777588, 12: 4.495152473449707, 15: 4.503004264831543, 9: 4.513555240631104, 16: 4.5206962585449215, 'acc_5': 0.8224, 'acc_1': 0.7824}
data saved

| Test	 Net1  Acc: 77.36%

==== Epoch:17 Test ACC:77.36 ====

Ensenble {13: 4.458802890777588, 12: 4.495152473449707, 17: 4.496182537078857, 15: 4.503004264831543, 9: 4.513555240631104, 'acc_5': 0.825, 'acc_1': 0.7824}
data saved

| Test	 Net1  Acc: 77.94%

==== Epoch:18 Test ACC:77.94 ====

Ensenble {13: 4.458802890777588, 12: 4.495152473449707, 17: 4.496182537078857, 15: 4.503004264831543, 9: 4.513555240631104, 'acc_5': 0.825, 'acc_1': 0.7824}
data saved

| Test	 Net1  Acc: 74.84%

==== Epoch:19 Test ACC:74.84 ====

Ensenble {13: 4.458802890777588, 12: 4.495152473449707, 17: 4.496182537078857, 15: 4.503004264831543, 9: 4.513555240631104, 'acc_5': 0.825, 'acc_1': 0.7824}
data saved

| Test	 Net1  Acc: 73.86%

==== Epoch:20 Test ACC:73.86 ====

Ensenble {13: 4.458802890777588, 12: 4.495152473449707, 17: 4.496182537078857, 15: 4.503004264831543, 9: 4.513555240631104, 'acc_5': 0.825, 'acc_1': 0.7824}
data saved

| Test	 Net1  Acc: 77.78%

==== Epoch:21 Test ACC:77.78 ====

Ensenble {21: 4.45740270614624, 13: 4.458802890777588, 12: 4.495152473449707, 17: 4.496182537078857, 15: 4.503004264831543, 'acc_5': 0.8208, 'acc_1': 0.7778}
data saved

| Test	 Net1  Acc: 78.56%

==== Epoch:22 Test ACC:78.56 ====

Ensenble {22: 4.451494216918945, 21: 4.45740270614624, 13: 4.458802890777588, 12: 4.495152473449707, 17: 4.496182537078857, 'acc_5': 0.821, 'acc_1': 0.7856}
data saved

| Test	 Net1  Acc: 78.20%

==== Epoch:23 Test ACC:78.2 ====

Ensenble {22: 4.451494216918945, 21: 4.45740270614624, 13: 4.458802890777588, 23: 4.474549293518066, 12: 4.495152473449707, 'acc_5': 0.8178, 'acc_1': 0.7856}
data saved

| Test	 Net1  Acc: 74.36%

==== Epoch:24 Test ACC:74.36 ====

Ensenble {22: 4.451494216918945, 21: 4.45740270614624, 13: 4.458802890777588, 23: 4.474549293518066, 12: 4.495152473449707, 'acc_5': 0.8178, 'acc_1': 0.7856}
data saved

| Test	 Net1  Acc: 75.42%

==== Epoch:25 Test ACC:75.42 ====

Ensenble {22: 4.451494216918945, 21: 4.45740270614624, 13: 4.458802890777588, 23: 4.474549293518066, 12: 4.495152473449707, 'acc_5': 0.8178, 'acc_1': 0.7856}
data saved

| Test	 Net1  Acc: 77.76%

==== Epoch:26 Test ACC:77.76 ====

Ensenble {22: 4.451494216918945, 21: 4.45740270614624, 13: 4.458802890777588, 23: 4.474549293518066, 12: 4.495152473449707, 'acc_5': 0.8178, 'acc_1': 0.7856}
data saved

| Test	 Net1  Acc: 77.82%

==== Epoch:27 Test ACC:77.82 ====

Ensenble {22: 4.451494216918945, 21: 4.45740270614624, 13: 4.458802890777588, 23: 4.474549293518066, 12: 4.495152473449707, 'acc_5': 0.8178, 'acc_1': 0.7856}
data saved

| Test	 Net1  Acc: 78.06%

==== Epoch:28 Test ACC:78.06 ====

Ensenble {22: 4.451494216918945, 21: 4.45740270614624, 13: 4.458802890777588, 23: 4.474549293518066, 12: 4.495152473449707, 'acc_5': 0.8178, 'acc_1': 0.7856}
data saved

| Test	 Net1  Acc: 78.58%

==== Epoch:29 Test ACC:78.58 ====

Ensenble {22: 4.451494216918945, 21: 4.45740270614624, 29: 4.457880687713623, 13: 4.458802890777588, 23: 4.474549293518066, 'acc_5': 0.8214, 'acc_1': 0.7856}
data saved

| Test	 Net1  Acc: 77.70%

==== Epoch:30 Test ACC:77.7 ====

Ensenble {30: 4.438211822509766, 22: 4.451494216918945, 21: 4.45740270614624, 29: 4.457880687713623, 13: 4.458802890777588, 'acc_5': 0.8196, 'acc_1': 0.777}
data saved

| Test	 Net1  Acc: 77.26%

==== Epoch:31 Test ACC:77.26 ====

Ensenble {31: 4.413293266296387, 30: 4.438211822509766, 22: 4.451494216918945, 21: 4.45740270614624, 29: 4.457880687713623, 'acc_5': 0.815, 'acc_1': 0.7726}
data saved

| Test	 Net1  Acc: 78.06%

==== Epoch:32 Test ACC:78.06 ====

Ensenble {31: 4.413293266296387, 30: 4.438211822509766, 22: 4.451494216918945, 21: 4.45740270614624, 29: 4.457880687713623, 'acc_5': 0.815, 'acc_1': 0.7726}
data saved

| Test	 Net1  Acc: 77.32%

==== Epoch:33 Test ACC:77.32 ====

Ensenble {31: 4.413293266296387, 30: 4.438211822509766, 22: 4.451494216918945, 21: 4.45740270614624, 29: 4.457880687713623, 'acc_5': 0.815, 'acc_1': 0.7726}
data saved

| Test	 Net1  Acc: 78.26%

==== Epoch:34 Test ACC:78.26 ====

Ensenble {31: 4.413293266296387, 30: 4.438211822509766, 22: 4.451494216918945, 21: 4.45740270614624, 29: 4.457880687713623, 'acc_5': 0.815, 'acc_1': 0.7726}
data saved

| Test	 Net1  Acc: 78.44%

==== Epoch:35 Test ACC:78.44 ====

Ensenble {31: 4.413293266296387, 30: 4.438211822509766, 22: 4.451494216918945, 21: 4.45740270614624, 29: 4.457880687713623, 'acc_5': 0.815, 'acc_1': 0.7726}
data saved

| Test	 Net1  Acc: 78.18%

==== Epoch:36 Test ACC:78.18 ====

Ensenble {31: 4.413293266296387, 30: 4.438211822509766, 22: 4.451494216918945, 21: 4.45740270614624, 29: 4.457880687713623, 'acc_5': 0.815, 'acc_1': 0.7726}
data saved

| Test	 Net1  Acc: 78.34%

==== Epoch:37 Test ACC:78.34 ====

Ensenble {31: 4.413293266296387, 30: 4.438211822509766, 37: 4.449068546295166, 22: 4.451494216918945, 21: 4.45740270614624, 'acc_5': 0.8154, 'acc_1': 0.7726}
data saved

| Test	 Net1  Acc: 77.14%

==== Epoch:38 Test ACC:77.14 ====

Ensenble {31: 4.413293266296387, 30: 4.438211822509766, 37: 4.449068546295166, 22: 4.451494216918945, 21: 4.45740270614624, 'acc_5': 0.8154, 'acc_1': 0.7726}
data saved

| Test	 Net1  Acc: 77.70%

==== Epoch:39 Test ACC:77.7 ====

Ensenble {31: 4.413293266296387, 30: 4.438211822509766, 37: 4.449068546295166, 22: 4.451494216918945, 21: 4.45740270614624, 'acc_5': 0.8154, 'acc_1': 0.7726}
data saved

| Test	 Net1  Acc: 75.06%

==== Epoch:40 Test ACC:75.06 ====

Ensenble {31: 4.413293266296387, 30: 4.438211822509766, 37: 4.449068546295166, 22: 4.451494216918945, 21: 4.45740270614624, 'acc_5': 0.8154, 'acc_1': 0.7726}
data saved

| Test	 Net1  Acc: 76.84%

==== Epoch:41 Test ACC:76.84 ====

Ensenble {31: 4.413293266296387, 30: 4.438211822509766, 37: 4.449068546295166, 22: 4.451494216918945, 21: 4.45740270614624, 'acc_5': 0.8154, 'acc_1': 0.7726}
data saved

| Test	 Net1  Acc: 78.36%

==== Epoch:42 Test ACC:78.36 ====

Ensenble {31: 4.413293266296387, 30: 4.438211822509766, 37: 4.449068546295166, 22: 4.451494216918945, 21: 4.45740270614624, 'acc_5': 0.8154, 'acc_1': 0.7726}
data saved

| Test	 Net1  Acc: 77.20%

==== Epoch:43 Test ACC:77.2 ====

Ensenble {31: 4.413293266296387, 30: 4.438211822509766, 37: 4.449068546295166, 22: 4.451494216918945, 21: 4.45740270614624, 'acc_5': 0.8154, 'acc_1': 0.7726}
data saved

| Test	 Net1  Acc: 78.74%

==== Epoch:44 Test ACC:78.74 ====

Ensenble {31: 4.413293266296387, 30: 4.438211822509766, 37: 4.449068546295166, 22: 4.451494216918945, 21: 4.45740270614624, 'acc_5': 0.8154, 'acc_1': 0.7726}
data saved

| Test	 Net1  Acc: 79.54%

==== Epoch:45 Test ACC:79.54 ====

Ensenble {31: 4.413293266296387, 30: 4.438211822509766, 37: 4.449068546295166, 22: 4.451494216918945, 21: 4.45740270614624, 'acc_5': 0.8154, 'acc_1': 0.7726}
data saved

| Test	 Net1  Acc: 79.92%

==== Epoch:46 Test ACC:79.92 ====

Ensenble {31: 4.413293266296387, 30: 4.438211822509766, 37: 4.449068546295166, 22: 4.451494216918945, 21: 4.45740270614624, 'acc_5': 0.8154, 'acc_1': 0.7726}
data saved

| Test	 Net1  Acc: 80.36%

==== Epoch:47 Test ACC:80.36 ====

Ensenble {31: 4.413293266296387, 30: 4.438211822509766, 37: 4.449068546295166, 22: 4.451494216918945, 21: 4.45740270614624, 'acc_5': 0.8154, 'acc_1': 0.7726}
data saved

| Test	 Net1  Acc: 79.36%

==== Epoch:48 Test ACC:79.36 ====

Ensenble {31: 4.413293266296387, 30: 4.438211822509766, 37: 4.449068546295166, 22: 4.451494216918945, 21: 4.45740270614624, 'acc_5': 0.8154, 'acc_1': 0.7726}
data saved

| Test	 Net1  Acc: 79.58%

==== Epoch:49 Test ACC:79.58 ====

Ensenble {31: 4.413293266296387, 30: 4.438211822509766, 37: 4.449068546295166, 22: 4.451494216918945, 21: 4.45740270614624, 'acc_5': 0.8154, 'acc_1': 0.7726}
data saved

| Test	 Net1  Acc: 79.48%

==== Epoch:50 Test ACC:79.48 ====

Ensenble {31: 4.413293266296387, 30: 4.438211822509766, 37: 4.449068546295166, 50: 4.450053119659424, 22: 4.451494216918945, 'acc_5': 0.821, 'acc_1': 0.7726}
data saved

| Test	 Net1  Acc: 78.72%

==== Epoch:51 Test ACC:78.72 ====

Ensenble {31: 4.413293266296387, 30: 4.438211822509766, 37: 4.449068546295166, 50: 4.450053119659424, 22: 4.451494216918945, 'acc_5': 0.821, 'acc_1': 0.7726}
data saved

| Test	 Net1  Acc: 78.90%

==== Epoch:52 Test ACC:78.9 ====

Ensenble {31: 4.413293266296387, 30: 4.438211822509766, 37: 4.449068546295166, 50: 4.450053119659424, 22: 4.451494216918945, 'acc_5': 0.821, 'acc_1': 0.7726}
data saved

| Test	 Net1  Acc: 79.00%

==== Epoch:53 Test ACC:79.0 ====

Ensenble {31: 4.413293266296387, 30: 4.438211822509766, 37: 4.449068546295166, 50: 4.450053119659424, 22: 4.451494216918945, 'acc_5': 0.821, 'acc_1': 0.7726}
data saved

| Test	 Net1  Acc: 79.02%

==== Epoch:54 Test ACC:79.02 ====

Ensenble {31: 4.413293266296387, 30: 4.438211822509766, 37: 4.449068546295166, 50: 4.450053119659424, 22: 4.451494216918945, 'acc_5': 0.821, 'acc_1': 0.7726}
data saved

| Test	 Net1  Acc: 79.56%

==== Epoch:55 Test ACC:79.56 ====

Ensenble {31: 4.413293266296387, 30: 4.438211822509766, 37: 4.449068546295166, 50: 4.450053119659424, 22: 4.451494216918945, 'acc_5': 0.821, 'acc_1': 0.7726}
data saved

| Test	 Net1  Acc: 79.10%

==== Epoch:56 Test ACC:79.1 ====

Ensenble {31: 4.413293266296387, 30: 4.438211822509766, 37: 4.449068546295166, 50: 4.450053119659424, 22: 4.451494216918945, 'acc_5': 0.821, 'acc_1': 0.7726}
data saved

| Test	 Net1  Acc: 79.02%

==== Epoch:57 Test ACC:79.02 ====

Ensenble {31: 4.413293266296387, 30: 4.438211822509766, 37: 4.449068546295166, 50: 4.450053119659424, 22: 4.451494216918945, 'acc_5': 0.821, 'acc_1': 0.7726}
data saved

| Test	 Net1  Acc: 78.34%

==== Epoch:58 Test ACC:78.34 ====

Ensenble {31: 4.413293266296387, 30: 4.438211822509766, 37: 4.449068546295166, 50: 4.450053119659424, 22: 4.451494216918945, 'acc_5': 0.821, 'acc_1': 0.7726}
data saved

| Test	 Net1  Acc: 78.30%

==== Epoch:59 Test ACC:78.3 ====

Ensenble {31: 4.413293266296387, 30: 4.438211822509766, 37: 4.449068546295166, 50: 4.450053119659424, 22: 4.451494216918945, 'acc_5': 0.821, 'acc_1': 0.7726}
data saved

| Test	 Net1  Acc: 77.94%

==== Epoch:60 Test ACC:77.94 ====

Ensenble {31: 4.413293266296387, 30: 4.438211822509766, 37: 4.449068546295166, 50: 4.450053119659424, 22: 4.451494216918945, 'acc_5': 0.821, 'acc_1': 0.7726}
data saved

| Test	 Net1  Acc: 78.20%

==== Epoch:61 Test ACC:78.2 ====

Ensenble {31: 4.413293266296387, 30: 4.438211822509766, 37: 4.449068546295166, 50: 4.450053119659424, 22: 4.451494216918945, 'acc_5': 0.821, 'acc_1': 0.7726}
data saved

| Test	 Net1  Acc: 78.32%

==== Epoch:62 Test ACC:78.32 ====

Ensenble {31: 4.413293266296387, 30: 4.438211822509766, 37: 4.449068546295166, 50: 4.450053119659424, 22: 4.451494216918945, 'acc_5': 0.821, 'acc_1': 0.7726}
data saved

| Test	 Net1  Acc: 79.00%

==== Epoch:63 Test ACC:79.0 ====

Ensenble {31: 4.413293266296387, 30: 4.438211822509766, 37: 4.449068546295166, 50: 4.450053119659424, 22: 4.451494216918945, 'acc_5': 0.821, 'acc_1': 0.7726}
data saved

| Test	 Net1  Acc: 78.02%

==== Epoch:64 Test ACC:78.02 ====

Ensenble {31: 4.413293266296387, 30: 4.438211822509766, 37: 4.449068546295166, 50: 4.450053119659424, 22: 4.451494216918945, 'acc_5': 0.821, 'acc_1': 0.7726}
data saved

| Test	 Net1  Acc: 78.68%

==== Epoch:65 Test ACC:78.68 ====

Ensenble {31: 4.413293266296387, 30: 4.438211822509766, 37: 4.449068546295166, 50: 4.450053119659424, 22: 4.451494216918945, 'acc_5': 0.821, 'acc_1': 0.7726}
data saved

| Test	 Net1  Acc: 78.80%

==== Epoch:66 Test ACC:78.8 ====

Ensenble {31: 4.413293266296387, 30: 4.438211822509766, 37: 4.449068546295166, 50: 4.450053119659424, 22: 4.451494216918945, 'acc_5': 0.821, 'acc_1': 0.7726}
data saved

| Test	 Net1  Acc: 78.72%

==== Epoch:67 Test ACC:78.72 ====

Ensenble {31: 4.413293266296387, 30: 4.438211822509766, 37: 4.449068546295166, 50: 4.450053119659424, 22: 4.451494216918945, 'acc_5': 0.821, 'acc_1': 0.7726}
data saved

| Test	 Net1  Acc: 78.08%

==== Epoch:68 Test ACC:78.08 ====

Ensenble {31: 4.413293266296387, 30: 4.438211822509766, 37: 4.449068546295166, 50: 4.450053119659424, 22: 4.451494216918945, 'acc_5': 0.821, 'acc_1': 0.7726}
data saved

| Test	 Net1  Acc: 78.34%

==== Epoch:69 Test ACC:78.34 ====

Ensenble {31: 4.413293266296387, 30: 4.438211822509766, 37: 4.449068546295166, 50: 4.450053119659424, 22: 4.451494216918945, 'acc_5': 0.821, 'acc_1': 0.7726}
data saved
