/home/rhu/anaconda3/envs/py310/lib/python3.10/site-packages/torchvision/io/image.py:13: UserWarning: Failed to load image Python extension: '/home/rhu/anaconda3/envs/py310/lib/python3.10/site-packages/torchvision/image.so: undefined symbol: _ZN3c1017RegisterOperatorsD1Ev'If you don't plan on using image functionality from `torchvision.io`, you can ignore this warning. Otherwise, there might be something wrong with your environment. Did you have `libjpeg` or `libpng` installed before building `torchvision` from source?
  warn(
| Building net
data saved
data saved
Namespace(batch_size=128, lr=0.1, alpha=0.5, lambda_u=0, p_threshold=0.5, T=0.5, num_epochs=160, id='clothing1m_vri', data_path='../data', seed='8', gpuid=0, num_class=10, num_batches=3000, log_wandb=False, wandb_project='', wandb_experiment='', wandb_entity='', wandb_resume=False, need_clean=False, single_meta=0, moco_pretrained='/home/rhu/r_work/VRI/VRI_DivideMix/pretrained/ckpt_clothing_resnet50.pth', warmup=0, cos_lr=True, lam=0.01, meta_goal='clid', tau=0.5, meta_lr=0.01, meta_bsz=100, model='vgg')
data saved

| Test	 Net1  Acc: 23.08%

==== Epoch:0 Test ACC:23.08 ====

/home/rhu/anaconda3/envs/py310/lib/python3.10/site-packages/torch/optim/lr_scheduler.py:143: UserWarning: Detected call of `lr_scheduler.step()` before `optimizer.step()`. In PyTorch 1.1.0 and later, you should call them in the opposite order: `optimizer.step()` before `lr_scheduler.step()`.  Failure to do this will result in PyTorch skipping the first value of the learning rate schedule. See more details at https://pytorch.org/docs/stable/optim.html#how-to-adjust-learning-rate
  warnings.warn("Detected call of `lr_scheduler.step()` before `optimizer.step()`. "
Ensenble {0: 5.187757587432861, 'acc_5': 0.2308, 'acc_1': 0.2308}
data saved

| Test	 Net1  Acc: 19.94%

==== Epoch:1 Test ACC:19.94 ====

Ensenble {0: 5.187757587432861, 1: 5.191363525390625, 'acc_5': 0.2778, 'acc_1': 0.2308}
data saved

| Test	 Net1  Acc: 36.26%

==== Epoch:2 Test ACC:36.26 ====

Ensenble {2: 5.147841739654541, 0: 5.187757587432861, 1: 5.191363525390625, 'acc_5': 0.3618, 'acc_1': 0.3626}
data saved

| Test	 Net1  Acc: 39.86%

==== Epoch:3 Test ACC:39.86 ====

Ensenble {3: 5.109918212890625, 2: 5.147841739654541, 0: 5.187757587432861, 1: 5.191363525390625, 'acc_5': 0.3994, 'acc_1': 0.3986}
data saved

| Test	 Net1  Acc: 36.24%

==== Epoch:4 Test ACC:36.24 ====

Ensenble {4: 5.029521083831787, 3: 5.109918212890625, 2: 5.147841739654541, 0: 5.187757587432861, 1: 5.191363525390625, 'acc_5': 0.4312, 'acc_1': 0.3624}
data saved

| Test	 Net1  Acc: 41.94%

==== Epoch:5 Test ACC:41.94 ====

Ensenble {4: 5.029521083831787, 5: 5.053919410705566, 3: 5.109918212890625, 2: 5.147841739654541, 0: 5.187757587432861, 'acc_5': 0.4566, 'acc_1': 0.3624}
data saved

| Test	 Net1  Acc: 39.84%

==== Epoch:6 Test ACC:39.84 ====

Ensenble {4: 5.029521083831787, 5: 5.053919410705566, 3: 5.109918212890625, 6: 5.146112155914307, 2: 5.147841739654541, 'acc_5': 0.4626, 'acc_1': 0.3624}
data saved

| Test	 Net1  Acc: 38.10%

==== Epoch:7 Test ACC:38.1 ====

Ensenble {7: 5.021175670623779, 4: 5.029521083831787, 5: 5.053919410705566, 3: 5.109918212890625, 6: 5.146112155914307, 'acc_5': 0.4712, 'acc_1': 0.381}
data saved

| Test	 Net1  Acc: 36.56%

==== Epoch:8 Test ACC:36.56 ====

Ensenble {7: 5.021175670623779, 4: 5.029521083831787, 5: 5.053919410705566, 3: 5.109918212890625, 6: 5.146112155914307, 'acc_5': 0.4712, 'acc_1': 0.381}
data saved

| Test	 Net1  Acc: 38.26%

==== Epoch:9 Test ACC:38.26 ====

Ensenble {7: 5.021175670623779, 4: 5.029521083831787, 5: 5.053919410705566, 3: 5.109918212890625, 9: 5.135207843780518, 'acc_5': 0.4736, 'acc_1': 0.381}
data saved

| Test	 Net1  Acc: 37.12%

==== Epoch:10 Test ACC:37.12 ====

Ensenble {10: 4.96439151763916, 7: 5.021175670623779, 4: 5.029521083831787, 5: 5.053919410705566, 3: 5.109918212890625, 'acc_5': 0.4844, 'acc_1': 0.3712}
data saved

| Test	 Net1  Acc: 30.28%

==== Epoch:11 Test ACC:30.28 ====

Ensenble {10: 4.96439151763916, 7: 5.021175670623779, 4: 5.029521083831787, 5: 5.053919410705566, 3: 5.109918212890625, 'acc_5': 0.4844, 'acc_1': 0.3712}
data saved

| Test	 Net1  Acc: 33.28%

==== Epoch:12 Test ACC:33.28 ====

Ensenble {10: 4.96439151763916, 7: 5.021175670623779, 4: 5.029521083831787, 12: 5.050892353057861, 5: 5.053919410705566, 'acc_5': 0.4842, 'acc_1': 0.3712}
data saved

| Test	 Net1  Acc: 38.74%

==== Epoch:13 Test ACC:38.74 ====

Ensenble {13: 4.963101768493653, 10: 4.96439151763916, 7: 5.021175670623779, 4: 5.029521083831787, 12: 5.050892353057861, 'acc_5': 0.4776, 'acc_1': 0.3874}
data saved

| Test	 Net1  Acc: 45.72%

==== Epoch:14 Test ACC:45.72 ====

Ensenble {13: 4.963101768493653, 10: 4.96439151763916, 14: 4.982233619689941, 7: 5.021175670623779, 4: 5.029521083831787, 'acc_5': 0.4948, 'acc_1': 0.3874}
data saved

| Test	 Net1  Acc: 32.22%

==== Epoch:15 Test ACC:32.22 ====

Ensenble {13: 4.963101768493653, 10: 4.96439151763916, 15: 4.979105854034424, 14: 4.982233619689941, 7: 5.021175670623779, 'acc_5': 0.4528, 'acc_1': 0.3874}
data saved

| Test	 Net1  Acc: 37.06%

==== Epoch:16 Test ACC:37.06 ====

Ensenble {13: 4.963101768493653, 10: 4.96439151763916, 15: 4.979105854034424, 14: 4.982233619689941, 16: 5.0110547065734865, 'acc_5': 0.4246, 'acc_1': 0.3874}
data saved

| Test	 Net1  Acc: 36.60%

==== Epoch:17 Test ACC:36.6 ====

Ensenble {13: 4.963101768493653, 10: 4.96439151763916, 15: 4.979105854034424, 14: 4.982233619689941, 17: 4.989288330078125, 'acc_5': 0.435, 'acc_1': 0.3874}
data saved

| Test	 Net1  Acc: 38.00%

==== Epoch:18 Test ACC:38.0 ====

Ensenble {13: 4.963101768493653, 10: 4.96439151763916, 15: 4.979105854034424, 14: 4.982233619689941, 17: 4.989288330078125, 'acc_5': 0.435, 'acc_1': 0.3874}
data saved

| Test	 Net1  Acc: 42.66%

==== Epoch:19 Test ACC:42.66 ====

Ensenble {19: 4.903341960906983, 13: 4.963101768493653, 10: 4.96439151763916, 15: 4.979105854034424, 14: 4.982233619689941, 'acc_5': 0.445, 'acc_1': 0.4266}
data saved

| Test	 Net1  Acc: 35.56%

==== Epoch:20 Test ACC:35.56 ====

Ensenble {20: 4.898005771636963, 19: 4.903341960906983, 13: 4.963101768493653, 10: 4.96439151763916, 15: 4.979105854034424, 'acc_5': 0.438, 'acc_1': 0.3556}
data saved

| Test	 Net1  Acc: 32.94%

==== Epoch:21 Test ACC:32.94 ====

Ensenble {21: 4.873441600799561, 20: 4.898005771636963, 19: 4.903341960906983, 13: 4.963101768493653, 10: 4.96439151763916, 'acc_5': 0.507, 'acc_1': 0.3294}
data saved

| Test	 Net1  Acc: 38.64%

==== Epoch:22 Test ACC:38.64 ====

Ensenble {21: 4.873441600799561, 20: 4.898005771636963, 19: 4.903341960906983, 22: 4.954721927642822, 13: 4.963101768493653, 'acc_5': 0.5034, 'acc_1': 0.3294}
data saved

| Test	 Net1  Acc: 41.80%

==== Epoch:23 Test ACC:41.8 ====

Ensenble {23: 4.708273696899414, 21: 4.873441600799561, 20: 4.898005771636963, 19: 4.903341960906983, 22: 4.954721927642822, 'acc_5': 0.5146, 'acc_1': 0.418}
data saved

| Test	 Net1  Acc: 41.92%

==== Epoch:24 Test ACC:41.92 ====

Ensenble {23: 4.708273696899414, 21: 4.873441600799561, 24: 4.877138328552246, 20: 4.898005771636963, 19: 4.903341960906983, 'acc_5': 0.5108, 'acc_1': 0.418}
data saved

| Test	 Net1  Acc: 43.98%

==== Epoch:25 Test ACC:43.98 ====

Ensenble {23: 4.708273696899414, 21: 4.873441600799561, 24: 4.877138328552246, 20: 4.898005771636963, 19: 4.903341960906983, 'acc_5': 0.5108, 'acc_1': 0.418}
data saved

| Test	 Net1  Acc: 42.78%

==== Epoch:26 Test ACC:42.78 ====

Ensenble {23: 4.708273696899414, 21: 4.873441600799561, 26: 4.8739839553833, 24: 4.877138328552246, 20: 4.898005771636963, 'acc_5': 0.4896, 'acc_1': 0.418}
data saved

| Test	 Net1  Acc: 30.64%

==== Epoch:27 Test ACC:30.64 ====

Ensenble {23: 4.708273696899414, 21: 4.873441600799561, 26: 4.8739839553833, 24: 4.877138328552246, 20: 4.898005771636963, 'acc_5': 0.4896, 'acc_1': 0.418}
data saved

| Test	 Net1  Acc: 40.78%

==== Epoch:28 Test ACC:40.78 ====

Ensenble {23: 4.708273696899414, 21: 4.873441600799561, 26: 4.8739839553833, 24: 4.877138328552246, 20: 4.898005771636963, 'acc_5': 0.4896, 'acc_1': 0.418}
data saved

| Test	 Net1  Acc: 42.46%

==== Epoch:29 Test ACC:42.46 ====

Ensenble {23: 4.708273696899414, 29: 4.844974994659424, 21: 4.873441600799561, 26: 4.8739839553833, 24: 4.877138328552246, 'acc_5': 0.4946, 'acc_1': 0.418}
data saved

| Test	 Net1  Acc: 47.68%

==== Epoch:30 Test ACC:47.68 ====

Ensenble {23: 4.708273696899414, 29: 4.844974994659424, 21: 4.873441600799561, 26: 4.8739839553833, 24: 4.877138328552246, 'acc_5': 0.4946, 'acc_1': 0.418}
data saved

| Test	 Net1  Acc: 47.92%

==== Epoch:31 Test ACC:47.92 ====

Ensenble {23: 4.708273696899414, 31: 4.844786357879639, 29: 4.844974994659424, 21: 4.873441600799561, 26: 4.8739839553833, 'acc_5': 0.4732, 'acc_1': 0.418}
data saved

| Test	 Net1  Acc: 51.84%

==== Epoch:32 Test ACC:51.84 ====

Ensenble {23: 4.708273696899414, 32: 4.736012363433838, 31: 4.844786357879639, 29: 4.844974994659424, 21: 4.873441600799561, 'acc_5': 0.4964, 'acc_1': 0.418}
data saved

| Test	 Net1  Acc: 50.04%

==== Epoch:33 Test ACC:50.04 ====

Ensenble {23: 4.708273696899414, 32: 4.736012363433838, 31: 4.844786357879639, 29: 4.844974994659424, 21: 4.873441600799561, 'acc_5': 0.4964, 'acc_1': 0.418}
data saved

| Test	 Net1  Acc: 42.02%

==== Epoch:34 Test ACC:42.02 ====

Ensenble {23: 4.708273696899414, 32: 4.736012363433838, 31: 4.844786357879639, 29: 4.844974994659424, 21: 4.873441600799561, 'acc_5': 0.4964, 'acc_1': 0.418}
data saved

| Test	 Net1  Acc: 50.94%

==== Epoch:35 Test ACC:50.94 ====

Ensenble {23: 4.708273696899414, 32: 4.736012363433838, 31: 4.844786357879639, 29: 4.844974994659424, 35: 4.859888076782227, 'acc_5': 0.5546, 'acc_1': 0.418}
data saved

| Test	 Net1  Acc: 50.10%

==== Epoch:36 Test ACC:50.1 ====

Ensenble {23: 4.708273696899414, 32: 4.736012363433838, 36: 4.820097732543945, 31: 4.844786357879639, 29: 4.844974994659424, 'acc_5': 0.5322, 'acc_1': 0.418}
data saved

| Test	 Net1  Acc: 51.90%

==== Epoch:37 Test ACC:51.9 ====

Ensenble {23: 4.708273696899414, 32: 4.736012363433838, 37: 4.7908985137939455, 36: 4.820097732543945, 31: 4.844786357879639, 'acc_5': 0.5718, 'acc_1': 0.418}
data saved

| Test	 Net1  Acc: 46.86%

==== Epoch:38 Test ACC:46.86 ====

Ensenble {23: 4.708273696899414, 32: 4.736012363433838, 37: 4.7908985137939455, 36: 4.820097732543945, 31: 4.844786357879639, 'acc_5': 0.5718, 'acc_1': 0.418}
data saved

| Test	 Net1  Acc: 41.02%

==== Epoch:39 Test ACC:41.02 ====

Ensenble {23: 4.708273696899414, 32: 4.736012363433838, 37: 4.7908985137939455, 36: 4.820097732543945, 31: 4.844786357879639, 'acc_5': 0.5718, 'acc_1': 0.418}
data saved

| Test	 Net1  Acc: 54.12%

==== Epoch:40 Test ACC:54.12 ====

Ensenble {23: 4.708273696899414, 32: 4.736012363433838, 37: 4.7908985137939455, 36: 4.820097732543945, 31: 4.844786357879639, 'acc_5': 0.5718, 'acc_1': 0.418}
data saved

| Test	 Net1  Acc: 47.20%

==== Epoch:41 Test ACC:47.2 ====

Ensenble {23: 4.708273696899414, 32: 4.736012363433838, 41: 4.7843732833862305, 37: 4.7908985137939455, 36: 4.820097732543945, 'acc_5': 0.5768, 'acc_1': 0.418}
data saved

| Test	 Net1  Acc: 42.98%

==== Epoch:42 Test ACC:42.98 ====

Ensenble {23: 4.708273696899414, 32: 4.736012363433838, 41: 4.7843732833862305, 42: 4.787665462493896, 37: 4.7908985137939455, 'acc_5': 0.5636, 'acc_1': 0.418}
data saved

| Test	 Net1  Acc: 44.68%

==== Epoch:43 Test ACC:44.68 ====

Ensenble {23: 4.708273696899414, 32: 4.736012363433838, 41: 4.7843732833862305, 42: 4.787665462493896, 37: 4.7908985137939455, 'acc_5': 0.5636, 'acc_1': 0.418}
data saved

| Test	 Net1  Acc: 51.08%

==== Epoch:44 Test ACC:51.08 ====

Ensenble {23: 4.708273696899414, 32: 4.736012363433838, 44: 4.746982192993164, 41: 4.7843732833862305, 42: 4.787665462493896, 'acc_5': 0.5618, 'acc_1': 0.418}
data saved

| Test	 Net1  Acc: 42.64%

==== Epoch:45 Test ACC:42.64 ====

Ensenble {23: 4.708273696899414, 32: 4.736012363433838, 44: 4.746982192993164, 41: 4.7843732833862305, 42: 4.787665462493896, 'acc_5': 0.5618, 'acc_1': 0.418}
data saved

| Test	 Net1  Acc: 54.16%

==== Epoch:46 Test ACC:54.16 ====

Ensenble {23: 4.708273696899414, 46: 4.731989097595215, 32: 4.736012363433838, 44: 4.746982192993164, 41: 4.7843732833862305, 'acc_5': 0.5932, 'acc_1': 0.418}
data saved

| Test	 Net1  Acc: 60.78%

==== Epoch:47 Test ACC:60.78 ====

Ensenble {23: 4.708273696899414, 46: 4.731989097595215, 32: 4.736012363433838, 44: 4.746982192993164, 41: 4.7843732833862305, 'acc_5': 0.5932, 'acc_1': 0.418}
data saved

| Test	 Net1  Acc: 53.64%

==== Epoch:48 Test ACC:53.64 ====

Ensenble {23: 4.708273696899414, 46: 4.731989097595215, 32: 4.736012363433838, 44: 4.746982192993164, 41: 4.7843732833862305, 'acc_5': 0.5932, 'acc_1': 0.418}
data saved

| Test	 Net1  Acc: 54.20%

==== Epoch:49 Test ACC:54.2 ====

Ensenble {23: 4.708273696899414, 46: 4.731989097595215, 32: 4.736012363433838, 44: 4.746982192993164, 41: 4.7843732833862305, 'acc_5': 0.5932, 'acc_1': 0.418}
data saved

| Test	 Net1  Acc: 61.42%

==== Epoch:50 Test ACC:61.42 ====

Ensenble {23: 4.708273696899414, 46: 4.731989097595215, 32: 4.736012363433838, 44: 4.746982192993164, 41: 4.7843732833862305, 'acc_5': 0.5932, 'acc_1': 0.418}
data saved

| Test	 Net1  Acc: 45.32%

==== Epoch:51 Test ACC:45.32 ====

Ensenble {23: 4.708273696899414, 46: 4.731989097595215, 32: 4.736012363433838, 44: 4.746982192993164, 41: 4.7843732833862305, 'acc_5': 0.5932, 'acc_1': 0.418}
data saved

| Test	 Net1  Acc: 53.36%

==== Epoch:52 Test ACC:53.36 ====

Ensenble {23: 4.708273696899414, 46: 4.731989097595215, 32: 4.736012363433838, 44: 4.746982192993164, 41: 4.7843732833862305, 'acc_5': 0.5932, 'acc_1': 0.418}
data saved

| Test	 Net1  Acc: 48.02%

==== Epoch:53 Test ACC:48.02 ====

Ensenble {23: 4.708273696899414, 46: 4.731989097595215, 32: 4.736012363433838, 44: 4.746982192993164, 41: 4.7843732833862305, 'acc_5': 0.5932, 'acc_1': 0.418}
data saved

| Test	 Net1  Acc: 56.82%

==== Epoch:54 Test ACC:56.82 ====

Ensenble {54: 4.675771713256836, 23: 4.708273696899414, 46: 4.731989097595215, 32: 4.736012363433838, 44: 4.746982192993164, 'acc_5': 0.6294, 'acc_1': 0.5682}
data saved

| Test	 Net1  Acc: 44.92%

==== Epoch:55 Test ACC:44.92 ====

Ensenble {54: 4.675771713256836, 23: 4.708273696899414, 46: 4.731989097595215, 32: 4.736012363433838, 44: 4.746982192993164, 'acc_5': 0.6294, 'acc_1': 0.5682}
data saved

| Test	 Net1  Acc: 52.80%

==== Epoch:56 Test ACC:52.8 ====

Ensenble {54: 4.675771713256836, 23: 4.708273696899414, 46: 4.731989097595215, 32: 4.736012363433838, 44: 4.746982192993164, 'acc_5': 0.6294, 'acc_1': 0.5682}
data saved

| Test	 Net1  Acc: 50.94%

==== Epoch:57 Test ACC:50.94 ====

Ensenble {54: 4.675771713256836, 23: 4.708273696899414, 46: 4.731989097595215, 32: 4.736012363433838, 44: 4.746982192993164, 'acc_5': 0.6294, 'acc_1': 0.5682}
data saved

| Test	 Net1  Acc: 60.56%

==== Epoch:58 Test ACC:60.56 ====

Ensenble {54: 4.675771713256836, 23: 4.708273696899414, 46: 4.731989097595215, 32: 4.736012363433838, 44: 4.746982192993164, 'acc_5': 0.6294, 'acc_1': 0.5682}
data saved

| Test	 Net1  Acc: 58.42%

==== Epoch:59 Test ACC:58.42 ====

Ensenble {54: 4.675771713256836, 23: 4.708273696899414, 46: 4.731989097595215, 32: 4.736012363433838, 44: 4.746982192993164, 'acc_5': 0.6294, 'acc_1': 0.5682}
data saved

| Test	 Net1  Acc: 46.48%

==== Epoch:60 Test ACC:46.48 ====

Ensenble {54: 4.675771713256836, 23: 4.708273696899414, 46: 4.731989097595215, 32: 4.736012363433838, 44: 4.746982192993164, 'acc_5': 0.6294, 'acc_1': 0.5682}
data saved

| Test	 Net1  Acc: 66.44%

==== Epoch:61 Test ACC:66.44 ====

Ensenble {54: 4.675771713256836, 23: 4.708273696899414, 46: 4.731989097595215, 32: 4.736012363433838, 61: 4.7437512397766115, 'acc_5': 0.659, 'acc_1': 0.5682}
data saved

| Test	 Net1  Acc: 61.84%

==== Epoch:62 Test ACC:61.84 ====

Ensenble {54: 4.675771713256836, 23: 4.708273696899414, 46: 4.731989097595215, 32: 4.736012363433838, 61: 4.7437512397766115, 'acc_5': 0.659, 'acc_1': 0.5682}
data saved

| Test	 Net1  Acc: 67.78%

==== Epoch:63 Test ACC:67.78 ====

Ensenble {54: 4.675771713256836, 63: 4.681654071807861, 23: 4.708273696899414, 46: 4.731989097595215, 32: 4.736012363433838, 'acc_5': 0.6592, 'acc_1': 0.5682}
data saved

| Test	 Net1  Acc: 59.28%

==== Epoch:64 Test ACC:59.28 ====

Ensenble {54: 4.675771713256836, 63: 4.681654071807861, 64: 4.698933792114258, 23: 4.708273696899414, 46: 4.731989097595215, 'acc_5': 0.6578, 'acc_1': 0.5682}
data saved

| Test	 Net1  Acc: 64.10%

==== Epoch:65 Test ACC:64.1 ====

Ensenble {54: 4.675771713256836, 63: 4.681654071807861, 64: 4.698933792114258, 23: 4.708273696899414, 46: 4.731989097595215, 'acc_5': 0.6578, 'acc_1': 0.5682}
data saved

| Test	 Net1  Acc: 58.84%

==== Epoch:66 Test ACC:58.84 ====

Ensenble {54: 4.675771713256836, 63: 4.681654071807861, 64: 4.698933792114258, 23: 4.708273696899414, 46: 4.731989097595215, 'acc_5': 0.6578, 'acc_1': 0.5682}
data saved

| Test	 Net1  Acc: 60.02%

==== Epoch:67 Test ACC:60.02 ====

Ensenble {54: 4.675771713256836, 63: 4.681654071807861, 67: 4.69246768951416, 64: 4.698933792114258, 23: 4.708273696899414, 'acc_5': 0.692, 'acc_1': 0.5682}
data saved

| Test	 Net1  Acc: 42.28%

==== Epoch:68 Test ACC:42.28 ====

Ensenble {54: 4.675771713256836, 63: 4.681654071807861, 67: 4.69246768951416, 64: 4.698933792114258, 23: 4.708273696899414, 'acc_5': 0.692, 'acc_1': 0.5682}
data saved

| Test	 Net1  Acc: 57.82%

==== Epoch:69 Test ACC:57.82 ====

Ensenble {69: 4.633277225494385, 54: 4.675771713256836, 63: 4.681654071807861, 67: 4.69246768951416, 64: 4.698933792114258, 'acc_5': 0.6966, 'acc_1': 0.5782}
data saved

| Test	 Net1  Acc: 59.72%

==== Epoch:70 Test ACC:59.72 ====

Ensenble {69: 4.633277225494385, 54: 4.675771713256836, 63: 4.681654071807861, 67: 4.69246768951416, 64: 4.698933792114258, 'acc_5': 0.6966, 'acc_1': 0.5782}
data saved

| Test	 Net1  Acc: 53.04%

==== Epoch:71 Test ACC:53.04 ====

Ensenble {69: 4.633277225494385, 54: 4.675771713256836, 63: 4.681654071807861, 67: 4.69246768951416, 64: 4.698933792114258, 'acc_5': 0.6966, 'acc_1': 0.5782}
data saved

| Test	 Net1  Acc: 65.38%

==== Epoch:72 Test ACC:65.38 ====

Ensenble {69: 4.633277225494385, 54: 4.675771713256836, 63: 4.681654071807861, 67: 4.69246768951416, 64: 4.698933792114258, 'acc_5': 0.6966, 'acc_1': 0.5782}
data saved

| Test	 Net1  Acc: 55.72%

==== Epoch:73 Test ACC:55.72 ====

Ensenble {69: 4.633277225494385, 54: 4.675771713256836, 63: 4.681654071807861, 67: 4.69246768951416, 64: 4.698933792114258, 'acc_5': 0.6966, 'acc_1': 0.5782}
data saved

| Test	 Net1  Acc: 63.72%

==== Epoch:74 Test ACC:63.72 ====

Ensenble {69: 4.633277225494385, 54: 4.675771713256836, 63: 4.681654071807861, 67: 4.69246768951416, 64: 4.698933792114258, 'acc_5': 0.6966, 'acc_1': 0.5782}
data saved

| Test	 Net1  Acc: 61.80%

==== Epoch:75 Test ACC:61.8 ====

Ensenble {69: 4.633277225494385, 75: 4.651435852050781, 54: 4.675771713256836, 63: 4.681654071807861, 67: 4.69246768951416, 'acc_5': 0.706, 'acc_1': 0.5782}
data saved

| Test	 Net1  Acc: 56.26%

==== Epoch:76 Test ACC:56.26 ====

Ensenble {69: 4.633277225494385, 75: 4.651435852050781, 54: 4.675771713256836, 63: 4.681654071807861, 67: 4.69246768951416, 'acc_5': 0.706, 'acc_1': 0.5782}
data saved

| Test	 Net1  Acc: 67.92%

==== Epoch:77 Test ACC:67.92 ====

Ensenble {69: 4.633277225494385, 75: 4.651435852050781, 54: 4.675771713256836, 63: 4.681654071807861, 67: 4.69246768951416, 'acc_5': 0.706, 'acc_1': 0.5782}
data saved

| Test	 Net1  Acc: 61.64%

==== Epoch:78 Test ACC:61.64 ====

Ensenble {69: 4.633277225494385, 75: 4.651435852050781, 54: 4.675771713256836, 63: 4.681654071807861, 67: 4.69246768951416, 'acc_5': 0.706, 'acc_1': 0.5782}
data saved

| Test	 Net1  Acc: 68.56%

==== Epoch:79 Test ACC:68.56 ====

Ensenble {69: 4.633277225494385, 75: 4.651435852050781, 54: 4.675771713256836, 63: 4.681654071807861, 67: 4.69246768951416, 'acc_5': 0.706, 'acc_1': 0.5782}
data saved

| Test	 Net1  Acc: 70.10%

==== Epoch:80 Test ACC:70.1 ====

Ensenble {69: 4.633277225494385, 75: 4.651435852050781, 54: 4.675771713256836, 63: 4.681654071807861, 67: 4.69246768951416, 'acc_5': 0.706, 'acc_1': 0.5782}
data saved

| Test	 Net1  Acc: 69.54%

==== Epoch:81 Test ACC:69.54 ====

Ensenble {81: 4.613118839263916, 69: 4.633277225494385, 75: 4.651435852050781, 54: 4.675771713256836, 63: 4.681654071807861, 'acc_5': 0.7082, 'acc_1': 0.6954}
data saved

| Test	 Net1  Acc: 69.68%

==== Epoch:82 Test ACC:69.68 ====

Ensenble {81: 4.613118839263916, 69: 4.633277225494385, 75: 4.651435852050781, 82: 4.674955368041992, 54: 4.675771713256836, 'acc_5': 0.7252, 'acc_1': 0.6954}
data saved

| Test	 Net1  Acc: 54.98%

==== Epoch:83 Test ACC:54.98 ====

Ensenble {81: 4.613118839263916, 69: 4.633277225494385, 75: 4.651435852050781, 82: 4.674955368041992, 54: 4.675771713256836, 'acc_5': 0.7252, 'acc_1': 0.6954}
data saved

| Test	 Net1  Acc: 63.16%

==== Epoch:84 Test ACC:63.16 ====

Ensenble {81: 4.613118839263916, 84: 4.62528133392334, 69: 4.633277225494385, 75: 4.651435852050781, 82: 4.674955368041992, 'acc_5': 0.7488, 'acc_1': 0.6954}
data saved

| Test	 Net1  Acc: 71.46%

==== Epoch:85 Test ACC:71.46 ====

Ensenble {81: 4.613118839263916, 84: 4.62528133392334, 69: 4.633277225494385, 75: 4.651435852050781, 82: 4.674955368041992, 'acc_5': 0.7488, 'acc_1': 0.6954}
data saved

| Test	 Net1  Acc: 68.00%

==== Epoch:86 Test ACC:68.0 ====

Ensenble {81: 4.613118839263916, 84: 4.62528133392334, 69: 4.633277225494385, 75: 4.651435852050781, 82: 4.674955368041992, 'acc_5': 0.7488, 'acc_1': 0.6954}
data saved

| Test	 Net1  Acc: 65.90%

==== Epoch:87 Test ACC:65.9 ====

Ensenble {81: 4.613118839263916, 84: 4.62528133392334, 69: 4.633277225494385, 75: 4.651435852050781, 87: 4.6601659774780275, 'acc_5': 0.7386, 'acc_1': 0.6954}
data saved

| Test	 Net1  Acc: 68.26%

==== Epoch:88 Test ACC:68.26 ====

Ensenble {81: 4.613118839263916, 84: 4.62528133392334, 69: 4.633277225494385, 75: 4.651435852050781, 87: 4.6601659774780275, 'acc_5': 0.7386, 'acc_1': 0.6954}
data saved

| Test	 Net1  Acc: 67.06%

==== Epoch:89 Test ACC:67.06 ====

Ensenble {81: 4.613118839263916, 84: 4.62528133392334, 69: 4.633277225494385, 75: 4.651435852050781, 87: 4.6601659774780275, 'acc_5': 0.7386, 'acc_1': 0.6954}
data saved

| Test	 Net1  Acc: 70.50%

==== Epoch:90 Test ACC:70.5 ====

Ensenble {81: 4.613118839263916, 84: 4.62528133392334, 69: 4.633277225494385, 75: 4.651435852050781, 90: 4.654881381988526, 'acc_5': 0.7616, 'acc_1': 0.6954}
data saved

| Test	 Net1  Acc: 75.06%

==== Epoch:91 Test ACC:75.06 ====

Ensenble {81: 4.613118839263916, 84: 4.62528133392334, 91: 4.632703113555908, 69: 4.633277225494385, 75: 4.651435852050781, 'acc_5': 0.7728, 'acc_1': 0.6954}
data saved

| Test	 Net1  Acc: 74.86%

==== Epoch:92 Test ACC:74.86 ====

Ensenble {81: 4.613118839263916, 84: 4.62528133392334, 91: 4.632703113555908, 69: 4.633277225494385, 75: 4.651435852050781, 'acc_5': 0.7728, 'acc_1': 0.6954}
data saved

| Test	 Net1  Acc: 71.86%

==== Epoch:93 Test ACC:71.86 ====

Ensenble {93: 4.6017906188964846, 81: 4.613118839263916, 84: 4.62528133392334, 91: 4.632703113555908, 69: 4.633277225494385, 'acc_5': 0.7818, 'acc_1': 0.7186}
data saved

| Test	 Net1  Acc: 68.48%

==== Epoch:94 Test ACC:68.48 ====

Ensenble {93: 4.6017906188964846, 81: 4.613118839263916, 94: 4.6192046165466305, 84: 4.62528133392334, 91: 4.632703113555908, 'acc_5': 0.803, 'acc_1': 0.7186}
data saved

| Test	 Net1  Acc: 66.54%

==== Epoch:95 Test ACC:66.54 ====

Ensenble {93: 4.6017906188964846, 81: 4.613118839263916, 94: 4.6192046165466305, 84: 4.62528133392334, 91: 4.632703113555908, 'acc_5': 0.803, 'acc_1': 0.7186}
data saved

| Test	 Net1  Acc: 73.94%

==== Epoch:96 Test ACC:73.94 ====

Ensenble {93: 4.6017906188964846, 96: 4.605553817749024, 81: 4.613118839263916, 94: 4.6192046165466305, 84: 4.62528133392334, 'acc_5': 0.7954, 'acc_1': 0.7186}
data saved

| Test	 Net1  Acc: 75.94%

==== Epoch:97 Test ACC:75.94 ====

Ensenble {93: 4.6017906188964846, 96: 4.605553817749024, 81: 4.613118839263916, 94: 4.6192046165466305, 84: 4.62528133392334, 'acc_5': 0.7954, 'acc_1': 0.7186}
data saved

| Test	 Net1  Acc: 70.30%

==== Epoch:98 Test ACC:70.3 ====

Ensenble {93: 4.6017906188964846, 96: 4.605553817749024, 81: 4.613118839263916, 98: 4.614148712158203, 94: 4.6192046165466305, 'acc_5': 0.809, 'acc_1': 0.7186}
data saved

| Test	 Net1  Acc: 76.80%

==== Epoch:99 Test ACC:76.8 ====

Ensenble {99: 4.533411598205566, 93: 4.6017906188964846, 96: 4.605553817749024, 81: 4.613118839263916, 98: 4.614148712158203, 'acc_5': 0.8112, 'acc_1': 0.768}
data saved

| Test	 Net1  Acc: 72.28%

==== Epoch:100 Test ACC:72.28 ====

Ensenble {99: 4.533411598205566, 100: 4.574516010284424, 93: 4.6017906188964846, 96: 4.605553817749024, 81: 4.613118839263916, 'acc_5': 0.8102, 'acc_1': 0.768}
data saved

| Test	 Net1  Acc: 72.84%

==== Epoch:101 Test ACC:72.84 ====

Ensenble {99: 4.533411598205566, 100: 4.574516010284424, 101: 4.590632057189941, 93: 4.6017906188964846, 96: 4.605553817749024, 'acc_5': 0.822, 'acc_1': 0.768}
data saved

| Test	 Net1  Acc: 74.12%

==== Epoch:102 Test ACC:74.12 ====

Ensenble {102: 4.49359769821167, 99: 4.533411598205566, 100: 4.574516010284424, 101: 4.590632057189941, 93: 4.6017906188964846, 'acc_5': 0.8222, 'acc_1': 0.7412}
data saved

| Test	 Net1  Acc: 76.10%

==== Epoch:103 Test ACC:76.1 ====

Ensenble {102: 4.49359769821167, 99: 4.533411598205566, 100: 4.574516010284424, 103: 4.577456665039063, 101: 4.590632057189941, 'acc_5': 0.824, 'acc_1': 0.7412}
data saved

| Test	 Net1  Acc: 77.86%

==== Epoch:104 Test ACC:77.86 ====

Ensenble {104: 4.468006038665772, 102: 4.49359769821167, 99: 4.533411598205566, 100: 4.574516010284424, 103: 4.577456665039063, 'acc_5': 0.8274, 'acc_1': 0.7786}
data saved

| Test	 Net1  Acc: 74.06%

==== Epoch:105 Test ACC:74.06 ====

Ensenble {104: 4.468006038665772, 102: 4.49359769821167, 99: 4.533411598205566, 100: 4.574516010284424, 103: 4.577456665039063, 'acc_5': 0.8274, 'acc_1': 0.7786}
data saved

| Test	 Net1  Acc: 70.58%

==== Epoch:106 Test ACC:70.58 ====

Ensenble {104: 4.468006038665772, 102: 4.49359769821167, 106: 4.504208755493164, 99: 4.533411598205566, 100: 4.574516010284424, 'acc_5': 0.8152, 'acc_1': 0.7786}
data saved

| Test	 Net1  Acc: 77.58%

==== Epoch:107 Test ACC:77.58 ====

Ensenble {104: 4.468006038665772, 102: 4.49359769821167, 106: 4.504208755493164, 99: 4.533411598205566, 100: 4.574516010284424, 'acc_5': 0.8152, 'acc_1': 0.7786}
data saved

| Test	 Net1  Acc: 72.84%

==== Epoch:108 Test ACC:72.84 ====

Ensenble {104: 4.468006038665772, 102: 4.49359769821167, 106: 4.504208755493164, 108: 4.53068265914917, 99: 4.533411598205566, 'acc_5': 0.8226, 'acc_1': 0.7786}
data saved

| Test	 Net1  Acc: 74.02%

==== Epoch:109 Test ACC:74.02 ====

Ensenble {104: 4.468006038665772, 102: 4.49359769821167, 106: 4.504208755493164, 108: 4.53068265914917, 99: 4.533411598205566, 'acc_5': 0.8226, 'acc_1': 0.7786}
data saved

| Test	 Net1  Acc: 73.98%

==== Epoch:110 Test ACC:73.98 ====

Ensenble {104: 4.468006038665772, 102: 4.49359769821167, 106: 4.504208755493164, 108: 4.53068265914917, 99: 4.533411598205566, 'acc_5': 0.8226, 'acc_1': 0.7786}
data saved

| Test	 Net1  Acc: 72.90%

==== Epoch:111 Test ACC:72.9 ====

Ensenble {104: 4.468006038665772, 102: 4.49359769821167, 106: 4.504208755493164, 108: 4.53068265914917, 99: 4.533411598205566, 'acc_5': 0.8226, 'acc_1': 0.7786}
data saved

| Test	 Net1  Acc: 79.08%

==== Epoch:112 Test ACC:79.08 ====

Ensenble {104: 4.468006038665772, 112: 4.479938602447509, 102: 4.49359769821167, 106: 4.504208755493164, 108: 4.53068265914917, 'acc_5': 0.8316, 'acc_1': 0.7786}
data saved

| Test	 Net1  Acc: 77.36%

==== Epoch:113 Test ACC:77.36 ====

Ensenble {113: 4.430152702331543, 104: 4.468006038665772, 112: 4.479938602447509, 102: 4.49359769821167, 106: 4.504208755493164, 'acc_5': 0.827, 'acc_1': 0.7736}
data saved

| Test	 Net1  Acc: 77.36%

==== Epoch:114 Test ACC:77.36 ====

Ensenble {113: 4.430152702331543, 114: 4.449026584625244, 104: 4.468006038665772, 112: 4.479938602447509, 102: 4.49359769821167, 'acc_5': 0.8368, 'acc_1': 0.7736}
data saved

| Test	 Net1  Acc: 74.06%

==== Epoch:115 Test ACC:74.06 ====

Ensenble {113: 4.430152702331543, 114: 4.449026584625244, 104: 4.468006038665772, 112: 4.479938602447509, 102: 4.49359769821167, 'acc_5': 0.8368, 'acc_1': 0.7736}
data saved

| Test	 Net1  Acc: 79.38%

==== Epoch:116 Test ACC:79.38 ====

Ensenble {113: 4.430152702331543, 114: 4.449026584625244, 104: 4.468006038665772, 112: 4.479938602447509, 102: 4.49359769821167, 'acc_5': 0.8368, 'acc_1': 0.7736}
data saved

| Test	 Net1  Acc: 79.02%

==== Epoch:117 Test ACC:79.02 ====

Ensenble {113: 4.430152702331543, 117: 4.437625694274902, 114: 4.449026584625244, 104: 4.468006038665772, 112: 4.479938602447509, 'acc_5': 0.8474, 'acc_1': 0.7736}
data saved

| Test	 Net1  Acc: 78.38%

==== Epoch:118 Test ACC:78.38 ====

Ensenble {113: 4.430152702331543, 117: 4.437625694274902, 114: 4.449026584625244, 104: 4.468006038665772, 112: 4.479938602447509, 'acc_5': 0.8474, 'acc_1': 0.7736}
data saved

| Test	 Net1  Acc: 77.96%

==== Epoch:119 Test ACC:77.96 ====

Ensenble {113: 4.430152702331543, 117: 4.437625694274902, 114: 4.449026584625244, 104: 4.468006038665772, 112: 4.479938602447509, 'acc_5': 0.8474, 'acc_1': 0.7736}
data saved

| Test	 Net1  Acc: 75.04%

==== Epoch:120 Test ACC:75.04 ====

Ensenble {113: 4.430152702331543, 117: 4.437625694274902, 114: 4.449026584625244, 104: 4.468006038665772, 112: 4.479938602447509, 'acc_5': 0.8474, 'acc_1': 0.7736}
data saved

| Test	 Net1  Acc: 78.98%

==== Epoch:121 Test ACC:78.98 ====

Ensenble {113: 4.430152702331543, 117: 4.437625694274902, 114: 4.449026584625244, 104: 4.468006038665772, 121: 4.475244331359863, 'acc_5': 0.8484, 'acc_1': 0.7736}
data saved

| Test	 Net1  Acc: 78.96%

==== Epoch:122 Test ACC:78.96 ====

Ensenble {122: 4.4259419441223145, 113: 4.430152702331543, 117: 4.437625694274902, 114: 4.449026584625244, 104: 4.468006038665772, 'acc_5': 0.8466, 'acc_1': 0.7896}
data saved

| Test	 Net1  Acc: 80.58%

==== Epoch:123 Test ACC:80.58 ====

Ensenble {123: 4.400746631622314, 122: 4.4259419441223145, 113: 4.430152702331543, 117: 4.437625694274902, 114: 4.449026584625244, 'acc_5': 0.8478, 'acc_1': 0.8058}
data saved

| Test	 Net1  Acc: 78.78%

==== Epoch:124 Test ACC:78.78 ====

Ensenble {123: 4.400746631622314, 122: 4.4259419441223145, 113: 4.430152702331543, 117: 4.437625694274902, 114: 4.449026584625244, 'acc_5': 0.8478, 'acc_1': 0.8058}
data saved

| Test	 Net1  Acc: 77.84%

==== Epoch:125 Test ACC:77.84 ====

Ensenble {123: 4.400746631622314, 122: 4.4259419441223145, 113: 4.430152702331543, 117: 4.437625694274902, 114: 4.449026584625244, 'acc_5': 0.8478, 'acc_1': 0.8058}
data saved

| Test	 Net1  Acc: 77.50%

==== Epoch:126 Test ACC:77.5 ====

Ensenble {123: 4.400746631622314, 126: 4.40299654006958, 122: 4.4259419441223145, 113: 4.430152702331543, 117: 4.437625694274902, 'acc_5': 0.8476, 'acc_1': 0.8058}
data saved

| Test	 Net1  Acc: 81.54%

==== Epoch:127 Test ACC:81.54 ====

Ensenble {123: 4.400746631622314, 126: 4.40299654006958, 127: 4.4147789001464846, 122: 4.4259419441223145, 113: 4.430152702331543, 'acc_5': 0.8508, 'acc_1': 0.8058}
data saved

| Test	 Net1  Acc: 79.04%

==== Epoch:128 Test ACC:79.04 ====

Ensenble {128: 4.399127864837647, 123: 4.400746631622314, 126: 4.40299654006958, 127: 4.4147789001464846, 122: 4.4259419441223145, 'acc_5': 0.8436, 'acc_1': 0.7904}
data saved

| Test	 Net1  Acc: 82.46%

==== Epoch:129 Test ACC:82.46 ====

Ensenble {129: 4.389431095123291, 128: 4.399127864837647, 123: 4.400746631622314, 126: 4.40299654006958, 127: 4.4147789001464846, 'acc_5': 0.8436, 'acc_1': 0.8246}
data saved

| Test	 Net1  Acc: 81.60%

==== Epoch:130 Test ACC:81.6 ====

Ensenble {130: 4.360272407531738, 129: 4.389431095123291, 128: 4.399127864837647, 123: 4.400746631622314, 126: 4.40299654006958, 'acc_5': 0.8482, 'acc_1': 0.816}
data saved

| Test	 Net1  Acc: 80.14%

==== Epoch:131 Test ACC:80.14 ====

Ensenble {130: 4.360272407531738, 131: 4.367850399017334, 129: 4.389431095123291, 128: 4.399127864837647, 123: 4.400746631622314, 'acc_5': 0.8506, 'acc_1': 0.816}
data saved

| Test	 Net1  Acc: 82.04%

==== Epoch:132 Test ACC:82.04 ====

Ensenble {132: 4.356112670898438, 130: 4.360272407531738, 131: 4.367850399017334, 129: 4.389431095123291, 128: 4.399127864837647, 'acc_5': 0.844, 'acc_1': 0.8204}
data saved

| Test	 Net1  Acc: 82.60%

==== Epoch:133 Test ACC:82.6 ====

Ensenble {132: 4.356112670898438, 130: 4.360272407531738, 131: 4.367850399017334, 129: 4.389431095123291, 133: 4.392839050292968, 'acc_5': 0.8488, 'acc_1': 0.8204}
data saved

| Test	 Net1  Acc: 81.08%

==== Epoch:134 Test ACC:81.08 ====

Ensenble {134: 4.355983829498291, 132: 4.356112670898438, 130: 4.360272407531738, 131: 4.367850399017334, 129: 4.389431095123291, 'acc_5': 0.8466, 'acc_1': 0.8108}
data saved

| Test	 Net1  Acc: 78.92%

==== Epoch:135 Test ACC:78.92 ====

Ensenble {135: 4.323533153533935, 134: 4.355983829498291, 132: 4.356112670898438, 130: 4.360272407531738, 131: 4.367850399017334, 'acc_5': 0.8492, 'acc_1': 0.7892}
data saved

| Test	 Net1  Acc: 81.84%

==== Epoch:136 Test ACC:81.84 ====

Ensenble {135: 4.323533153533935, 136: 4.334185409545898, 134: 4.355983829498291, 132: 4.356112670898438, 130: 4.360272407531738, 'acc_5': 0.8494, 'acc_1': 0.7892}
data saved

| Test	 Net1  Acc: 80.82%

==== Epoch:137 Test ACC:80.82 ====

Ensenble {137: 4.2860838890075685, 135: 4.323533153533935, 136: 4.334185409545898, 134: 4.355983829498291, 132: 4.356112670898438, 'acc_5': 0.8508, 'acc_1': 0.8082}
data saved

| Test	 Net1  Acc: 81.92%

==== Epoch:138 Test ACC:81.92 ====

Ensenble {137: 4.2860838890075685, 135: 4.323533153533935, 138: 4.332627868652343, 136: 4.334185409545898, 134: 4.355983829498291, 'acc_5': 0.8518, 'acc_1': 0.8082}
data saved

| Test	 Net1  Acc: 82.54%

==== Epoch:139 Test ACC:82.54 ====

Ensenble {137: 4.2860838890075685, 139: 4.306226634979248, 135: 4.323533153533935, 138: 4.332627868652343, 136: 4.334185409545898, 'acc_5': 0.8522, 'acc_1': 0.8082}
data saved

| Test	 Net1  Acc: 82.20%

==== Epoch:140 Test ACC:82.2 ====

Ensenble {140: 4.280874633789063, 137: 4.2860838890075685, 139: 4.306226634979248, 135: 4.323533153533935, 138: 4.332627868652343, 'acc_5': 0.85, 'acc_1': 0.822}
data saved

| Test	 Net1  Acc: 80.72%

==== Epoch:141 Test ACC:80.72 ====

Ensenble {140: 4.280874633789063, 137: 4.2860838890075685, 139: 4.306226634979248, 141: 4.315286254882812, 135: 4.323533153533935, 'acc_5': 0.8496, 'acc_1': 0.822}
data saved

| Test	 Net1  Acc: 82.72%

==== Epoch:142 Test ACC:82.72 ====

Ensenble {140: 4.280874633789063, 137: 4.2860838890075685, 142: 4.290765857696533, 139: 4.306226634979248, 141: 4.315286254882812, 'acc_5': 0.849, 'acc_1': 0.822}
data saved

| Test	 Net1  Acc: 83.54%

==== Epoch:143 Test ACC:83.54 ====

Ensenble {143: 4.265320110321045, 140: 4.280874633789063, 137: 4.2860838890075685, 142: 4.290765857696533, 139: 4.306226634979248, 'acc_5': 0.8492, 'acc_1': 0.8354}
data saved

| Test	 Net1  Acc: 83.48%

==== Epoch:144 Test ACC:83.48 ====

Ensenble {144: 4.250427341461181, 143: 4.265320110321045, 140: 4.280874633789063, 137: 4.2860838890075685, 142: 4.290765857696533, 'acc_5': 0.8496, 'acc_1': 0.8348}
data saved

| Test	 Net1  Acc: 83.42%

==== Epoch:145 Test ACC:83.42 ====

Ensenble {145: 4.23700180053711, 144: 4.250427341461181, 143: 4.265320110321045, 140: 4.280874633789063, 137: 4.2860838890075685, 'acc_5': 0.85, 'acc_1': 0.8342}
data saved

| Test	 Net1  Acc: 83.66%

==== Epoch:146 Test ACC:83.66 ====

Ensenble {145: 4.23700180053711, 146: 4.243273162841797, 144: 4.250427341461181, 143: 4.265320110321045, 140: 4.280874633789063, 'acc_5': 0.851, 'acc_1': 0.8342}
data saved

| Test	 Net1  Acc: 83.40%

==== Epoch:147 Test ACC:83.4 ====

Ensenble {145: 4.23700180053711, 147: 4.240138339996338, 146: 4.243273162841797, 144: 4.250427341461181, 143: 4.265320110321045, 'acc_5': 0.8486, 'acc_1': 0.8342}
data saved

| Test	 Net1  Acc: 84.62%

==== Epoch:148 Test ACC:84.62 ====

Ensenble {148: 4.221322059631348, 145: 4.23700180053711, 147: 4.240138339996338, 146: 4.243273162841797, 144: 4.250427341461181, 'acc_5': 0.8482, 'acc_1': 0.8462}
data saved

| Test	 Net1  Acc: 84.18%

==== Epoch:149 Test ACC:84.18 ====

Ensenble {148: 4.221322059631348, 145: 4.23700180053711, 149: 4.238010120391846, 147: 4.240138339996338, 146: 4.243273162841797, 'acc_5': 0.8482, 'acc_1': 0.8462}
data saved

| Test	 Net1  Acc: 83.80%

==== Epoch:150 Test ACC:83.8 ====

Ensenble {148: 4.221322059631348, 150: 4.224059391021728, 145: 4.23700180053711, 149: 4.238010120391846, 147: 4.240138339996338, 'acc_5': 0.846, 'acc_1': 0.8462}
data saved

| Test	 Net1  Acc: 83.82%

==== Epoch:151 Test ACC:83.82 ====

Ensenble {151: 4.218777275085449, 148: 4.221322059631348, 150: 4.224059391021728, 145: 4.23700180053711, 149: 4.238010120391846, 'acc_5': 0.8448, 'acc_1': 0.8382}
data saved

| Test	 Net1  Acc: 84.04%

==== Epoch:152 Test ACC:84.04 ====

Ensenble {151: 4.218777275085449, 148: 4.221322059631348, 150: 4.224059391021728, 152: 4.229534244537353, 145: 4.23700180053711, 'acc_5': 0.8444, 'acc_1': 0.8382}
data saved

| Test	 Net1  Acc: 84.02%

==== Epoch:153 Test ACC:84.02 ====

Ensenble {153: 4.204189682006836, 151: 4.218777275085449, 148: 4.221322059631348, 150: 4.224059391021728, 152: 4.229534244537353, 'acc_5': 0.8438, 'acc_1': 0.8402}
data saved

| Test	 Net1  Acc: 83.88%

==== Epoch:154 Test ACC:83.88 ====

Ensenble {153: 4.204189682006836, 151: 4.218777275085449, 148: 4.221322059631348, 150: 4.224059391021728, 154: 4.224694347381591, 'acc_5': 0.8458, 'acc_1': 0.8402}
data saved

| Test	 Net1  Acc: 83.76%

==== Epoch:155 Test ACC:83.76 ====

Ensenble {153: 4.204189682006836, 155: 4.209262943267822, 151: 4.218777275085449, 148: 4.221322059631348, 150: 4.224059391021728, 'acc_5': 0.8458, 'acc_1': 0.8402}
data saved

| Test	 Net1  Acc: 84.00%

==== Epoch:156 Test ACC:84.0 ====

Ensenble {153: 4.204189682006836, 156: 4.206591987609864, 155: 4.209262943267822, 151: 4.218777275085449, 148: 4.221322059631348, 'acc_5': 0.8448, 'acc_1': 0.8402}
data saved

| Test	 Net1  Acc: 83.74%

==== Epoch:157 Test ACC:83.74 ====

Ensenble {153: 4.204189682006836, 156: 4.206591987609864, 157: 4.209027099609375, 155: 4.209262943267822, 151: 4.218777275085449, 'acc_5': 0.8426, 'acc_1': 0.8402}
data saved

| Test	 Net1  Acc: 84.04%

==== Epoch:158 Test ACC:84.04 ====

Ensenble {158: 4.199776649475098, 153: 4.204189682006836, 156: 4.206591987609864, 157: 4.209027099609375, 155: 4.209262943267822, 'acc_5': 0.8416, 'acc_1': 0.8404}
data saved

| Test	 Net1  Acc: 84.04%

==== Epoch:159 Test ACC:84.04 ====

Ensenble {158: 4.199776649475098, 159: 4.200387763977051, 153: 4.204189682006836, 156: 4.206591987609864, 157: 4.209027099609375, 'acc_5': 0.8404, 'acc_1': 0.8404}
