/home/rhu/anaconda3/envs/py310/lib/python3.10/site-packages/torchvision/io/image.py:13: UserWarning: Failed to load image Python extension: '/home/rhu/anaconda3/envs/py310/lib/python3.10/site-packages/torchvision/image.so: undefined symbol: _ZN3c1017RegisterOperatorsD1Ev'If you don't plan on using image functionality from `torchvision.io`, you can ignore this warning. Otherwise, there might be something wrong with your environment. Did you have `libjpeg` or `libpng` installed before building `torchvision` from source?
  warn(
already save noisy label file.
1000 1000
already save noisy label file.
1000 1000
| Building net
already save noisy label file.
already save noisy label file.
Warmup Net1

Warmup Net2

| Test Epoch #0	 Accuracy: 13.15%

already save noisy label file.
already save noisy label file.
Warmup Net1

Warmup Net2

| Test Epoch #1	 Accuracy: 21.31%

already save noisy label file.
already save noisy label file.
Warmup Net1

Warmup Net2

| Test Epoch #2	 Accuracy: 27.24%

already save noisy label file.
already save noisy label file.
Warmup Net1

Warmup Net2

| Test Epoch #3	 Accuracy: 32.05%

already save noisy label file.
already save noisy label file.
Warmup Net1

Warmup Net2

| Test Epoch #4	 Accuracy: 38.79%

already save noisy label file.
already save noisy label file.
Warmup Net1

Warmup Net2

| Test Epoch #5	 Accuracy: 40.47%

already save noisy label file.
already save noisy label file.
Warmup Net1

Warmup Net2

| Test Epoch #6	 Accuracy: 44.75%

already save noisy label file.
already save noisy label file.
Warmup Net1

Warmup Net2
