/home/rhu/anaconda3/envs/py310/lib/python3.10/site-packages/torchvision/io/image.py:13: UserWarning: Failed to load image Python extension: '/home/rhu/anaconda3/envs/py310/lib/python3.10/site-packages/torchvision/image.so: undefined symbol: _ZN3c1017RegisterOperatorsD1Ev'If you don't plan on using image functionality from `torchvision.io`, you can ignore this warning. Otherwise, there might be something wrong with your environment. Did you have `libjpeg` or `libpng` installed before building `torchvision` from source?
  warn(
already save noisy label file.
already save noisy label file.
| Building net
already save noisy label file.
already save noisy label file.
Warmup Net1

Warmup Net2

| Test Epoch #0	 Accuracy: 49.05%

already save noisy label file.
already save noisy label file.
Warmup Net1

Warmup Net2

| Test Epoch #1	 Accuracy: 49.56%

already save noisy label file.
already save noisy label file.
Warmup Net1

Warmup Net2

| Test Epoch #2	 Accuracy: 58.50%

already save noisy label file.
already save noisy label file.
Warmup Net1

Warmup Net2

| Test Epoch #3	 Accuracy: 62.28%

already save noisy label file.
already save noisy label file.
Warmup Net1

Warmup Net2

| Test Epoch #4	 Accuracy: 69.34%

already save noisy label file.
already save noisy label file.
Warmup Net1

Warmup Net2

| Test Epoch #5	 Accuracy: 70.21%

already save noisy label file.
already save noisy label file.
Warmup Net1

Warmup Net2

| Test Epoch #6	 Accuracy: 73.47%

already save noisy label file.
already save noisy label file.
Warmup Net1

Warmup Net2

| Test Epoch #7	 Accuracy: 72.95%

already save noisy label file.
already save noisy label file.
Warmup Net1

Warmup Net2

| Test Epoch #8	 Accuracy: 75.95%

already save noisy label file.
already save noisy label file.
Warmup Net1

Warmup Net2

| Test Epoch #9	 Accuracy: 76.80%

already save noisy label file.
/home/rhu/anaconda3/envs/py310/lib/python3.10/site-packages/torchnet/meter/aucmeter.py:28: UserWarning: TypedStorage is deprecated. It will be removed in the future and UntypedStorage will be the only storage class. This should only matter to you if you are using storages directly.  To access UntypedStorage directly, use tensor.untyped_storage() instead of tensor.storage()
  self.scores = torch.DoubleTensor(torch.DoubleStorage()).numpy()
Train Net1
already save noisy label file.
Numer of labeled samples:32341   AUC:0.916

labeled data has a size of 32341
already save noisy label file.
unlabeled data has a size of 17659

Train Net2
already save noisy label file.
Numer of labeled samples:45065   AUC:0.904

labeled data has a size of 45065
already save noisy label file.
unlabeled data has a size of 4935
Training time 0:09:06
Ensemble ACC1: {10: 4.601698303222657, 'acc_5': 0.1637, 'acc_1': 0.1637} 
Ensemble ACC2: {10: 4.566160392761231, 'acc_5': 0.3485, 'acc_1': 0.3485} 
 Double Ensemble: 0.3222

| Test Epoch #10	 Accuracy: 32.22%

already save noisy label file.
Train Net1
already save noisy label file.
Numer of labeled samples:44890   AUC:0.693

labeled data has a size of 44890
already save noisy label file.
unlabeled data has a size of 5110

Train Net2
already save noisy label file.
Numer of labeled samples:4056   AUC:0.544

labeled data has a size of 4056
already save noisy label file.
unlabeled data has a size of 45944
Training time 0:05:58
Ensemble ACC1: {11: 4.599282169342041, 10: 4.601698303222657, 'acc_5': 0.2272, 'acc_1': 0.2271} 
Ensemble ACC2: {10: 4.566160392761231, 11: 4.597316551208496, 'acc_5': 0.2756, 'acc_1': 0.3485} 
 Double Ensemble: 0.2864

| Test Epoch #11	 Accuracy: 17.09%

already save noisy label file.
Train Net1
already save noisy label file.
Numer of labeled samples:3917   AUC:0.603

labeled data has a size of 3917
already save noisy label file.
unlabeled data has a size of 46083

Train Net2
already save noisy label file.
Numer of labeled samples:42547   AUC:0.597

labeled data has a size of 42547
already save noisy label file.
unlabeled data has a size of 7453
Training time 0:05:34
Ensemble ACC1: {11: 4.599282169342041, 10: 4.601698303222657, 12: 4.606820440292358, 'acc_5': 0.1618, 'acc_1': 0.2271} 
Ensemble ACC2: {12: 4.529272651672363, 10: 4.566160392761231, 11: 4.597316551208496, 'acc_5': 0.3933, 'acc_1': 0.4474} 
 Double Ensemble: 0.4271

| Test Epoch #12	 Accuracy: 17.40%

already save noisy label file.
Train Net1
already save noisy label file.
Numer of labeled samples:39420   AUC:0.766

labeled data has a size of 39420
already save noisy label file.
unlabeled data has a size of 10580
