/home/rhu/anaconda3/envs/py310/lib/python3.10/site-packages/torchvision/io/image.py:13: UserWarning: Failed to load image Python extension: '/home/rhu/anaconda3/envs/py310/lib/python3.10/site-packages/torchvision/image.so: undefined symbol: _ZN3c1017RegisterOperatorsD1Ev'If you don't plan on using image functionality from `torchvision.io`, you can ignore this warning. Otherwise, there might be something wrong with your environment. Did you have `libjpeg` or `libpng` installed before building `torchvision` from source?
  warn(
| Building net
data saved
data saved
Namespace(batch_size=128, lr=0.1, alpha=0.5, lambda_u=0, p_threshold=0.5, T=0.5, num_epochs=150, id='clothing1m_vri', data_path='../data', seed='9', gpuid=0, num_class=10, num_batches=3000, log_wandb=False, wandb_project='', wandb_experiment='', wandb_entity='', wandb_resume=False, need_clean=False, single_meta=0, moco_pretrained='/home/rhu/r_work/VRI/VRI_DivideMix/pretrained/ckpt_clothing_resnet50.pth', warmup=0, cos_lr=True, lam=0.01, meta_goal='clid', tau=0.5, meta_lr=0.01, meta_bsz=100, model='vgg')
data saved

| Test	 Net1  Acc: 19.58%

==== Epoch:0 Test ACC:19.58 ====

/home/rhu/anaconda3/envs/py310/lib/python3.10/site-packages/torch/optim/lr_scheduler.py:143: UserWarning: Detected call of `lr_scheduler.step()` before `optimizer.step()`. In PyTorch 1.1.0 and later, you should call them in the opposite order: `optimizer.step()` before `lr_scheduler.step()`.  Failure to do this will result in PyTorch skipping the first value of the learning rate schedule. See more details at https://pytorch.org/docs/stable/optim.html#how-to-adjust-learning-rate
  warnings.warn("Detected call of `lr_scheduler.step()` before `optimizer.step()`. "
Ensenble {0: 5.182167720794678, 'acc_5': 0.1958, 'acc_1': 0.1958}
data saved

| Test	 Net1  Acc: 34.26%

==== Epoch:1 Test ACC:34.26 ====

Ensenble {1: 5.080145359039307, 0: 5.182167720794678, 'acc_5': 0.3586, 'acc_1': 0.3426}
data saved

| Test	 Net1  Acc: 32.72%

==== Epoch:2 Test ACC:32.72 ====

Ensenble {1: 5.080145359039307, 2: 5.112411689758301, 0: 5.182167720794678, 'acc_5': 0.3454, 'acc_1': 0.3426}
data saved

| Test	 Net1  Acc: 35.12%

==== Epoch:3 Test ACC:35.12 ====

Ensenble {1: 5.080145359039307, 2: 5.112411689758301, 0: 5.182167720794678, 3: 5.23356876373291, 'acc_5': 0.366, 'acc_1': 0.3426}
data saved

| Test	 Net1  Acc: 21.62%

==== Epoch:4 Test ACC:21.62 ====

Ensenble {1: 5.080145359039307, 2: 5.112411689758301, 4: 5.134768867492676, 0: 5.182167720794678, 3: 5.23356876373291, 'acc_5': 0.3314, 'acc_1': 0.3426}
data saved

| Test	 Net1  Acc: 39.48%

==== Epoch:5 Test ACC:39.48 ====

Ensenble {1: 5.080145359039307, 5: 5.08127269744873, 2: 5.112411689758301, 4: 5.134768867492676, 0: 5.182167720794678, 'acc_5': 0.3624, 'acc_1': 0.3426}
data saved

| Test	 Net1  Acc: 38.66%

==== Epoch:6 Test ACC:38.66 ====

Ensenble {6: 4.892338562011719, 1: 5.080145359039307, 5: 5.08127269744873, 2: 5.112411689758301, 4: 5.134768867492676, 'acc_5': 0.4148, 'acc_1': 0.3866}
data saved

| Test	 Net1  Acc: 34.18%

==== Epoch:7 Test ACC:34.18 ====

Ensenble {6: 4.892338562011719, 7: 4.96023998260498, 1: 5.080145359039307, 5: 5.08127269744873, 2: 5.112411689758301, 'acc_5': 0.4556, 'acc_1': 0.3866}
data saved

| Test	 Net1  Acc: 37.82%

==== Epoch:8 Test ACC:37.82 ====

Ensenble {6: 4.892338562011719, 7: 4.96023998260498, 8: 5.035219192504883, 1: 5.080145359039307, 5: 5.08127269744873, 'acc_5': 0.4352, 'acc_1': 0.3866}
data saved

| Test	 Net1  Acc: 39.64%

==== Epoch:9 Test ACC:39.64 ====

Ensenble {6: 4.892338562011719, 7: 4.96023998260498, 8: 5.035219192504883, 1: 5.080145359039307, 5: 5.08127269744873, 'acc_5': 0.4352, 'acc_1': 0.3866}
data saved

| Test	 Net1  Acc: 45.54%

==== Epoch:10 Test ACC:45.54 ====

Ensenble {10: 4.780342102050781, 6: 4.892338562011719, 7: 4.96023998260498, 8: 5.035219192504883, 1: 5.080145359039307, 'acc_5': 0.444, 'acc_1': 0.4554}
data saved

| Test	 Net1  Acc: 25.44%

==== Epoch:11 Test ACC:25.44 ====

Ensenble {10: 4.780342102050781, 6: 4.892338562011719, 7: 4.96023998260498, 8: 5.035219192504883, 1: 5.080145359039307, 'acc_5': 0.444, 'acc_1': 0.4554}
data saved

| Test	 Net1  Acc: 31.50%

==== Epoch:12 Test ACC:31.5 ====

Ensenble {10: 4.780342102050781, 6: 4.892338562011719, 7: 4.96023998260498, 8: 5.035219192504883, 12: 5.041349220275879, 'acc_5': 0.4236, 'acc_1': 0.4554}
data saved

| Test	 Net1  Acc: 34.92%

==== Epoch:13 Test ACC:34.92 ====

Ensenble {10: 4.780342102050781, 6: 4.892338562011719, 7: 4.96023998260498, 8: 5.035219192504883, 12: 5.041349220275879, 'acc_5': 0.4236, 'acc_1': 0.4554}
data saved

| Test	 Net1  Acc: 27.54%

==== Epoch:14 Test ACC:27.54 ====

Ensenble {10: 4.780342102050781, 6: 4.892338562011719, 14: 4.950033950805664, 7: 4.96023998260498, 8: 5.035219192504883, 'acc_5': 0.4248, 'acc_1': 0.4554}
data saved

| Test	 Net1  Acc: 41.88%

==== Epoch:15 Test ACC:41.88 ====

Ensenble {10: 4.780342102050781, 6: 4.892338562011719, 14: 4.950033950805664, 7: 4.96023998260498, 8: 5.035219192504883, 'acc_5': 0.4248, 'acc_1': 0.4554}
data saved

| Test	 Net1  Acc: 33.94%

==== Epoch:16 Test ACC:33.94 ====

Ensenble {10: 4.780342102050781, 16: 4.852952480316162, 6: 4.892338562011719, 14: 4.950033950805664, 7: 4.96023998260498, 'acc_5': 0.4228, 'acc_1': 0.4554}
data saved

| Test	 Net1  Acc: 33.86%

==== Epoch:17 Test ACC:33.86 ====

Ensenble {10: 4.780342102050781, 16: 4.852952480316162, 6: 4.892338562011719, 14: 4.950033950805664, 7: 4.96023998260498, 'acc_5': 0.4228, 'acc_1': 0.4554}
data saved

| Test	 Net1  Acc: 38.70%

==== Epoch:18 Test ACC:38.7 ====

Ensenble {10: 4.780342102050781, 16: 4.852952480316162, 6: 4.892338562011719, 14: 4.950033950805664, 7: 4.96023998260498, 'acc_5': 0.4228, 'acc_1': 0.4554}
data saved

| Test	 Net1  Acc: 42.18%

==== Epoch:19 Test ACC:42.18 ====

Ensenble {10: 4.780342102050781, 16: 4.852952480316162, 6: 4.892338562011719, 14: 4.950033950805664, 7: 4.96023998260498, 'acc_5': 0.4228, 'acc_1': 0.4554}
data saved

| Test	 Net1  Acc: 44.58%

==== Epoch:20 Test ACC:44.58 ====

Ensenble {10: 4.780342102050781, 16: 4.852952480316162, 6: 4.892338562011719, 14: 4.950033950805664, 7: 4.96023998260498, 'acc_5': 0.4228, 'acc_1': 0.4554}
data saved

| Test	 Net1  Acc: 39.94%

==== Epoch:21 Test ACC:39.94 ====

Ensenble {10: 4.780342102050781, 16: 4.852952480316162, 6: 4.892338562011719, 21: 4.9350433349609375, 14: 4.950033950805664, 'acc_5': 0.4604, 'acc_1': 0.4554}
data saved

| Test	 Net1  Acc: 31.60%

==== Epoch:22 Test ACC:31.6 ====

Ensenble {10: 4.780342102050781, 16: 4.852952480316162, 6: 4.892338562011719, 21: 4.9350433349609375, 14: 4.950033950805664, 'acc_5': 0.4604, 'acc_1': 0.4554}
data saved

| Test	 Net1  Acc: 48.40%

==== Epoch:23 Test ACC:48.4 ====

Ensenble {10: 4.780342102050781, 23: 4.841582012176514, 16: 4.852952480316162, 6: 4.892338562011719, 21: 4.9350433349609375, 'acc_5': 0.5226, 'acc_1': 0.4554}
data saved

| Test	 Net1  Acc: 42.96%

==== Epoch:24 Test ACC:42.96 ====

Ensenble {24: 4.762208747863769, 10: 4.780342102050781, 23: 4.841582012176514, 16: 4.852952480316162, 6: 4.892338562011719, 'acc_5': 0.5224, 'acc_1': 0.4296}
data saved

| Test	 Net1  Acc: 36.90%

==== Epoch:25 Test ACC:36.9 ====

Ensenble {24: 4.762208747863769, 10: 4.780342102050781, 25: 4.79675817489624, 23: 4.841582012176514, 16: 4.852952480316162, 'acc_5': 0.5142, 'acc_1': 0.4296}
data saved

| Test	 Net1  Acc: 38.94%

==== Epoch:26 Test ACC:38.94 ====

Ensenble {24: 4.762208747863769, 10: 4.780342102050781, 25: 4.79675817489624, 23: 4.841582012176514, 16: 4.852952480316162, 'acc_5': 0.5142, 'acc_1': 0.4296}
data saved

| Test	 Net1  Acc: 34.10%

==== Epoch:27 Test ACC:34.1 ====

Ensenble {24: 4.762208747863769, 10: 4.780342102050781, 25: 4.79675817489624, 23: 4.841582012176514, 16: 4.852952480316162, 'acc_5': 0.5142, 'acc_1': 0.4296}
data saved

| Test	 Net1  Acc: 46.42%

==== Epoch:28 Test ACC:46.42 ====

Ensenble {24: 4.762208747863769, 10: 4.780342102050781, 25: 4.79675817489624, 23: 4.841582012176514, 16: 4.852952480316162, 'acc_5': 0.5142, 'acc_1': 0.4296}
data saved

| Test	 Net1  Acc: 43.10%

==== Epoch:29 Test ACC:43.1 ====

Ensenble {24: 4.762208747863769, 10: 4.780342102050781, 25: 4.79675817489624, 29: 4.806406879425049, 23: 4.841582012176514, 'acc_5': 0.539, 'acc_1': 0.4296}
data saved

| Test	 Net1  Acc: 52.44%

==== Epoch:30 Test ACC:52.44 ====

Ensenble {24: 4.762208747863769, 10: 4.780342102050781, 25: 4.79675817489624, 29: 4.806406879425049, 23: 4.841582012176514, 'acc_5': 0.539, 'acc_1': 0.4296}
data saved

| Test	 Net1  Acc: 50.54%

==== Epoch:31 Test ACC:50.54 ====

Ensenble {24: 4.762208747863769, 10: 4.780342102050781, 25: 4.79675817489624, 29: 4.806406879425049, 23: 4.841582012176514, 'acc_5': 0.539, 'acc_1': 0.4296}
data saved

| Test	 Net1  Acc: 48.66%

==== Epoch:32 Test ACC:48.66 ====

Ensenble {24: 4.762208747863769, 10: 4.780342102050781, 25: 4.79675817489624, 29: 4.806406879425049, 23: 4.841582012176514, 'acc_5': 0.539, 'acc_1': 0.4296}
data saved

| Test	 Net1  Acc: 51.42%

==== Epoch:33 Test ACC:51.42 ====

Ensenble {33: 4.702068138122558, 24: 4.762208747863769, 10: 4.780342102050781, 25: 4.79675817489624, 29: 4.806406879425049, 'acc_5': 0.5412, 'acc_1': 0.5142}
data saved

| Test	 Net1  Acc: 51.36%

==== Epoch:34 Test ACC:51.36 ====

Ensenble {33: 4.702068138122558, 24: 4.762208747863769, 10: 4.780342102050781, 25: 4.79675817489624, 29: 4.806406879425049, 'acc_5': 0.5412, 'acc_1': 0.5142}
data saved

| Test	 Net1  Acc: 39.34%

==== Epoch:35 Test ACC:39.34 ====

Ensenble {33: 4.702068138122558, 24: 4.762208747863769, 10: 4.780342102050781, 25: 4.79675817489624, 29: 4.806406879425049, 'acc_5': 0.5412, 'acc_1': 0.5142}
data saved

| Test	 Net1  Acc: 45.46%

==== Epoch:36 Test ACC:45.46 ====

Ensenble {33: 4.702068138122558, 24: 4.762208747863769, 10: 4.780342102050781, 25: 4.79675817489624, 29: 4.806406879425049, 'acc_5': 0.5412, 'acc_1': 0.5142}
data saved

| Test	 Net1  Acc: 43.34%

==== Epoch:37 Test ACC:43.34 ====

Ensenble {33: 4.702068138122558, 24: 4.762208747863769, 10: 4.780342102050781, 25: 4.79675817489624, 29: 4.806406879425049, 'acc_5': 0.5412, 'acc_1': 0.5142}
data saved

| Test	 Net1  Acc: 40.32%

==== Epoch:38 Test ACC:40.32 ====

Ensenble {33: 4.702068138122558, 24: 4.762208747863769, 10: 4.780342102050781, 25: 4.79675817489624, 29: 4.806406879425049, 'acc_5': 0.5412, 'acc_1': 0.5142}
data saved

| Test	 Net1  Acc: 38.00%

==== Epoch:39 Test ACC:38.0 ====

Ensenble {33: 4.702068138122558, 24: 4.762208747863769, 10: 4.780342102050781, 25: 4.79675817489624, 29: 4.806406879425049, 'acc_5': 0.5412, 'acc_1': 0.5142}
data saved

| Test	 Net1  Acc: 36.02%

==== Epoch:40 Test ACC:36.02 ====

Ensenble {33: 4.702068138122558, 24: 4.762208747863769, 10: 4.780342102050781, 25: 4.79675817489624, 29: 4.806406879425049, 'acc_5': 0.5412, 'acc_1': 0.5142}
data saved

| Test	 Net1  Acc: 43.68%

==== Epoch:41 Test ACC:43.68 ====

Ensenble {33: 4.702068138122558, 41: 4.726106262207031, 24: 4.762208747863769, 10: 4.780342102050781, 25: 4.79675817489624, 'acc_5': 0.5234, 'acc_1': 0.5142}
data saved

| Test	 Net1  Acc: 34.40%

==== Epoch:42 Test ACC:34.4 ====

Ensenble {33: 4.702068138122558, 41: 4.726106262207031, 24: 4.762208747863769, 10: 4.780342102050781, 25: 4.79675817489624, 'acc_5': 0.5234, 'acc_1': 0.5142}
data saved

| Test	 Net1  Acc: 29.18%

==== Epoch:43 Test ACC:29.18 ====

Ensenble {33: 4.702068138122558, 41: 4.726106262207031, 24: 4.762208747863769, 10: 4.780342102050781, 25: 4.79675817489624, 'acc_5': 0.5234, 'acc_1': 0.5142}
data saved

| Test	 Net1  Acc: 36.20%

==== Epoch:44 Test ACC:36.2 ====

Ensenble {33: 4.702068138122558, 41: 4.726106262207031, 24: 4.762208747863769, 10: 4.780342102050781, 25: 4.79675817489624, 'acc_5': 0.5234, 'acc_1': 0.5142}
data saved

| Test	 Net1  Acc: 49.40%

==== Epoch:45 Test ACC:49.4 ====

Ensenble {33: 4.702068138122558, 41: 4.726106262207031, 24: 4.762208747863769, 10: 4.780342102050781, 25: 4.79675817489624, 'acc_5': 0.5234, 'acc_1': 0.5142}
data saved

| Test	 Net1  Acc: 34.82%

==== Epoch:46 Test ACC:34.82 ====

Ensenble {33: 4.702068138122558, 41: 4.726106262207031, 24: 4.762208747863769, 10: 4.780342102050781, 25: 4.79675817489624, 'acc_5': 0.5234, 'acc_1': 0.5142}
data saved

| Test	 Net1  Acc: 34.48%

==== Epoch:47 Test ACC:34.48 ====

Ensenble {33: 4.702068138122558, 41: 4.726106262207031, 24: 4.762208747863769, 10: 4.780342102050781, 25: 4.79675817489624, 'acc_5': 0.5234, 'acc_1': 0.5142}
data saved

| Test	 Net1  Acc: 36.02%

==== Epoch:48 Test ACC:36.02 ====

Ensenble {33: 4.702068138122558, 41: 4.726106262207031, 24: 4.762208747863769, 10: 4.780342102050781, 25: 4.79675817489624, 'acc_5': 0.5234, 'acc_1': 0.5142}
data saved

| Test	 Net1  Acc: 37.06%

==== Epoch:49 Test ACC:37.06 ====

Ensenble {33: 4.702068138122558, 41: 4.726106262207031, 24: 4.762208747863769, 10: 4.780342102050781, 25: 4.79675817489624, 'acc_5': 0.5234, 'acc_1': 0.5142}
data saved

| Test	 Net1  Acc: 27.52%

==== Epoch:50 Test ACC:27.52 ====

Ensenble {33: 4.702068138122558, 41: 4.726106262207031, 24: 4.762208747863769, 10: 4.780342102050781, 25: 4.79675817489624, 'acc_5': 0.5234, 'acc_1': 0.5142}
data saved

| Test	 Net1  Acc: 45.24%

==== Epoch:51 Test ACC:45.24 ====

Ensenble {33: 4.702068138122558, 41: 4.726106262207031, 24: 4.762208747863769, 10: 4.780342102050781, 25: 4.79675817489624, 'acc_5': 0.5234, 'acc_1': 0.5142}
data saved

| Test	 Net1  Acc: 42.12%

==== Epoch:52 Test ACC:42.12 ====

Ensenble {33: 4.702068138122558, 41: 4.726106262207031, 24: 4.762208747863769, 10: 4.780342102050781, 25: 4.79675817489624, 'acc_5': 0.5234, 'acc_1': 0.5142}
data saved

| Test	 Net1  Acc: 46.56%

==== Epoch:53 Test ACC:46.56 ====

Ensenble {33: 4.702068138122558, 41: 4.726106262207031, 24: 4.762208747863769, 53: 4.779056453704834, 10: 4.780342102050781, 'acc_5': 0.5544, 'acc_1': 0.5142}
data saved

| Test	 Net1  Acc: 52.28%

==== Epoch:54 Test ACC:52.28 ====

Ensenble {33: 4.702068138122558, 41: 4.726106262207031, 24: 4.762208747863769, 53: 4.779056453704834, 10: 4.780342102050781, 'acc_5': 0.5544, 'acc_1': 0.5142}
data saved

| Test	 Net1  Acc: 43.72%

==== Epoch:55 Test ACC:43.72 ====

Ensenble {33: 4.702068138122558, 55: 4.710010528564453, 41: 4.726106262207031, 24: 4.762208747863769, 53: 4.779056453704834, 'acc_5': 0.5308, 'acc_1': 0.5142}
data saved

| Test	 Net1  Acc: 53.32%

==== Epoch:56 Test ACC:53.32 ====

Ensenble {33: 4.702068138122558, 55: 4.710010528564453, 41: 4.726106262207031, 56: 4.744378852844238, 24: 4.762208747863769, 'acc_5': 0.5604, 'acc_1': 0.5142}
data saved

| Test	 Net1  Acc: 49.30%

==== Epoch:57 Test ACC:49.3 ====

Ensenble {33: 4.702068138122558, 55: 4.710010528564453, 41: 4.726106262207031, 56: 4.744378852844238, 57: 4.749462127685547, 'acc_5': 0.5902, 'acc_1': 0.5142}
data saved

| Test	 Net1  Acc: 54.28%

==== Epoch:58 Test ACC:54.28 ====

Ensenble {58: 4.675345039367675, 33: 4.702068138122558, 55: 4.710010528564453, 41: 4.726106262207031, 56: 4.744378852844238, 'acc_5': 0.6128, 'acc_1': 0.5428}
data saved

| Test	 Net1  Acc: 49.12%

==== Epoch:59 Test ACC:49.12 ====

Ensenble {58: 4.675345039367675, 59: 4.699805545806885, 33: 4.702068138122558, 55: 4.710010528564453, 41: 4.726106262207031, 'acc_5': 0.5834, 'acc_1': 0.5428}
data saved

| Test	 Net1  Acc: 48.28%

==== Epoch:60 Test ACC:48.28 ====

Ensenble {58: 4.675345039367675, 59: 4.699805545806885, 33: 4.702068138122558, 55: 4.710010528564453, 41: 4.726106262207031, 'acc_5': 0.5834, 'acc_1': 0.5428}
data saved

| Test	 Net1  Acc: 55.26%

==== Epoch:61 Test ACC:55.26 ====

Ensenble {58: 4.675345039367675, 59: 4.699805545806885, 33: 4.702068138122558, 55: 4.710010528564453, 41: 4.726106262207031, 'acc_5': 0.5834, 'acc_1': 0.5428}
data saved

| Test	 Net1  Acc: 58.80%

==== Epoch:62 Test ACC:58.8 ====

Ensenble {58: 4.675345039367675, 59: 4.699805545806885, 33: 4.702068138122558, 55: 4.710010528564453, 41: 4.726106262207031, 'acc_5': 0.5834, 'acc_1': 0.5428}
data saved

| Test	 Net1  Acc: 48.42%

==== Epoch:63 Test ACC:48.42 ====

Ensenble {58: 4.675345039367675, 59: 4.699805545806885, 33: 4.702068138122558, 55: 4.710010528564453, 41: 4.726106262207031, 'acc_5': 0.5834, 'acc_1': 0.5428}
data saved

| Test	 Net1  Acc: 56.26%

==== Epoch:64 Test ACC:56.26 ====

Ensenble {64: 4.637289333343506, 58: 4.675345039367675, 59: 4.699805545806885, 33: 4.702068138122558, 55: 4.710010528564453, 'acc_5': 0.649, 'acc_1': 0.5626}
data saved

| Test	 Net1  Acc: 55.96%

==== Epoch:65 Test ACC:55.96 ====

Ensenble {64: 4.637289333343506, 58: 4.675345039367675, 59: 4.699805545806885, 33: 4.702068138122558, 65: 4.7041090965271, 'acc_5': 0.6612, 'acc_1': 0.5626}
data saved

| Test	 Net1  Acc: 63.74%

==== Epoch:66 Test ACC:63.74 ====

Ensenble {64: 4.637289333343506, 58: 4.675345039367675, 59: 4.699805545806885, 33: 4.702068138122558, 65: 4.7041090965271, 'acc_5': 0.6612, 'acc_1': 0.5626}
data saved

| Test	 Net1  Acc: 59.08%

==== Epoch:67 Test ACC:59.08 ====

Ensenble {64: 4.637289333343506, 58: 4.675345039367675, 59: 4.699805545806885, 33: 4.702068138122558, 65: 4.7041090965271, 'acc_5': 0.6612, 'acc_1': 0.5626}
data saved

| Test	 Net1  Acc: 67.50%

==== Epoch:68 Test ACC:67.5 ====

Ensenble {68: 4.620026779174805, 64: 4.637289333343506, 58: 4.675345039367675, 59: 4.699805545806885, 33: 4.702068138122558, 'acc_5': 0.6922, 'acc_1': 0.675}
data saved

| Test	 Net1  Acc: 56.46%

==== Epoch:69 Test ACC:56.46 ====

Ensenble {68: 4.620026779174805, 64: 4.637289333343506, 58: 4.675345039367675, 59: 4.699805545806885, 33: 4.702068138122558, 'acc_5': 0.6922, 'acc_1': 0.675}
data saved

| Test	 Net1  Acc: 60.06%

==== Epoch:70 Test ACC:60.06 ====

Ensenble {68: 4.620026779174805, 64: 4.637289333343506, 58: 4.675345039367675, 59: 4.699805545806885, 33: 4.702068138122558, 'acc_5': 0.6922, 'acc_1': 0.675}
data saved

| Test	 Net1  Acc: 52.72%

==== Epoch:71 Test ACC:52.72 ====

Ensenble {68: 4.620026779174805, 64: 4.637289333343506, 58: 4.675345039367675, 59: 4.699805545806885, 33: 4.702068138122558, 'acc_5': 0.6922, 'acc_1': 0.675}
data saved

| Test	 Net1  Acc: 54.04%

==== Epoch:72 Test ACC:54.04 ====

Ensenble {68: 4.620026779174805, 64: 4.637289333343506, 58: 4.675345039367675, 59: 4.699805545806885, 72: 4.701123428344727, 'acc_5': 0.6972, 'acc_1': 0.675}
data saved

| Test	 Net1  Acc: 67.06%

==== Epoch:73 Test ACC:67.06 ====

Ensenble {68: 4.620026779174805, 73: 4.621552658081055, 64: 4.637289333343506, 58: 4.675345039367675, 59: 4.699805545806885, 'acc_5': 0.709, 'acc_1': 0.675}
data saved

| Test	 Net1  Acc: 63.38%

==== Epoch:74 Test ACC:63.38 ====

Ensenble {68: 4.620026779174805, 73: 4.621552658081055, 64: 4.637289333343506, 58: 4.675345039367675, 59: 4.699805545806885, 'acc_5': 0.709, 'acc_1': 0.675}
data saved

| Test	 Net1  Acc: 59.56%

==== Epoch:75 Test ACC:59.56 ====

Ensenble {68: 4.620026779174805, 73: 4.621552658081055, 64: 4.637289333343506, 75: 4.670736694335938, 58: 4.675345039367675, 'acc_5': 0.7254, 'acc_1': 0.675}
data saved

| Test	 Net1  Acc: 67.78%

==== Epoch:76 Test ACC:67.78 ====

Ensenble {76: 4.571832466125488, 68: 4.620026779174805, 73: 4.621552658081055, 64: 4.637289333343506, 75: 4.670736694335938, 'acc_5': 0.7352, 'acc_1': 0.6778}
data saved

| Test	 Net1  Acc: 54.78%

==== Epoch:77 Test ACC:54.78 ====

Ensenble {76: 4.571832466125488, 68: 4.620026779174805, 73: 4.621552658081055, 64: 4.637289333343506, 75: 4.670736694335938, 'acc_5': 0.7352, 'acc_1': 0.6778}
data saved

| Test	 Net1  Acc: 61.44%

==== Epoch:78 Test ACC:61.44 ====

Ensenble {76: 4.571832466125488, 68: 4.620026779174805, 73: 4.621552658081055, 64: 4.637289333343506, 75: 4.670736694335938, 'acc_5': 0.7352, 'acc_1': 0.6778}
data saved

| Test	 Net1  Acc: 61.44%

==== Epoch:79 Test ACC:61.44 ====

Ensenble {76: 4.571832466125488, 68: 4.620026779174805, 73: 4.621552658081055, 64: 4.637289333343506, 75: 4.670736694335938, 'acc_5': 0.7352, 'acc_1': 0.6778}
data saved

| Test	 Net1  Acc: 69.06%

==== Epoch:80 Test ACC:69.06 ====

Ensenble {76: 4.571832466125488, 68: 4.620026779174805, 73: 4.621552658081055, 64: 4.637289333343506, 80: 4.642531394958496, 'acc_5': 0.7372, 'acc_1': 0.6778}
data saved

| Test	 Net1  Acc: 61.32%

==== Epoch:81 Test ACC:61.32 ====

Ensenble {76: 4.571832466125488, 68: 4.620026779174805, 73: 4.621552658081055, 64: 4.637289333343506, 80: 4.642531394958496, 'acc_5': 0.7372, 'acc_1': 0.6778}
data saved

| Test	 Net1  Acc: 68.88%

==== Epoch:82 Test ACC:68.88 ====

Ensenble {76: 4.571832466125488, 68: 4.620026779174805, 73: 4.621552658081055, 64: 4.637289333343506, 80: 4.642531394958496, 'acc_5': 0.7372, 'acc_1': 0.6778}
data saved

| Test	 Net1  Acc: 66.04%

==== Epoch:83 Test ACC:66.04 ====

Ensenble {76: 4.571832466125488, 68: 4.620026779174805, 73: 4.621552658081055, 64: 4.637289333343506, 80: 4.642531394958496, 'acc_5': 0.7372, 'acc_1': 0.6778}
data saved

| Test	 Net1  Acc: 66.26%

==== Epoch:84 Test ACC:66.26 ====

Ensenble {76: 4.571832466125488, 68: 4.620026779174805, 73: 4.621552658081055, 64: 4.637289333343506, 80: 4.642531394958496, 'acc_5': 0.7372, 'acc_1': 0.6778}
data saved

| Test	 Net1  Acc: 60.86%

==== Epoch:85 Test ACC:60.86 ====

Ensenble {76: 4.571832466125488, 68: 4.620026779174805, 73: 4.621552658081055, 64: 4.637289333343506, 80: 4.642531394958496, 'acc_5': 0.7372, 'acc_1': 0.6778}
data saved

| Test	 Net1  Acc: 67.78%

==== Epoch:86 Test ACC:67.78 ====

Ensenble {76: 4.571832466125488, 86: 4.59833173751831, 68: 4.620026779174805, 73: 4.621552658081055, 64: 4.637289333343506, 'acc_5': 0.7542, 'acc_1': 0.6778}
data saved

| Test	 Net1  Acc: 65.86%

==== Epoch:87 Test ACC:65.86 ====

Ensenble {76: 4.571832466125488, 86: 4.59833173751831, 68: 4.620026779174805, 73: 4.621552658081055, 64: 4.637289333343506, 'acc_5': 0.7542, 'acc_1': 0.6778}
data saved

| Test	 Net1  Acc: 72.70%

==== Epoch:88 Test ACC:72.7 ====

Ensenble {88: 4.551532840728759, 76: 4.571832466125488, 86: 4.59833173751831, 68: 4.620026779174805, 73: 4.621552658081055, 'acc_5': 0.789, 'acc_1': 0.727}
data saved

| Test	 Net1  Acc: 73.84%

==== Epoch:89 Test ACC:73.84 ====

Ensenble {88: 4.551532840728759, 76: 4.571832466125488, 86: 4.59833173751831, 89: 4.61746883392334, 68: 4.620026779174805, 'acc_5': 0.811, 'acc_1': 0.727}
data saved

| Test	 Net1  Acc: 65.24%

==== Epoch:90 Test ACC:65.24 ====

Ensenble {88: 4.551532840728759, 76: 4.571832466125488, 86: 4.59833173751831, 89: 4.61746883392334, 68: 4.620026779174805, 'acc_5': 0.811, 'acc_1': 0.727}
data saved

| Test	 Net1  Acc: 71.52%

==== Epoch:91 Test ACC:71.52 ====

Ensenble {88: 4.551532840728759, 76: 4.571832466125488, 86: 4.59833173751831, 91: 4.615676784515381, 89: 4.61746883392334, 'acc_5': 0.81, 'acc_1': 0.727}
data saved

| Test	 Net1  Acc: 69.46%

==== Epoch:92 Test ACC:69.46 ====

Ensenble {88: 4.551532840728759, 76: 4.571832466125488, 86: 4.59833173751831, 91: 4.615676784515381, 89: 4.61746883392334, 'acc_5': 0.81, 'acc_1': 0.727}
data saved

| Test	 Net1  Acc: 73.30%

==== Epoch:93 Test ACC:73.3 ====

Ensenble {88: 4.551532840728759, 76: 4.571832466125488, 93: 4.580821514129639, 86: 4.59833173751831, 91: 4.615676784515381, 'acc_5': 0.805, 'acc_1': 0.727}
data saved

| Test	 Net1  Acc: 71.68%

==== Epoch:94 Test ACC:71.68 ====

