/home/rhu/anaconda3/envs/py310/lib/python3.10/site-packages/torchvision/io/image.py:13: UserWarning: Failed to load image Python extension: '/home/rhu/anaconda3/envs/py310/lib/python3.10/site-packages/torchvision/image.so: undefined symbol: _ZN3c1017RegisterOperatorsD1Ev'If you don't plan on using image functionality from `torchvision.io`, you can ignore this warning. Otherwise, there might be something wrong with your environment. Did you have `libjpeg` or `libpng` installed before building `torchvision` from source?
  warn(
| Building net
data saved
data saved
Namespace(batch_size=128, lr=0.1, alpha=0.5, lambda_u=0, p_threshold=0.5, T=0.5, num_epochs=300, id='clothing1m_vri', data_path='../data', seed='8', gpuid=0, num_class=10, num_batches=3000, log_wandb=False, wandb_project='', wandb_experiment='', wandb_entity='', wandb_resume=False, need_clean=False, single_meta=0, moco_pretrained='/home/rhu/r_work/VRI/VRI_DivideMix/pretrained/ckpt_clothing_resnet50.pth', warmup=0, cos_lr=True, lam=0.01, meta_goal='clid', tau=0.5, meta_lr=0.01, meta_bsz=100, model='vgg')
data saved

| Test	 Net1  Acc: 16.68%

==== Epoch:0 Test ACC:16.68 ====

/home/rhu/anaconda3/envs/py310/lib/python3.10/site-packages/torch/optim/lr_scheduler.py:143: UserWarning: Detected call of `lr_scheduler.step()` before `optimizer.step()`. In PyTorch 1.1.0 and later, you should call them in the opposite order: `optimizer.step()` before `lr_scheduler.step()`.  Failure to do this will result in PyTorch skipping the first value of the learning rate schedule. See more details at https://pytorch.org/docs/stable/optim.html#how-to-adjust-learning-rate
  warnings.warn("Detected call of `lr_scheduler.step()` before `optimizer.step()`. "
Ensenble {0: 5.24986162185669, 'acc_5': 0.1668, 'acc_1': 0.1668}
data saved

| Test	 Net1  Acc: 33.78%

==== Epoch:1 Test ACC:33.78 ====

Ensenble {1: 5.124522495269775, 0: 5.24986162185669, 'acc_5': 0.3058, 'acc_1': 0.3378}
data saved

| Test	 Net1  Acc: 36.38%

==== Epoch:2 Test ACC:36.38 ====

Ensenble {2: 5.0372966766357425, 1: 5.124522495269775, 0: 5.24986162185669, 'acc_5': 0.3552, 'acc_1': 0.3638}
data saved

| Test	 Net1  Acc: 36.68%

==== Epoch:3 Test ACC:36.68 ====

Ensenble {2: 5.0372966766357425, 3: 5.087246322631836, 1: 5.124522495269775, 0: 5.24986162185669, 'acc_5': 0.3808, 'acc_1': 0.3638}
data saved

| Test	 Net1  Acc: 40.12%

==== Epoch:4 Test ACC:40.12 ====

Ensenble {2: 5.0372966766357425, 4: 5.084957599639893, 3: 5.087246322631836, 1: 5.124522495269775, 0: 5.24986162185669, 'acc_5': 0.3934, 'acc_1': 0.3638}
data saved

| Test	 Net1  Acc: 34.96%

==== Epoch:5 Test ACC:34.96 ====

Ensenble {5: 4.9778119087219235, 2: 5.0372966766357425, 4: 5.084957599639893, 3: 5.087246322631836, 1: 5.124522495269775, 'acc_5': 0.4462, 'acc_1': 0.3496}
data saved

| Test	 Net1  Acc: 45.10%

==== Epoch:6 Test ACC:45.1 ====

Ensenble {6: 4.87653923034668, 5: 4.9778119087219235, 2: 5.0372966766357425, 4: 5.084957599639893, 3: 5.087246322631836, 'acc_5': 0.477, 'acc_1': 0.451}
data saved

| Test	 Net1  Acc: 51.36%

==== Epoch:7 Test ACC:51.36 ====

Ensenble {6: 4.87653923034668, 7: 4.942545700073242, 5: 4.9778119087219235, 2: 5.0372966766357425, 4: 5.084957599639893, 'acc_5': 0.5016, 'acc_1': 0.451}
data saved

| Test	 Net1  Acc: 53.12%

==== Epoch:8 Test ACC:53.12 ====

Ensenble {8: 4.7188215255737305, 6: 4.87653923034668, 7: 4.942545700073242, 5: 4.9778119087219235, 2: 5.0372966766357425, 'acc_5': 0.5314, 'acc_1': 0.5312}
data saved

| Test	 Net1  Acc: 54.98%

==== Epoch:9 Test ACC:54.98 ====

Ensenble {9: 4.544345569610596, 8: 4.7188215255737305, 6: 4.87653923034668, 7: 4.942545700073242, 5: 4.9778119087219235, 'acc_5': 0.5446, 'acc_1': 0.5498}
data saved

| Test	 Net1  Acc: 56.36%

==== Epoch:10 Test ACC:56.36 ====

Ensenble {10: 4.511068439483642, 9: 4.544345569610596, 8: 4.7188215255737305, 6: 4.87653923034668, 7: 4.942545700073242, 'acc_5': 0.5598, 'acc_1': 0.5636}
data saved

| Test	 Net1  Acc: 56.10%

==== Epoch:11 Test ACC:56.1 ====

Ensenble {10: 4.511068439483642, 9: 4.544345569610596, 11: 4.55170259475708, 8: 4.7188215255737305, 6: 4.87653923034668, 'acc_5': 0.5628, 'acc_1': 0.5636}
data saved

| Test	 Net1  Acc: 56.34%

==== Epoch:12 Test ACC:56.34 ====

Ensenble {10: 4.511068439483642, 9: 4.544345569610596, 11: 4.55170259475708, 8: 4.7188215255737305, 12: 4.847880935668945, 'acc_5': 0.57, 'acc_1': 0.5636}
data saved

| Test	 Net1  Acc: 52.46%

==== Epoch:13 Test ACC:52.46 ====

Ensenble {10: 4.511068439483642, 9: 4.544345569610596, 11: 4.55170259475708, 8: 4.7188215255737305, 12: 4.847880935668945, 'acc_5': 0.57, 'acc_1': 0.5636}
data saved

| Test	 Net1  Acc: 48.60%

==== Epoch:14 Test ACC:48.6 ====

Ensenble {10: 4.511068439483642, 9: 4.544345569610596, 11: 4.55170259475708, 8: 4.7188215255737305, 12: 4.847880935668945, 'acc_5': 0.57, 'acc_1': 0.5636}
data saved

| Test	 Net1  Acc: 42.00%

==== Epoch:15 Test ACC:42.0 ====

Ensenble {10: 4.511068439483642, 9: 4.544345569610596, 11: 4.55170259475708, 8: 4.7188215255737305, 12: 4.847880935668945, 'acc_5': 0.57, 'acc_1': 0.5636}
data saved

| Test	 Net1  Acc: 49.54%

==== Epoch:16 Test ACC:49.54 ====

Ensenble {10: 4.511068439483642, 9: 4.544345569610596, 11: 4.55170259475708, 8: 4.7188215255737305, 12: 4.847880935668945, 'acc_5': 0.57, 'acc_1': 0.5636}
data saved

| Test	 Net1  Acc: 40.06%

==== Epoch:17 Test ACC:40.06 ====

Ensenble {10: 4.511068439483642, 9: 4.544345569610596, 11: 4.55170259475708, 8: 4.7188215255737305, 12: 4.847880935668945, 'acc_5': 0.57, 'acc_1': 0.5636}
data saved

| Test	 Net1  Acc: 37.80%

==== Epoch:18 Test ACC:37.8 ====

Ensenble {10: 4.511068439483642, 9: 4.544345569610596, 11: 4.55170259475708, 8: 4.7188215255737305, 12: 4.847880935668945, 'acc_5': 0.57, 'acc_1': 0.5636}
data saved

| Test	 Net1  Acc: 42.44%

==== Epoch:19 Test ACC:42.44 ====

Ensenble {10: 4.511068439483642, 9: 4.544345569610596, 11: 4.55170259475708, 8: 4.7188215255737305, 12: 4.847880935668945, 'acc_5': 0.57, 'acc_1': 0.5636}
data saved

| Test	 Net1  Acc: 38.98%

==== Epoch:20 Test ACC:38.98 ====

Ensenble {10: 4.511068439483642, 9: 4.544345569610596, 11: 4.55170259475708, 8: 4.7188215255737305, 12: 4.847880935668945, 'acc_5': 0.57, 'acc_1': 0.5636}
data saved

| Test	 Net1  Acc: 41.26%

==== Epoch:21 Test ACC:41.26 ====

Ensenble {10: 4.511068439483642, 9: 4.544345569610596, 11: 4.55170259475708, 8: 4.7188215255737305, 12: 4.847880935668945, 'acc_5': 0.57, 'acc_1': 0.5636}
data saved

| Test	 Net1  Acc: 39.00%

==== Epoch:22 Test ACC:39.0 ====

Ensenble {10: 4.511068439483642, 9: 4.544345569610596, 11: 4.55170259475708, 8: 4.7188215255737305, 12: 4.847880935668945, 'acc_5': 0.57, 'acc_1': 0.5636}
data saved

| Test	 Net1  Acc: 39.40%

==== Epoch:23 Test ACC:39.4 ====

Ensenble {10: 4.511068439483642, 9: 4.544345569610596, 11: 4.55170259475708, 8: 4.7188215255737305, 12: 4.847880935668945, 'acc_5': 0.57, 'acc_1': 0.5636}
data saved

| Test	 Net1  Acc: 50.98%

==== Epoch:24 Test ACC:50.98 ====

Ensenble {10: 4.511068439483642, 9: 4.544345569610596, 11: 4.55170259475708, 8: 4.7188215255737305, 24: 4.822410202026367, 'acc_5': 0.5716, 'acc_1': 0.5636}
data saved

| Test	 Net1  Acc: 51.18%

==== Epoch:25 Test ACC:51.18 ====

Ensenble {10: 4.511068439483642, 9: 4.544345569610596, 11: 4.55170259475708, 8: 4.7188215255737305, 24: 4.822410202026367, 'acc_5': 0.5716, 'acc_1': 0.5636}
data saved

| Test	 Net1  Acc: 54.60%

==== Epoch:26 Test ACC:54.6 ====

Ensenble {10: 4.511068439483642, 9: 4.544345569610596, 11: 4.55170259475708, 8: 4.7188215255737305, 26: 4.792471599578858, 'acc_5': 0.5946, 'acc_1': 0.5636}
data saved

| Test	 Net1  Acc: 58.42%

==== Epoch:27 Test ACC:58.42 ====

Ensenble {10: 4.511068439483642, 9: 4.544345569610596, 11: 4.55170259475708, 27: 4.650838947296142, 8: 4.7188215255737305, 'acc_5': 0.596, 'acc_1': 0.5636}
data saved

| Test	 Net1  Acc: 62.82%

==== Epoch:28 Test ACC:62.82 ====

Ensenble {10: 4.511068439483642, 28: 4.531436729431152, 9: 4.544345569610596, 11: 4.55170259475708, 27: 4.650838947296142, 'acc_5': 0.6356, 'acc_1': 0.5636}
data saved

| Test	 Net1  Acc: 68.30%

==== Epoch:29 Test ACC:68.3 ====

Ensenble {29: 4.462654781341553, 10: 4.511068439483642, 28: 4.531436729431152, 9: 4.544345569610596, 11: 4.55170259475708, 'acc_5': 0.6554, 'acc_1': 0.683}
data saved

| Test	 Net1  Acc: 70.46%

==== Epoch:30 Test ACC:70.46 ====

Ensenble {29: 4.462654781341553, 30: 4.471387767791748, 10: 4.511068439483642, 28: 4.531436729431152, 9: 4.544345569610596, 'acc_5': 0.6792, 'acc_1': 0.683}
data saved

| Test	 Net1  Acc: 72.20%

==== Epoch:31 Test ACC:72.2 ====

Ensenble {29: 4.462654781341553, 30: 4.471387767791748, 31: 4.493600749969483, 10: 4.511068439483642, 28: 4.531436729431152, 'acc_5': 0.6952, 'acc_1': 0.683}
data saved

| Test	 Net1  Acc: 68.06%

==== Epoch:32 Test ACC:68.06 ====

Ensenble {32: 4.412235736846924, 29: 4.462654781341553, 30: 4.471387767791748, 31: 4.493600749969483, 10: 4.511068439483642, 'acc_5': 0.7226, 'acc_1': 0.6806}
data saved

| Test	 Net1  Acc: 59.48%

==== Epoch:33 Test ACC:59.48 ====

Ensenble {32: 4.412235736846924, 29: 4.462654781341553, 30: 4.471387767791748, 31: 4.493600749969483, 10: 4.511068439483642, 'acc_5': 0.7226, 'acc_1': 0.6806}
data saved

| Test	 Net1  Acc: 63.84%

==== Epoch:34 Test ACC:63.84 ====

Ensenble {32: 4.412235736846924, 29: 4.462654781341553, 30: 4.471387767791748, 31: 4.493600749969483, 10: 4.511068439483642, 'acc_5': 0.7226, 'acc_1': 0.6806}
data saved

| Test	 Net1  Acc: 48.32%

==== Epoch:35 Test ACC:48.32 ====

Ensenble {32: 4.412235736846924, 29: 4.462654781341553, 30: 4.471387767791748, 31: 4.493600749969483, 10: 4.511068439483642, 'acc_5': 0.7226, 'acc_1': 0.6806}
data saved

| Test	 Net1  Acc: 54.22%

==== Epoch:36 Test ACC:54.22 ====

Ensenble {32: 4.412235736846924, 29: 4.462654781341553, 30: 4.471387767791748, 31: 4.493600749969483, 10: 4.511068439483642, 'acc_5': 0.7226, 'acc_1': 0.6806}
data saved

| Test	 Net1  Acc: 59.48%

==== Epoch:37 Test ACC:59.48 ====

Ensenble {32: 4.412235736846924, 29: 4.462654781341553, 30: 4.471387767791748, 31: 4.493600749969483, 10: 4.511068439483642, 'acc_5': 0.7226, 'acc_1': 0.6806}
data saved

| Test	 Net1  Acc: 43.52%

==== Epoch:38 Test ACC:43.52 ====

Ensenble {32: 4.412235736846924, 29: 4.462654781341553, 30: 4.471387767791748, 31: 4.493600749969483, 10: 4.511068439483642, 'acc_5': 0.7226, 'acc_1': 0.6806}
data saved

| Test	 Net1  Acc: 51.38%

==== Epoch:39 Test ACC:51.38 ====

Ensenble {32: 4.412235736846924, 29: 4.462654781341553, 30: 4.471387767791748, 31: 4.493600749969483, 10: 4.511068439483642, 'acc_5': 0.7226, 'acc_1': 0.6806}
data saved

| Test	 Net1  Acc: 42.54%

==== Epoch:40 Test ACC:42.54 ====

Ensenble {32: 4.412235736846924, 29: 4.462654781341553, 30: 4.471387767791748, 31: 4.493600749969483, 10: 4.511068439483642, 'acc_5': 0.7226, 'acc_1': 0.6806}
data saved

| Test	 Net1  Acc: 53.66%

==== Epoch:41 Test ACC:53.66 ====

Ensenble {32: 4.412235736846924, 29: 4.462654781341553, 30: 4.471387767791748, 31: 4.493600749969483, 10: 4.511068439483642, 'acc_5': 0.7226, 'acc_1': 0.6806}
data saved

| Test	 Net1  Acc: 46.70%

==== Epoch:42 Test ACC:46.7 ====

Ensenble {32: 4.412235736846924, 29: 4.462654781341553, 30: 4.471387767791748, 31: 4.493600749969483, 10: 4.511068439483642, 'acc_5': 0.7226, 'acc_1': 0.6806}
data saved

| Test	 Net1  Acc: 43.20%

==== Epoch:43 Test ACC:43.2 ====

Ensenble {32: 4.412235736846924, 29: 4.462654781341553, 30: 4.471387767791748, 31: 4.493600749969483, 10: 4.511068439483642, 'acc_5': 0.7226, 'acc_1': 0.6806}
data saved

| Test	 Net1  Acc: 53.82%

==== Epoch:44 Test ACC:53.82 ====

Ensenble {32: 4.412235736846924, 29: 4.462654781341553, 30: 4.471387767791748, 31: 4.493600749969483, 10: 4.511068439483642, 'acc_5': 0.7226, 'acc_1': 0.6806}
data saved

| Test	 Net1  Acc: 59.48%

==== Epoch:45 Test ACC:59.48 ====

Ensenble {32: 4.412235736846924, 29: 4.462654781341553, 30: 4.471387767791748, 31: 4.493600749969483, 10: 4.511068439483642, 'acc_5': 0.7226, 'acc_1': 0.6806}
data saved

| Test	 Net1  Acc: 66.40%

==== Epoch:46 Test ACC:66.4 ====

Ensenble {32: 4.412235736846924, 29: 4.462654781341553, 30: 4.471387767791748, 31: 4.493600749969483, 10: 4.511068439483642, 'acc_5': 0.7226, 'acc_1': 0.6806}
data saved

| Test	 Net1  Acc: 72.12%

==== Epoch:47 Test ACC:72.12 ====

Ensenble {32: 4.412235736846924, 47: 4.433861351013183, 29: 4.462654781341553, 30: 4.471387767791748, 31: 4.493600749969483, 'acc_5': 0.7522, 'acc_1': 0.6806}
data saved

| Test	 Net1  Acc: 78.66%

==== Epoch:48 Test ACC:78.66 ====

Ensenble {48: 4.348676013946533, 32: 4.412235736846924, 47: 4.433861351013183, 29: 4.462654781341553, 30: 4.471387767791748, 'acc_5': 0.7854, 'acc_1': 0.7866}
data saved

| Test	 Net1  Acc: 80.38%

==== Epoch:49 Test ACC:80.38 ====

Ensenble {49: 4.344012928009033, 48: 4.348676013946533, 32: 4.412235736846924, 47: 4.433861351013183, 29: 4.462654781341553, 'acc_5': 0.798, 'acc_1': 0.8038}
data saved

| Test	 Net1  Acc: 80.92%

==== Epoch:50 Test ACC:80.92 ====

Ensenble {49: 4.344012928009033, 48: 4.348676013946533, 50: 4.358551502227783, 32: 4.412235736846924, 47: 4.433861351013183, 'acc_5': 0.8032, 'acc_1': 0.8038}
data saved

| Test	 Net1  Acc: 80.76%

==== Epoch:51 Test ACC:80.76 ====

Ensenble {49: 4.344012928009033, 48: 4.348676013946533, 50: 4.358551502227783, 51: 4.3938307762146, 32: 4.412235736846924, 'acc_5': 0.8064, 'acc_1': 0.8038}
data saved

| Test	 Net1  Acc: 75.46%

==== Epoch:52 Test ACC:75.46 ====

Ensenble {49: 4.344012928009033, 48: 4.348676013946533, 50: 4.358551502227783, 52: 4.3853048324584964, 51: 4.3938307762146, 'acc_5': 0.8052, 'acc_1': 0.8038}
data saved

| Test	 Net1  Acc: 65.56%

==== Epoch:53 Test ACC:65.56 ====

Ensenble {49: 4.344012928009033, 48: 4.348676013946533, 50: 4.358551502227783, 52: 4.3853048324584964, 51: 4.3938307762146, 'acc_5': 0.8052, 'acc_1': 0.8038}
data saved

| Test	 Net1  Acc: 44.70%

==== Epoch:54 Test ACC:44.7 ====

Ensenble {49: 4.344012928009033, 48: 4.348676013946533, 50: 4.358551502227783, 52: 4.3853048324584964, 51: 4.3938307762146, 'acc_5': 0.8052, 'acc_1': 0.8038}
data saved

| Test	 Net1  Acc: 64.50%

==== Epoch:55 Test ACC:64.5 ====

Ensenble {49: 4.344012928009033, 48: 4.348676013946533, 50: 4.358551502227783, 52: 4.3853048324584964, 51: 4.3938307762146, 'acc_5': 0.8052, 'acc_1': 0.8038}
data saved

| Test	 Net1  Acc: 58.24%

==== Epoch:56 Test ACC:58.24 ====

Ensenble {49: 4.344012928009033, 48: 4.348676013946533, 50: 4.358551502227783, 52: 4.3853048324584964, 51: 4.3938307762146, 'acc_5': 0.8052, 'acc_1': 0.8038}
data saved

| Test	 Net1  Acc: 61.02%

==== Epoch:57 Test ACC:61.02 ====

Ensenble {49: 4.344012928009033, 48: 4.348676013946533, 50: 4.358551502227783, 52: 4.3853048324584964, 51: 4.3938307762146, 'acc_5': 0.8052, 'acc_1': 0.8038}
data saved

| Test	 Net1  Acc: 54.14%

==== Epoch:58 Test ACC:54.14 ====

Ensenble {49: 4.344012928009033, 48: 4.348676013946533, 50: 4.358551502227783, 52: 4.3853048324584964, 51: 4.3938307762146, 'acc_5': 0.8052, 'acc_1': 0.8038}
data saved

| Test	 Net1  Acc: 43.98%

==== Epoch:59 Test ACC:43.98 ====

Ensenble {49: 4.344012928009033, 48: 4.348676013946533, 50: 4.358551502227783, 52: 4.3853048324584964, 51: 4.3938307762146, 'acc_5': 0.8052, 'acc_1': 0.8038}
data saved

| Test	 Net1  Acc: 60.56%

==== Epoch:60 Test ACC:60.56 ====

Ensenble {49: 4.344012928009033, 48: 4.348676013946533, 50: 4.358551502227783, 52: 4.3853048324584964, 51: 4.3938307762146, 'acc_5': 0.8052, 'acc_1': 0.8038}
data saved

| Test	 Net1  Acc: 60.02%

==== Epoch:61 Test ACC:60.02 ====

Ensenble {49: 4.344012928009033, 48: 4.348676013946533, 50: 4.358551502227783, 52: 4.3853048324584964, 51: 4.3938307762146, 'acc_5': 0.8052, 'acc_1': 0.8038}
data saved

| Test	 Net1  Acc: 61.34%

==== Epoch:62 Test ACC:61.34 ====

Ensenble {49: 4.344012928009033, 48: 4.348676013946533, 50: 4.358551502227783, 52: 4.3853048324584964, 51: 4.3938307762146, 'acc_5': 0.8052, 'acc_1': 0.8038}
data saved

| Test	 Net1  Acc: 56.76%

==== Epoch:63 Test ACC:56.76 ====

Ensenble {49: 4.344012928009033, 48: 4.348676013946533, 50: 4.358551502227783, 52: 4.3853048324584964, 51: 4.3938307762146, 'acc_5': 0.8052, 'acc_1': 0.8038}
data saved

| Test	 Net1  Acc: 57.72%

==== Epoch:64 Test ACC:57.72 ====

Ensenble {49: 4.344012928009033, 48: 4.348676013946533, 50: 4.358551502227783, 52: 4.3853048324584964, 51: 4.3938307762146, 'acc_5': 0.8052, 'acc_1': 0.8038}
data saved

| Test	 Net1  Acc: 62.88%

==== Epoch:65 Test ACC:62.88 ====

Ensenble {49: 4.344012928009033, 48: 4.348676013946533, 50: 4.358551502227783, 52: 4.3853048324584964, 51: 4.3938307762146, 'acc_5': 0.8052, 'acc_1': 0.8038}
data saved

| Test	 Net1  Acc: 69.88%

==== Epoch:66 Test ACC:69.88 ====

Ensenble {49: 4.344012928009033, 48: 4.348676013946533, 50: 4.358551502227783, 52: 4.3853048324584964, 51: 4.3938307762146, 'acc_5': 0.8052, 'acc_1': 0.8038}
data saved

| Test	 Net1  Acc: 72.08%

==== Epoch:67 Test ACC:72.08 ====

Ensenble {49: 4.344012928009033, 48: 4.348676013946533, 50: 4.358551502227783, 52: 4.3853048324584964, 51: 4.3938307762146, 'acc_5': 0.8052, 'acc_1': 0.8038}
data saved

| Test	 Net1  Acc: 80.50%

==== Epoch:68 Test ACC:80.5 ====

Ensenble {68: 4.3274070739746096, 49: 4.344012928009033, 48: 4.348676013946533, 50: 4.358551502227783, 52: 4.3853048324584964, 'acc_5': 0.8128, 'acc_1': 0.805}
data saved

| Test	 Net1  Acc: 82.28%

==== Epoch:69 Test ACC:82.28 ====

Ensenble {69: 4.309182167053223, 68: 4.3274070739746096, 49: 4.344012928009033, 48: 4.348676013946533, 50: 4.358551502227783, 'acc_5': 0.8188, 'acc_1': 0.8228}
data saved

| Test	 Net1  Acc: 82.38%

==== Epoch:70 Test ACC:82.38 ====

Ensenble {69: 4.309182167053223, 68: 4.3274070739746096, 70: 4.335939025878906, 49: 4.344012928009033, 48: 4.348676013946533, 'acc_5': 0.8216, 'acc_1': 0.8228}
data saved

| Test	 Net1  Acc: 82.34%

==== Epoch:71 Test ACC:82.34 ====

Ensenble {69: 4.309182167053223, 68: 4.3274070739746096, 70: 4.335939025878906, 49: 4.344012928009033, 48: 4.348676013946533, 'acc_5': 0.8216, 'acc_1': 0.8228}
data saved

| Test	 Net1  Acc: 81.28%

==== Epoch:72 Test ACC:81.28 ====

Ensenble {72: 4.306062126159668, 69: 4.309182167053223, 68: 4.3274070739746096, 70: 4.335939025878906, 49: 4.344012928009033, 'acc_5': 0.8308, 'acc_1': 0.8128}
data saved

| Test	 Net1  Acc: 78.20%

==== Epoch:73 Test ACC:78.2 ====

Ensenble {72: 4.306062126159668, 69: 4.309182167053223, 68: 4.3274070739746096, 70: 4.335939025878906, 49: 4.344012928009033, 'acc_5': 0.8308, 'acc_1': 0.8128}
data saved

| Test	 Net1  Acc: 43.62%

==== Epoch:74 Test ACC:43.62 ====

Ensenble {72: 4.306062126159668, 69: 4.309182167053223, 68: 4.3274070739746096, 70: 4.335939025878906, 49: 4.344012928009033, 'acc_5': 0.8308, 'acc_1': 0.8128}
data saved

| Test	 Net1  Acc: 65.32%

==== Epoch:75 Test ACC:65.32 ====

Ensenble {72: 4.306062126159668, 69: 4.309182167053223, 68: 4.3274070739746096, 70: 4.335939025878906, 49: 4.344012928009033, 'acc_5': 0.8308, 'acc_1': 0.8128}
data saved

| Test	 Net1  Acc: 60.12%

==== Epoch:76 Test ACC:60.12 ====

Ensenble {72: 4.306062126159668, 69: 4.309182167053223, 68: 4.3274070739746096, 70: 4.335939025878906, 49: 4.344012928009033, 'acc_5': 0.8308, 'acc_1': 0.8128}
data saved

| Test	 Net1  Acc: 52.36%

==== Epoch:77 Test ACC:52.36 ====

Ensenble {72: 4.306062126159668, 69: 4.309182167053223, 68: 4.3274070739746096, 70: 4.335939025878906, 49: 4.344012928009033, 'acc_5': 0.8308, 'acc_1': 0.8128}
data saved

| Test	 Net1  Acc: 49.44%

==== Epoch:78 Test ACC:49.44 ====

Ensenble {72: 4.306062126159668, 69: 4.309182167053223, 68: 4.3274070739746096, 70: 4.335939025878906, 49: 4.344012928009033, 'acc_5': 0.8308, 'acc_1': 0.8128}
data saved

| Test	 Net1  Acc: 57.88%

==== Epoch:79 Test ACC:57.88 ====

Ensenble {72: 4.306062126159668, 69: 4.309182167053223, 68: 4.3274070739746096, 70: 4.335939025878906, 49: 4.344012928009033, 'acc_5': 0.8308, 'acc_1': 0.8128}
data saved

| Test	 Net1  Acc: 58.42%

==== Epoch:80 Test ACC:58.42 ====

Ensenble {72: 4.306062126159668, 69: 4.309182167053223, 68: 4.3274070739746096, 70: 4.335939025878906, 49: 4.344012928009033, 'acc_5': 0.8308, 'acc_1': 0.8128}
data saved

| Test	 Net1  Acc: 57.48%

==== Epoch:81 Test ACC:57.48 ====

Ensenble {72: 4.306062126159668, 69: 4.309182167053223, 68: 4.3274070739746096, 70: 4.335939025878906, 49: 4.344012928009033, 'acc_5': 0.8308, 'acc_1': 0.8128}
data saved

| Test	 Net1  Acc: 54.22%

==== Epoch:82 Test ACC:54.22 ====

Ensenble {72: 4.306062126159668, 69: 4.309182167053223, 68: 4.3274070739746096, 70: 4.335939025878906, 49: 4.344012928009033, 'acc_5': 0.8308, 'acc_1': 0.8128}
data saved

| Test	 Net1  Acc: 62.84%

==== Epoch:83 Test ACC:62.84 ====

Ensenble {72: 4.306062126159668, 69: 4.309182167053223, 68: 4.3274070739746096, 70: 4.335939025878906, 49: 4.344012928009033, 'acc_5': 0.8308, 'acc_1': 0.8128}
data saved

| Test	 Net1  Acc: 66.60%

==== Epoch:84 Test ACC:66.6 ====

Ensenble {72: 4.306062126159668, 69: 4.309182167053223, 68: 4.3274070739746096, 70: 4.335939025878906, 49: 4.344012928009033, 'acc_5': 0.8308, 'acc_1': 0.8128}
data saved

| Test	 Net1  Acc: 62.22%

==== Epoch:85 Test ACC:62.22 ====

Ensenble {72: 4.306062126159668, 69: 4.309182167053223, 68: 4.3274070739746096, 70: 4.335939025878906, 49: 4.344012928009033, 'acc_5': 0.8308, 'acc_1': 0.8128}
data saved

| Test	 Net1  Acc: 70.96%

==== Epoch:86 Test ACC:70.96 ====

Ensenble {72: 4.306062126159668, 69: 4.309182167053223, 68: 4.3274070739746096, 70: 4.335939025878906, 49: 4.344012928009033, 'acc_5': 0.8308, 'acc_1': 0.8128}
data saved

| Test	 Net1  Acc: 76.58%

==== Epoch:87 Test ACC:76.58 ====

Ensenble {72: 4.306062126159668, 69: 4.309182167053223, 68: 4.3274070739746096, 70: 4.335939025878906, 49: 4.344012928009033, 'acc_5': 0.8308, 'acc_1': 0.8128}
data saved

| Test	 Net1  Acc: 80.78%

==== Epoch:88 Test ACC:80.78 ====

Ensenble {72: 4.306062126159668, 69: 4.309182167053223, 88: 4.3098978996276855, 68: 4.3274070739746096, 70: 4.335939025878906, 'acc_5': 0.8302, 'acc_1': 0.8128}
data saved

| Test	 Net1  Acc: 83.30%

==== Epoch:89 Test ACC:83.3 ====

Ensenble {89: 4.30071382522583, 72: 4.306062126159668, 69: 4.309182167053223, 88: 4.3098978996276855, 68: 4.3274070739746096, 'acc_5': 0.8322, 'acc_1': 0.833}
data saved

| Test	 Net1  Acc: 83.56%

==== Epoch:90 Test ACC:83.56 ====

Ensenble {90: 4.298672008514404, 89: 4.30071382522583, 72: 4.306062126159668, 69: 4.309182167053223, 88: 4.3098978996276855, 'acc_5': 0.8384, 'acc_1': 0.8356}
data saved

| Test	 Net1  Acc: 83.54%

==== Epoch:91 Test ACC:83.54 ====

Ensenble {90: 4.298672008514404, 89: 4.30071382522583, 72: 4.306062126159668, 91: 4.306922245025635, 69: 4.309182167053223, 'acc_5': 0.8406, 'acc_1': 0.8356}
data saved

| Test	 Net1  Acc: 81.02%

==== Epoch:92 Test ACC:81.02 ====

Ensenble {92: 4.288559913635254, 90: 4.298672008514404, 89: 4.30071382522583, 72: 4.306062126159668, 91: 4.306922245025635, 'acc_5': 0.8402, 'acc_1': 0.8102}
data saved

| Test	 Net1  Acc: 69.70%

==== Epoch:93 Test ACC:69.7 ====

Ensenble {92: 4.288559913635254, 90: 4.298672008514404, 89: 4.30071382522583, 72: 4.306062126159668, 91: 4.306922245025635, 'acc_5': 0.8402, 'acc_1': 0.8102}
data saved

| Test	 Net1  Acc: 31.86%

==== Epoch:94 Test ACC:31.86 ====

Ensenble {92: 4.288559913635254, 90: 4.298672008514404, 89: 4.30071382522583, 72: 4.306062126159668, 91: 4.306922245025635, 'acc_5': 0.8402, 'acc_1': 0.8102}
data saved

| Test	 Net1  Acc: 48.60%

==== Epoch:95 Test ACC:48.6 ====

Ensenble {92: 4.288559913635254, 90: 4.298672008514404, 89: 4.30071382522583, 72: 4.306062126159668, 91: 4.306922245025635, 'acc_5': 0.8402, 'acc_1': 0.8102}
data saved

| Test	 Net1  Acc: 54.62%

==== Epoch:96 Test ACC:54.62 ====

Ensenble {92: 4.288559913635254, 90: 4.298672008514404, 89: 4.30071382522583, 72: 4.306062126159668, 91: 4.306922245025635, 'acc_5': 0.8402, 'acc_1': 0.8102}
data saved

| Test	 Net1  Acc: 54.72%

==== Epoch:97 Test ACC:54.72 ====

Ensenble {92: 4.288559913635254, 90: 4.298672008514404, 89: 4.30071382522583, 72: 4.306062126159668, 91: 4.306922245025635, 'acc_5': 0.8402, 'acc_1': 0.8102}
data saved

| Test	 Net1  Acc: 26.42%

==== Epoch:98 Test ACC:26.42 ====

Ensenble {92: 4.288559913635254, 90: 4.298672008514404, 89: 4.30071382522583, 72: 4.306062126159668, 91: 4.306922245025635, 'acc_5': 0.8402, 'acc_1': 0.8102}
data saved

| Test	 Net1  Acc: 47.90%

==== Epoch:99 Test ACC:47.9 ====

Ensenble {92: 4.288559913635254, 90: 4.298672008514404, 89: 4.30071382522583, 72: 4.306062126159668, 91: 4.306922245025635, 'acc_5': 0.8402, 'acc_1': 0.8102}
data saved

| Test	 Net1  Acc: 35.04%

==== Epoch:100 Test ACC:35.04 ====

Ensenble {92: 4.288559913635254, 90: 4.298672008514404, 89: 4.30071382522583, 72: 4.306062126159668, 91: 4.306922245025635, 'acc_5': 0.8402, 'acc_1': 0.8102}
data saved

| Test	 Net1  Acc: 58.68%

==== Epoch:101 Test ACC:58.68 ====

Ensenble {92: 4.288559913635254, 90: 4.298672008514404, 89: 4.30071382522583, 72: 4.306062126159668, 91: 4.306922245025635, 'acc_5': 0.8402, 'acc_1': 0.8102}
data saved

| Test	 Net1  Acc: 46.00%

==== Epoch:102 Test ACC:46.0 ====

Ensenble {92: 4.288559913635254, 90: 4.298672008514404, 89: 4.30071382522583, 72: 4.306062126159668, 91: 4.306922245025635, 'acc_5': 0.8402, 'acc_1': 0.8102}
data saved

| Test	 Net1  Acc: 52.44%

==== Epoch:103 Test ACC:52.44 ====

Ensenble {92: 4.288559913635254, 90: 4.298672008514404, 89: 4.30071382522583, 72: 4.306062126159668, 91: 4.306922245025635, 'acc_5': 0.8402, 'acc_1': 0.8102}
data saved

| Test	 Net1  Acc: 59.56%

==== Epoch:104 Test ACC:59.56 ====

Ensenble {92: 4.288559913635254, 90: 4.298672008514404, 89: 4.30071382522583, 72: 4.306062126159668, 91: 4.306922245025635, 'acc_5': 0.8402, 'acc_1': 0.8102}
data saved

| Test	 Net1  Acc: 62.16%

==== Epoch:105 Test ACC:62.16 ====

Ensenble {92: 4.288559913635254, 90: 4.298672008514404, 89: 4.30071382522583, 72: 4.306062126159668, 91: 4.306922245025635, 'acc_5': 0.8402, 'acc_1': 0.8102}
data saved

| Test	 Net1  Acc: 70.00%

==== Epoch:106 Test ACC:70.0 ====

Ensenble {92: 4.288559913635254, 90: 4.298672008514404, 89: 4.30071382522583, 72: 4.306062126159668, 91: 4.306922245025635, 'acc_5': 0.8402, 'acc_1': 0.8102}
data saved

| Test	 Net1  Acc: 72.78%

==== Epoch:107 Test ACC:72.78 ====

Ensenble {92: 4.288559913635254, 90: 4.298672008514404, 89: 4.30071382522583, 72: 4.306062126159668, 91: 4.306922245025635, 'acc_5': 0.8402, 'acc_1': 0.8102}
data saved

| Test	 Net1  Acc: 76.92%

==== Epoch:108 Test ACC:76.92 ====

Ensenble {92: 4.288559913635254, 90: 4.298672008514404, 89: 4.30071382522583, 72: 4.306062126159668, 91: 4.306922245025635, 'acc_5': 0.8402, 'acc_1': 0.8102}
data saved

| Test	 Net1  Acc: 81.12%

==== Epoch:109 Test ACC:81.12 ====

Ensenble {92: 4.288559913635254, 90: 4.298672008514404, 89: 4.30071382522583, 72: 4.306062126159668, 91: 4.306922245025635, 'acc_5': 0.8402, 'acc_1': 0.8102}
data saved

| Test	 Net1  Acc: 81.64%

==== Epoch:110 Test ACC:81.64 ====

Ensenble {92: 4.288559913635254, 90: 4.298672008514404, 89: 4.30071382522583, 72: 4.306062126159668, 91: 4.306922245025635, 'acc_5': 0.8402, 'acc_1': 0.8102}
data saved

| Test	 Net1  Acc: 81.46%

==== Epoch:111 Test ACC:81.46 ====

Ensenble {92: 4.288559913635254, 90: 4.298672008514404, 89: 4.30071382522583, 72: 4.306062126159668, 91: 4.306922245025635, 'acc_5': 0.8402, 'acc_1': 0.8102}
data saved

| Test	 Net1  Acc: 79.60%

==== Epoch:112 Test ACC:79.6 ====

Ensenble {92: 4.288559913635254, 90: 4.298672008514404, 89: 4.30071382522583, 72: 4.306062126159668, 91: 4.306922245025635, 'acc_5': 0.8402, 'acc_1': 0.8102}
data saved

| Test	 Net1  Acc: 77.96%

==== Epoch:113 Test ACC:77.96 ====

Ensenble {92: 4.288559913635254, 90: 4.298672008514404, 89: 4.30071382522583, 72: 4.306062126159668, 91: 4.306922245025635, 'acc_5': 0.8402, 'acc_1': 0.8102}
data saved

| Test	 Net1  Acc: 56.96%

==== Epoch:114 Test ACC:56.96 ====

Ensenble {92: 4.288559913635254, 90: 4.298672008514404, 89: 4.30071382522583, 72: 4.306062126159668, 91: 4.306922245025635, 'acc_5': 0.8402, 'acc_1': 0.8102}
data saved

| Test	 Net1  Acc: 62.02%

==== Epoch:115 Test ACC:62.02 ====

Ensenble {92: 4.288559913635254, 90: 4.298672008514404, 89: 4.30071382522583, 72: 4.306062126159668, 91: 4.306922245025635, 'acc_5': 0.8402, 'acc_1': 0.8102}
data saved

| Test	 Net1  Acc: 69.70%

==== Epoch:116 Test ACC:69.7 ====

Ensenble {92: 4.288559913635254, 90: 4.298672008514404, 89: 4.30071382522583, 72: 4.306062126159668, 91: 4.306922245025635, 'acc_5': 0.8402, 'acc_1': 0.8102}
data saved

| Test	 Net1  Acc: 55.82%

==== Epoch:117 Test ACC:55.82 ====

Ensenble {92: 4.288559913635254, 90: 4.298672008514404, 89: 4.30071382522583, 72: 4.306062126159668, 91: 4.306922245025635, 'acc_5': 0.8402, 'acc_1': 0.8102}
data saved

| Test	 Net1  Acc: 55.48%

==== Epoch:118 Test ACC:55.48 ====

Ensenble {92: 4.288559913635254, 90: 4.298672008514404, 89: 4.30071382522583, 72: 4.306062126159668, 91: 4.306922245025635, 'acc_5': 0.8402, 'acc_1': 0.8102}
data saved

| Test	 Net1  Acc: 57.60%

==== Epoch:119 Test ACC:57.6 ====

Ensenble {92: 4.288559913635254, 90: 4.298672008514404, 89: 4.30071382522583, 72: 4.306062126159668, 91: 4.306922245025635, 'acc_5': 0.8402, 'acc_1': 0.8102}
data saved

| Test	 Net1  Acc: 33.16%

==== Epoch:120 Test ACC:33.16 ====

Ensenble {92: 4.288559913635254, 90: 4.298672008514404, 89: 4.30071382522583, 72: 4.306062126159668, 91: 4.306922245025635, 'acc_5': 0.8402, 'acc_1': 0.8102}
data saved

| Test	 Net1  Acc: 49.48%

==== Epoch:121 Test ACC:49.48 ====

Ensenble {92: 4.288559913635254, 90: 4.298672008514404, 89: 4.30071382522583, 72: 4.306062126159668, 91: 4.306922245025635, 'acc_5': 0.8402, 'acc_1': 0.8102}
data saved

| Test	 Net1  Acc: 52.42%

==== Epoch:122 Test ACC:52.42 ====

Ensenble {92: 4.288559913635254, 90: 4.298672008514404, 89: 4.30071382522583, 72: 4.306062126159668, 91: 4.306922245025635, 'acc_5': 0.8402, 'acc_1': 0.8102}
data saved

| Test	 Net1  Acc: 53.02%

==== Epoch:123 Test ACC:53.02 ====

Ensenble {92: 4.288559913635254, 90: 4.298672008514404, 89: 4.30071382522583, 72: 4.306062126159668, 91: 4.306922245025635, 'acc_5': 0.8402, 'acc_1': 0.8102}
data saved

| Test	 Net1  Acc: 64.80%

==== Epoch:124 Test ACC:64.8 ====

Ensenble {92: 4.288559913635254, 90: 4.298672008514404, 89: 4.30071382522583, 72: 4.306062126159668, 91: 4.306922245025635, 'acc_5': 0.8402, 'acc_1': 0.8102}
data saved

| Test	 Net1  Acc: 66.56%

==== Epoch:125 Test ACC:66.56 ====

Ensenble {92: 4.288559913635254, 90: 4.298672008514404, 89: 4.30071382522583, 72: 4.306062126159668, 91: 4.306922245025635, 'acc_5': 0.8402, 'acc_1': 0.8102}
data saved

| Test	 Net1  Acc: 64.12%

==== Epoch:126 Test ACC:64.12 ====

Ensenble {92: 4.288559913635254, 90: 4.298672008514404, 89: 4.30071382522583, 72: 4.306062126159668, 91: 4.306922245025635, 'acc_5': 0.8402, 'acc_1': 0.8102}
data saved

| Test	 Net1  Acc: 76.90%

==== Epoch:127 Test ACC:76.9 ====

Ensenble {92: 4.288559913635254, 90: 4.298672008514404, 89: 4.30071382522583, 72: 4.306062126159668, 91: 4.306922245025635, 'acc_5': 0.8402, 'acc_1': 0.8102}
data saved

| Test	 Net1  Acc: 80.76%

==== Epoch:128 Test ACC:80.76 ====

Ensenble {92: 4.288559913635254, 90: 4.298672008514404, 89: 4.30071382522583, 72: 4.306062126159668, 91: 4.306922245025635, 'acc_5': 0.8402, 'acc_1': 0.8102}
data saved

| Test	 Net1  Acc: 83.16%

==== Epoch:129 Test ACC:83.16 ====

Ensenble {92: 4.288559913635254, 90: 4.298672008514404, 89: 4.30071382522583, 72: 4.306062126159668, 91: 4.306922245025635, 'acc_5': 0.8402, 'acc_1': 0.8102}
data saved

| Test	 Net1  Acc: 83.84%

==== Epoch:130 Test ACC:83.84 ====

Ensenble {92: 4.288559913635254, 90: 4.298672008514404, 89: 4.30071382522583, 72: 4.306062126159668, 91: 4.306922245025635, 'acc_5': 0.8402, 'acc_1': 0.8102}
data saved

| Test	 Net1  Acc: 83.52%

==== Epoch:131 Test ACC:83.52 ====

Ensenble {92: 4.288559913635254, 90: 4.298672008514404, 89: 4.30071382522583, 72: 4.306062126159668, 91: 4.306922245025635, 'acc_5': 0.8402, 'acc_1': 0.8102}
data saved

| Test	 Net1  Acc: 81.72%

==== Epoch:132 Test ACC:81.72 ====

Ensenble {92: 4.288559913635254, 90: 4.298672008514404, 89: 4.30071382522583, 72: 4.306062126159668, 132: 4.306465911865234, 'acc_5': 0.8434, 'acc_1': 0.8102}
data saved

| Test	 Net1  Acc: 71.54%

==== Epoch:133 Test ACC:71.54 ====

Ensenble {92: 4.288559913635254, 90: 4.298672008514404, 89: 4.30071382522583, 72: 4.306062126159668, 132: 4.306465911865234, 'acc_5': 0.8434, 'acc_1': 0.8102}
data saved

| Test	 Net1  Acc: 16.18%

==== Epoch:134 Test ACC:16.18 ====

Ensenble {92: 4.288559913635254, 90: 4.298672008514404, 89: 4.30071382522583, 72: 4.306062126159668, 132: 4.306465911865234, 'acc_5': 0.8434, 'acc_1': 0.8102}
data saved

| Test	 Net1  Acc: 9.60%

==== Epoch:135 Test ACC:9.6 ====

Ensenble {92: 4.288559913635254, 90: 4.298672008514404, 89: 4.30071382522583, 72: 4.306062126159668, 132: 4.306465911865234, 'acc_5': 0.8434, 'acc_1': 0.8102}
data saved

| Test	 Net1  Acc: 29.58%

==== Epoch:136 Test ACC:29.58 ====

Ensenble {92: 4.288559913635254, 90: 4.298672008514404, 89: 4.30071382522583, 72: 4.306062126159668, 132: 4.306465911865234, 'acc_5': 0.8434, 'acc_1': 0.8102}
data saved

| Test	 Net1  Acc: 26.18%

==== Epoch:137 Test ACC:26.18 ====

Ensenble {92: 4.288559913635254, 90: 4.298672008514404, 89: 4.30071382522583, 72: 4.306062126159668, 132: 4.306465911865234, 'acc_5': 0.8434, 'acc_1': 0.8102}
data saved

| Test	 Net1  Acc: 31.36%

==== Epoch:138 Test ACC:31.36 ====

Ensenble {92: 4.288559913635254, 90: 4.298672008514404, 89: 4.30071382522583, 72: 4.306062126159668, 132: 4.306465911865234, 'acc_5': 0.8434, 'acc_1': 0.8102}
data saved

| Test	 Net1  Acc: 31.90%

==== Epoch:139 Test ACC:31.9 ====

Ensenble {92: 4.288559913635254, 90: 4.298672008514404, 89: 4.30071382522583, 72: 4.306062126159668, 132: 4.306465911865234, 'acc_5': 0.8434, 'acc_1': 0.8102}
data saved

| Test	 Net1  Acc: 33.72%

==== Epoch:140 Test ACC:33.72 ====

Ensenble {92: 4.288559913635254, 90: 4.298672008514404, 89: 4.30071382522583, 72: 4.306062126159668, 132: 4.306465911865234, 'acc_5': 0.8434, 'acc_1': 0.8102}
data saved

| Test	 Net1  Acc: 26.44%

==== Epoch:141 Test ACC:26.44 ====

Ensenble {92: 4.288559913635254, 90: 4.298672008514404, 89: 4.30071382522583, 72: 4.306062126159668, 132: 4.306465911865234, 'acc_5': 0.8434, 'acc_1': 0.8102}
data saved

| Test	 Net1  Acc: 33.84%

==== Epoch:142 Test ACC:33.84 ====

Ensenble {92: 4.288559913635254, 90: 4.298672008514404, 89: 4.30071382522583, 72: 4.306062126159668, 132: 4.306465911865234, 'acc_5': 0.8434, 'acc_1': 0.8102}
data saved

| Test	 Net1  Acc: 38.06%

==== Epoch:143 Test ACC:38.06 ====

Ensenble {92: 4.288559913635254, 90: 4.298672008514404, 89: 4.30071382522583, 72: 4.306062126159668, 132: 4.306465911865234, 'acc_5': 0.8434, 'acc_1': 0.8102}
data saved

| Test	 Net1  Acc: 27.52%

==== Epoch:144 Test ACC:27.52 ====

Ensenble {92: 4.288559913635254, 90: 4.298672008514404, 89: 4.30071382522583, 72: 4.306062126159668, 132: 4.306465911865234, 'acc_5': 0.8434, 'acc_1': 0.8102}
data saved

| Test	 Net1  Acc: 36.60%

==== Epoch:145 Test ACC:36.6 ====

Ensenble {92: 4.288559913635254, 90: 4.298672008514404, 89: 4.30071382522583, 72: 4.306062126159668, 132: 4.306465911865234, 'acc_5': 0.8434, 'acc_1': 0.8102}
data saved

| Test	 Net1  Acc: 45.92%

==== Epoch:146 Test ACC:45.92 ====

Ensenble {92: 4.288559913635254, 90: 4.298672008514404, 89: 4.30071382522583, 72: 4.306062126159668, 132: 4.306465911865234, 'acc_5': 0.8434, 'acc_1': 0.8102}
data saved

| Test	 Net1  Acc: 49.30%

==== Epoch:147 Test ACC:49.3 ====

Ensenble {92: 4.288559913635254, 90: 4.298672008514404, 89: 4.30071382522583, 72: 4.306062126159668, 132: 4.306465911865234, 'acc_5': 0.8434, 'acc_1': 0.8102}
data saved

| Test	 Net1  Acc: 52.84%

==== Epoch:148 Test ACC:52.84 ====

Ensenble {92: 4.288559913635254, 90: 4.298672008514404, 89: 4.30071382522583, 72: 4.306062126159668, 132: 4.306465911865234, 'acc_5': 0.8434, 'acc_1': 0.8102}
data saved

| Test	 Net1  Acc: 54.30%

==== Epoch:149 Test ACC:54.3 ====

Ensenble {92: 4.288559913635254, 90: 4.298672008514404, 89: 4.30071382522583, 72: 4.306062126159668, 132: 4.306465911865234, 'acc_5': 0.8434, 'acc_1': 0.8102}
data saved

| Test	 Net1  Acc: 58.40%

==== Epoch:150 Test ACC:58.4 ====

Ensenble {92: 4.288559913635254, 90: 4.298672008514404, 89: 4.30071382522583, 72: 4.306062126159668, 132: 4.306465911865234, 'acc_5': 0.8434, 'acc_1': 0.8102}
data saved

| Test	 Net1  Acc: 56.08%

==== Epoch:151 Test ACC:56.08 ====

Ensenble {92: 4.288559913635254, 90: 4.298672008514404, 89: 4.30071382522583, 72: 4.306062126159668, 132: 4.306465911865234, 'acc_5': 0.8434, 'acc_1': 0.8102}
data saved

| Test	 Net1  Acc: 52.00%

==== Epoch:152 Test ACC:52.0 ====

Ensenble {92: 4.288559913635254, 90: 4.298672008514404, 89: 4.30071382522583, 72: 4.306062126159668, 132: 4.306465911865234, 'acc_5': 0.8434, 'acc_1': 0.8102}
data saved

| Test	 Net1  Acc: 50.46%

==== Epoch:153 Test ACC:50.46 ====

Ensenble {92: 4.288559913635254, 90: 4.298672008514404, 89: 4.30071382522583, 72: 4.306062126159668, 132: 4.306465911865234, 'acc_5': 0.8434, 'acc_1': 0.8102}
data saved

| Test	 Net1  Acc: 51.04%

==== Epoch:154 Test ACC:51.04 ====

Ensenble {92: 4.288559913635254, 90: 4.298672008514404, 89: 4.30071382522583, 72: 4.306062126159668, 132: 4.306465911865234, 'acc_5': 0.8434, 'acc_1': 0.8102}
data saved

| Test	 Net1  Acc: 47.48%

==== Epoch:155 Test ACC:47.48 ====

Ensenble {92: 4.288559913635254, 90: 4.298672008514404, 89: 4.30071382522583, 72: 4.306062126159668, 132: 4.306465911865234, 'acc_5': 0.8434, 'acc_1': 0.8102}
data saved

| Test	 Net1  Acc: 27.46%

==== Epoch:156 Test ACC:27.46 ====

Ensenble {92: 4.288559913635254, 90: 4.298672008514404, 89: 4.30071382522583, 72: 4.306062126159668, 132: 4.306465911865234, 'acc_5': 0.8434, 'acc_1': 0.8102}
data saved

| Test	 Net1  Acc: 33.02%

==== Epoch:157 Test ACC:33.02 ====

Ensenble {92: 4.288559913635254, 90: 4.298672008514404, 89: 4.30071382522583, 72: 4.306062126159668, 132: 4.306465911865234, 'acc_5': 0.8434, 'acc_1': 0.8102}
data saved

| Test	 Net1  Acc: 44.52%

==== Epoch:158 Test ACC:44.52 ====

Ensenble {92: 4.288559913635254, 90: 4.298672008514404, 89: 4.30071382522583, 72: 4.306062126159668, 132: 4.306465911865234, 'acc_5': 0.8434, 'acc_1': 0.8102}
data saved

| Test	 Net1  Acc: 30.52%

==== Epoch:159 Test ACC:30.52 ====

Ensenble {92: 4.288559913635254, 90: 4.298672008514404, 89: 4.30071382522583, 72: 4.306062126159668, 132: 4.306465911865234, 'acc_5': 0.8434, 'acc_1': 0.8102}
data saved

| Test	 Net1  Acc: 45.00%

==== Epoch:160 Test ACC:45.0 ====

Ensenble {92: 4.288559913635254, 90: 4.298672008514404, 89: 4.30071382522583, 72: 4.306062126159668, 132: 4.306465911865234, 'acc_5': 0.8434, 'acc_1': 0.8102}
data saved

| Test	 Net1  Acc: 34.90%

==== Epoch:161 Test ACC:34.9 ====

Ensenble {92: 4.288559913635254, 90: 4.298672008514404, 89: 4.30071382522583, 72: 4.306062126159668, 132: 4.306465911865234, 'acc_5': 0.8434, 'acc_1': 0.8102}
data saved

| Test	 Net1  Acc: 39.34%

==== Epoch:162 Test ACC:39.34 ====

Ensenble {92: 4.288559913635254, 90: 4.298672008514404, 89: 4.30071382522583, 72: 4.306062126159668, 132: 4.306465911865234, 'acc_5': 0.8434, 'acc_1': 0.8102}
data saved

| Test	 Net1  Acc: 42.48%

==== Epoch:163 Test ACC:42.48 ====

Ensenble {92: 4.288559913635254, 90: 4.298672008514404, 89: 4.30071382522583, 72: 4.306062126159668, 132: 4.306465911865234, 'acc_5': 0.8434, 'acc_1': 0.8102}
data saved

| Test	 Net1  Acc: 43.06%

==== Epoch:164 Test ACC:43.06 ====

Ensenble {92: 4.288559913635254, 90: 4.298672008514404, 89: 4.30071382522583, 72: 4.306062126159668, 132: 4.306465911865234, 'acc_5': 0.8434, 'acc_1': 0.8102}
data saved

| Test	 Net1  Acc: 50.62%

==== Epoch:165 Test ACC:50.62 ====

Ensenble {92: 4.288559913635254, 90: 4.298672008514404, 89: 4.30071382522583, 72: 4.306062126159668, 132: 4.306465911865234, 'acc_5': 0.8434, 'acc_1': 0.8102}
data saved

| Test	 Net1  Acc: 55.12%

==== Epoch:166 Test ACC:55.12 ====

Ensenble {92: 4.288559913635254, 90: 4.298672008514404, 89: 4.30071382522583, 72: 4.306062126159668, 132: 4.306465911865234, 'acc_5': 0.8434, 'acc_1': 0.8102}
data saved

| Test	 Net1  Acc: 58.26%

==== Epoch:167 Test ACC:58.26 ====

Ensenble {92: 4.288559913635254, 90: 4.298672008514404, 89: 4.30071382522583, 72: 4.306062126159668, 132: 4.306465911865234, 'acc_5': 0.8434, 'acc_1': 0.8102}
data saved

| Test	 Net1  Acc: 56.46%

==== Epoch:168 Test ACC:56.46 ====

Ensenble {92: 4.288559913635254, 90: 4.298672008514404, 89: 4.30071382522583, 72: 4.306062126159668, 132: 4.306465911865234, 'acc_5': 0.8434, 'acc_1': 0.8102}
data saved

| Test	 Net1  Acc: 62.58%

==== Epoch:169 Test ACC:62.58 ====

Ensenble {92: 4.288559913635254, 90: 4.298672008514404, 89: 4.30071382522583, 72: 4.306062126159668, 132: 4.306465911865234, 'acc_5': 0.8434, 'acc_1': 0.8102}
data saved

| Test	 Net1  Acc: 64.86%

==== Epoch:170 Test ACC:64.86 ====

Ensenble {92: 4.288559913635254, 90: 4.298672008514404, 89: 4.30071382522583, 72: 4.306062126159668, 132: 4.306465911865234, 'acc_5': 0.8434, 'acc_1': 0.8102}
data saved

| Test	 Net1  Acc: 63.82%

==== Epoch:171 Test ACC:63.82 ====

Ensenble {92: 4.288559913635254, 90: 4.298672008514404, 89: 4.30071382522583, 72: 4.306062126159668, 132: 4.306465911865234, 'acc_5': 0.8434, 'acc_1': 0.8102}
data saved

| Test	 Net1  Acc: 63.04%

==== Epoch:172 Test ACC:63.04 ====

Ensenble {92: 4.288559913635254, 90: 4.298672008514404, 89: 4.30071382522583, 72: 4.306062126159668, 132: 4.306465911865234, 'acc_5': 0.8434, 'acc_1': 0.8102}
data saved

| Test	 Net1  Acc: 48.98%

==== Epoch:173 Test ACC:48.98 ====

Ensenble {92: 4.288559913635254, 90: 4.298672008514404, 89: 4.30071382522583, 72: 4.306062126159668, 132: 4.306465911865234, 'acc_5': 0.8434, 'acc_1': 0.8102}
data saved

| Test	 Net1  Acc: 53.46%

==== Epoch:174 Test ACC:53.46 ====

Ensenble {92: 4.288559913635254, 90: 4.298672008514404, 89: 4.30071382522583, 72: 4.306062126159668, 132: 4.306465911865234, 'acc_5': 0.8434, 'acc_1': 0.8102}
data saved

| Test	 Net1  Acc: 53.46%

==== Epoch:175 Test ACC:53.46 ====

Ensenble {92: 4.288559913635254, 90: 4.298672008514404, 89: 4.30071382522583, 72: 4.306062126159668, 132: 4.306465911865234, 'acc_5': 0.8434, 'acc_1': 0.8102}
data saved
