/home/rhu/anaconda3/envs/py310/lib/python3.10/site-packages/torchvision/io/image.py:13: UserWarning: Failed to load image Python extension: '/home/rhu/anaconda3/envs/py310/lib/python3.10/site-packages/torchvision/image.so: undefined symbol: _ZN3c1017RegisterOperatorsD1Ev'If you don't plan on using image functionality from `torchvision.io`, you can ignore this warning. Otherwise, there might be something wrong with your environment. Did you have `libjpeg` or `libpng` installed before building `torchvision` from source?
  warn(
already save noisy label file.
1000 1000
already save noisy label file.
1000 1000
| Building net
already save noisy label file.
already save noisy label file.
Warmup Net1

Warmup Net2

| Test Epoch #0	 Accuracy: 14.13%

already save noisy label file.
already save noisy label file.
Warmup Net1

Warmup Net2

| Test Epoch #1	 Accuracy: 20.66%

already save noisy label file.
already save noisy label file.
Warmup Net1

Warmup Net2

| Test Epoch #2	 Accuracy: 27.72%

already save noisy label file.
already save noisy label file.
Warmup Net1

Warmup Net2

| Test Epoch #3	 Accuracy: 30.56%

already save noisy label file.
already save noisy label file.
Warmup Net1

Warmup Net2

| Test Epoch #4	 Accuracy: 38.12%

already save noisy label file.
already save noisy label file.
Warmup Net1

Warmup Net2

| Test Epoch #5	 Accuracy: 41.56%

already save noisy label file.
already save noisy label file.
Warmup Net1

Warmup Net2

| Test Epoch #6	 Accuracy: 41.56%

already save noisy label file.
already save noisy label file.
Warmup Net1

Warmup Net2

| Test Epoch #7	 Accuracy: 46.11%

already save noisy label file.
already save noisy label file.
Warmup Net1

Warmup Net2

| Test Epoch #8	 Accuracy: 47.07%

already save noisy label file.
already save noisy label file.
Warmup Net1

Warmup Net2

| Test Epoch #9	 Accuracy: 48.63%

already save noisy label file.
already save noisy label file.
Warmup Net1

Warmup Net2

| Test Epoch #10	 Accuracy: 50.93%

already save noisy label file.
already save noisy label file.
Warmup Net1

Warmup Net2

| Test Epoch #11	 Accuracy: 52.02%

already save noisy label file.
already save noisy label file.
Warmup Net1

Warmup Net2

| Test Epoch #12	 Accuracy: 53.11%

already save noisy label file.
already save noisy label file.
Warmup Net1

Warmup Net2

| Test Epoch #13	 Accuracy: 53.61%

already save noisy label file.
already save noisy label file.
Warmup Net1

Warmup Net2

| Test Epoch #14	 Accuracy: 53.48%

already save noisy label file.
already save noisy label file.
Warmup Net1

Warmup Net2

| Test Epoch #15	 Accuracy: 54.07%

already save noisy label file.
already save noisy label file.
Warmup Net1

Warmup Net2

| Test Epoch #16	 Accuracy: 54.61%

already save noisy label file.
already save noisy label file.
Warmup Net1

Warmup Net2

| Test Epoch #17	 Accuracy: 55.09%

already save noisy label file.
already save noisy label file.
Warmup Net1

Warmup Net2

| Test Epoch #18	 Accuracy: 54.54%

already save noisy label file.
already save noisy label file.
Warmup Net1

Warmup Net2

| Test Epoch #19	 Accuracy: 53.23%

already save noisy label file.
already save noisy label file.
Warmup Net1

Warmup Net2

| Test Epoch #20	 Accuracy: 54.82%

already save noisy label file.
already save noisy label file.
Warmup Net1

Warmup Net2

| Test Epoch #21	 Accuracy: 53.54%

already save noisy label file.
already save noisy label file.
Warmup Net1

Warmup Net2

| Test Epoch #22	 Accuracy: 55.05%

already save noisy label file.
already save noisy label file.
Warmup Net1

Warmup Net2

| Test Epoch #23	 Accuracy: 55.32%

already save noisy label file.
already save noisy label file.
Warmup Net1

Warmup Net2

| Test Epoch #24	 Accuracy: 54.80%

already save noisy label file.
already save noisy label file.
Warmup Net1

Warmup Net2

| Test Epoch #25	 Accuracy: 53.76%

already save noisy label file.
already save noisy label file.
Warmup Net1

Warmup Net2

| Test Epoch #26	 Accuracy: 53.82%

already save noisy label file.
already save noisy label file.
Warmup Net1

Warmup Net2

| Test Epoch #27	 Accuracy: 56.32%

already save noisy label file.
already save noisy label file.
Warmup Net1

Warmup Net2

| Test Epoch #28	 Accuracy: 55.88%

already save noisy label file.
already save noisy label file.
Warmup Net1

Warmup Net2

| Test Epoch #29	 Accuracy: 56.00%

already save noisy label file.
/home/rhu/anaconda3/envs/py310/lib/python3.10/site-packages/torchnet/meter/aucmeter.py:28: UserWarning: TypedStorage is deprecated. It will be removed in the future and UntypedStorage will be the only storage class. This should only matter to you if you are using storages directly.  To access UntypedStorage directly, use tensor.untyped_storage() instead of tensor.storage()
  self.scores = torch.DoubleTensor(torch.DoubleStorage()).numpy()
Train Net1
already save noisy label file.
Numer of labeled samples:37672   AUC:0.828

labeled data has a size of 37672
already save noisy label file.
unlabeled data has a size of 12328

Train Net2
already save noisy label file.
Numer of labeled samples:37484   AUC:0.834

labeled data has a size of 37484
already save noisy label file.
unlabeled data has a size of 12516
Training time 0:10:18
Traceback (most recent call last):
  File "/home/rhu/r_work/VRI/VRI_DivideMix/Train_cifar_vri_mix.py", line 502, in <module>
    meta_acc_1,meta_clid_1= test_meta(model=net1, meta_loader=first_meta,meta_goal=args.meta_goal,args=args)
  File "/home/rhu/r_work/VRI/VRI_DivideMix/utils.py", line 107, in test_meta
    for batch_idx, (inputs, targets) in enumerate(meta_loader):
ValueError: too many values to unpack (expected 2)
