/home/rhu/anaconda3/envs/py310/lib/python3.10/site-packages/torchvision/io/image.py:13: UserWarning: Failed to load image Python extension: '/home/rhu/anaconda3/envs/py310/lib/python3.10/site-packages/torchvision/image.so: undefined symbol: _ZN3c1017RegisterOperatorsD1Ev'If you don't plan on using image functionality from `torchvision.io`, you can ignore this warning. Otherwise, there might be something wrong with your environment. Did you have `libjpeg` or `libpng` installed before building `torchvision` from source?
  warn(
Namespace(batch_size=64, lr=0.02, alpha=4, lambda_u=0, p_threshold=0, T=0.5, num_epochs=300, id='redmini_vri', data_path='/home/rhu/r_work/VRI/VRI_DivideMix/data/red_mini_imagenet_s32', seed='8', gpuid=0, num_class=100, num_batches=1000, log_wandb=False, wandb_project='', wandb_experiment='', wandb_entity='', wandb_resume=False, need_clean=False, single_meta=0, moco_pretrained=None, warmup=20, cos_lr=False, lam=0.01, meta_goal='ce', tau=0.5, meta_lr=0.0003, meta_bsz=100, split='red_noise_nl_0.8')
| Building net
Warmup Net1

Warmup Net2

| Test	 Net1  Acc: 15.40%

| Test	 Net2  Acc: 16.02%

==== net 1 evaluate next epoch training data loss ====

| Test Acc: 17.76%


==== Test ACC:17.76 ====
Warmup Net1

Warmup Net2

| Test	 Net1  Acc: 20.06%

| Test	 Net2  Acc: 20.16%

==== net 1 evaluate next epoch training data loss ====

| Test Acc: 22.18%


==== Test ACC:22.18 ====
Warmup Net1

Warmup Net2

| Test	 Net1  Acc: 25.10%

| Test	 Net2  Acc: 25.18%

==== net 1 evaluate next epoch training data loss ====

| Test Acc: 28.10%


==== Test ACC:28.1 ====
Warmup Net1

Warmup Net2

| Test	 Net1  Acc: 27.38%

| Test	 Net2  Acc: 27.00%

==== net 1 evaluate next epoch training data loss ====

| Test Acc: 29.86%


==== Test ACC:29.86 ====
Warmup Net1

Warmup Net2

| Test	 Net1  Acc: 29.34%

| Test	 Net2  Acc: 27.00%

==== net 1 evaluate next epoch training data loss ====

| Test Acc: 30.84%


==== Test ACC:30.84 ====
Warmup Net1

Warmup Net2

| Test	 Net1  Acc: 31.54%

| Test	 Net2  Acc: 30.04%

==== net 1 evaluate next epoch training data loss ====

| Test Acc: 34.12%


==== Test ACC:34.12 ====
Warmup Net1

Warmup Net2

| Test	 Net1  Acc: 30.46%

| Test	 Net2  Acc: 31.20%

==== net 1 evaluate next epoch training data loss ====

| Test Acc: 34.08%


==== Test ACC:34.08 ====
Warmup Net1

Warmup Net2

| Test	 Net1  Acc: 32.96%

| Test	 Net2  Acc: 31.06%

==== net 1 evaluate next epoch training data loss ====

| Test Acc: 35.72%


==== Test ACC:35.72 ====
Warmup Net1

Warmup Net2

| Test	 Net1  Acc: 33.62%

| Test	 Net2  Acc: 34.36%

==== net 1 evaluate next epoch training data loss ====

| Test Acc: 37.10%


==== Test ACC:37.1 ====
Warmup Net1

Warmup Net2

| Test	 Net1  Acc: 36.32%

| Test	 Net2  Acc: 34.74%

==== net 1 evaluate next epoch training data loss ====

| Test Acc: 38.34%


==== Test ACC:38.34 ====
Warmup Net1

Warmup Net2

| Test	 Net1  Acc: 35.30%

| Test	 Net2  Acc: 36.04%

==== net 1 evaluate next epoch training data loss ====

| Test Acc: 38.66%


==== Test ACC:38.66 ====
Warmup Net1

Warmup Net2

| Test	 Net1  Acc: 36.16%

| Test	 Net2  Acc: 36.38%

==== net 1 evaluate next epoch training data loss ====

| Test Acc: 39.54%


==== Test ACC:39.54 ====
Warmup Net1

Warmup Net2

| Test	 Net1  Acc: 34.94%

| Test	 Net2  Acc: 36.14%

==== net 1 evaluate next epoch training data loss ====

| Test Acc: 38.96%


==== Test ACC:38.96 ====
Warmup Net1

Warmup Net2

| Test	 Net1  Acc: 38.08%

| Test	 Net2  Acc: 38.14%

==== net 1 evaluate next epoch training data loss ====

| Test Acc: 41.44%


==== Test ACC:41.44 ====
Warmup Net1

Warmup Net2

| Test	 Net1  Acc: 37.26%

| Test	 Net2  Acc: 37.18%

==== net 1 evaluate next epoch training data loss ====

| Test Acc: 41.80%


==== Test ACC:41.8 ====
Warmup Net1

Warmup Net2

| Test	 Net1  Acc: 37.08%

| Test	 Net2  Acc: 35.94%

==== net 1 evaluate next epoch training data loss ====

| Test Acc: 39.88%


==== Test ACC:39.88 ====
Warmup Net1

Warmup Net2

| Test	 Net1  Acc: 37.48%

| Test	 Net2  Acc: 37.36%

==== net 1 evaluate next epoch training data loss ====

| Test Acc: 41.42%


==== Test ACC:41.42 ====
Warmup Net1

Warmup Net2

| Test	 Net1  Acc: 39.22%

| Test	 Net2  Acc: 38.50%

==== net 1 evaluate next epoch training data loss ====

| Test Acc: 42.52%


==== Test ACC:42.52 ====
Warmup Net1

Warmup Net2

| Test	 Net1  Acc: 39.40%

| Test	 Net2  Acc: 39.52%

==== net 1 evaluate next epoch training data loss ====

| Test Acc: 43.28%


==== Test ACC:43.28 ====
Warmup Net1

Warmup Net2

| Test	 Net1  Acc: 39.14%

| Test	 Net2  Acc: 39.54%

==== net 1 evaluate next epoch training data loss ====

| Test Acc: 43.00%


==== Test ACC:43.0 ====


Train Net1
labeled data has a size of 28237
labeled data has a size of 28237
unlabeled data has a size of 21773
labeled data has a size of 27797
labeled data has a size of 27797
unlabeled data has a size of 22213

Train Net2

| Test	 Net1  Acc: 38.50%

| Test	 Net2  Acc: 37.58%

==== net 1 evaluate next epoch training data loss ====

| Test Acc: 40.74%


==== Test ACC:40.74 ====


Train Net1
labeled data has a size of 31248
labeled data has a size of 31248
unlabeled data has a size of 18762
labeled data has a size of 30914
labeled data has a size of 30914
unlabeled data has a size of 19096

Train Net2

| Test	 Net1  Acc: 32.86%

| Test	 Net2  Acc: 37.36%

==== net 1 evaluate next epoch training data loss ====

| Test Acc: 38.02%


==== Test ACC:38.02 ====


Train Net1
labeled data has a size of 30944
labeled data has a size of 30944
unlabeled data has a size of 19066
labeled data has a size of 31834
labeled data has a size of 31834
unlabeled data has a size of 18176

Train Net2

| Test	 Net1  Acc: 37.28%

| Test	 Net2  Acc: 36.82%

==== net 1 evaluate next epoch training data loss ====

| Test Acc: 39.94%


==== Test ACC:39.94 ====


Train Net1
labeled data has a size of 32237
labeled data has a size of 32237
unlabeled data has a size of 17773
labeled data has a size of 32293
labeled data has a size of 32293
unlabeled data has a size of 17717

Train Net2

| Test	 Net1  Acc: 36.84%

| Test	 Net2  Acc: 37.74%

==== net 1 evaluate next epoch training data loss ====

| Test Acc: 40.32%


==== Test ACC:40.32 ====


Train Net1
labeled data has a size of 32313
labeled data has a size of 32313
unlabeled data has a size of 17697
labeled data has a size of 32391
labeled data has a size of 32391
unlabeled data has a size of 17619

Train Net2

| Test	 Net1  Acc: 36.54%

| Test	 Net2  Acc: 38.32%

==== net 1 evaluate next epoch training data loss ====

| Test Acc: 40.02%


==== Test ACC:40.02 ====


Train Net1
labeled data has a size of 32822
labeled data has a size of 32822
unlabeled data has a size of 17188
labeled data has a size of 32579
labeled data has a size of 32579
unlabeled data has a size of 17431

Train Net2

| Test	 Net1  Acc: 36.74%

| Test	 Net2  Acc: 38.18%

==== net 1 evaluate next epoch training data loss ====

| Test Acc: 40.60%


==== Test ACC:40.6 ====


Train Net1
labeled data has a size of 32734
labeled data has a size of 32734
unlabeled data has a size of 17276
labeled data has a size of 32900
labeled data has a size of 32900
unlabeled data has a size of 17110

Train Net2

| Test	 Net1  Acc: 37.72%

| Test	 Net2  Acc: 38.20%

==== net 1 evaluate next epoch training data loss ====

| Test Acc: 40.94%


==== Test ACC:40.94 ====


Train Net1
labeled data has a size of 33062
labeled data has a size of 33062
unlabeled data has a size of 16948
labeled data has a size of 33827
labeled data has a size of 33827
unlabeled data has a size of 16183

Train Net2

| Test	 Net1  Acc: 39.70%

| Test	 Net2  Acc: 37.72%

==== net 1 evaluate next epoch training data loss ====

| Test Acc: 41.12%


==== Test ACC:41.12 ====


Train Net1
labeled data has a size of 33974
labeled data has a size of 33974
unlabeled data has a size of 16036
labeled data has a size of 33439
labeled data has a size of 33439
unlabeled data has a size of 16571

Train Net2

| Test	 Net1  Acc: 39.26%

| Test	 Net2  Acc: 39.84%

==== net 1 evaluate next epoch training data loss ====

| Test Acc: 41.92%


==== Test ACC:41.92 ====


Train Net1
labeled data has a size of 32613
labeled data has a size of 32613
unlabeled data has a size of 17397
labeled data has a size of 33439
labeled data has a size of 33439
unlabeled data has a size of 16571

Train Net2

| Test	 Net1  Acc: 39.58%

| Test	 Net2  Acc: 38.56%

==== net 1 evaluate next epoch training data loss ====

| Test Acc: 41.52%


==== Test ACC:41.52 ====


Train Net1
labeled data has a size of 33459
labeled data has a size of 33459
unlabeled data has a size of 16551
labeled data has a size of 33663
labeled data has a size of 33663
unlabeled data has a size of 16347

Train Net2

| Test	 Net1  Acc: 39.14%

| Test	 Net2  Acc: 38.86%

==== net 1 evaluate next epoch training data loss ====

| Test Acc: 41.62%


==== Test ACC:41.62 ====


Train Net1
labeled data has a size of 33554
labeled data has a size of 33554
unlabeled data has a size of 16456
labeled data has a size of 33512
labeled data has a size of 33512
unlabeled data has a size of 16498

Train Net2

| Test	 Net1  Acc: 38.98%

| Test	 Net2  Acc: 36.68%

==== net 1 evaluate next epoch training data loss ====

| Test Acc: 39.94%


==== Test ACC:39.94 ====


Train Net1
labeled data has a size of 33505
labeled data has a size of 33505
unlabeled data has a size of 16505
labeled data has a size of 33287
labeled data has a size of 33287
unlabeled data has a size of 16723

Train Net2

| Test	 Net1  Acc: 38.18%

| Test	 Net2  Acc: 39.00%

==== net 1 evaluate next epoch training data loss ====

| Test Acc: 42.16%


==== Test ACC:42.16 ====


Train Net1
labeled data has a size of 35071
labeled data has a size of 35071
unlabeled data has a size of 14939
labeled data has a size of 33008
labeled data has a size of 33008
unlabeled data has a size of 17002

Train Net2

| Test	 Net1  Acc: 39.72%

| Test	 Net2  Acc: 38.80%

==== net 1 evaluate next epoch training data loss ====

| Test Acc: 42.20%


==== Test ACC:42.2 ====


Train Net1
labeled data has a size of 33160
labeled data has a size of 33160
unlabeled data has a size of 16850
labeled data has a size of 33523
labeled data has a size of 33523
unlabeled data has a size of 16487

Train Net2

| Test	 Net1  Acc: 38.30%

| Test	 Net2  Acc: 38.68%

==== net 1 evaluate next epoch training data loss ====

| Test Acc: 40.74%


==== Test ACC:40.74 ====


Train Net1
labeled data has a size of 33395
labeled data has a size of 33395
unlabeled data has a size of 16615
labeled data has a size of 33968
labeled data has a size of 33968
unlabeled data has a size of 16042

Train Net2

| Test	 Net1  Acc: 39.64%

| Test	 Net2  Acc: 39.42%

==== net 1 evaluate next epoch training data loss ====

| Test Acc: 42.28%


==== Test ACC:42.28 ====


Train Net1
labeled data has a size of 34131
labeled data has a size of 34131
unlabeled data has a size of 15879
labeled data has a size of 33068
labeled data has a size of 33068
unlabeled data has a size of 16942

Train Net2

| Test	 Net1  Acc: 38.84%

| Test	 Net2  Acc: 38.94%

==== net 1 evaluate next epoch training data loss ====

| Test Acc: 41.54%


==== Test ACC:41.54 ====


Train Net1
labeled data has a size of 33011
labeled data has a size of 33011
unlabeled data has a size of 16999
labeled data has a size of 33832
labeled data has a size of 33832
unlabeled data has a size of 16178

Train Net2

| Test	 Net1  Acc: 39.16%

| Test	 Net2  Acc: 39.48%

==== net 1 evaluate next epoch training data loss ====

| Test Acc: 42.02%


==== Test ACC:42.02 ====


Train Net1
labeled data has a size of 33154
labeled data has a size of 33154
unlabeled data has a size of 16856
labeled data has a size of 34000
labeled data has a size of 34000
unlabeled data has a size of 16010

Train Net2

| Test	 Net1  Acc: 39.36%

| Test	 Net2  Acc: 36.86%

==== net 1 evaluate next epoch training data loss ====

| Test Acc: 41.38%


==== Test ACC:41.38 ====


Train Net1
labeled data has a size of 34330
labeled data has a size of 34330
unlabeled data has a size of 15680
labeled data has a size of 34099
labeled data has a size of 34099
unlabeled data has a size of 15911

Train Net2

| Test	 Net1  Acc: 39.56%

| Test	 Net2  Acc: 39.26%

==== net 1 evaluate next epoch training data loss ====

| Test Acc: 42.12%


==== Test ACC:42.12 ====


Train Net1
labeled data has a size of 34377
labeled data has a size of 34377
unlabeled data has a size of 15633
labeled data has a size of 34411
labeled data has a size of 34411
unlabeled data has a size of 15599

Train Net2

| Test	 Net1  Acc: 39.22%

| Test	 Net2  Acc: 38.78%

==== net 1 evaluate next epoch training data loss ====

| Test Acc: 42.10%


==== Test ACC:42.1 ====


Train Net1
labeled data has a size of 32758
labeled data has a size of 32758
unlabeled data has a size of 17252
labeled data has a size of 32479
labeled data has a size of 32479
unlabeled data has a size of 17531

Train Net2

| Test	 Net1  Acc: 38.56%

| Test	 Net2  Acc: 39.48%

==== net 1 evaluate next epoch training data loss ====

| Test Acc: 41.86%


==== Test ACC:41.86 ====


Train Net1
labeled data has a size of 33646
labeled data has a size of 33646
unlabeled data has a size of 16364
labeled data has a size of 32908
labeled data has a size of 32908
unlabeled data has a size of 17102

Train Net2

| Test	 Net1  Acc: 37.62%

| Test	 Net2  Acc: 39.18%

==== net 1 evaluate next epoch training data loss ====

| Test Acc: 41.48%


==== Test ACC:41.48 ====


Train Net1
labeled data has a size of 33257
labeled data has a size of 33257
unlabeled data has a size of 16753
labeled data has a size of 32280
labeled data has a size of 32280
unlabeled data has a size of 17730

Train Net2

| Test	 Net1  Acc: 39.40%

| Test	 Net2  Acc: 39.86%

==== net 1 evaluate next epoch training data loss ====

| Test Acc: 42.14%


==== Test ACC:42.14 ====


Train Net1
labeled data has a size of 32110
labeled data has a size of 32110
unlabeled data has a size of 17900
labeled data has a size of 32963
labeled data has a size of 32963
unlabeled data has a size of 17047

Train Net2

| Test	 Net1  Acc: 36.76%

| Test	 Net2  Acc: 39.14%

==== net 1 evaluate next epoch training data loss ====

| Test Acc: 41.26%


==== Test ACC:41.26 ====


Train Net1
labeled data has a size of 33773
labeled data has a size of 33773
unlabeled data has a size of 16237
labeled data has a size of 31721
labeled data has a size of 31721
unlabeled data has a size of 18289

Train Net2

| Test	 Net1  Acc: 39.34%

| Test	 Net2  Acc: 39.64%

==== net 1 evaluate next epoch training data loss ====

| Test Acc: 42.54%


==== Test ACC:42.54 ====


Train Net1
labeled data has a size of 32964
labeled data has a size of 32964
unlabeled data has a size of 17046
labeled data has a size of 34213
labeled data has a size of 34213
unlabeled data has a size of 15797

Train Net2

| Test	 Net1  Acc: 39.12%

| Test	 Net2  Acc: 38.48%

==== net 1 evaluate next epoch training data loss ====

| Test Acc: 41.96%


==== Test ACC:41.96 ====


Train Net1
labeled data has a size of 34703
labeled data has a size of 34703
unlabeled data has a size of 15307
labeled data has a size of 33958
labeled data has a size of 33958
unlabeled data has a size of 16052

Train Net2

| Test	 Net1  Acc: 39.52%

| Test	 Net2  Acc: 39.60%

==== net 1 evaluate next epoch training data loss ====

| Test Acc: 42.40%


==== Test ACC:42.4 ====


Train Net1
labeled data has a size of 34509
labeled data has a size of 34509
unlabeled data has a size of 15501
labeled data has a size of 32621
labeled data has a size of 32621
unlabeled data has a size of 17389

Train Net2

| Test	 Net1  Acc: 40.54%

| Test	 Net2  Acc: 39.42%

==== net 1 evaluate next epoch training data loss ====

| Test Acc: 42.98%


==== Test ACC:42.98 ====


Train Net1
labeled data has a size of 32344
labeled data has a size of 32344
unlabeled data has a size of 17666
labeled data has a size of 34979
labeled data has a size of 34979
unlabeled data has a size of 15031

Train Net2

| Test	 Net1  Acc: 39.04%

| Test	 Net2  Acc: 38.68%

==== net 1 evaluate next epoch training data loss ====

| Test Acc: 41.30%


==== Test ACC:41.3 ====


Train Net1
labeled data has a size of 31313
labeled data has a size of 31313
unlabeled data has a size of 18697
labeled data has a size of 34212
labeled data has a size of 34212
unlabeled data has a size of 15798

Train Net2

| Test	 Net1  Acc: 39.68%

| Test	 Net2  Acc: 38.38%

==== net 1 evaluate next epoch training data loss ====

| Test Acc: 42.00%


==== Test ACC:42.0 ====


Train Net1
labeled data has a size of 33463
labeled data has a size of 33463
unlabeled data has a size of 16547
labeled data has a size of 31131
labeled data has a size of 31131
unlabeled data has a size of 18879

Train Net2

| Test	 Net1  Acc: 39.80%

| Test	 Net2  Acc: 39.38%

==== net 1 evaluate next epoch training data loss ====

| Test Acc: 42.40%


==== Test ACC:42.4 ====


Train Net1
labeled data has a size of 34377
labeled data has a size of 34377
unlabeled data has a size of 15633
labeled data has a size of 32046
labeled data has a size of 32046
unlabeled data has a size of 17964

Train Net2

| Test	 Net1  Acc: 39.26%

| Test	 Net2  Acc: 38.82%

==== net 1 evaluate next epoch training data loss ====

| Test Acc: 42.32%


==== Test ACC:42.32 ====


Train Net1
labeled data has a size of 34515
labeled data has a size of 34515
unlabeled data has a size of 15495
labeled data has a size of 32478
labeled data has a size of 32478
unlabeled data has a size of 17532

Train Net2

| Test	 Net1  Acc: 39.44%

| Test	 Net2  Acc: 39.78%

==== net 1 evaluate next epoch training data loss ====

| Test Acc: 42.62%


==== Test ACC:42.62 ====


Train Net1
labeled data has a size of 31795
labeled data has a size of 31795
unlabeled data has a size of 18215
labeled data has a size of 34524
labeled data has a size of 34524
unlabeled data has a size of 15486

Train Net2

| Test	 Net1  Acc: 39.34%

| Test	 Net2  Acc: 40.86%

==== net 1 evaluate next epoch training data loss ====

| Test Acc: 43.16%


==== Test ACC:43.16 ====


Train Net1
labeled data has a size of 33134
labeled data has a size of 33134
unlabeled data has a size of 16876
labeled data has a size of 32061
labeled data has a size of 32061
unlabeled data has a size of 17949

Train Net2
