/home/rhu/anaconda3/envs/py310/lib/python3.10/site-packages/torchvision/io/image.py:13: UserWarning: Failed to load image Python extension: '/home/rhu/anaconda3/envs/py310/lib/python3.10/site-packages/torchvision/image.so: undefined symbol: _ZN3c1017RegisterOperatorsD1Ev'If you don't plan on using image functionality from `torchvision.io`, you can ignore this warning. Otherwise, there might be something wrong with your environment. Did you have `libjpeg` or `libpng` installed before building `torchvision` from source?
  warn(
| Building net
Successfully load pre-trained model!!!
Successfully load pre-trained model!!!
data saved
data saved
Namespace(batch_size=128, lr=0.0003, alpha=0.5, lambda_u=0, p_threshold=0.5, T=0.5, num_epochs=200, id='clothing1m_vri', data_path='../data', seed='2', gpuid=0, num_class=10, num_batches=3000, log_wandb=False, wandb_project='', wandb_experiment='', wandb_entity='', wandb_resume=False, need_clean=False, single_meta=0, moco_pretrained='/home/rhu/r_work/VRI/VRI_DivideMix/pretrained/ckpt_clothing_resnet50.pth', warmup=0, cos_lr=False, lam=0.01, meta_goal='clid', tau=0.5, meta_lr=0.02, meta_bsz=200, model='resnet50')
data saved

| Test	 Net1  Acc: 73.50%

==== Epoch:0 Test ACC:73.5 ====

Ensenble {0: 4.730260562896729, 'acc_5': 0.735, 'acc_1': 0.735}
data saved

| Test	 Net1  Acc: 74.80%

==== Epoch:1 Test ACC:74.8 ====

Ensenble {1: 4.676187801361084, 0: 4.730260562896729, 'acc_5': 0.7724, 'acc_1': 0.748}
data saved

| Test	 Net1  Acc: 77.56%

==== Epoch:2 Test ACC:77.56 ====

Ensenble {2: 4.601188468933105, 1: 4.676187801361084, 0: 4.730260562896729, 'acc_5': 0.7976, 'acc_1': 0.7756}
data saved

| Test	 Net1  Acc: 79.34%

==== Epoch:3 Test ACC:79.34 ====

Ensenble {2: 4.601188468933105, 3: 4.603807735443115, 1: 4.676187801361084, 0: 4.730260562896729, 'acc_5': 0.8124, 'acc_1': 0.7756}
data saved

| Test	 Net1  Acc: 79.02%

==== Epoch:4 Test ACC:79.02 ====

Ensenble {4: 4.597748565673828, 2: 4.601188468933105, 3: 4.603807735443115, 1: 4.676187801361084, 0: 4.730260562896729, 'acc_5': 0.8228, 'acc_1': 0.7902}
data saved

| Test	 Net1  Acc: 78.02%

==== Epoch:5 Test ACC:78.02 ====

Ensenble {4: 4.597748565673828, 2: 4.601188468933105, 3: 4.603807735443115, 5: 4.633471202850342, 1: 4.676187801361084, 'acc_5': 0.8222, 'acc_1': 0.7902}
data saved

| Test	 Net1  Acc: 78.28%

==== Epoch:6 Test ACC:78.28 ====

Ensenble {6: 4.567068576812744, 4: 4.597748565673828, 2: 4.601188468933105, 3: 4.603807735443115, 5: 4.633471202850342, 'acc_5': 0.826, 'acc_1': 0.7828}
data saved

| Test	 Net1  Acc: 78.92%

==== Epoch:7 Test ACC:78.92 ====

Ensenble {7: 4.55388650894165, 6: 4.567068576812744, 4: 4.597748565673828, 2: 4.601188468933105, 3: 4.603807735443115, 'acc_5': 0.8314, 'acc_1': 0.7892}
data saved

| Test	 Net1  Acc: 78.18%

==== Epoch:8 Test ACC:78.18 ====

Ensenble {7: 4.55388650894165, 6: 4.567068576812744, 4: 4.597748565673828, 8: 4.598646736145019, 2: 4.601188468933105, 'acc_5': 0.8362, 'acc_1': 0.7892}
data saved

| Test	 Net1  Acc: 78.54%

==== Epoch:9 Test ACC:78.54 ====

Ensenble {7: 4.55388650894165, 6: 4.567068576812744, 9: 4.5953600883483885, 4: 4.597748565673828, 8: 4.598646736145019, 'acc_5': 0.8316, 'acc_1': 0.7892}
data saved

| Test	 Net1  Acc: 78.96%

==== Epoch:10 Test ACC:78.96 ====

Ensenble {10: 4.541549396514893, 7: 4.55388650894165, 6: 4.567068576812744, 9: 4.5953600883483885, 4: 4.597748565673828, 'acc_5': 0.831, 'acc_1': 0.7896}
data saved

| Test	 Net1  Acc: 78.78%

==== Epoch:11 Test ACC:78.78 ====

Ensenble {11: 4.476923084259033, 10: 4.541549396514893, 7: 4.55388650894165, 6: 4.567068576812744, 9: 4.5953600883483885, 'acc_5': 0.8272, 'acc_1': 0.7878}
data saved

| Test	 Net1  Acc: 78.86%

==== Epoch:12 Test ACC:78.86 ====

Ensenble {11: 4.476923084259033, 12: 4.502897262573242, 10: 4.541549396514893, 7: 4.55388650894165, 6: 4.567068576812744, 'acc_5': 0.828, 'acc_1': 0.7878}
data saved

| Test	 Net1  Acc: 78.28%

==== Epoch:13 Test ACC:78.28 ====

Ensenble {11: 4.476923084259033, 13: 4.4871197700500485, 12: 4.502897262573242, 10: 4.541549396514893, 7: 4.55388650894165, 'acc_5': 0.8228, 'acc_1': 0.7878}
data saved

| Test	 Net1  Acc: 76.46%

==== Epoch:14 Test ACC:76.46 ====

Ensenble {11: 4.476923084259033, 13: 4.4871197700500485, 12: 4.502897262573242, 14: 4.53469409942627, 10: 4.541549396514893, 'acc_5': 0.821, 'acc_1': 0.7878}
data saved

| Test	 Net1  Acc: 77.18%

==== Epoch:15 Test ACC:77.18 ====

Ensenble {11: 4.476923084259033, 13: 4.4871197700500485, 12: 4.502897262573242, 14: 4.53469409942627, 15: 4.539116859436035, 'acc_5': 0.8212, 'acc_1': 0.7878}
data saved

| Test	 Net1  Acc: 77.40%

==== Epoch:16 Test ACC:77.4 ====

Ensenble {11: 4.476923084259033, 13: 4.4871197700500485, 12: 4.502897262573242, 16: 4.5175354957580565, 14: 4.53469409942627, 'acc_5': 0.8196, 'acc_1': 0.7878}
data saved

| Test	 Net1  Acc: 77.06%

==== Epoch:17 Test ACC:77.06 ====

Ensenble {11: 4.476923084259033, 13: 4.4871197700500485, 12: 4.502897262573242, 17: 4.504932689666748, 16: 4.5175354957580565, 'acc_5': 0.8194, 'acc_1': 0.7878}
data saved

| Test	 Net1  Acc: 75.52%

==== Epoch:18 Test ACC:75.52 ====

Ensenble {11: 4.476923084259033, 13: 4.4871197700500485, 12: 4.502897262573242, 17: 4.504932689666748, 16: 4.5175354957580565, 'acc_5': 0.8194, 'acc_1': 0.7878}
data saved

| Test	 Net1  Acc: 77.78%

==== Epoch:19 Test ACC:77.78 ====

Ensenble {19: 4.470630836486817, 11: 4.476923084259033, 13: 4.4871197700500485, 12: 4.502897262573242, 17: 4.504932689666748, 'acc_5': 0.8222, 'acc_1': 0.7778}
data saved

| Test	 Net1  Acc: 75.46%

==== Epoch:20 Test ACC:75.46 ====

Ensenble {19: 4.470630836486817, 11: 4.476923084259033, 13: 4.4871197700500485, 12: 4.502897262573242, 17: 4.504932689666748, 'acc_5': 0.8222, 'acc_1': 0.7778}
data saved

| Test	 Net1  Acc: 77.46%

==== Epoch:21 Test ACC:77.46 ====

Ensenble {19: 4.470630836486817, 21: 4.473454761505127, 11: 4.476923084259033, 13: 4.4871197700500485, 12: 4.502897262573242, 'acc_5': 0.826, 'acc_1': 0.7778}
data saved

| Test	 Net1  Acc: 77.68%

==== Epoch:22 Test ACC:77.68 ====

Ensenble {19: 4.470630836486817, 21: 4.473454761505127, 11: 4.476923084259033, 13: 4.4871197700500485, 22: 4.492123222351074, 'acc_5': 0.8278, 'acc_1': 0.7778}
data saved

| Test	 Net1  Acc: 76.46%

==== Epoch:23 Test ACC:76.46 ====

Ensenble {19: 4.470630836486817, 21: 4.473454761505127, 11: 4.476923084259033, 13: 4.4871197700500485, 22: 4.492123222351074, 'acc_5': 0.8278, 'acc_1': 0.7778}
data saved

| Test	 Net1  Acc: 77.64%

==== Epoch:24 Test ACC:77.64 ====

Ensenble {19: 4.470630836486817, 24: 4.473394870758057, 21: 4.473454761505127, 11: 4.476923084259033, 13: 4.4871197700500485, 'acc_5': 0.8238, 'acc_1': 0.7778}
data saved

| Test	 Net1  Acc: 79.04%

==== Epoch:25 Test ACC:79.04 ====

Ensenble {25: 4.4623644828796385, 19: 4.470630836486817, 24: 4.473394870758057, 21: 4.473454761505127, 11: 4.476923084259033, 'acc_5': 0.8218, 'acc_1': 0.7904}
data saved

| Test	 Net1  Acc: 77.48%

==== Epoch:26 Test ACC:77.48 ====

Ensenble {25: 4.4623644828796385, 19: 4.470630836486817, 26: 4.47127513885498, 24: 4.473394870758057, 21: 4.473454761505127, 'acc_5': 0.8196, 'acc_1': 0.7904}
data saved

| Test	 Net1  Acc: 77.74%

==== Epoch:27 Test ACC:77.74 ====

Ensenble {25: 4.4623644828796385, 27: 4.468723964691162, 19: 4.470630836486817, 26: 4.47127513885498, 24: 4.473394870758057, 'acc_5': 0.8192, 'acc_1': 0.7904}
data saved

| Test	 Net1  Acc: 78.30%

==== Epoch:28 Test ACC:78.3 ====

Ensenble {25: 4.4623644828796385, 27: 4.468723964691162, 19: 4.470630836486817, 26: 4.47127513885498, 24: 4.473394870758057, 'acc_5': 0.8192, 'acc_1': 0.7904}
data saved

| Test	 Net1  Acc: 78.38%

==== Epoch:29 Test ACC:78.38 ====

Ensenble {25: 4.4623644828796385, 27: 4.468723964691162, 29: 4.468934822082519, 19: 4.470630836486817, 26: 4.47127513885498, 'acc_5': 0.8172, 'acc_1': 0.7904}
data saved

| Test	 Net1  Acc: 78.10%

==== Epoch:30 Test ACC:78.1 ====

Ensenble {25: 4.4623644828796385, 30: 4.464950275421143, 27: 4.468723964691162, 29: 4.468934822082519, 19: 4.470630836486817, 'acc_5': 0.8162, 'acc_1': 0.7904}
data saved

| Test	 Net1  Acc: 77.06%

==== Epoch:31 Test ACC:77.06 ====

Ensenble {25: 4.4623644828796385, 30: 4.464950275421143, 27: 4.468723964691162, 29: 4.468934822082519, 19: 4.470630836486817, 'acc_5': 0.8162, 'acc_1': 0.7904}
data saved

| Test	 Net1  Acc: 78.54%

==== Epoch:32 Test ACC:78.54 ====

Ensenble {25: 4.4623644828796385, 30: 4.464950275421143, 27: 4.468723964691162, 29: 4.468934822082519, 19: 4.470630836486817, 'acc_5': 0.8162, 'acc_1': 0.7904}
data saved

| Test	 Net1  Acc: 77.80%

==== Epoch:33 Test ACC:77.8 ====

Ensenble {25: 4.4623644828796385, 30: 4.464950275421143, 27: 4.468723964691162, 29: 4.468934822082519, 19: 4.470630836486817, 'acc_5': 0.8162, 'acc_1': 0.7904}
data saved

| Test	 Net1  Acc: 76.86%

==== Epoch:34 Test ACC:76.86 ====

Ensenble {34: 4.446844482421875, 25: 4.4623644828796385, 30: 4.464950275421143, 27: 4.468723964691162, 29: 4.468934822082519, 'acc_5': 0.8128, 'acc_1': 0.7686}
data saved

| Test	 Net1  Acc: 78.78%

==== Epoch:35 Test ACC:78.78 ====

Ensenble {34: 4.446844482421875, 25: 4.4623644828796385, 30: 4.464950275421143, 27: 4.468723964691162, 29: 4.468934822082519, 'acc_5': 0.8128, 'acc_1': 0.7686}
data saved

| Test	 Net1  Acc: 76.80%

==== Epoch:36 Test ACC:76.8 ====

Ensenble {34: 4.446844482421875, 25: 4.4623644828796385, 30: 4.464950275421143, 27: 4.468723964691162, 29: 4.468934822082519, 'acc_5': 0.8128, 'acc_1': 0.7686}
data saved

| Test	 Net1  Acc: 77.60%

==== Epoch:37 Test ACC:77.6 ====

Ensenble {34: 4.446844482421875, 25: 4.4623644828796385, 30: 4.464950275421143, 27: 4.468723964691162, 29: 4.468934822082519, 'acc_5': 0.8128, 'acc_1': 0.7686}
data saved

| Test	 Net1  Acc: 76.90%

==== Epoch:38 Test ACC:76.9 ====

Ensenble {34: 4.446844482421875, 25: 4.4623644828796385, 30: 4.464950275421143, 27: 4.468723964691162, 29: 4.468934822082519, 'acc_5': 0.8128, 'acc_1': 0.7686}
data saved

| Test	 Net1  Acc: 76.78%

==== Epoch:39 Test ACC:76.78 ====

Ensenble {34: 4.446844482421875, 25: 4.4623644828796385, 30: 4.464950275421143, 27: 4.468723964691162, 29: 4.468934822082519, 'acc_5': 0.8128, 'acc_1': 0.7686}
data saved

| Test	 Net1  Acc: 77.20%

==== Epoch:40 Test ACC:77.2 ====

Ensenble {34: 4.446844482421875, 25: 4.4623644828796385, 30: 4.464950275421143, 27: 4.468723964691162, 29: 4.468934822082519, 'acc_5': 0.8128, 'acc_1': 0.7686}
data saved

| Test	 Net1  Acc: 77.12%

==== Epoch:41 Test ACC:77.12 ====

Ensenble {34: 4.446844482421875, 25: 4.4623644828796385, 30: 4.464950275421143, 27: 4.468723964691162, 29: 4.468934822082519, 'acc_5': 0.8128, 'acc_1': 0.7686}
data saved

| Test	 Net1  Acc: 77.64%

==== Epoch:42 Test ACC:77.64 ====

Ensenble {34: 4.446844482421875, 25: 4.4623644828796385, 30: 4.464950275421143, 27: 4.468723964691162, 29: 4.468934822082519, 'acc_5': 0.8128, 'acc_1': 0.7686}
data saved

| Test	 Net1  Acc: 76.06%

==== Epoch:43 Test ACC:76.06 ====

Ensenble {34: 4.446844482421875, 25: 4.4623644828796385, 30: 4.464950275421143, 27: 4.468723964691162, 29: 4.468934822082519, 'acc_5': 0.8128, 'acc_1': 0.7686}
data saved

| Test	 Net1  Acc: 77.60%

==== Epoch:44 Test ACC:77.6 ====

Ensenble {34: 4.446844482421875, 25: 4.4623644828796385, 30: 4.464950275421143, 27: 4.468723964691162, 29: 4.468934822082519, 'acc_5': 0.8128, 'acc_1': 0.7686}
data saved

| Test	 Net1  Acc: 72.78%

==== Epoch:45 Test ACC:72.78 ====

Ensenble {34: 4.446844482421875, 25: 4.4623644828796385, 30: 4.464950275421143, 27: 4.468723964691162, 29: 4.468934822082519, 'acc_5': 0.8128, 'acc_1': 0.7686}
data saved

| Test	 Net1  Acc: 78.24%

==== Epoch:46 Test ACC:78.24 ====

Ensenble {34: 4.446844482421875, 25: 4.4623644828796385, 30: 4.464950275421143, 27: 4.468723964691162, 29: 4.468934822082519, 'acc_5': 0.8128, 'acc_1': 0.7686}
data saved

| Test	 Net1  Acc: 76.82%

==== Epoch:47 Test ACC:76.82 ====

Ensenble {34: 4.446844482421875, 25: 4.4623644828796385, 30: 4.464950275421143, 27: 4.468723964691162, 29: 4.468934822082519, 'acc_5': 0.8128, 'acc_1': 0.7686}
data saved

| Test	 Net1  Acc: 76.84%

==== Epoch:48 Test ACC:76.84 ====

Ensenble {34: 4.446844482421875, 25: 4.4623644828796385, 30: 4.464950275421143, 27: 4.468723964691162, 29: 4.468934822082519, 'acc_5': 0.8128, 'acc_1': 0.7686}
data saved

| Test	 Net1  Acc: 76.52%

==== Epoch:49 Test ACC:76.52 ====

Ensenble {34: 4.446844482421875, 25: 4.4623644828796385, 30: 4.464950275421143, 27: 4.468723964691162, 29: 4.468934822082519, 'acc_5': 0.8128, 'acc_1': 0.7686}
data saved

| Test	 Net1  Acc: 76.32%

==== Epoch:50 Test ACC:76.32 ====

Ensenble {34: 4.446844482421875, 25: 4.4623644828796385, 30: 4.464950275421143, 27: 4.468723964691162, 29: 4.468934822082519, 'acc_5': 0.8128, 'acc_1': 0.7686}
data saved

| Test	 Net1  Acc: 74.90%

==== Epoch:51 Test ACC:74.9 ====

Ensenble {34: 4.446844482421875, 25: 4.4623644828796385, 30: 4.464950275421143, 27: 4.468723964691162, 29: 4.468934822082519, 'acc_5': 0.8128, 'acc_1': 0.7686}
data saved

| Test	 Net1  Acc: 76.34%

==== Epoch:52 Test ACC:76.34 ====

Ensenble {34: 4.446844482421875, 25: 4.4623644828796385, 30: 4.464950275421143, 27: 4.468723964691162, 29: 4.468934822082519, 'acc_5': 0.8128, 'acc_1': 0.7686}
data saved

| Test	 Net1  Acc: 78.98%

==== Epoch:53 Test ACC:78.98 ====

Ensenble {34: 4.446844482421875, 25: 4.4623644828796385, 30: 4.464950275421143, 27: 4.468723964691162, 29: 4.468934822082519, 'acc_5': 0.8128, 'acc_1': 0.7686}
data saved

| Test	 Net1  Acc: 76.36%

==== Epoch:54 Test ACC:76.36 ====

Ensenble {34: 4.446844482421875, 25: 4.4623644828796385, 30: 4.464950275421143, 27: 4.468723964691162, 29: 4.468934822082519, 'acc_5': 0.8128, 'acc_1': 0.7686}
data saved

| Test	 Net1  Acc: 77.72%

==== Epoch:55 Test ACC:77.72 ====

Ensenble {34: 4.446844482421875, 25: 4.4623644828796385, 30: 4.464950275421143, 27: 4.468723964691162, 29: 4.468934822082519, 'acc_5': 0.8128, 'acc_1': 0.7686}
data saved

| Test	 Net1  Acc: 76.24%

==== Epoch:56 Test ACC:76.24 ====

Ensenble {34: 4.446844482421875, 25: 4.4623644828796385, 30: 4.464950275421143, 27: 4.468723964691162, 29: 4.468934822082519, 'acc_5': 0.8128, 'acc_1': 0.7686}
data saved

| Test	 Net1  Acc: 77.88%

==== Epoch:57 Test ACC:77.88 ====

Ensenble {34: 4.446844482421875, 25: 4.4623644828796385, 30: 4.464950275421143, 27: 4.468723964691162, 29: 4.468934822082519, 'acc_5': 0.8128, 'acc_1': 0.7686}
data saved

| Test	 Net1  Acc: 76.42%

==== Epoch:58 Test ACC:76.42 ====

Ensenble {34: 4.446844482421875, 25: 4.4623644828796385, 30: 4.464950275421143, 27: 4.468723964691162, 29: 4.468934822082519, 'acc_5': 0.8128, 'acc_1': 0.7686}
data saved

| Test	 Net1  Acc: 77.18%

==== Epoch:59 Test ACC:77.18 ====

Ensenble {34: 4.446844482421875, 25: 4.4623644828796385, 30: 4.464950275421143, 27: 4.468723964691162, 29: 4.468934822082519, 'acc_5': 0.8128, 'acc_1': 0.7686}
data saved

| Test	 Net1  Acc: 75.38%

==== Epoch:60 Test ACC:75.38 ====

Ensenble {34: 4.446844482421875, 25: 4.4623644828796385, 30: 4.464950275421143, 27: 4.468723964691162, 29: 4.468934822082519, 'acc_5': 0.8128, 'acc_1': 0.7686}
data saved

| Test	 Net1  Acc: 77.60%

==== Epoch:61 Test ACC:77.6 ====

Ensenble {34: 4.446844482421875, 25: 4.4623644828796385, 30: 4.464950275421143, 27: 4.468723964691162, 29: 4.468934822082519, 'acc_5': 0.8128, 'acc_1': 0.7686}
data saved

| Test	 Net1  Acc: 77.22%

==== Epoch:62 Test ACC:77.22 ====

Ensenble {34: 4.446844482421875, 25: 4.4623644828796385, 30: 4.464950275421143, 27: 4.468723964691162, 29: 4.468934822082519, 'acc_5': 0.8128, 'acc_1': 0.7686}
data saved

| Test	 Net1  Acc: 76.88%

==== Epoch:63 Test ACC:76.88 ====

Ensenble {34: 4.446844482421875, 25: 4.4623644828796385, 30: 4.464950275421143, 27: 4.468723964691162, 29: 4.468934822082519, 'acc_5': 0.8128, 'acc_1': 0.7686}
data saved

| Test	 Net1  Acc: 73.88%

==== Epoch:64 Test ACC:73.88 ====

Ensenble {34: 4.446844482421875, 25: 4.4623644828796385, 30: 4.464950275421143, 27: 4.468723964691162, 29: 4.468934822082519, 'acc_5': 0.8128, 'acc_1': 0.7686}
data saved

| Test	 Net1  Acc: 77.84%

==== Epoch:65 Test ACC:77.84 ====

Ensenble {34: 4.446844482421875, 25: 4.4623644828796385, 30: 4.464950275421143, 27: 4.468723964691162, 29: 4.468934822082519, 'acc_5': 0.8128, 'acc_1': 0.7686}
data saved

| Test	 Net1  Acc: 77.32%

==== Epoch:66 Test ACC:77.32 ====

Ensenble {34: 4.446844482421875, 25: 4.4623644828796385, 30: 4.464950275421143, 27: 4.468723964691162, 29: 4.468934822082519, 'acc_5': 0.8128, 'acc_1': 0.7686}
data saved

| Test	 Net1  Acc: 77.02%

==== Epoch:67 Test ACC:77.02 ====

Ensenble {34: 4.446844482421875, 25: 4.4623644828796385, 30: 4.464950275421143, 27: 4.468723964691162, 29: 4.468934822082519, 'acc_5': 0.8128, 'acc_1': 0.7686}
data saved

| Test	 Net1  Acc: 74.34%

==== Epoch:68 Test ACC:74.34 ====

Ensenble {34: 4.446844482421875, 25: 4.4623644828796385, 30: 4.464950275421143, 27: 4.468723964691162, 29: 4.468934822082519, 'acc_5': 0.8128, 'acc_1': 0.7686}
data saved

| Test	 Net1  Acc: 77.28%

==== Epoch:69 Test ACC:77.28 ====

Ensenble {34: 4.446844482421875, 25: 4.4623644828796385, 30: 4.464950275421143, 27: 4.468723964691162, 29: 4.468934822082519, 'acc_5': 0.8128, 'acc_1': 0.7686}
data saved
