/home/rhu/anaconda3/envs/py310/lib/python3.10/site-packages/torchvision/io/image.py:13: UserWarning: Failed to load image Python extension: '/home/rhu/anaconda3/envs/py310/lib/python3.10/site-packages/torchvision/image.so: undefined symbol: _ZN3c1017RegisterOperatorsD1Ev'If you don't plan on using image functionality from `torchvision.io`, you can ignore this warning. Otherwise, there might be something wrong with your environment. Did you have `libjpeg` or `libpng` installed before building `torchvision` from source?
  warn(
| Building net
Successfully load pre-trained model!!!
Namespace(batch_size=128, lr=0.0005, alpha=0.5, lambda_u=0, p_threshold=0.5, T=0.5, num_epochs=160, id='clothing1m_vri', seed='1', gpuid=0, num_class=14, num_batches=3000, data_path='/home/rhu/r_work/higher_semilearn/data/clothing1m', log_wandb=False, wandb_project='', wandb_experiment='', wandb_entity='', wandb_resume=False, need_clean=False, single_meta=0, moco_pretrained='/home/rhu/r_work/VRI/VRI_DivideMix/pretrained/ckpt_clothing_resnet50.pth', warmup=10, cos_lr=False, lam=0.01, meta_goal='clid', tau=0.5, meta_lr=0.01, meta_bsz=100, model='resnet50')

| Test	 Net1  Acc: 54.28%

==== Epoch 0, Test ACC:54.27512825384762 ====


| Test	 Net1  Acc: 54.67%

==== Epoch 1, Test ACC:54.674140224206724 ====


| Test	 Net1  Acc: 56.93%

==== Epoch 2, Test ACC:56.925707771233135 ====


| Test	 Net1  Acc: 57.14%

==== Epoch 3, Test ACC:57.14421432642979 ====


| Test	 Net1  Acc: 56.14%

==== Epoch 4, Test ACC:56.13718411552347 ====


| Test	 Net1  Acc: 57.59%

==== Epoch 5, Test ACC:57.590727721831655 ====


| Test	 Net1  Acc: 58.31%

==== Epoch 6, Test ACC:58.31274938248148 ====


| Test	 Net1  Acc: 57.26%

==== Epoch 7, Test ACC:57.258217746532395 ====


| Test	 Net1  Acc: 57.48%

==== Epoch 8, Test ACC:57.47672430172905 ====


| Test	 Net1  Acc: 57.09%

==== Epoch 9, Test ACC:57.087212616378494 ====

Encoder unfrozen.

| Test	 Net1  Acc: 53.78%

==== Epoch:10 Test ACC:53.781113433403 ====

Ensenble {10: 4.413533581188452, 'acc_5': 0.53781113433403, 'acc_1': 0.53781113433403}

| Test	 Net1  Acc: 63.47%

==== Epoch:11 Test ACC:63.471404142124264 ====

Ensenble {11: 4.379978420756752, 10: 4.413533581188452, 'acc_5': 0.6303439103173095, 'acc_1': 0.6347140414212427}

| Test	 Net1  Acc: 66.02%

==== Epoch:12 Test ACC:66.01748052441573 ====

Ensenble {12: 4.349190749792031, 11: 4.379978420756752, 10: 4.413533581188452, 'acc_5': 0.6805054151624549, 'acc_1': 0.6601748052441573}

| Test	 Net1  Acc: 62.45%

==== Epoch:13 Test ACC:62.454873646209386 ====

Ensenble {13: 4.3302622709501195, 12: 4.349190749792031, 11: 4.379978420756752, 10: 4.413533581188452, 'acc_5': 0.6921907657229717, 'acc_1': 0.6245487364620939}

| Test	 Net1  Acc: 63.39%

==== Epoch:14 Test ACC:63.38590157704731 ====

Ensenble {14: 4.2980015511639955, 13: 4.3302622709501195, 12: 4.349190749792031, 11: 4.379978420756752, 10: 4.413533581188452, 'acc_5': 0.7092912787383622, 'acc_1': 0.6338590157704731}

| Test	 Net1  Acc: 68.24%

==== Epoch:15 Test ACC:68.24054721641649 ====

Ensenble {15: 4.273288197025775, 14: 4.2980015511639955, 13: 4.3302622709501195, 12: 4.349190749792031, 11: 4.379978420756752, 'acc_5': 0.7168915067452024, 'acc_1': 0.6824054721641649}

| Test	 Net1  Acc: 67.39%

==== Epoch:16 Test ACC:67.38552156564697 ====

Ensenble {15: 4.273288197025775, 16: 4.295288218984349, 14: 4.2980015511639955, 13: 4.3302622709501195, 12: 4.349190749792031, 'acc_5': 0.7150864525935778, 'acc_1': 0.6824054721641649}

| Test	 Net1  Acc: 65.94%

==== Epoch:17 Test ACC:65.94147824434734 ====

Ensenble {15: 4.273288197025775, 17: 4.28943359963569, 16: 4.295288218984349, 14: 4.2980015511639955, 13: 4.3302622709501195, 'acc_5': 0.7149914497434923, 'acc_1': 0.6824054721641649}

| Test	 Net1  Acc: 67.48%

==== Epoch:18 Test ACC:67.48052441573248 ====

Ensenble {18: 4.248375472699298, 15: 4.273288197025775, 17: 4.28943359963569, 16: 4.295288218984349, 14: 4.2980015511639955, 'acc_5': 0.722876686300589, 'acc_1': 0.6748052441573247}

| Test	 Net1  Acc: 65.74%

==== Epoch:19 Test ACC:65.74197225916778 ====

Ensenble {18: 4.248375472699298, 19: 4.258941981976378, 15: 4.273288197025775, 17: 4.28943359963569, 16: 4.295288218984349, 'acc_5': 0.7186015580467414, 'acc_1': 0.6748052441573247}

| Test	 Net1  Acc: 65.03%

==== Epoch:20 Test ACC:65.02945088352651 ====

Ensenble {20: 4.244358428365134, 18: 4.248375472699298, 19: 4.258941981976378, 15: 4.273288197025775, 17: 4.28943359963569, 'acc_5': 0.7140414212426373, 'acc_1': 0.6502945088352651}

| Test	 Net1  Acc: 65.85%

==== Epoch:21 Test ACC:65.84647539426183 ====

Ensenble {20: 4.244358428365134, 21: 4.247256822180387, 18: 4.248375472699298, 19: 4.258941981976378, 15: 4.273288197025775, 'acc_5': 0.7129963898916968, 'acc_1': 0.6502945088352651}

| Test	 Net1  Acc: 63.44%

==== Epoch:22 Test ACC:63.442903287098616 ====

Ensenble {22: 4.229402881607188, 20: 4.244358428365134, 21: 4.247256822180387, 18: 4.248375472699298, 19: 4.258941981976378, 'acc_5': 0.7004560136804104, 'acc_1': 0.6344290328709862}

| Test	 Net1  Acc: 67.43%

==== Epoch:23 Test ACC:67.43302299068972 ====

Ensenble {23: 4.22101900262977, 22: 4.229402881607188, 20: 4.244358428365134, 21: 4.247256822180387, 18: 4.248375472699298, 'acc_5': 0.7075812274368231, 'acc_1': 0.6743302299068972}

| Test	 Net1  Acc: 66.21%

==== Epoch:24 Test ACC:66.20748622458673 ====

Ensenble {24: 4.21662783364899, 23: 4.22101900262977, 22: 4.229402881607188, 20: 4.244358428365134, 21: 4.247256822180387, 'acc_5': 0.703971119133574, 'acc_1': 0.6620748622458674}

| Test	 Net1  Acc: 64.03%

==== Epoch:25 Test ACC:64.03192095762873 ====

Ensenble {24: 4.21662783364899, 25: 4.218528822332986, 23: 4.22101900262977, 22: 4.229402881607188, 20: 4.244358428365134, 'acc_5': 0.702831084932548, 'acc_1': 0.6620748622458674}

| Test	 Net1  Acc: 66.25%

==== Epoch:26 Test ACC:66.25498764962948 ====

Ensenble {26: 4.176555011972043, 24: 4.21662783364899, 25: 4.218528822332986, 23: 4.22101900262977, 22: 4.229402881607188, 'acc_5': 0.7024510735322059, 'acc_1': 0.6625498764962949}

| Test	 Net1  Acc: 64.52%

==== Epoch:27 Test ACC:64.51643549306479 ====

Ensenble {26: 4.176555011972043, 27: 4.179341627525269, 24: 4.21662783364899, 25: 4.218528822332986, 23: 4.22101900262977, 'acc_5': 0.7127113813414403, 'acc_1': 0.6625498764962949}

| Test	 Net1  Acc: 65.47%

==== Epoch:28 Test ACC:65.46646399391982 ====

Ensenble {28: 4.162286994263003, 26: 4.176555011972043, 27: 4.179341627525269, 24: 4.21662783364899, 25: 4.218528822332986, 'acc_5': 0.7068212046361391, 'acc_1': 0.6546646399391982}

| Test	 Net1  Acc: 63.97%

==== Epoch:29 Test ACC:63.974919247577425 ====

Ensenble {28: 4.162286994263003, 26: 4.176555011972043, 27: 4.179341627525269, 29: 4.193883659690082, 24: 4.21662783364899, 'acc_5': 0.7060611818354551, 'acc_1': 0.6546646399391982}

| Test	 Net1  Acc: 65.55%

==== Epoch:30 Test ACC:65.55196655899677 ====

Ensenble {28: 4.162286994263003, 30: 4.16386464575511, 26: 4.176555011972043, 27: 4.179341627525269, 29: 4.193883659690082, 'acc_5': 0.7003610108303249, 'acc_1': 0.6546646399391982}

| Test	 Net1  Acc: 64.13%

==== Epoch:31 Test ACC:64.12692380771423 ====

Ensenble {28: 4.162286994263003, 30: 4.16386464575511, 31: 4.172764488665767, 26: 4.176555011972043, 27: 4.179341627525269, 'acc_5': 0.7014060421812655, 'acc_1': 0.6546646399391982}
