/home/rhu/anaconda3/envs/py310/lib/python3.10/site-packages/torchvision/io/image.py:13: UserWarning: Failed to load image Python extension: '/home/rhu/anaconda3/envs/py310/lib/python3.10/site-packages/torchvision/image.so: undefined symbol: _ZN3c1017RegisterOperatorsD1Ev'If you don't plan on using image functionality from `torchvision.io`, you can ignore this warning. Otherwise, there might be something wrong with your environment. Did you have `libjpeg` or `libpng` installed before building `torchvision` from source?
  warn(
| Building net
Successfully load pre-trained model!!!
Namespace(batch_size=128, lr=0.0005, alpha=0.5, lambda_u=0, p_threshold=0.5, T=0.5, num_epochs=160, id='food101n_vri', seed='1', gpuid=0, num_class=101, num_batches=3000, data_path='/home/rhu/r_work/VRI/data/Food101N', log_wandb=False, wandb_project='', wandb_experiment='', wandb_entity='', wandb_resume=False, need_clean=False, single_meta=0, moco_pretrained='/home/rhu/r_work/VRI/VRI_DivideMix/pretrained/ckpt_clothing_resnet50.pth', warmup=0, cos_lr=False, lam=0.01, meta_goal='clid', tau=0.5, meta_lr=0.01, meta_bsz=100, model='resnet50')
Encoder unfrozen.

| Test	 Net1  Acc: 32.84%

==== Epoch:0 Test ACC:32.83960396039604 ====

Ensenble {0: 4.639972146352132, 'acc_5': 0.3283960396039604, 'acc_1': 0.3283960396039604}

| Test	 Net1  Acc: 39.03%

==== Epoch:1 Test ACC:39.02970297029703 ====

Ensenble {1: 4.55869280497233, 0: 4.639972146352132, 'acc_5': 0.4388118811881188, 'acc_1': 0.3902970297029703}

| Test	 Net1  Acc: 47.47%

==== Epoch:2 Test ACC:47.46930693069307 ====

Ensenble {2: 4.545547676086426, 1: 4.55869280497233, 0: 4.639972146352132, 'acc_5': 0.5211485148514852, 'acc_1': 0.47469306930693067}

| Test	 Net1  Acc: 48.29%

==== Epoch:3 Test ACC:48.285148514851485 ====

Ensenble {3: 4.523908456166585, 2: 4.545547676086426, 1: 4.55869280497233, 0: 4.639972146352132, 'acc_5': 0.5745742574257425, 'acc_1': 0.48285148514851484}

| Test	 Net1  Acc: 55.70%

==== Epoch:4 Test ACC:55.6950495049505 ====

Ensenble {4: 4.480900541941325, 3: 4.523908456166585, 2: 4.545547676086426, 1: 4.55869280497233, 0: 4.639972146352132, 'acc_5': 0.6089504950495049, 'acc_1': 0.556950495049505}

| Test	 Net1  Acc: 54.42%

==== Epoch:5 Test ACC:54.41980198019802 ====

Ensenble {4: 4.480900541941325, 5: 4.481676038106283, 3: 4.523908456166585, 2: 4.545547676086426, 1: 4.55869280497233, 'acc_5': 0.641029702970297, 'acc_1': 0.556950495049505}

| Test	 Net1  Acc: 58.90%

==== Epoch:6 Test ACC:58.8990099009901 ====

Ensenble {6: 4.433439286549886, 4: 4.480900541941325, 5: 4.481676038106283, 3: 4.523908456166585, 2: 4.545547676086426, 'acc_5': 0.6611089108910891, 'acc_1': 0.588990099009901}

| Test	 Net1  Acc: 61.24%

==== Epoch:7 Test ACC:61.24356435643564 ====

Ensenble {7: 4.426710383097331, 6: 4.433439286549886, 4: 4.480900541941325, 5: 4.481676038106283, 3: 4.523908456166585, 'acc_5': 0.6791683168316832, 'acc_1': 0.6124356435643564}

| Test	 Net1  Acc: 61.58%

==== Epoch:8 Test ACC:61.576237623762374 ====

Ensenble {8: 4.420536041259766, 7: 4.426710383097331, 6: 4.433439286549886, 4: 4.480900541941325, 5: 4.481676038106283, 'acc_5': 0.6918415841584158, 'acc_1': 0.6157623762376238}

| Test	 Net1  Acc: 62.25%

==== Epoch:9 Test ACC:62.253465346534654 ====

Ensenble {9: 4.39675874710083, 8: 4.420536041259766, 7: 4.426710383097331, 6: 4.433439286549886, 4: 4.480900541941325, 'acc_5': 0.6999603960396039, 'acc_1': 0.6225346534653465}

| Test	 Net1  Acc: 62.08%

==== Epoch:10 Test ACC:62.07920792079208 ====

Ensenble {10: 4.390815734863281, 9: 4.39675874710083, 8: 4.420536041259766, 7: 4.426710383097331, 6: 4.433439286549886, 'acc_5': 0.7065742574257425, 'acc_1': 0.6207920792079208}

| Test	 Net1  Acc: 61.07%

==== Epoch:11 Test ACC:61.073267326732676 ====

Ensenble {10: 4.390815734863281, 11: 4.392796389261881, 9: 4.39675874710083, 8: 4.420536041259766, 7: 4.426710383097331, 'acc_5': 0.7103366336633663, 'acc_1': 0.6207920792079208}

| Test	 Net1  Acc: 63.33%

==== Epoch:12 Test ACC:63.32673267326733 ====

Ensenble {12: 4.37757183710734, 10: 4.390815734863281, 11: 4.392796389261881, 9: 4.39675874710083, 8: 4.420536041259766, 'acc_5': 0.7127128712871287, 'acc_1': 0.6332673267326733}

| Test	 Net1  Acc: 63.80%

==== Epoch:13 Test ACC:63.801980198019805 ====

Ensenble {13: 4.349741141001384, 12: 4.37757183710734, 10: 4.390815734863281, 11: 4.392796389261881, 9: 4.39675874710083, 'acc_5': 0.7155643564356435, 'acc_1': 0.638019801980198}

| Test	 Net1  Acc: 66.01%

==== Epoch:14 Test ACC:66.0118811881188 ====

Ensenble {13: 4.349741141001384, 14: 4.358812459309896, 12: 4.37757183710734, 10: 4.390815734863281, 11: 4.392796389261881, 'acc_5': 0.7205940594059406, 'acc_1': 0.638019801980198}

| Test	 Net1  Acc: 66.04%

==== Epoch:15 Test ACC:66.03564356435643 ====

Ensenble {15: 4.3456905047098795, 13: 4.349741141001384, 14: 4.358812459309896, 12: 4.37757183710734, 10: 4.390815734863281, 'acc_5': 0.726019801980198, 'acc_1': 0.6603564356435644}

| Test	 Net1  Acc: 66.73%

==== Epoch:16 Test ACC:66.73267326732673 ====

Ensenble {16: 4.341713937123616, 15: 4.3456905047098795, 13: 4.349741141001384, 14: 4.358812459309896, 12: 4.37757183710734, 'acc_5': 0.7283960396039604, 'acc_1': 0.6673267326732674}

| Test	 Net1  Acc: 67.05%

==== Epoch:17 Test ACC:67.04554455445545 ====

Ensenble {17: 4.334505812327067, 16: 4.341713937123616, 15: 4.3456905047098795, 13: 4.349741141001384, 14: 4.358812459309896, 'acc_5': 0.7316435643564356, 'acc_1': 0.6704554455445545}

| Test	 Net1  Acc: 66.02%

==== Epoch:18 Test ACC:66.02376237623763 ====

Ensenble {18: 4.332924048105876, 17: 4.334505812327067, 16: 4.341713937123616, 15: 4.3456905047098795, 13: 4.349741141001384, 'acc_5': 0.7322376237623762, 'acc_1': 0.6602376237623763}

| Test	 Net1  Acc: 66.61%

==== Epoch:19 Test ACC:66.609900990099 ====

Ensenble {18: 4.332924048105876, 17: 4.334505812327067, 19: 4.3352102915445965, 16: 4.341713937123616, 15: 4.3456905047098795, 'acc_5': 0.7369504950495049, 'acc_1': 0.6602376237623763}

| Test	 Net1  Acc: 66.21%

==== Epoch:20 Test ACC:66.20990099009902 ====

Ensenble {20: 4.329825178782145, 18: 4.332924048105876, 17: 4.334505812327067, 19: 4.3352102915445965, 16: 4.341713937123616, 'acc_5': 0.735960396039604, 'acc_1': 0.6620990099009901}

| Test	 Net1  Acc: 66.22%

==== Epoch:21 Test ACC:66.21782178217822 ====

Ensenble {21: 4.320518875122071, 20: 4.329825178782145, 18: 4.332924048105876, 17: 4.334505812327067, 19: 4.3352102915445965, 'acc_5': 0.7348118811881188, 'acc_1': 0.6621782178217822}

| Test	 Net1  Acc: 66.33%

==== Epoch:22 Test ACC:66.33267326732673 ====

Ensenble {22: 4.312312285105388, 21: 4.320518875122071, 20: 4.329825178782145, 18: 4.332924048105876, 17: 4.334505812327067, 'acc_5': 0.7339009900990099, 'acc_1': 0.6633267326732674}

| Test	 Net1  Acc: 65.39%

==== Epoch:23 Test ACC:65.390099009901 ====

Ensenble {22: 4.312312285105388, 21: 4.320518875122071, 23: 4.325546169281006, 20: 4.329825178782145, 18: 4.332924048105876, 'acc_5': 0.7311683168316832, 'acc_1': 0.6633267326732674}

| Test	 Net1  Acc: 66.59%

==== Epoch:24 Test ACC:66.5940594059406 ====

Ensenble {24: 4.292530981699626, 22: 4.312312285105388, 21: 4.320518875122071, 23: 4.325546169281006, 20: 4.329825178782145, 'acc_5': 0.7314455445544554, 'acc_1': 0.665940594059406}

| Test	 Net1  Acc: 67.76%

==== Epoch:25 Test ACC:67.75841584158415 ====

Ensenble {24: 4.292530981699626, 25: 4.293683465321859, 22: 4.312312285105388, 21: 4.320518875122071, 23: 4.325546169281006, 'acc_5': 0.7352079207920792, 'acc_1': 0.665940594059406}

| Test	 Net1  Acc: 66.70%

==== Epoch:26 Test ACC:66.7049504950495 ====

Ensenble {26: 4.2897041956583655, 24: 4.292530981699626, 25: 4.293683465321859, 22: 4.312312285105388, 21: 4.320518875122071, 'acc_5': 0.7385346534653465, 'acc_1': 0.6670495049504951}

| Test	 Net1  Acc: 67.13%

==== Epoch:27 Test ACC:67.13267326732674 ====

Ensenble {27: 4.280393727620443, 26: 4.2897041956583655, 24: 4.292530981699626, 25: 4.293683465321859, 22: 4.312312285105388, 'acc_5': 0.7374653465346535, 'acc_1': 0.6713267326732674}

| Test	 Net1  Acc: 66.49%

==== Epoch:28 Test ACC:66.49108910891088 ====

Ensenble {27: 4.280393727620443, 26: 4.2897041956583655, 28: 4.291174157460531, 24: 4.292530981699626, 25: 4.293683465321859, 'acc_5': 0.737980198019802, 'acc_1': 0.6713267326732674}

| Test	 Net1  Acc: 65.48%

==== Epoch:29 Test ACC:65.47722772277228 ====

Ensenble {27: 4.280393727620443, 29: 4.282808113098144, 26: 4.2897041956583655, 28: 4.291174157460531, 24: 4.292530981699626, 'acc_5': 0.7344950495049505, 'acc_1': 0.6713267326732674}

| Test	 Net1  Acc: 67.01%

==== Epoch:30 Test ACC:67.01386138613861 ====

Ensenble {30: 4.259291585286459, 27: 4.280393727620443, 29: 4.282808113098144, 26: 4.2897041956583655, 28: 4.291174157460531, 'acc_5': 0.7349306930693069, 'acc_1': 0.6701386138613862}

| Test	 Net1  Acc: 68.16%

==== Epoch:31 Test ACC:68.16237623762376 ====

Ensenble {30: 4.259291585286459, 31: 4.277991549173991, 27: 4.280393727620443, 29: 4.282808113098144, 26: 4.2897041956583655, 'acc_5': 0.7353663366336634, 'acc_1': 0.6701386138613862}

| Test	 Net1  Acc: 66.20%

==== Epoch:32 Test ACC:66.1980198019802 ====

Ensenble {30: 4.259291585286459, 32: 4.262942123413086, 31: 4.277991549173991, 27: 4.280393727620443, 29: 4.282808113098144, 'acc_5': 0.735009900990099, 'acc_1': 0.6701386138613862}

| Test	 Net1  Acc: 66.51%

==== Epoch:33 Test ACC:66.51485148514851 ====

Ensenble {33: 4.2436402320861815, 30: 4.259291585286459, 32: 4.262942123413086, 31: 4.277991549173991, 27: 4.280393727620443, 'acc_5': 0.7356435643564356, 'acc_1': 0.6651485148514852}

| Test	 Net1  Acc: 66.11%

==== Epoch:34 Test ACC:66.1069306930693 ====

Ensenble {33: 4.2436402320861815, 30: 4.259291585286459, 32: 4.262942123413086, 34: 4.268294493357341, 31: 4.277991549173991, 'acc_5': 0.7305742574257426, 'acc_1': 0.6651485148514852}

| Test	 Net1  Acc: 65.77%

==== Epoch:35 Test ACC:65.77425742574258 ====

Ensenble {33: 4.2436402320861815, 35: 4.255309359232585, 30: 4.259291585286459, 32: 4.262942123413086, 34: 4.268294493357341, 'acc_5': 0.730019801980198, 'acc_1': 0.6651485148514852}

| Test	 Net1  Acc: 65.96%

==== Epoch:36 Test ACC:65.96435643564357 ====

Ensenble {33: 4.2436402320861815, 35: 4.255309359232585, 30: 4.259291585286459, 36: 4.262558778127034, 32: 4.262942123413086, 'acc_5': 0.732, 'acc_1': 0.6651485148514852}

| Test	 Net1  Acc: 64.96%

==== Epoch:37 Test ACC:64.96237623762376 ====

Ensenble {33: 4.2436402320861815, 35: 4.255309359232585, 30: 4.259291585286459, 36: 4.262558778127034, 37: 4.2625906308492025, 'acc_5': 0.7300990099009901, 'acc_1': 0.6651485148514852}

| Test	 Net1  Acc: 66.39%

==== Epoch:38 Test ACC:66.38811881188118 ====

Ensenble {38: 4.238999271392823, 33: 4.2436402320861815, 35: 4.255309359232585, 30: 4.259291585286459, 36: 4.262558778127034, 'acc_5': 0.7341782178217822, 'acc_1': 0.6638811881188119}

| Test	 Net1  Acc: 67.16%

==== Epoch:39 Test ACC:67.16435643564357 ====

Ensenble {39: 4.233943843841553, 38: 4.238999271392823, 33: 4.2436402320861815, 35: 4.255309359232585, 30: 4.259291585286459, 'acc_5': 0.7361188118811881, 'acc_1': 0.6716435643564357}

| Test	 Net1  Acc: 64.40%

==== Epoch:40 Test ACC:64.40396039603961 ====

Ensenble {39: 4.233943843841553, 38: 4.238999271392823, 33: 4.2436402320861815, 40: 4.250836118062337, 35: 4.255309359232585, 'acc_5': 0.7312475247524752, 'acc_1': 0.6716435643564357}

| Test	 Net1  Acc: 67.27%

==== Epoch:41 Test ACC:67.26732673267327 ====

Ensenble {41: 4.216675662994385, 39: 4.233943843841553, 38: 4.238999271392823, 33: 4.2436402320861815, 40: 4.250836118062337, 'acc_5': 0.7306138613861386, 'acc_1': 0.6726732673267327}

| Test	 Net1  Acc: 65.47%

==== Epoch:42 Test ACC:65.46534653465346 ====

Ensenble {41: 4.216675662994385, 39: 4.233943843841553, 38: 4.238999271392823, 33: 4.2436402320861815, 42: 4.248011430104573, 'acc_5': 0.7308118811881188, 'acc_1': 0.6726732673267327}

| Test	 Net1  Acc: 67.05%

==== Epoch:43 Test ACC:67.04554455445545 ====

Ensenble {43: 4.216105270385742, 41: 4.216675662994385, 39: 4.233943843841553, 38: 4.238999271392823, 33: 4.2436402320861815, 'acc_5': 0.7348514851485148, 'acc_1': 0.6704554455445545}

| Test	 Net1  Acc: 62.96%

==== Epoch:44 Test ACC:62.958415841584156 ====

Ensenble {43: 4.216105270385742, 41: 4.216675662994385, 39: 4.233943843841553, 38: 4.238999271392823, 33: 4.2436402320861815, 'acc_5': 0.7348514851485148, 'acc_1': 0.6704554455445545}

| Test	 Net1  Acc: 65.33%

==== Epoch:45 Test ACC:65.32673267326733 ====

Ensenble {43: 4.216105270385742, 41: 4.216675662994385, 45: 4.230480035146077, 39: 4.233943843841553, 38: 4.238999271392823, 'acc_5': 0.7301782178217822, 'acc_1': 0.6704554455445545}

| Test	 Net1  Acc: 67.45%

==== Epoch:46 Test ACC:67.44950495049505 ====

Ensenble {46: 4.212796942392985, 43: 4.216105270385742, 41: 4.216675662994385, 45: 4.230480035146077, 39: 4.233943843841553, 'acc_5': 0.7315247524752475, 'acc_1': 0.6744950495049505}

| Test	 Net1  Acc: 66.80%

==== Epoch:47 Test ACC:66.7960396039604 ====

Ensenble {47: 4.195670827229818, 46: 4.212796942392985, 43: 4.216105270385742, 41: 4.216675662994385, 45: 4.230480035146077, 'acc_5': 0.7286336633663366, 'acc_1': 0.667960396039604}

| Test	 Net1  Acc: 66.13%

==== Epoch:48 Test ACC:66.13069306930693 ====

Ensenble {47: 4.195670827229818, 48: 4.2059401512146, 46: 4.212796942392985, 43: 4.216105270385742, 41: 4.216675662994385, 'acc_5': 0.729069306930693, 'acc_1': 0.667960396039604}

| Test	 Net1  Acc: 66.17%

==== Epoch:49 Test ACC:66.17425742574257 ====

Ensenble {47: 4.195670827229818, 48: 4.2059401512146, 49: 4.212702941894531, 46: 4.212796942392985, 43: 4.216105270385742, 'acc_5': 0.7286732673267327, 'acc_1': 0.667960396039604}

| Test	 Net1  Acc: 65.20%

==== Epoch:50 Test ACC:65.2 ====

Ensenble {47: 4.195670827229818, 48: 4.2059401512146, 49: 4.212702941894531, 46: 4.212796942392985, 43: 4.216105270385742, 'acc_5': 0.7286732673267327, 'acc_1': 0.667960396039604}

| Test	 Net1  Acc: 65.86%

==== Epoch:51 Test ACC:65.85742574257426 ====

Ensenble {47: 4.195670827229818, 51: 4.199699020385742, 48: 4.2059401512146, 49: 4.212702941894531, 46: 4.212796942392985, 'acc_5': 0.7254257425742574, 'acc_1': 0.667960396039604}

| Test	 Net1  Acc: 66.48%

==== Epoch:52 Test ACC:66.48316831683168 ====

Ensenble {52: 4.1858798662821455, 47: 4.195670827229818, 51: 4.199699020385742, 48: 4.2059401512146, 49: 4.212702941894531, 'acc_5': 0.723049504950495, 'acc_1': 0.6648316831683169}

| Test	 Net1  Acc: 66.20%

==== Epoch:53 Test ACC:66.2019801980198 ====

Ensenble {52: 4.1858798662821455, 53: 4.1948368390401205, 47: 4.195670827229818, 51: 4.199699020385742, 48: 4.2059401512146, 'acc_5': 0.7213861386138614, 'acc_1': 0.6648316831683169}

| Test	 Net1  Acc: 66.35%

==== Epoch:54 Test ACC:66.34851485148515 ====

Ensenble {52: 4.1858798662821455, 53: 4.1948368390401205, 47: 4.195670827229818, 54: 4.195724646250407, 51: 4.199699020385742, 'acc_5': 0.7220990099009901, 'acc_1': 0.6648316831683169}

| Test	 Net1  Acc: 64.87%

==== Epoch:55 Test ACC:64.87128712871286 ====

Ensenble {52: 4.1858798662821455, 53: 4.1948368390401205, 47: 4.195670827229818, 54: 4.195724646250407, 51: 4.199699020385742, 'acc_5': 0.7220990099009901, 'acc_1': 0.6648316831683169}

| Test	 Net1  Acc: 65.26%

==== Epoch:56 Test ACC:65.26336633663367 ====

Ensenble {52: 4.1858798662821455, 53: 4.1948368390401205, 47: 4.195670827229818, 54: 4.195724646250407, 51: 4.199699020385742, 'acc_5': 0.7220990099009901, 'acc_1': 0.6648316831683169}

| Test	 Net1  Acc: 65.14%

==== Epoch:57 Test ACC:65.13663366336634 ====

Ensenble {52: 4.1858798662821455, 53: 4.1948368390401205, 47: 4.195670827229818, 54: 4.195724646250407, 57: 4.198588562011719, 'acc_5': 0.724, 'acc_1': 0.6648316831683169}

| Test	 Net1  Acc: 64.43%

==== Epoch:58 Test ACC:64.43168316831684 ====

Ensenble {52: 4.1858798662821455, 53: 4.1948368390401205, 47: 4.195670827229818, 54: 4.195724646250407, 57: 4.198588562011719, 'acc_5': 0.724, 'acc_1': 0.6648316831683169}

| Test	 Net1  Acc: 66.85%

==== Epoch:59 Test ACC:66.85148514851485 ====

Ensenble {59: 4.172964223225912, 52: 4.1858798662821455, 53: 4.1948368390401205, 47: 4.195670827229818, 54: 4.195724646250407, 'acc_5': 0.7215445544554455, 'acc_1': 0.6685148514851486}

| Test	 Net1  Acc: 65.70%

==== Epoch:60 Test ACC:65.69504950495049 ====

Ensenble {59: 4.172964223225912, 60: 4.179243437449137, 52: 4.1858798662821455, 53: 4.1948368390401205, 47: 4.195670827229818, 'acc_5': 0.7244752475247525, 'acc_1': 0.6685148514851486}

| Test	 Net1  Acc: 63.15%

==== Epoch:61 Test ACC:63.152475247524755 ====

Ensenble {59: 4.172964223225912, 60: 4.179243437449137, 52: 4.1858798662821455, 53: 4.1948368390401205, 47: 4.195670827229818, 'acc_5': 0.7244752475247525, 'acc_1': 0.6685148514851486}

| Test	 Net1  Acc: 65.01%

==== Epoch:62 Test ACC:65.00990099009901 ====

Ensenble {59: 4.172964223225912, 60: 4.179243437449137, 62: 4.183423741658529, 52: 4.1858798662821455, 53: 4.1948368390401205, 'acc_5': 0.7203564356435643, 'acc_1': 0.6685148514851486}

| Test	 Net1  Acc: 65.10%

==== Epoch:63 Test ACC:65.0970297029703 ====

Ensenble {59: 4.172964223225912, 63: 4.176207002003988, 60: 4.179243437449137, 62: 4.183423741658529, 52: 4.1858798662821455, 'acc_5': 0.7196039603960396, 'acc_1': 0.6685148514851486}

| Test	 Net1  Acc: 64.34%

==== Epoch:64 Test ACC:64.34059405940594 ====

Ensenble {59: 4.172964223225912, 63: 4.176207002003988, 60: 4.179243437449137, 62: 4.183423741658529, 64: 4.18486426671346, 'acc_5': 0.7165940594059406, 'acc_1': 0.6685148514851486}

| Test	 Net1  Acc: 64.83%

==== Epoch:65 Test ACC:64.82772277227723 ====

Ensenble {59: 4.172964223225912, 63: 4.176207002003988, 60: 4.179243437449137, 65: 4.18229783376058, 62: 4.183423741658529, 'acc_5': 0.7159603960396039, 'acc_1': 0.6685148514851486}

| Test	 Net1  Acc: 65.25%

==== Epoch:66 Test ACC:65.24752475247524 ====

Ensenble {66: 4.170894050598145, 59: 4.172964223225912, 63: 4.176207002003988, 60: 4.179243437449137, 65: 4.18229783376058, 'acc_5': 0.7177821782178218, 'acc_1': 0.6524752475247525}

| Test	 Net1  Acc: 65.18%

==== Epoch:67 Test ACC:65.18019801980198 ====

Ensenble {66: 4.170894050598145, 59: 4.172964223225912, 63: 4.176207002003988, 67: 4.176871045430501, 60: 4.179243437449137, 'acc_5': 0.7187722772277227, 'acc_1': 0.6524752475247525}

| Test	 Net1  Acc: 62.92%

==== Epoch:68 Test ACC:62.92277227722772 ====

Ensenble {66: 4.170894050598145, 59: 4.172964223225912, 63: 4.176207002003988, 67: 4.176871045430501, 60: 4.179243437449137, 'acc_5': 0.7187722772277227, 'acc_1': 0.6524752475247525}

| Test	 Net1  Acc: 65.45%

==== Epoch:69 Test ACC:65.44950495049505 ====

Ensenble {69: 4.1683370272318525, 66: 4.170894050598145, 59: 4.172964223225912, 63: 4.176207002003988, 67: 4.176871045430501, 'acc_5': 0.7152871287128713, 'acc_1': 0.6544950495049505}

| Test	 Net1  Acc: 65.74%

==== Epoch:70 Test ACC:65.74257425742574 ====

Ensenble {70: 4.163339519500733, 69: 4.1683370272318525, 66: 4.170894050598145, 59: 4.172964223225912, 63: 4.176207002003988, 'acc_5': 0.7175049504950495, 'acc_1': 0.6574257425742575}

| Test	 Net1  Acc: 64.44%

==== Epoch:71 Test ACC:64.43564356435644 ====

Ensenble {70: 4.163339519500733, 71: 4.164498774210612, 69: 4.1683370272318525, 66: 4.170894050598145, 59: 4.172964223225912, 'acc_5': 0.7149702970297029, 'acc_1': 0.6574257425742575}

| Test	 Net1  Acc: 65.32%

==== Epoch:72 Test ACC:65.31881188118813 ====

Ensenble {70: 4.163339519500733, 71: 4.164498774210612, 69: 4.1683370272318525, 72: 4.169781176249186, 66: 4.170894050598145, 'acc_5': 0.7097029702970297, 'acc_1': 0.6574257425742575}

| Test	 Net1  Acc: 64.43%

==== Epoch:73 Test ACC:64.42772277227722 ====

Ensenble {70: 4.163339519500733, 71: 4.164498774210612, 69: 4.1683370272318525, 72: 4.169781176249186, 66: 4.170894050598145, 'acc_5': 0.7097029702970297, 'acc_1': 0.6574257425742575}

| Test	 Net1  Acc: 65.43%

==== Epoch:74 Test ACC:65.42574257425743 ====

Ensenble {70: 4.163339519500733, 74: 4.1634291013081866, 71: 4.164498774210612, 69: 4.1683370272318525, 72: 4.169781176249186, 'acc_5': 0.7131089108910891, 'acc_1': 0.6574257425742575}

| Test	 Net1  Acc: 64.73%

==== Epoch:75 Test ACC:64.73267326732673 ====

Ensenble {75: 4.161853249867757, 70: 4.163339519500733, 74: 4.1634291013081866, 71: 4.164498774210612, 69: 4.1683370272318525, 'acc_5': 0.7141782178217821, 'acc_1': 0.6473267326732673}

| Test	 Net1  Acc: 65.21%

==== Epoch:76 Test ACC:65.21188118811881 ====

Ensenble {76: 4.150449180603028, 75: 4.161853249867757, 70: 4.163339519500733, 74: 4.1634291013081866, 71: 4.164498774210612, 'acc_5': 0.7125544554455445, 'acc_1': 0.6521188118811881}

| Test	 Net1  Acc: 65.03%

==== Epoch:77 Test ACC:65.02970297029702 ====

Ensenble {76: 4.150449180603028, 77: 4.158751360575358, 75: 4.161853249867757, 70: 4.163339519500733, 74: 4.1634291013081866, 'acc_5': 0.712039603960396, 'acc_1': 0.6521188118811881}

| Test	 Net1  Acc: 65.16%

==== Epoch:78 Test ACC:65.15643564356435 ====

Ensenble {76: 4.150449180603028, 78: 4.15801674524943, 77: 4.158751360575358, 75: 4.161853249867757, 70: 4.163339519500733, 'acc_5': 0.7116435643564356, 'acc_1': 0.6521188118811881}

| Test	 Net1  Acc: 64.66%

==== Epoch:79 Test ACC:64.65742574257426 ====

Ensenble {76: 4.150449180603028, 79: 4.156908893585205, 78: 4.15801674524943, 77: 4.158751360575358, 75: 4.161853249867757, 'acc_5': 0.7064950495049505, 'acc_1': 0.6521188118811881}

| Test	 Net1  Acc: 64.38%

==== Epoch:80 Test ACC:64.38415841584158 ====

Ensenble {76: 4.150449180603028, 79: 4.156908893585205, 78: 4.15801674524943, 77: 4.158751360575358, 80: 4.161350250244141, 'acc_5': 0.7066930693069307, 'acc_1': 0.6521188118811881}

| Test	 Net1  Acc: 65.75%

==== Epoch:81 Test ACC:65.74653465346535 ====

Ensenble {76: 4.150449180603028, 81: 4.156577364603678, 79: 4.156908893585205, 78: 4.15801674524943, 77: 4.158751360575358, 'acc_5': 0.7099405940594059, 'acc_1': 0.6521188118811881}

| Test	 Net1  Acc: 66.17%

==== Epoch:82 Test ACC:66.17029702970297 ====

Ensenble {76: 4.150449180603028, 82: 4.151820945739746, 81: 4.156577364603678, 79: 4.156908893585205, 78: 4.15801674524943, 'acc_5': 0.7104554455445544, 'acc_1': 0.6521188118811881}

| Test	 Net1  Acc: 64.29%

==== Epoch:83 Test ACC:64.28514851485149 ====

Ensenble {76: 4.150449180603028, 82: 4.151820945739746, 81: 4.156577364603678, 79: 4.156908893585205, 78: 4.15801674524943, 'acc_5': 0.7104554455445544, 'acc_1': 0.6521188118811881}

| Test	 Net1  Acc: 64.90%

==== Epoch:84 Test ACC:64.8990099009901 ====

Ensenble {76: 4.150449180603028, 84: 4.151346333821615, 82: 4.151820945739746, 81: 4.156577364603678, 79: 4.156908893585205, 'acc_5': 0.7099009900990099, 'acc_1': 0.6521188118811881}

| Test	 Net1  Acc: 65.22%

==== Epoch:85 Test ACC:65.21584158415841 ====

Ensenble {85: 4.131482028961182, 76: 4.150449180603028, 84: 4.151346333821615, 82: 4.151820945739746, 81: 4.156577364603678, 'acc_5': 0.7114059405940594, 'acc_1': 0.6521584158415842}

| Test	 Net1  Acc: 63.94%

==== Epoch:86 Test ACC:63.94455445544555 ====

Ensenble {85: 4.131482028961182, 76: 4.150449180603028, 84: 4.151346333821615, 82: 4.151820945739746, 86: 4.154797172546386, 'acc_5': 0.7105346534653465, 'acc_1': 0.6521584158415842}

| Test	 Net1  Acc: 64.86%

==== Epoch:87 Test ACC:64.85544554455446 ====

Ensenble {85: 4.131482028961182, 87: 4.135204442342123, 76: 4.150449180603028, 84: 4.151346333821615, 82: 4.151820945739746, 'acc_5': 0.7093861386138614, 'acc_1': 0.6521584158415842}

| Test	 Net1  Acc: 64.16%

==== Epoch:88 Test ACC:64.15841584158416 ====

Ensenble {85: 4.131482028961182, 87: 4.135204442342123, 88: 4.140064875284831, 76: 4.150449180603028, 84: 4.151346333821615, 'acc_5': 0.707009900990099, 'acc_1': 0.6521584158415842}

| Test	 Net1  Acc: 65.03%

==== Epoch:89 Test ACC:65.02574257425742 ====

Ensenble {85: 4.131482028961182, 87: 4.135204442342123, 88: 4.140064875284831, 89: 4.145371437072754, 76: 4.150449180603028, 'acc_5': 0.7095841584158415, 'acc_1': 0.6521584158415842}

| Test	 Net1  Acc: 65.39%

==== Epoch:90 Test ACC:65.3940594059406 ====

Ensenble {85: 4.131482028961182, 87: 4.135204442342123, 90: 4.137450663248698, 88: 4.140064875284831, 89: 4.145371437072754, 'acc_5': 0.7074851485148514, 'acc_1': 0.6521584158415842}

| Test	 Net1  Acc: 64.76%

==== Epoch:91 Test ACC:64.76435643564356 ====

Ensenble {85: 4.131482028961182, 87: 4.135204442342123, 90: 4.137450663248698, 88: 4.140064875284831, 91: 4.1406072298685705, 'acc_5': 0.7078019801980198, 'acc_1': 0.6521584158415842}

| Test	 Net1  Acc: 63.56%

==== Epoch:92 Test ACC:63.556435643564356 ====

Ensenble {85: 4.131482028961182, 87: 4.135204442342123, 90: 4.137450663248698, 88: 4.140064875284831, 91: 4.1406072298685705, 'acc_5': 0.7078019801980198, 'acc_1': 0.6521584158415842}

| Test	 Net1  Acc: 64.86%

==== Epoch:93 Test ACC:64.85544554455446 ====

Ensenble {85: 4.131482028961182, 87: 4.135204442342123, 90: 4.137450663248698, 88: 4.140064875284831, 91: 4.1406072298685705, 'acc_5': 0.7078019801980198, 'acc_1': 0.6521584158415842}

| Test	 Net1  Acc: 64.56%

==== Epoch:94 Test ACC:64.55841584158416 ====

Ensenble {85: 4.131482028961182, 87: 4.135204442342123, 90: 4.137450663248698, 88: 4.140064875284831, 91: 4.1406072298685705, 'acc_5': 0.7078019801980198, 'acc_1': 0.6521584158415842}

| Test	 Net1  Acc: 65.09%

==== Epoch:95 Test ACC:65.08910891089108 ====

Ensenble {85: 4.131482028961182, 87: 4.135204442342123, 90: 4.137450663248698, 95: 4.1378804842631025, 88: 4.140064875284831, 'acc_5': 0.7108514851485148, 'acc_1': 0.6521584158415842}

| Test	 Net1  Acc: 64.24%

==== Epoch:96 Test ACC:64.23762376237623 ====

Ensenble {85: 4.131482028961182, 87: 4.135204442342123, 90: 4.137450663248698, 95: 4.1378804842631025, 88: 4.140064875284831, 'acc_5': 0.7108514851485148, 'acc_1': 0.6521584158415842}

| Test	 Net1  Acc: 64.95%

==== Epoch:97 Test ACC:64.94653465346535 ====

Ensenble {85: 4.131482028961182, 87: 4.135204442342123, 90: 4.137450663248698, 95: 4.1378804842631025, 88: 4.140064875284831, 'acc_5': 0.7108514851485148, 'acc_1': 0.6521584158415842}

| Test	 Net1  Acc: 65.14%

==== Epoch:98 Test ACC:65.14455445544554 ====

Ensenble {85: 4.131482028961182, 98: 4.131902122497559, 87: 4.135204442342123, 90: 4.137450663248698, 95: 4.1378804842631025, 'acc_5': 0.7118019801980198, 'acc_1': 0.6521584158415842}

| Test	 Net1  Acc: 65.03%

==== Epoch:99 Test ACC:65.03366336633664 ====

Ensenble {85: 4.131482028961182, 98: 4.131902122497559, 87: 4.135204442342123, 90: 4.137450663248698, 95: 4.1378804842631025, 'acc_5': 0.7118019801980198, 'acc_1': 0.6521584158415842}

| Test	 Net1  Acc: 64.79%

==== Epoch:100 Test ACC:64.79207920792079 ====

Ensenble {85: 4.131482028961182, 98: 4.131902122497559, 100: 4.132077344258627, 87: 4.135204442342123, 90: 4.137450663248698, 'acc_5': 0.7111287128712871, 'acc_1': 0.6521584158415842}

| Test	 Net1  Acc: 67.96%

==== Epoch:101 Test ACC:67.95643564356436 ====

Ensenble {101: 4.120151392618815, 85: 4.131482028961182, 98: 4.131902122497559, 100: 4.132077344258627, 87: 4.135204442342123, 'acc_5': 0.7069702970297029, 'acc_1': 0.6795643564356436}

| Test	 Net1  Acc: 68.09%

==== Epoch:102 Test ACC:68.0910891089109 ====

Ensenble {102: 4.115660413106283, 101: 4.120151392618815, 85: 4.131482028961182, 98: 4.131902122497559, 100: 4.132077344258627, 'acc_5': 0.7001584158415841, 'acc_1': 0.680910891089109}

| Test	 Net1  Acc: 68.19%

==== Epoch:103 Test ACC:68.19405940594059 ====

Ensenble {102: 4.115660413106283, 101: 4.120151392618815, 103: 4.125036176045736, 85: 4.131482028961182, 98: 4.131902122497559, 'acc_5': 0.7029306930693069, 'acc_1': 0.680910891089109}

| Test	 Net1  Acc: 68.39%

==== Epoch:104 Test ACC:68.38811881188118 ====

Ensenble {102: 4.115660413106283, 101: 4.120151392618815, 104: 4.123810164133707, 103: 4.125036176045736, 85: 4.131482028961182, 'acc_5': 0.6954455445544554, 'acc_1': 0.680910891089109}

| Test	 Net1  Acc: 68.70%

==== Epoch:105 Test ACC:68.6970297029703 ====

Ensenble {105: 4.111653359731038, 102: 4.115660413106283, 101: 4.120151392618815, 104: 4.123810164133707, 103: 4.125036176045736, 'acc_5': 0.6850297029702971, 'acc_1': 0.686970297029703}

| Test	 Net1  Acc: 68.74%

==== Epoch:106 Test ACC:68.74455445544554 ====

Ensenble {105: 4.111653359731038, 102: 4.115660413106283, 106: 4.118302090962728, 101: 4.120151392618815, 104: 4.123810164133707, 'acc_5': 0.6865346534653466, 'acc_1': 0.686970297029703}

| Test	 Net1  Acc: 68.62%

==== Epoch:107 Test ACC:68.62178217821783 ====

Ensenble {105: 4.111653359731038, 102: 4.115660413106283, 106: 4.118302090962728, 101: 4.120151392618815, 107: 4.120785967508952, 'acc_5': 0.6871683168316832, 'acc_1': 0.686970297029703}

| Test	 Net1  Acc: 68.67%

==== Epoch:108 Test ACC:68.67326732673267 ====

Ensenble {105: 4.111653359731038, 108: 4.1117462793986, 102: 4.115660413106283, 106: 4.118302090962728, 101: 4.120151392618815, 'acc_5': 0.6870891089108911, 'acc_1': 0.686970297029703}

| Test	 Net1  Acc: 68.65%

==== Epoch:109 Test ACC:68.65346534653466 ====

Ensenble {105: 4.111653359731038, 108: 4.1117462793986, 102: 4.115660413106283, 106: 4.118302090962728, 101: 4.120151392618815, 'acc_5': 0.6870891089108911, 'acc_1': 0.686970297029703}

| Test	 Net1  Acc: 68.44%

==== Epoch:110 Test ACC:68.43960396039604 ====

Ensenble {105: 4.111653359731038, 108: 4.1117462793986, 102: 4.115660413106283, 106: 4.118302090962728, 110: 4.118985493977864, 'acc_5': 0.6884356435643564, 'acc_1': 0.686970297029703}

| Test	 Net1  Acc: 68.60%

==== Epoch:111 Test ACC:68.6019801980198 ====

Ensenble {105: 4.111653359731038, 108: 4.1117462793986, 102: 4.115660413106283, 111: 4.117438697814942, 106: 4.118302090962728, 'acc_5': 0.6889900990099009, 'acc_1': 0.686970297029703}

| Test	 Net1  Acc: 68.67%

==== Epoch:112 Test ACC:68.66534653465347 ====

Ensenble {105: 4.111653359731038, 108: 4.1117462793986, 102: 4.115660413106283, 111: 4.117438697814942, 106: 4.118302090962728, 'acc_5': 0.6889900990099009, 'acc_1': 0.686970297029703}

| Test	 Net1  Acc: 68.44%

==== Epoch:113 Test ACC:68.43960396039604 ====

Ensenble {105: 4.111653359731038, 108: 4.1117462793986, 102: 4.115660413106283, 111: 4.117438697814942, 106: 4.118302090962728, 'acc_5': 0.6889900990099009, 'acc_1': 0.686970297029703}

| Test	 Net1  Acc: 68.49%

==== Epoch:114 Test ACC:68.49108910891088 ====

Ensenble {105: 4.111653359731038, 108: 4.1117462793986, 102: 4.115660413106283, 111: 4.117438697814942, 106: 4.118302090962728, 'acc_5': 0.6889900990099009, 'acc_1': 0.686970297029703}

| Test	 Net1  Acc: 68.72%

==== Epoch:115 Test ACC:68.71683168316832 ====

Ensenble {105: 4.111653359731038, 108: 4.1117462793986, 102: 4.115660413106283, 111: 4.117438697814942, 106: 4.118302090962728, 'acc_5': 0.6889900990099009, 'acc_1': 0.686970297029703}

| Test	 Net1  Acc: 69.07%

==== Epoch:116 Test ACC:69.06930693069307 ====

Ensenble {105: 4.111653359731038, 108: 4.1117462793986, 102: 4.115660413106283, 111: 4.117438697814942, 106: 4.118302090962728, 'acc_5': 0.6889900990099009, 'acc_1': 0.686970297029703}

| Test	 Net1  Acc: 68.72%

==== Epoch:117 Test ACC:68.72475247524753 ====

Ensenble {105: 4.111653359731038, 108: 4.1117462793986, 102: 4.115660413106283, 111: 4.117438697814942, 106: 4.118302090962728, 'acc_5': 0.6889900990099009, 'acc_1': 0.686970297029703}

| Test	 Net1  Acc: 68.69%

==== Epoch:118 Test ACC:68.6891089108911 ====

Ensenble {105: 4.111653359731038, 108: 4.1117462793986, 102: 4.115660413106283, 111: 4.117438697814942, 106: 4.118302090962728, 'acc_5': 0.6889900990099009, 'acc_1': 0.686970297029703}

| Test	 Net1  Acc: 68.25%

==== Epoch:119 Test ACC:68.24554455445545 ====

Ensenble {105: 4.111653359731038, 108: 4.1117462793986, 102: 4.115660413106283, 111: 4.117438697814942, 106: 4.118302090962728, 'acc_5': 0.6889900990099009, 'acc_1': 0.686970297029703}

| Test	 Net1  Acc: 68.62%

==== Epoch:120 Test ACC:68.62178217821783 ====

Ensenble {105: 4.111653359731038, 108: 4.1117462793986, 102: 4.115660413106283, 111: 4.117438697814942, 106: 4.118302090962728, 'acc_5': 0.6889900990099009, 'acc_1': 0.686970297029703}

| Test	 Net1  Acc: 68.65%

==== Epoch:121 Test ACC:68.65346534653466 ====

Ensenble {105: 4.111653359731038, 108: 4.1117462793986, 102: 4.115660413106283, 111: 4.117438697814942, 106: 4.118302090962728, 'acc_5': 0.6889900990099009, 'acc_1': 0.686970297029703}

| Test	 Net1  Acc: 68.74%

==== Epoch:122 Test ACC:68.74455445544554 ====

Ensenble {105: 4.111653359731038, 108: 4.1117462793986, 102: 4.115660413106283, 111: 4.117438697814942, 106: 4.118302090962728, 'acc_5': 0.6889900990099009, 'acc_1': 0.686970297029703}

| Test	 Net1  Acc: 68.81%

==== Epoch:123 Test ACC:68.8079207920792 ====

Ensenble {105: 4.111653359731038, 108: 4.1117462793986, 102: 4.115660413106283, 111: 4.117438697814942, 106: 4.118302090962728, 'acc_5': 0.6889900990099009, 'acc_1': 0.686970297029703}

| Test	 Net1  Acc: 68.80%

==== Epoch:124 Test ACC:68.7960396039604 ====

Ensenble {105: 4.111653359731038, 108: 4.1117462793986, 102: 4.115660413106283, 111: 4.117438697814942, 106: 4.118302090962728, 'acc_5': 0.6889900990099009, 'acc_1': 0.686970297029703}

| Test	 Net1  Acc: 68.63%

==== Epoch:125 Test ACC:68.63366336633663 ====

Ensenble {105: 4.111653359731038, 108: 4.1117462793986, 102: 4.115660413106283, 111: 4.117438697814942, 106: 4.118302090962728, 'acc_5': 0.6889900990099009, 'acc_1': 0.686970297029703}

| Test	 Net1  Acc: 68.60%

==== Epoch:126 Test ACC:68.6019801980198 ====

Ensenble {105: 4.111653359731038, 108: 4.1117462793986, 102: 4.115660413106283, 111: 4.117438697814942, 106: 4.118302090962728, 'acc_5': 0.6889900990099009, 'acc_1': 0.686970297029703}

| Test	 Net1  Acc: 68.42%

==== Epoch:127 Test ACC:68.41980198019802 ====

Ensenble {105: 4.111653359731038, 108: 4.1117462793986, 102: 4.115660413106283, 111: 4.117438697814942, 106: 4.118302090962728, 'acc_5': 0.6889900990099009, 'acc_1': 0.686970297029703}

| Test	 Net1  Acc: 68.53%

==== Epoch:128 Test ACC:68.53465346534654 ====

Ensenble {105: 4.111653359731038, 108: 4.1117462793986, 102: 4.115660413106283, 111: 4.117438697814942, 106: 4.118302090962728, 'acc_5': 0.6889900990099009, 'acc_1': 0.686970297029703}

| Test	 Net1  Acc: 68.58%

==== Epoch:129 Test ACC:68.57821782178218 ====

Ensenble {105: 4.111653359731038, 108: 4.1117462793986, 102: 4.115660413106283, 111: 4.117438697814942, 106: 4.118302090962728, 'acc_5': 0.6889900990099009, 'acc_1': 0.686970297029703}

| Test	 Net1  Acc: 68.70%

==== Epoch:130 Test ACC:68.7009900990099 ====

Ensenble {105: 4.111653359731038, 108: 4.1117462793986, 102: 4.115660413106283, 111: 4.117438697814942, 106: 4.118302090962728, 'acc_5': 0.6889900990099009, 'acc_1': 0.686970297029703}

| Test	 Net1  Acc: 68.50%

==== Epoch:131 Test ACC:68.5029702970297 ====

Ensenble {105: 4.111653359731038, 108: 4.1117462793986, 102: 4.115660413106283, 111: 4.117438697814942, 106: 4.118302090962728, 'acc_5': 0.6889900990099009, 'acc_1': 0.686970297029703}

| Test	 Net1  Acc: 68.53%

==== Epoch:132 Test ACC:68.53069306930693 ====

Ensenble {105: 4.111653359731038, 108: 4.1117462793986, 102: 4.115660413106283, 111: 4.117438697814942, 106: 4.118302090962728, 'acc_5': 0.6889900990099009, 'acc_1': 0.686970297029703}

| Test	 Net1  Acc: 68.60%

==== Epoch:133 Test ACC:68.5980198019802 ====

Ensenble {105: 4.111653359731038, 108: 4.1117462793986, 102: 4.115660413106283, 111: 4.117438697814942, 106: 4.118302090962728, 'acc_5': 0.6889900990099009, 'acc_1': 0.686970297029703}

| Test	 Net1  Acc: 68.31%

==== Epoch:134 Test ACC:68.30891089108911 ====

Ensenble {105: 4.111653359731038, 108: 4.1117462793986, 102: 4.115660413106283, 111: 4.117438697814942, 106: 4.118302090962728, 'acc_5': 0.6889900990099009, 'acc_1': 0.686970297029703}

| Test	 Net1  Acc: 68.61%

==== Epoch:135 Test ACC:68.6059405940594 ====

Ensenble {105: 4.111653359731038, 108: 4.1117462793986, 102: 4.115660413106283, 111: 4.117438697814942, 106: 4.118302090962728, 'acc_5': 0.6889900990099009, 'acc_1': 0.686970297029703}
slurmstepd: error: *** JOB 1312505 ON gpu-4-12 CANCELLED AT 2025-04-12T07:27:56 DUE TO TIME LIMIT ***
