/home/rhu/anaconda3/envs/py310/lib/python3.10/site-packages/torchvision/io/image.py:13: UserWarning: Failed to load image Python extension: '/home/rhu/anaconda3/envs/py310/lib/python3.10/site-packages/torchvision/image.so: undefined symbol: _ZN3c1017RegisterOperatorsD1Ev'If you don't plan on using image functionality from `torchvision.io`, you can ignore this warning. Otherwise, there might be something wrong with your environment. Did you have `libjpeg` or `libpng` installed before building `torchvision` from source?
  warn(
| Building net
data saved
data saved
Namespace(batch_size=128, lr=0.02, alpha=0.5, lambda_u=0, p_threshold=0.5, T=0.5, num_epochs=200, id='clothing1m_vri', data_path='../data', seed='2', gpuid=0, num_class=10, num_batches=3000, log_wandb=False, wandb_project='', wandb_experiment='', wandb_entity='', wandb_resume=False, need_clean=False, single_meta=0, moco_pretrained='/home/rhu/r_work/VRI/VRI_DivideMix/pretrained/ckpt_clothing_resnet50.pth', warmup=0, cos_lr=False, lam=0.01, meta_goal='clid', tau=0.5, meta_lr=0.01, meta_bsz=100, model='vgg')
data saved

| Test	 Net1  Acc: 30.84%

==== Epoch:0 Test ACC:30.84 ====

Ensenble {0: 5.177634334564209, 'acc_5': 0.3084, 'acc_1': 0.3084}
data saved

| Test	 Net1  Acc: 31.34%

==== Epoch:1 Test ACC:31.34 ====

Ensenble {1: 5.084010314941406, 0: 5.177634334564209, 'acc_5': 0.3432, 'acc_1': 0.3134}
data saved

| Test	 Net1  Acc: 44.16%

==== Epoch:2 Test ACC:44.16 ====

Ensenble {2: 4.999038410186768, 1: 5.084010314941406, 0: 5.177634334564209, 'acc_5': 0.4708, 'acc_1': 0.4416}
data saved

| Test	 Net1  Acc: 49.02%

==== Epoch:3 Test ACC:49.02 ====

Ensenble {3: 4.890656661987305, 2: 4.999038410186768, 1: 5.084010314941406, 0: 5.177634334564209, 'acc_5': 0.5136, 'acc_1': 0.4902}
data saved

| Test	 Net1  Acc: 48.54%

==== Epoch:4 Test ACC:48.54 ====

Ensenble {4: 4.877461051940918, 3: 4.890656661987305, 2: 4.999038410186768, 1: 5.084010314941406, 0: 5.177634334564209, 'acc_5': 0.5434, 'acc_1': 0.4854}
data saved

| Test	 Net1  Acc: 51.72%

==== Epoch:5 Test ACC:51.72 ====

Ensenble {5: 4.854671955108643, 4: 4.877461051940918, 3: 4.890656661987305, 2: 4.999038410186768, 1: 5.084010314941406, 'acc_5': 0.583, 'acc_1': 0.5172}
data saved

| Test	 Net1  Acc: 48.50%

==== Epoch:6 Test ACC:48.5 ====

Ensenble {5: 4.854671955108643, 6: 4.860529136657715, 4: 4.877461051940918, 3: 4.890656661987305, 2: 4.999038410186768, 'acc_5': 0.5876, 'acc_1': 0.5172}
data saved

| Test	 Net1  Acc: 59.62%

==== Epoch:7 Test ACC:59.62 ====

Ensenble {5: 4.854671955108643, 6: 4.860529136657715, 7: 4.87401933670044, 4: 4.877461051940918, 3: 4.890656661987305, 'acc_5': 0.628, 'acc_1': 0.5172}
data saved

| Test	 Net1  Acc: 63.02%

==== Epoch:8 Test ACC:63.02 ====

Ensenble {8: 4.845100593566895, 5: 4.854671955108643, 6: 4.860529136657715, 7: 4.87401933670044, 4: 4.877461051940918, 'acc_5': 0.6656, 'acc_1': 0.6302}
data saved

| Test	 Net1  Acc: 58.34%

==== Epoch:9 Test ACC:58.34 ====

Ensenble {9: 4.770866107940674, 8: 4.845100593566895, 5: 4.854671955108643, 6: 4.860529136657715, 7: 4.87401933670044, 'acc_5': 0.6792, 'acc_1': 0.5834}
data saved

| Test	 Net1  Acc: 63.08%

==== Epoch:10 Test ACC:63.08 ====

Ensenble {9: 4.770866107940674, 10: 4.7722594261169435, 8: 4.845100593566895, 5: 4.854671955108643, 6: 4.860529136657715, 'acc_5': 0.7012, 'acc_1': 0.5834}
data saved

| Test	 Net1  Acc: 63.80%

==== Epoch:11 Test ACC:63.8 ====

Ensenble {11: 4.761155033111573, 9: 4.770866107940674, 10: 4.7722594261169435, 8: 4.845100593566895, 5: 4.854671955108643, 'acc_5': 0.7188, 'acc_1': 0.638}
data saved

| Test	 Net1  Acc: 64.00%

==== Epoch:12 Test ACC:64.0 ====

Ensenble {12: 4.712373542785644, 11: 4.761155033111573, 9: 4.770866107940674, 10: 4.7722594261169435, 8: 4.845100593566895, 'acc_5': 0.7484, 'acc_1': 0.64}
data saved

| Test	 Net1  Acc: 62.06%

==== Epoch:13 Test ACC:62.06 ====

Ensenble {12: 4.712373542785644, 13: 4.718134021759033, 11: 4.761155033111573, 9: 4.770866107940674, 10: 4.7722594261169435, 'acc_5': 0.7496, 'acc_1': 0.64}
data saved

| Test	 Net1  Acc: 65.12%

==== Epoch:14 Test ACC:65.12 ====

Ensenble {14: 4.7112504005432125, 12: 4.712373542785644, 13: 4.718134021759033, 11: 4.761155033111573, 9: 4.770866107940674, 'acc_5': 0.7586, 'acc_1': 0.6512}
data saved

| Test	 Net1  Acc: 58.92%

==== Epoch:15 Test ACC:58.92 ====

Ensenble {14: 4.7112504005432125, 12: 4.712373542785644, 13: 4.718134021759033, 11: 4.761155033111573, 9: 4.770866107940674, 'acc_5': 0.7586, 'acc_1': 0.6512}
data saved

| Test	 Net1  Acc: 64.60%

==== Epoch:16 Test ACC:64.6 ====

Ensenble {16: 4.702968120574951, 14: 4.7112504005432125, 12: 4.712373542785644, 13: 4.718134021759033, 11: 4.761155033111573, 'acc_5': 0.76, 'acc_1': 0.646}
data saved

| Test	 Net1  Acc: 65.86%

==== Epoch:17 Test ACC:65.86 ====

Ensenble {17: 4.641882514953613, 16: 4.702968120574951, 14: 4.7112504005432125, 12: 4.712373542785644, 13: 4.718134021759033, 'acc_5': 0.75, 'acc_1': 0.6586}
data saved

| Test	 Net1  Acc: 65.92%

==== Epoch:18 Test ACC:65.92 ====

Ensenble {17: 4.641882514953613, 18: 4.672424602508545, 16: 4.702968120574951, 14: 4.7112504005432125, 12: 4.712373542785644, 'acc_5': 0.7534, 'acc_1': 0.6586}
data saved

| Test	 Net1  Acc: 65.26%

==== Epoch:19 Test ACC:65.26 ====

Ensenble {19: 4.6385448455810545, 17: 4.641882514953613, 18: 4.672424602508545, 16: 4.702968120574951, 14: 4.7112504005432125, 'acc_5': 0.7732, 'acc_1': 0.6526}
data saved

| Test	 Net1  Acc: 72.00%

==== Epoch:20 Test ACC:72.0 ====

Ensenble {20: 4.581940364837647, 19: 4.6385448455810545, 17: 4.641882514953613, 18: 4.672424602508545, 16: 4.702968120574951, 'acc_5': 0.7794, 'acc_1': 0.72}
data saved

| Test	 Net1  Acc: 73.14%

==== Epoch:21 Test ACC:73.14 ====

Ensenble {20: 4.581940364837647, 21: 4.625298881530762, 19: 4.6385448455810545, 17: 4.641882514953613, 18: 4.672424602508545, 'acc_5': 0.7914, 'acc_1': 0.72}
data saved

| Test	 Net1  Acc: 68.58%

==== Epoch:22 Test ACC:68.58 ====

Ensenble {20: 4.581940364837647, 21: 4.625298881530762, 19: 4.6385448455810545, 17: 4.641882514953613, 22: 4.662071228027344, 'acc_5': 0.7992, 'acc_1': 0.72}
data saved

| Test	 Net1  Acc: 71.98%

==== Epoch:23 Test ACC:71.98 ====

Ensenble {23: 4.532120037078857, 20: 4.581940364837647, 21: 4.625298881530762, 19: 4.6385448455810545, 17: 4.641882514953613, 'acc_5': 0.7934, 'acc_1': 0.7198}
data saved

| Test	 Net1  Acc: 76.30%

==== Epoch:24 Test ACC:76.3 ====

Ensenble {23: 4.532120037078857, 20: 4.581940364837647, 24: 4.611260223388672, 21: 4.625298881530762, 19: 4.6385448455810545, 'acc_5': 0.7958, 'acc_1': 0.7198}
data saved

| Test	 Net1  Acc: 72.60%

==== Epoch:25 Test ACC:72.6 ====

Ensenble {23: 4.532120037078857, 25: 4.542257976531983, 20: 4.581940364837647, 24: 4.611260223388672, 21: 4.625298881530762, 'acc_5': 0.8124, 'acc_1': 0.7198}
data saved

| Test	 Net1  Acc: 75.84%

==== Epoch:26 Test ACC:75.84 ====

Ensenble {23: 4.532120037078857, 26: 4.533482265472412, 25: 4.542257976531983, 20: 4.581940364837647, 24: 4.611260223388672, 'acc_5': 0.8098, 'acc_1': 0.7198}
data saved

| Test	 Net1  Acc: 56.74%

==== Epoch:27 Test ACC:56.74 ====

Ensenble {23: 4.532120037078857, 26: 4.533482265472412, 25: 4.542257976531983, 20: 4.581940364837647, 24: 4.611260223388672, 'acc_5': 0.8098, 'acc_1': 0.7198}
data saved

| Test	 Net1  Acc: 69.98%

==== Epoch:28 Test ACC:69.98 ====

Ensenble {23: 4.532120037078857, 26: 4.533482265472412, 25: 4.542257976531983, 28: 4.581552505493164, 20: 4.581940364837647, 'acc_5': 0.8088, 'acc_1': 0.7198}
data saved

| Test	 Net1  Acc: 72.78%

==== Epoch:29 Test ACC:72.78 ====

Ensenble {23: 4.532120037078857, 26: 4.533482265472412, 25: 4.542257976531983, 29: 4.544053173065185, 28: 4.581552505493164, 'acc_5': 0.8146, 'acc_1': 0.7198}
data saved

| Test	 Net1  Acc: 71.72%

==== Epoch:30 Test ACC:71.72 ====

Ensenble {23: 4.532120037078857, 26: 4.533482265472412, 30: 4.53663911819458, 25: 4.542257976531983, 29: 4.544053173065185, 'acc_5': 0.8166, 'acc_1': 0.7198}
data saved

| Test	 Net1  Acc: 72.64%

==== Epoch:31 Test ACC:72.64 ====

Ensenble {23: 4.532120037078857, 26: 4.533482265472412, 31: 4.534973621368408, 30: 4.53663911819458, 25: 4.542257976531983, 'acc_5': 0.8108, 'acc_1': 0.7198}
data saved

| Test	 Net1  Acc: 75.22%

==== Epoch:32 Test ACC:75.22 ====

Ensenble {32: 4.531924438476563, 23: 4.532120037078857, 26: 4.533482265472412, 31: 4.534973621368408, 30: 4.53663911819458, 'acc_5': 0.811, 'acc_1': 0.7522}
data saved

| Test	 Net1  Acc: 76.16%

==== Epoch:33 Test ACC:76.16 ====

Ensenble {33: 4.494004249572754, 32: 4.531924438476563, 23: 4.532120037078857, 26: 4.533482265472412, 31: 4.534973621368408, 'acc_5': 0.815, 'acc_1': 0.7616}
data saved

| Test	 Net1  Acc: 75.64%

==== Epoch:34 Test ACC:75.64 ====

Ensenble {33: 4.494004249572754, 34: 4.5065717697143555, 32: 4.531924438476563, 23: 4.532120037078857, 26: 4.533482265472412, 'acc_5': 0.8244, 'acc_1': 0.7616}
data saved

| Test	 Net1  Acc: 67.88%

==== Epoch:35 Test ACC:67.88 ====

Ensenble {33: 4.494004249572754, 34: 4.5065717697143555, 32: 4.531924438476563, 23: 4.532120037078857, 26: 4.533482265472412, 'acc_5': 0.8244, 'acc_1': 0.7616}
data saved

| Test	 Net1  Acc: 73.10%

==== Epoch:36 Test ACC:73.1 ====

Ensenble {33: 4.494004249572754, 34: 4.5065717697143555, 32: 4.531924438476563, 23: 4.532120037078857, 26: 4.533482265472412, 'acc_5': 0.8244, 'acc_1': 0.7616}
data saved

| Test	 Net1  Acc: 67.62%

==== Epoch:37 Test ACC:67.62 ====

Ensenble {33: 4.494004249572754, 34: 4.5065717697143555, 32: 4.531924438476563, 23: 4.532120037078857, 26: 4.533482265472412, 'acc_5': 0.8244, 'acc_1': 0.7616}
data saved

| Test	 Net1  Acc: 67.58%

==== Epoch:38 Test ACC:67.58 ====

Ensenble {38: 4.486178398132324, 33: 4.494004249572754, 34: 4.5065717697143555, 32: 4.531924438476563, 23: 4.532120037078857, 'acc_5': 0.819, 'acc_1': 0.6758}
data saved

| Test	 Net1  Acc: 71.36%

==== Epoch:39 Test ACC:71.36 ====

Ensenble {38: 4.486178398132324, 39: 4.487513732910156, 33: 4.494004249572754, 34: 4.5065717697143555, 32: 4.531924438476563, 'acc_5': 0.817, 'acc_1': 0.6758}
data saved

| Test	 Net1  Acc: 77.96%

==== Epoch:40 Test ACC:77.96 ====

Ensenble {38: 4.486178398132324, 39: 4.487513732910156, 33: 4.494004249572754, 34: 4.5065717697143555, 32: 4.531924438476563, 'acc_5': 0.817, 'acc_1': 0.6758}
data saved

| Test	 Net1  Acc: 75.28%

==== Epoch:41 Test ACC:75.28 ====

Ensenble {38: 4.486178398132324, 39: 4.487513732910156, 33: 4.494004249572754, 41: 4.502944278717041, 34: 4.5065717697143555, 'acc_5': 0.8166, 'acc_1': 0.6758}
data saved

| Test	 Net1  Acc: 74.80%

==== Epoch:42 Test ACC:74.8 ====

Ensenble {42: 4.457307434082031, 38: 4.486178398132324, 39: 4.487513732910156, 33: 4.494004249572754, 41: 4.502944278717041, 'acc_5': 0.8174, 'acc_1': 0.748}
data saved

| Test	 Net1  Acc: 71.16%

==== Epoch:43 Test ACC:71.16 ====

Ensenble {42: 4.457307434082031, 43: 4.4637675285339355, 38: 4.486178398132324, 39: 4.487513732910156, 33: 4.494004249572754, 'acc_5': 0.8202, 'acc_1': 0.748}
data saved

| Test	 Net1  Acc: 74.80%

==== Epoch:44 Test ACC:74.8 ====

Ensenble {42: 4.457307434082031, 43: 4.4637675285339355, 38: 4.486178398132324, 39: 4.487513732910156, 33: 4.494004249572754, 'acc_5': 0.8202, 'acc_1': 0.748}
data saved

| Test	 Net1  Acc: 72.98%

==== Epoch:45 Test ACC:72.98 ====

Ensenble {42: 4.457307434082031, 43: 4.4637675285339355, 38: 4.486178398132324, 39: 4.487513732910156, 33: 4.494004249572754, 'acc_5': 0.8202, 'acc_1': 0.748}
data saved

| Test	 Net1  Acc: 70.34%

==== Epoch:46 Test ACC:70.34 ====

Ensenble {42: 4.457307434082031, 43: 4.4637675285339355, 38: 4.486178398132324, 39: 4.487513732910156, 33: 4.494004249572754, 'acc_5': 0.8202, 'acc_1': 0.748}
data saved

| Test	 Net1  Acc: 73.14%

==== Epoch:47 Test ACC:73.14 ====

Ensenble {47: 4.428403759002686, 42: 4.457307434082031, 43: 4.4637675285339355, 38: 4.486178398132324, 39: 4.487513732910156, 'acc_5': 0.8184, 'acc_1': 0.7314}
data saved

| Test	 Net1  Acc: 71.74%

==== Epoch:48 Test ACC:71.74 ====

Ensenble {47: 4.428403759002686, 42: 4.457307434082031, 43: 4.4637675285339355, 38: 4.486178398132324, 39: 4.487513732910156, 'acc_5': 0.8184, 'acc_1': 0.7314}
data saved

| Test	 Net1  Acc: 71.80%

==== Epoch:49 Test ACC:71.8 ====

Ensenble {47: 4.428403759002686, 42: 4.457307434082031, 43: 4.4637675285339355, 49: 4.4777275085449215, 38: 4.486178398132324, 'acc_5': 0.8118, 'acc_1': 0.7314}
data saved

| Test	 Net1  Acc: 74.92%

==== Epoch:50 Test ACC:74.92 ====

Ensenble {47: 4.428403759002686, 42: 4.457307434082031, 43: 4.4637675285339355, 50: 4.465362071990967, 49: 4.4777275085449215, 'acc_5': 0.8104, 'acc_1': 0.7314}
data saved

| Test	 Net1  Acc: 70.52%

==== Epoch:51 Test ACC:70.52 ====

Ensenble {47: 4.428403759002686, 42: 4.457307434082031, 43: 4.4637675285339355, 50: 4.465362071990967, 49: 4.4777275085449215, 'acc_5': 0.8104, 'acc_1': 0.7314}
data saved

| Test	 Net1  Acc: 64.24%

==== Epoch:52 Test ACC:64.24 ====

Ensenble {47: 4.428403759002686, 42: 4.457307434082031, 43: 4.4637675285339355, 50: 4.465362071990967, 49: 4.4777275085449215, 'acc_5': 0.8104, 'acc_1': 0.7314}
data saved

| Test	 Net1  Acc: 74.82%

==== Epoch:53 Test ACC:74.82 ====

Ensenble {53: 4.422834014892578, 47: 4.428403759002686, 42: 4.457307434082031, 43: 4.4637675285339355, 50: 4.465362071990967, 'acc_5': 0.8216, 'acc_1': 0.7482}
data saved

| Test	 Net1  Acc: 72.96%

==== Epoch:54 Test ACC:72.96 ====

Ensenble {53: 4.422834014892578, 47: 4.428403759002686, 54: 4.435674571990967, 42: 4.457307434082031, 43: 4.4637675285339355, 'acc_5': 0.822, 'acc_1': 0.7482}
data saved

| Test	 Net1  Acc: 75.26%

==== Epoch:55 Test ACC:75.26 ====

Ensenble {53: 4.422834014892578, 47: 4.428403759002686, 54: 4.435674571990967, 42: 4.457307434082031, 55: 4.461358642578125, 'acc_5': 0.8326, 'acc_1': 0.7482}
data saved

| Test	 Net1  Acc: 72.44%

==== Epoch:56 Test ACC:72.44 ====

Ensenble {53: 4.422834014892578, 47: 4.428403759002686, 54: 4.435674571990967, 42: 4.457307434082031, 55: 4.461358642578125, 'acc_5': 0.8326, 'acc_1': 0.7482}
data saved

| Test	 Net1  Acc: 74.38%

==== Epoch:57 Test ACC:74.38 ====

Ensenble {53: 4.422834014892578, 47: 4.428403759002686, 54: 4.435674571990967, 42: 4.457307434082031, 55: 4.461358642578125, 'acc_5': 0.8326, 'acc_1': 0.7482}
data saved

| Test	 Net1  Acc: 76.00%

==== Epoch:58 Test ACC:76.0 ====

Ensenble {58: 4.404196739196777, 53: 4.422834014892578, 47: 4.428403759002686, 54: 4.435674571990967, 42: 4.457307434082031, 'acc_5': 0.8254, 'acc_1': 0.76}
data saved

| Test	 Net1  Acc: 63.84%

==== Epoch:59 Test ACC:63.84 ====

Ensenble {58: 4.404196739196777, 53: 4.422834014892578, 47: 4.428403759002686, 54: 4.435674571990967, 42: 4.457307434082031, 'acc_5': 0.8254, 'acc_1': 0.76}
data saved

| Test	 Net1  Acc: 72.38%

==== Epoch:60 Test ACC:72.38 ====

Ensenble {58: 4.404196739196777, 53: 4.422834014892578, 47: 4.428403759002686, 54: 4.435674571990967, 42: 4.457307434082031, 'acc_5': 0.8254, 'acc_1': 0.76}
data saved

| Test	 Net1  Acc: 74.82%

==== Epoch:61 Test ACC:74.82 ====

Ensenble {58: 4.404196739196777, 53: 4.422834014892578, 47: 4.428403759002686, 54: 4.435674571990967, 61: 4.446058559417724, 'acc_5': 0.834, 'acc_1': 0.76}
data saved

| Test	 Net1  Acc: 76.44%

==== Epoch:62 Test ACC:76.44 ====

Ensenble {58: 4.404196739196777, 53: 4.422834014892578, 47: 4.428403759002686, 54: 4.435674571990967, 61: 4.446058559417724, 'acc_5': 0.834, 'acc_1': 0.76}
data saved

| Test	 Net1  Acc: 72.58%

==== Epoch:63 Test ACC:72.58 ====

Ensenble {58: 4.404196739196777, 53: 4.422834014892578, 47: 4.428403759002686, 54: 4.435674571990967, 63: 4.445366668701172, 'acc_5': 0.8322, 'acc_1': 0.76}
data saved

| Test	 Net1  Acc: 74.26%

==== Epoch:64 Test ACC:74.26 ====

Ensenble {58: 4.404196739196777, 53: 4.422834014892578, 47: 4.428403759002686, 54: 4.435674571990967, 64: 4.442147541046142, 'acc_5': 0.8272, 'acc_1': 0.76}
data saved

| Test	 Net1  Acc: 74.48%

==== Epoch:65 Test ACC:74.48 ====

Ensenble {58: 4.404196739196777, 65: 4.420664882659912, 53: 4.422834014892578, 47: 4.428403759002686, 54: 4.435674571990967, 'acc_5': 0.8306, 'acc_1': 0.76}
data saved

| Test	 Net1  Acc: 73.76%

==== Epoch:66 Test ACC:73.76 ====

Ensenble {66: 4.390999603271484, 58: 4.404196739196777, 65: 4.420664882659912, 53: 4.422834014892578, 47: 4.428403759002686, 'acc_5': 0.8284, 'acc_1': 0.7376}
data saved

| Test	 Net1  Acc: 72.20%

==== Epoch:67 Test ACC:72.2 ====

Ensenble {66: 4.390999603271484, 58: 4.404196739196777, 65: 4.420664882659912, 53: 4.422834014892578, 47: 4.428403759002686, 'acc_5': 0.8284, 'acc_1': 0.7376}
data saved

| Test	 Net1  Acc: 73.56%

==== Epoch:68 Test ACC:73.56 ====

Ensenble {66: 4.390999603271484, 58: 4.404196739196777, 68: 4.408686637878418, 65: 4.420664882659912, 53: 4.422834014892578, 'acc_5': 0.827, 'acc_1': 0.7376}
data saved

| Test	 Net1  Acc: 76.58%

==== Epoch:69 Test ACC:76.58 ====

Ensenble {69: 4.384621620178223, 66: 4.390999603271484, 58: 4.404196739196777, 68: 4.408686637878418, 65: 4.420664882659912, 'acc_5': 0.8254, 'acc_1': 0.7658}
data saved

| Test	 Net1  Acc: 63.04%

==== Epoch:70 Test ACC:63.04 ====

Ensenble {69: 4.384621620178223, 66: 4.390999603271484, 58: 4.404196739196777, 68: 4.408686637878418, 65: 4.420664882659912, 'acc_5': 0.8254, 'acc_1': 0.7658}
data saved

| Test	 Net1  Acc: 72.98%

==== Epoch:71 Test ACC:72.98 ====

Ensenble {69: 4.384621620178223, 66: 4.390999603271484, 58: 4.404196739196777, 68: 4.408686637878418, 65: 4.420664882659912, 'acc_5': 0.8254, 'acc_1': 0.7658}
data saved

| Test	 Net1  Acc: 76.22%

==== Epoch:72 Test ACC:76.22 ====

Ensenble {72: 4.3663122177124025, 69: 4.384621620178223, 66: 4.390999603271484, 58: 4.404196739196777, 68: 4.408686637878418, 'acc_5': 0.825, 'acc_1': 0.7622}
data saved

| Test	 Net1  Acc: 75.16%

==== Epoch:73 Test ACC:75.16 ====

Ensenble {72: 4.3663122177124025, 69: 4.384621620178223, 73: 4.388717079162598, 66: 4.390999603271484, 58: 4.404196739196777, 'acc_5': 0.8278, 'acc_1': 0.7622}
data saved

| Test	 Net1  Acc: 74.86%

==== Epoch:74 Test ACC:74.86 ====

Ensenble {72: 4.3663122177124025, 69: 4.384621620178223, 73: 4.388717079162598, 66: 4.390999603271484, 58: 4.404196739196777, 'acc_5': 0.8278, 'acc_1': 0.7622}
data saved

| Test	 Net1  Acc: 75.08%

==== Epoch:75 Test ACC:75.08 ====

Ensenble {72: 4.3663122177124025, 69: 4.384621620178223, 73: 4.388717079162598, 66: 4.390999603271484, 58: 4.404196739196777, 'acc_5': 0.8278, 'acc_1': 0.7622}
data saved

| Test	 Net1  Acc: 74.92%

==== Epoch:76 Test ACC:74.92 ====

Ensenble {72: 4.3663122177124025, 69: 4.384621620178223, 76: 4.3874858856201175, 73: 4.388717079162598, 66: 4.390999603271484, 'acc_5': 0.8254, 'acc_1': 0.7622}
data saved

| Test	 Net1  Acc: 75.40%

==== Epoch:77 Test ACC:75.4 ====

Ensenble {77: 4.362177181243896, 72: 4.3663122177124025, 69: 4.384621620178223, 76: 4.3874858856201175, 73: 4.388717079162598, 'acc_5': 0.8252, 'acc_1': 0.754}
data saved

| Test	 Net1  Acc: 70.84%

==== Epoch:78 Test ACC:70.84 ====

Ensenble {77: 4.362177181243896, 72: 4.3663122177124025, 69: 4.384621620178223, 76: 4.3874858856201175, 73: 4.388717079162598, 'acc_5': 0.8252, 'acc_1': 0.754}
data saved

| Test	 Net1  Acc: 75.10%

==== Epoch:79 Test ACC:75.1 ====

Ensenble {77: 4.362177181243896, 72: 4.3663122177124025, 79: 4.3702984809875485, 69: 4.384621620178223, 76: 4.3874858856201175, 'acc_5': 0.8252, 'acc_1': 0.754}
data saved

| Test	 Net1  Acc: 73.58%

==== Epoch:80 Test ACC:73.58 ====

Ensenble {77: 4.362177181243896, 72: 4.3663122177124025, 79: 4.3702984809875485, 69: 4.384621620178223, 76: 4.3874858856201175, 'acc_5': 0.8252, 'acc_1': 0.754}
data saved

| Test	 Net1  Acc: 70.84%

==== Epoch:81 Test ACC:70.84 ====

Ensenble {77: 4.362177181243896, 72: 4.3663122177124025, 79: 4.3702984809875485, 69: 4.384621620178223, 76: 4.3874858856201175, 'acc_5': 0.8252, 'acc_1': 0.754}
data saved

| Test	 Net1  Acc: 74.00%

==== Epoch:82 Test ACC:74.0 ====

Ensenble {77: 4.362177181243896, 72: 4.3663122177124025, 79: 4.3702984809875485, 69: 4.384621620178223, 76: 4.3874858856201175, 'acc_5': 0.8252, 'acc_1': 0.754}
data saved

| Test	 Net1  Acc: 69.68%

==== Epoch:83 Test ACC:69.68 ====

Ensenble {77: 4.362177181243896, 72: 4.3663122177124025, 79: 4.3702984809875485, 69: 4.384621620178223, 76: 4.3874858856201175, 'acc_5': 0.8252, 'acc_1': 0.754}
data saved

| Test	 Net1  Acc: 74.68%

==== Epoch:84 Test ACC:74.68 ====

Ensenble {77: 4.362177181243896, 72: 4.3663122177124025, 79: 4.3702984809875485, 69: 4.384621620178223, 76: 4.3874858856201175, 'acc_5': 0.8252, 'acc_1': 0.754}
data saved

| Test	 Net1  Acc: 75.12%

==== Epoch:85 Test ACC:75.12 ====

Ensenble {85: 4.348526668548584, 77: 4.362177181243896, 72: 4.3663122177124025, 79: 4.3702984809875485, 69: 4.384621620178223, 'acc_5': 0.8292, 'acc_1': 0.7512}
data saved

| Test	 Net1  Acc: 74.30%

==== Epoch:86 Test ACC:74.3 ====

Ensenble {85: 4.348526668548584, 86: 4.350049018859863, 77: 4.362177181243896, 72: 4.3663122177124025, 79: 4.3702984809875485, 'acc_5': 0.8234, 'acc_1': 0.7512}
data saved

| Test	 Net1  Acc: 72.82%

==== Epoch:87 Test ACC:72.82 ====

Ensenble {85: 4.348526668548584, 86: 4.350049018859863, 77: 4.362177181243896, 72: 4.3663122177124025, 79: 4.3702984809875485, 'acc_5': 0.8234, 'acc_1': 0.7512}
data saved

| Test	 Net1  Acc: 73.18%

==== Epoch:88 Test ACC:73.18 ====

Ensenble {85: 4.348526668548584, 86: 4.350049018859863, 77: 4.362177181243896, 72: 4.3663122177124025, 79: 4.3702984809875485, 'acc_5': 0.8234, 'acc_1': 0.7512}
data saved

| Test	 Net1  Acc: 72.80%

==== Epoch:89 Test ACC:72.8 ====

Ensenble {85: 4.348526668548584, 86: 4.350049018859863, 77: 4.362177181243896, 72: 4.3663122177124025, 79: 4.3702984809875485, 'acc_5': 0.8234, 'acc_1': 0.7512}
data saved

| Test	 Net1  Acc: 75.86%

==== Epoch:90 Test ACC:75.86 ====

Ensenble {85: 4.348526668548584, 86: 4.350049018859863, 90: 4.355323219299317, 77: 4.362177181243896, 72: 4.3663122177124025, 'acc_5': 0.825, 'acc_1': 0.7512}
data saved

| Test	 Net1  Acc: 71.58%

==== Epoch:91 Test ACC:71.58 ====

Ensenble {85: 4.348526668548584, 86: 4.350049018859863, 90: 4.355323219299317, 77: 4.362177181243896, 72: 4.3663122177124025, 'acc_5': 0.825, 'acc_1': 0.7512}
data saved

| Test	 Net1  Acc: 74.36%

==== Epoch:92 Test ACC:74.36 ====

Ensenble {85: 4.348526668548584, 86: 4.350049018859863, 90: 4.355323219299317, 77: 4.362177181243896, 92: 4.362453556060791, 'acc_5': 0.8212, 'acc_1': 0.7512}
data saved

| Test	 Net1  Acc: 74.32%

==== Epoch:93 Test ACC:74.32 ====

Ensenble {85: 4.348526668548584, 86: 4.350049018859863, 93: 4.35436601638794, 90: 4.355323219299317, 77: 4.362177181243896, 'acc_5': 0.8184, 'acc_1': 0.7512}
data saved

| Test	 Net1  Acc: 73.18%

==== Epoch:94 Test ACC:73.18 ====

Ensenble {85: 4.348526668548584, 86: 4.350049018859863, 93: 4.35436601638794, 90: 4.355323219299317, 94: 4.356738090515137, 'acc_5': 0.8172, 'acc_1': 0.7512}
data saved

| Test	 Net1  Acc: 72.50%

==== Epoch:95 Test ACC:72.5 ====

Ensenble {85: 4.348526668548584, 86: 4.350049018859863, 93: 4.35436601638794, 90: 4.355323219299317, 94: 4.356738090515137, 'acc_5': 0.8172, 'acc_1': 0.7512}
data saved

| Test	 Net1  Acc: 71.04%

==== Epoch:96 Test ACC:71.04 ====

Ensenble {85: 4.348526668548584, 86: 4.350049018859863, 93: 4.35436601638794, 90: 4.355323219299317, 94: 4.356738090515137, 'acc_5': 0.8172, 'acc_1': 0.7512}
data saved

| Test	 Net1  Acc: 73.78%

==== Epoch:97 Test ACC:73.78 ====

Ensenble {85: 4.348526668548584, 86: 4.350049018859863, 93: 4.35436601638794, 90: 4.355323219299317, 94: 4.356738090515137, 'acc_5': 0.8172, 'acc_1': 0.7512}
data saved

| Test	 Net1  Acc: 73.66%

==== Epoch:98 Test ACC:73.66 ====

Ensenble {85: 4.348526668548584, 86: 4.350049018859863, 93: 4.35436601638794, 90: 4.355323219299317, 94: 4.356738090515137, 'acc_5': 0.8172, 'acc_1': 0.7512}
data saved

| Test	 Net1  Acc: 74.20%

==== Epoch:99 Test ACC:74.2 ====

Ensenble {85: 4.348526668548584, 86: 4.350049018859863, 93: 4.35436601638794, 90: 4.355323219299317, 94: 4.356738090515137, 'acc_5': 0.8172, 'acc_1': 0.7512}
data saved

| Test	 Net1  Acc: 80.64%

==== Epoch:100 Test ACC:80.64 ====

Ensenble {100: 4.197541522979736, 85: 4.348526668548584, 86: 4.350049018859863, 93: 4.35436601638794, 90: 4.355323219299317, 'acc_5': 0.8224, 'acc_1': 0.8064}
data saved

| Test	 Net1  Acc: 80.48%

==== Epoch:101 Test ACC:80.48 ====

Ensenble {101: 4.174418163299561, 100: 4.197541522979736, 85: 4.348526668548584, 86: 4.350049018859863, 93: 4.35436601638794, 'acc_5': 0.8268, 'acc_1': 0.8048}
data saved

| Test	 Net1  Acc: 81.08%

==== Epoch:102 Test ACC:81.08 ====

Ensenble {101: 4.174418163299561, 102: 4.177496528625488, 100: 4.197541522979736, 85: 4.348526668548584, 86: 4.350049018859863, 'acc_5': 0.8204, 'acc_1': 0.8048}
data saved

| Test	 Net1  Acc: 80.72%

==== Epoch:103 Test ACC:80.72 ====

Ensenble {103: 4.157661437988281, 101: 4.174418163299561, 102: 4.177496528625488, 100: 4.197541522979736, 85: 4.348526668548584, 'acc_5': 0.8136, 'acc_1': 0.8072}
data saved

| Test	 Net1  Acc: 80.42%

==== Epoch:104 Test ACC:80.42 ====

Ensenble {103: 4.157661437988281, 104: 4.158829689025879, 101: 4.174418163299561, 102: 4.177496528625488, 100: 4.197541522979736, 'acc_5': 0.808, 'acc_1': 0.8072}
data saved

| Test	 Net1  Acc: 80.62%

==== Epoch:105 Test ACC:80.62 ====

Ensenble {105: 4.149877071380615, 103: 4.157661437988281, 104: 4.158829689025879, 101: 4.174418163299561, 102: 4.177496528625488, 'acc_5': 0.8074, 'acc_1': 0.8062}
data saved

| Test	 Net1  Acc: 80.48%

==== Epoch:106 Test ACC:80.48 ====

Ensenble {105: 4.149877071380615, 106: 4.156661415100098, 103: 4.157661437988281, 104: 4.158829689025879, 101: 4.174418163299561, 'acc_5': 0.8078, 'acc_1': 0.8062}
data saved

| Test	 Net1  Acc: 80.74%

==== Epoch:107 Test ACC:80.74 ====

Ensenble {107: 4.14769983291626, 105: 4.149877071380615, 106: 4.156661415100098, 103: 4.157661437988281, 104: 4.158829689025879, 'acc_5': 0.8066, 'acc_1': 0.8074}
data saved

| Test	 Net1  Acc: 80.48%

==== Epoch:108 Test ACC:80.48 ====

Ensenble {108: 4.147535419464111, 107: 4.14769983291626, 105: 4.149877071380615, 106: 4.156661415100098, 103: 4.157661437988281, 'acc_5': 0.8086, 'acc_1': 0.8048}
data saved

| Test	 Net1  Acc: 80.26%

==== Epoch:109 Test ACC:80.26 ====

Ensenble {108: 4.147535419464111, 107: 4.14769983291626, 105: 4.149877071380615, 109: 4.152631664276123, 106: 4.156661415100098, 'acc_5': 0.8086, 'acc_1': 0.8048}
data saved

| Test	 Net1  Acc: 80.58%

==== Epoch:110 Test ACC:80.58 ====

Ensenble {108: 4.147535419464111, 107: 4.14769983291626, 105: 4.149877071380615, 110: 4.150713920593262, 109: 4.152631664276123, 'acc_5': 0.8084, 'acc_1': 0.8048}
data saved

| Test	 Net1  Acc: 80.58%

==== Epoch:111 Test ACC:80.58 ====

Ensenble {111: 4.144003868103027, 108: 4.147535419464111, 107: 4.14769983291626, 105: 4.149877071380615, 110: 4.150713920593262, 'acc_5': 0.8084, 'acc_1': 0.8058}
data saved

| Test	 Net1  Acc: 80.72%

==== Epoch:112 Test ACC:80.72 ====

Ensenble {111: 4.144003868103027, 112: 4.145031833648682, 108: 4.147535419464111, 107: 4.14769983291626, 105: 4.149877071380615, 'acc_5': 0.8076, 'acc_1': 0.8058}
data saved

| Test	 Net1  Acc: 80.38%

==== Epoch:113 Test ACC:80.38 ====

Ensenble {111: 4.144003868103027, 112: 4.145031833648682, 108: 4.147535419464111, 113: 4.147568607330323, 107: 4.14769983291626, 'acc_5': 0.8074, 'acc_1': 0.8058}
data saved

| Test	 Net1  Acc: 80.60%

==== Epoch:114 Test ACC:80.6 ====

Ensenble {111: 4.144003868103027, 114: 4.144419765472412, 112: 4.145031833648682, 108: 4.147535419464111, 113: 4.147568607330323, 'acc_5': 0.806, 'acc_1': 0.8058}
data saved

| Test	 Net1  Acc: 80.56%

==== Epoch:115 Test ACC:80.56 ====

Ensenble {111: 4.144003868103027, 114: 4.144419765472412, 112: 4.145031833648682, 115: 4.145890235900879, 108: 4.147535419464111, 'acc_5': 0.8066, 'acc_1': 0.8058}
data saved

| Test	 Net1  Acc: 80.48%

==== Epoch:116 Test ACC:80.48 ====

Ensenble {111: 4.144003868103027, 114: 4.144419765472412, 112: 4.145031833648682, 115: 4.145890235900879, 108: 4.147535419464111, 'acc_5': 0.8066, 'acc_1': 0.8058}
data saved

| Test	 Net1  Acc: 80.56%

==== Epoch:117 Test ACC:80.56 ====

Ensenble {117: 4.13934555053711, 111: 4.144003868103027, 114: 4.144419765472412, 112: 4.145031833648682, 115: 4.145890235900879, 'acc_5': 0.8052, 'acc_1': 0.8056}
data saved

| Test	 Net1  Acc: 80.72%

==== Epoch:118 Test ACC:80.72 ====

Ensenble {117: 4.13934555053711, 118: 4.141682720184326, 111: 4.144003868103027, 114: 4.144419765472412, 112: 4.145031833648682, 'acc_5': 0.8064, 'acc_1': 0.8056}
data saved

| Test	 Net1  Acc: 80.42%

==== Epoch:119 Test ACC:80.42 ====

Ensenble {117: 4.13934555053711, 118: 4.141682720184326, 111: 4.144003868103027, 114: 4.144419765472412, 112: 4.145031833648682, 'acc_5': 0.8064, 'acc_1': 0.8056}
data saved

| Test	 Net1  Acc: 80.38%

==== Epoch:120 Test ACC:80.38 ====

Ensenble {120: 4.136880397796631, 117: 4.13934555053711, 118: 4.141682720184326, 111: 4.144003868103027, 114: 4.144419765472412, 'acc_5': 0.806, 'acc_1': 0.8038}
data saved

| Test	 Net1  Acc: 80.76%

==== Epoch:121 Test ACC:80.76 ====

Ensenble {120: 4.136880397796631, 117: 4.13934555053711, 121: 4.140291786193847, 118: 4.141682720184326, 111: 4.144003868103027, 'acc_5': 0.807, 'acc_1': 0.8038}
data saved

| Test	 Net1  Acc: 80.86%

==== Epoch:122 Test ACC:80.86 ====

Ensenble {120: 4.136880397796631, 122: 4.139286899566651, 117: 4.13934555053711, 121: 4.140291786193847, 118: 4.141682720184326, 'acc_5': 0.8072, 'acc_1': 0.8038}
data saved

| Test	 Net1  Acc: 80.42%

==== Epoch:123 Test ACC:80.42 ====

Ensenble {120: 4.136880397796631, 123: 4.138155269622803, 122: 4.139286899566651, 117: 4.13934555053711, 121: 4.140291786193847, 'acc_5': 0.8066, 'acc_1': 0.8038}
data saved

| Test	 Net1  Acc: 80.66%

==== Epoch:124 Test ACC:80.66 ====

Ensenble {120: 4.136880397796631, 123: 4.138155269622803, 122: 4.139286899566651, 117: 4.13934555053711, 124: 4.139452743530273, 'acc_5': 0.806, 'acc_1': 0.8038}
data saved

| Test	 Net1  Acc: 80.88%

==== Epoch:125 Test ACC:80.88 ====

Ensenble {125: 4.131471443176269, 120: 4.136880397796631, 123: 4.138155269622803, 122: 4.139286899566651, 117: 4.13934555053711, 'acc_5': 0.8058, 'acc_1': 0.8088}
data saved

| Test	 Net1  Acc: 80.68%

==== Epoch:126 Test ACC:80.68 ====

Ensenble {125: 4.131471443176269, 126: 4.132799816131592, 120: 4.136880397796631, 123: 4.138155269622803, 122: 4.139286899566651, 'acc_5': 0.8078, 'acc_1': 0.8088}
data saved

| Test	 Net1  Acc: 80.62%

==== Epoch:127 Test ACC:80.62 ====

Ensenble {125: 4.131471443176269, 126: 4.132799816131592, 120: 4.136880397796631, 127: 4.1375425338745115, 123: 4.138155269622803, 'acc_5': 0.807, 'acc_1': 0.8088}
data saved

| Test	 Net1  Acc: 80.72%

==== Epoch:128 Test ACC:80.72 ====

Ensenble {125: 4.131471443176269, 126: 4.132799816131592, 120: 4.136880397796631, 127: 4.1375425338745115, 123: 4.138155269622803, 'acc_5': 0.807, 'acc_1': 0.8088}
data saved

| Test	 Net1  Acc: 80.70%

==== Epoch:129 Test ACC:80.7 ====

Ensenble {125: 4.131471443176269, 126: 4.132799816131592, 120: 4.136880397796631, 127: 4.1375425338745115, 123: 4.138155269622803, 'acc_5': 0.807, 'acc_1': 0.8088}
data saved

| Test	 Net1  Acc: 80.66%

==== Epoch:130 Test ACC:80.66 ====

Ensenble {125: 4.131471443176269, 126: 4.132799816131592, 120: 4.136880397796631, 127: 4.1375425338745115, 123: 4.138155269622803, 'acc_5': 0.807, 'acc_1': 0.8088}
data saved

| Test	 Net1  Acc: 80.46%

==== Epoch:131 Test ACC:80.46 ====

Ensenble {125: 4.131471443176269, 126: 4.132799816131592, 120: 4.136880397796631, 131: 4.137138748168946, 127: 4.1375425338745115, 'acc_5': 0.808, 'acc_1': 0.8088}
data saved

| Test	 Net1  Acc: 80.68%

==== Epoch:132 Test ACC:80.68 ====

Ensenble {125: 4.131471443176269, 126: 4.132799816131592, 120: 4.136880397796631, 131: 4.137138748168946, 127: 4.1375425338745115, 'acc_5': 0.808, 'acc_1': 0.8088}
data saved

| Test	 Net1  Acc: 80.48%

==== Epoch:133 Test ACC:80.48 ====

Ensenble {125: 4.131471443176269, 126: 4.132799816131592, 120: 4.136880397796631, 131: 4.137138748168946, 127: 4.1375425338745115, 'acc_5': 0.808, 'acc_1': 0.8088}
data saved

| Test	 Net1  Acc: 80.54%

==== Epoch:134 Test ACC:80.54 ====

Ensenble {125: 4.131471443176269, 126: 4.132799816131592, 134: 4.135622215270996, 120: 4.136880397796631, 131: 4.137138748168946, 'acc_5': 0.806, 'acc_1': 0.8088}
data saved

| Test	 Net1  Acc: 80.72%

==== Epoch:135 Test ACC:80.72 ====

Ensenble {125: 4.131471443176269, 126: 4.132799816131592, 134: 4.135622215270996, 120: 4.136880397796631, 131: 4.137138748168946, 'acc_5': 0.806, 'acc_1': 0.8088}
data saved

| Test	 Net1  Acc: 80.56%

==== Epoch:136 Test ACC:80.56 ====

Ensenble {125: 4.131471443176269, 126: 4.132799816131592, 134: 4.135622215270996, 120: 4.136880397796631, 131: 4.137138748168946, 'acc_5': 0.806, 'acc_1': 0.8088}
data saved

| Test	 Net1  Acc: 80.28%

==== Epoch:137 Test ACC:80.28 ====

Ensenble {125: 4.131471443176269, 126: 4.132799816131592, 134: 4.135622215270996, 137: 4.136558151245117, 120: 4.136880397796631, 'acc_5': 0.8064, 'acc_1': 0.8088}
data saved

| Test	 Net1  Acc: 80.50%

==== Epoch:138 Test ACC:80.5 ====

Ensenble {125: 4.131471443176269, 138: 4.132304286956787, 126: 4.132799816131592, 134: 4.135622215270996, 137: 4.136558151245117, 'acc_5': 0.8052, 'acc_1': 0.8088}
data saved

| Test	 Net1  Acc: 80.38%

==== Epoch:139 Test ACC:80.38 ====

Ensenble {125: 4.131471443176269, 138: 4.132304286956787, 126: 4.132799816131592, 134: 4.135622215270996, 139: 4.135906219482422, 'acc_5': 0.805, 'acc_1': 0.8088}
data saved

| Test	 Net1  Acc: 80.82%

==== Epoch:140 Test ACC:80.82 ====

Ensenble {125: 4.131471443176269, 138: 4.132304286956787, 126: 4.132799816131592, 134: 4.135622215270996, 139: 4.135906219482422, 'acc_5': 0.805, 'acc_1': 0.8088}
data saved

| Test	 Net1  Acc: 80.74%

==== Epoch:141 Test ACC:80.74 ====

Ensenble {125: 4.131471443176269, 138: 4.132304286956787, 126: 4.132799816131592, 134: 4.135622215270996, 139: 4.135906219482422, 'acc_5': 0.805, 'acc_1': 0.8088}
data saved

| Test	 Net1  Acc: 80.92%

==== Epoch:142 Test ACC:80.92 ====

Ensenble {125: 4.131471443176269, 138: 4.132304286956787, 126: 4.132799816131592, 134: 4.135622215270996, 139: 4.135906219482422, 'acc_5': 0.805, 'acc_1': 0.8088}
data saved

| Test	 Net1  Acc: 80.78%

==== Epoch:143 Test ACC:80.78 ====

Ensenble {125: 4.131471443176269, 138: 4.132304286956787, 126: 4.132799816131592, 134: 4.135622215270996, 139: 4.135906219482422, 'acc_5': 0.805, 'acc_1': 0.8088}
data saved

| Test	 Net1  Acc: 80.46%

==== Epoch:144 Test ACC:80.46 ====

Ensenble {125: 4.131471443176269, 138: 4.132304286956787, 126: 4.132799816131592, 144: 4.135159873962403, 134: 4.135622215270996, 'acc_5': 0.8064, 'acc_1': 0.8088}
data saved

| Test	 Net1  Acc: 80.56%

==== Epoch:145 Test ACC:80.56 ====

Ensenble {125: 4.131471443176269, 138: 4.132304286956787, 126: 4.132799816131592, 144: 4.135159873962403, 145: 4.13551139831543, 'acc_5': 0.8062, 'acc_1': 0.8088}
data saved

| Test	 Net1  Acc: 80.38%

==== Epoch:146 Test ACC:80.38 ====

Ensenble {125: 4.131471443176269, 138: 4.132304286956787, 126: 4.132799816131592, 146: 4.133003044128418, 144: 4.135159873962403, 'acc_5': 0.8064, 'acc_1': 0.8088}
data saved

| Test	 Net1  Acc: 80.40%

==== Epoch:147 Test ACC:80.4 ====

Ensenble {147: 4.127805900573731, 125: 4.131471443176269, 138: 4.132304286956787, 126: 4.132799816131592, 146: 4.133003044128418, 'acc_5': 0.8066, 'acc_1': 0.804}
data saved

| Test	 Net1  Acc: 80.56%

==== Epoch:148 Test ACC:80.56 ====

Ensenble {147: 4.127805900573731, 125: 4.131471443176269, 138: 4.132304286956787, 126: 4.132799816131592, 146: 4.133003044128418, 'acc_5': 0.8066, 'acc_1': 0.804}
data saved

| Test	 Net1  Acc: 80.60%

==== Epoch:149 Test ACC:80.6 ====

Ensenble {147: 4.127805900573731, 125: 4.131471443176269, 138: 4.132304286956787, 126: 4.132799816131592, 146: 4.133003044128418, 'acc_5': 0.8066, 'acc_1': 0.804}
data saved

| Test	 Net1  Acc: 80.50%

==== Epoch:150 Test ACC:80.5 ====

Ensenble {147: 4.127805900573731, 125: 4.131471443176269, 138: 4.132304286956787, 150: 4.132386684417725, 126: 4.132799816131592, 'acc_5': 0.8066, 'acc_1': 0.804}
data saved

| Test	 Net1  Acc: 80.68%

==== Epoch:151 Test ACC:80.68 ====

Ensenble {147: 4.127805900573731, 125: 4.131471443176269, 138: 4.132304286956787, 150: 4.132386684417725, 126: 4.132799816131592, 'acc_5': 0.8066, 'acc_1': 0.804}
data saved

| Test	 Net1  Acc: 80.68%

==== Epoch:152 Test ACC:80.68 ====

