/home/rhu/anaconda3/envs/py310/lib/python3.10/site-packages/torchvision/io/image.py:13: UserWarning: Failed to load image Python extension: '/home/rhu/anaconda3/envs/py310/lib/python3.10/site-packages/torchvision/image.so: undefined symbol: _ZN3c1017RegisterOperatorsD1Ev'If you don't plan on using image functionality from `torchvision.io`, you can ignore this warning. Otherwise, there might be something wrong with your environment. Did you have `libjpeg` or `libpng` installed before building `torchvision` from source?
  warn(
| Building net
Warmup Net1

Warmup Net2

| Test	 Net1  Acc: 15.18%

| Test	 Net2  Acc: 16.04%

==== net 1 evaluate next epoch training data loss ====

| Test Acc: 17.46%


==== Test ACC:17.46 ====
Warmup Net1

Warmup Net2

| Test	 Net1  Acc: 20.48%

| Test	 Net2  Acc: 20.54%

==== net 1 evaluate next epoch training data loss ====

| Test Acc: 23.26%


==== Test ACC:23.26 ====
Warmup Net1

Warmup Net2

| Test	 Net1  Acc: 23.92%

| Test	 Net2  Acc: 24.84%

==== net 1 evaluate next epoch training data loss ====

| Test Acc: 27.32%


==== Test ACC:27.32 ====
Warmup Net1

Warmup Net2

| Test	 Net1  Acc: 27.28%

| Test	 Net2  Acc: 27.40%

==== net 1 evaluate next epoch training data loss ====

| Test Acc: 30.54%


==== Test ACC:30.54 ====
Warmup Net1

Warmup Net2

| Test	 Net1  Acc: 27.46%

| Test	 Net2  Acc: 27.84%

==== net 1 evaluate next epoch training data loss ====

| Test Acc: 30.62%


==== Test ACC:30.62 ====
Warmup Net1

Warmup Net2

| Test	 Net1  Acc: 30.66%

| Test	 Net2  Acc: 29.78%

==== net 1 evaluate next epoch training data loss ====

| Test Acc: 33.18%


==== Test ACC:33.18 ====
Warmup Net1

Warmup Net2

| Test	 Net1  Acc: 31.40%

| Test	 Net2  Acc: 31.40%

==== net 1 evaluate next epoch training data loss ====

| Test Acc: 34.46%


==== Test ACC:34.46 ====
Warmup Net1

Warmup Net2

| Test	 Net1  Acc: 31.90%

| Test	 Net2  Acc: 32.74%

==== net 1 evaluate next epoch training data loss ====

| Test Acc: 35.98%


==== Test ACC:35.98 ====
Warmup Net1

Warmup Net2

| Test	 Net1  Acc: 34.56%

| Test	 Net2  Acc: 34.34%

==== net 1 evaluate next epoch training data loss ====

| Test Acc: 37.56%


==== Test ACC:37.56 ====
Warmup Net1

Warmup Net2

| Test	 Net1  Acc: 34.90%

| Test	 Net2  Acc: 33.38%

==== net 1 evaluate next epoch training data loss ====

| Test Acc: 37.90%


==== Test ACC:37.9 ====
Warmup Net1

Warmup Net2

| Test	 Net1  Acc: 35.04%

| Test	 Net2  Acc: 34.68%

==== net 1 evaluate next epoch training data loss ====

| Test Acc: 39.56%


==== Test ACC:39.56 ====
Warmup Net1

Warmup Net2

| Test	 Net1  Acc: 37.02%

| Test	 Net2  Acc: 36.28%

==== net 1 evaluate next epoch training data loss ====

| Test Acc: 40.10%


==== Test ACC:40.1 ====
Warmup Net1

Warmup Net2

| Test	 Net1  Acc: 38.06%

| Test	 Net2  Acc: 35.96%

==== net 1 evaluate next epoch training data loss ====

| Test Acc: 40.24%


==== Test ACC:40.24 ====
Warmup Net1

Warmup Net2

| Test	 Net1  Acc: 37.76%

| Test	 Net2  Acc: 36.08%

==== net 1 evaluate next epoch training data loss ====

| Test Acc: 39.74%


==== Test ACC:39.74 ====
Warmup Net1

Warmup Net2

| Test	 Net1  Acc: 37.76%

| Test	 Net2  Acc: 38.10%

==== net 1 evaluate next epoch training data loss ====

| Test Acc: 40.96%


==== Test ACC:40.96 ====
Warmup Net1

Warmup Net2

| Test	 Net1  Acc: 37.50%

| Test	 Net2  Acc: 37.66%

==== net 1 evaluate next epoch training data loss ====

| Test Acc: 41.56%


==== Test ACC:41.56 ====
Warmup Net1

Warmup Net2

| Test	 Net1  Acc: 38.34%

| Test	 Net2  Acc: 37.06%

==== net 1 evaluate next epoch training data loss ====

| Test Acc: 41.52%


==== Test ACC:41.52 ====
Warmup Net1

Warmup Net2

| Test	 Net1  Acc: 39.34%

| Test	 Net2  Acc: 39.78%

==== net 1 evaluate next epoch training data loss ====

| Test Acc: 44.00%


==== Test ACC:44.0 ====
Warmup Net1

Warmup Net2

| Test	 Net1  Acc: 40.52%

| Test	 Net2  Acc: 38.42%

==== net 1 evaluate next epoch training data loss ====

| Test Acc: 42.56%


==== Test ACC:42.56 ====
Warmup Net1

Warmup Net2

| Test	 Net1  Acc: 39.02%

| Test	 Net2  Acc: 38.70%

==== net 1 evaluate next epoch training data loss ====

| Test Acc: 43.14%


==== Test ACC:43.14 ====
Warmup Net1

Warmup Net2

| Test	 Net1  Acc: 39.96%

| Test	 Net2  Acc: 38.74%

==== net 1 evaluate next epoch training data loss ====

| Test Acc: 43.38%


==== Test ACC:43.38 ====
Warmup Net1

Warmup Net2

| Test	 Net1  Acc: 39.42%

| Test	 Net2  Acc: 38.60%

==== net 1 evaluate next epoch training data loss ====

| Test Acc: 43.72%


==== Test ACC:43.72 ====
Warmup Net1

Warmup Net2

| Test	 Net1  Acc: 39.08%

| Test	 Net2  Acc: 39.48%

==== net 1 evaluate next epoch training data loss ====

| Test Acc: 43.90%


==== Test ACC:43.9 ====
Warmup Net1

Warmup Net2

| Test	 Net1  Acc: 40.58%

| Test	 Net2  Acc: 38.96%

==== net 1 evaluate next epoch training data loss ====

| Test Acc: 44.60%


==== Test ACC:44.6 ====
Warmup Net1

Warmup Net2

| Test	 Net1  Acc: 40.70%

| Test	 Net2  Acc: 40.54%

==== net 1 evaluate next epoch training data loss ====

| Test Acc: 44.84%


==== Test ACC:44.84 ====
Warmup Net1

Warmup Net2

| Test	 Net1  Acc: 39.38%

| Test	 Net2  Acc: 39.32%

==== net 1 evaluate next epoch training data loss ====

| Test Acc: 43.84%


==== Test ACC:43.84 ====
Warmup Net1

Warmup Net2

| Test	 Net1  Acc: 39.52%

| Test	 Net2  Acc: 40.68%

==== net 1 evaluate next epoch training data loss ====

| Test Acc: 44.18%


==== Test ACC:44.18 ====
Warmup Net1

Warmup Net2

| Test	 Net1  Acc: 40.28%

| Test	 Net2  Acc: 40.16%

==== net 1 evaluate next epoch training data loss ====

| Test Acc: 44.90%


==== Test ACC:44.9 ====
Warmup Net1

Warmup Net2

| Test	 Net1  Acc: 39.66%

| Test	 Net2  Acc: 39.72%

==== net 1 evaluate next epoch training data loss ====

| Test Acc: 44.18%


==== Test ACC:44.18 ====
Warmup Net1

Warmup Net2

| Test	 Net1  Acc: 39.30%

| Test	 Net2  Acc: 38.36%

==== net 1 evaluate next epoch training data loss ====

| Test Acc: 44.02%


==== Test ACC:44.02 ====


Train Net1
labeled data has a size of 31079
labeled data has a size of 31079
unlabeled data has a size of 18931
labeled data has a size of 30884
labeled data has a size of 30884
unlabeled data has a size of 19126

Train Net2

| Test	 Net1  Acc: 39.30%

| Test	 Net2  Acc: 39.06%

==== net 1 evaluate next epoch training data loss ====

| Test Acc: 43.02%


==== Test ACC:43.02 ====


Train Net1
labeled data has a size of 30143
labeled data has a size of 30143
unlabeled data has a size of 19867
labeled data has a size of 30578
labeled data has a size of 30578
unlabeled data has a size of 19432

Train Net2
