/home/rhu/anaconda3/envs/py310/lib/python3.10/site-packages/torchvision/io/image.py:13: UserWarning: Failed to load image Python extension: '/home/rhu/anaconda3/envs/py310/lib/python3.10/site-packages/torchvision/image.so: undefined symbol: _ZN3c1017RegisterOperatorsD1Ev'If you don't plan on using image functionality from `torchvision.io`, you can ignore this warning. Otherwise, there might be something wrong with your environment. Did you have `libjpeg` or `libpng` installed before building `torchvision` from source?
  warn(
already save noisy label file.
already save noisy label file.
| Building net
already save noisy label file.
already save noisy label file.
Warmup Net1

Warmup Net2

| Test Epoch #0	 Accuracy: 9.15%

already save noisy label file.
already save noisy label file.
Warmup Net1

Warmup Net2

| Test Epoch #1	 Accuracy: 15.17%

already save noisy label file.
already save noisy label file.
Warmup Net1

Warmup Net2

| Test Epoch #2	 Accuracy: 19.19%

already save noisy label file.
already save noisy label file.
Warmup Net1

Warmup Net2

| Test Epoch #3	 Accuracy: 23.40%

already save noisy label file.
already save noisy label file.
Warmup Net1

Warmup Net2

| Test Epoch #4	 Accuracy: 27.70%

already save noisy label file.
already save noisy label file.
Warmup Net1

Warmup Net2

| Test Epoch #5	 Accuracy: 29.98%

already save noisy label file.
already save noisy label file.
Warmup Net1

Warmup Net2

| Test Epoch #6	 Accuracy: 32.81%

already save noisy label file.
already save noisy label file.
Warmup Net1

Warmup Net2

| Test Epoch #7	 Accuracy: 36.27%

already save noisy label file.
already save noisy label file.
Warmup Net1

Warmup Net2

| Test Epoch #8	 Accuracy: 37.60%

already save noisy label file.
already save noisy label file.
Warmup Net1

Warmup Net2

| Test Epoch #9	 Accuracy: 37.63%

already save noisy label file.
already save noisy label file.
Warmup Net1

Warmup Net2

| Test Epoch #10	 Accuracy: 42.64%

already save noisy label file.
already save noisy label file.
Warmup Net1

Warmup Net2

| Test Epoch #11	 Accuracy: 43.70%

already save noisy label file.
already save noisy label file.
Warmup Net1

Warmup Net2

| Test Epoch #12	 Accuracy: 32.62%

already save noisy label file.
already save noisy label file.
Warmup Net1

Warmup Net2

| Test Epoch #13	 Accuracy: 43.96%

already save noisy label file.
already save noisy label file.
Warmup Net1

Warmup Net2

| Test Epoch #14	 Accuracy: 46.83%

already save noisy label file.
already save noisy label file.
Warmup Net1

Warmup Net2

| Test Epoch #15	 Accuracy: 49.66%

already save noisy label file.
already save noisy label file.
Warmup Net1

Warmup Net2

| Test Epoch #16	 Accuracy: 50.31%

already save noisy label file.
already save noisy label file.
Warmup Net1

Warmup Net2

| Test Epoch #17	 Accuracy: 51.18%

already save noisy label file.
already save noisy label file.
Warmup Net1

Warmup Net2

| Test Epoch #18	 Accuracy: 51.06%

already save noisy label file.
already save noisy label file.
Warmup Net1

Warmup Net2

| Test Epoch #19	 Accuracy: 50.50%

already save noisy label file.
already save noisy label file.
Warmup Net1

Warmup Net2

| Test Epoch #20	 Accuracy: 54.24%

already save noisy label file.
already save noisy label file.
Warmup Net1

Warmup Net2

| Test Epoch #21	 Accuracy: 51.62%

already save noisy label file.
already save noisy label file.
Warmup Net1

Warmup Net2

| Test Epoch #22	 Accuracy: 53.41%

already save noisy label file.
already save noisy label file.
Warmup Net1

Warmup Net2

| Test Epoch #23	 Accuracy: 52.59%

already save noisy label file.
already save noisy label file.
Warmup Net1

Warmup Net2

| Test Epoch #24	 Accuracy: 54.51%

already save noisy label file.
already save noisy label file.
Warmup Net1

Warmup Net2

| Test Epoch #25	 Accuracy: 55.02%

already save noisy label file.
already save noisy label file.
Warmup Net1

Warmup Net2

| Test Epoch #26	 Accuracy: 54.30%

already save noisy label file.
already save noisy label file.
Warmup Net1

Warmup Net2
