/home/rhu/anaconda3/envs/py310/lib/python3.10/site-packages/torchvision/io/image.py:13: UserWarning: Failed to load image Python extension: '/home/rhu/anaconda3/envs/py310/lib/python3.10/site-packages/torchvision/image.so: undefined symbol: _ZN3c1017RegisterOperatorsD1Ev'If you don't plan on using image functionality from `torchvision.io`, you can ignore this warning. Otherwise, there might be something wrong with your environment. Did you have `libjpeg` or `libpng` installed before building `torchvision` from source?
  warn(
| Building net
data saved
data saved
Namespace(batch_size=128, lr=0.02, alpha=0.5, lambda_u=0, p_threshold=0.5, T=0.5, num_epochs=200, id='clothing1m_vri', data_path='../data', seed='2', gpuid=0, num_class=10, num_batches=3000, log_wandb=False, wandb_project='', wandb_experiment='', wandb_entity='', wandb_resume=False, need_clean=False, single_meta=0, moco_pretrained='/home/rhu/r_work/VRI/VRI_DivideMix/pretrained/ckpt_clothing_resnet50.pth', warmup=0, cos_lr=False, lam=0.01, meta_goal='clid', tau=0.5, meta_lr=0.02, meta_bsz=100, model='vgg')
data saved

| Test	 Net1  Acc: 22.30%

==== Epoch:0 Test ACC:22.3 ====

Ensenble {0: 5.164882755279541, 'acc_5': 0.223, 'acc_1': 0.223}
data saved

| Test	 Net1  Acc: 34.66%

==== Epoch:1 Test ACC:34.66 ====

Ensenble {1: 4.99368314743042, 0: 5.164882755279541, 'acc_5': 0.3238, 'acc_1': 0.3466}
data saved

| Test	 Net1  Acc: 44.20%

==== Epoch:2 Test ACC:44.2 ====

Ensenble {1: 4.99368314743042, 2: 5.065500259399414, 0: 5.164882755279541, 'acc_5': 0.4002, 'acc_1': 0.3466}
data saved

| Test	 Net1  Acc: 50.10%

==== Epoch:3 Test ACC:50.1 ====

Ensenble {1: 4.99368314743042, 3: 5.037904548645019, 2: 5.065500259399414, 0: 5.164882755279541, 'acc_5': 0.468, 'acc_1': 0.3466}
data saved

| Test	 Net1  Acc: 49.68%

==== Epoch:4 Test ACC:49.68 ====

Ensenble {1: 4.99368314743042, 4: 5.005921077728272, 3: 5.037904548645019, 2: 5.065500259399414, 0: 5.164882755279541, 'acc_5': 0.5062, 'acc_1': 0.3466}
data saved

| Test	 Net1  Acc: 52.32%

==== Epoch:5 Test ACC:52.32 ====

Ensenble {5: 4.98234920501709, 1: 4.99368314743042, 4: 5.005921077728272, 3: 5.037904548645019, 2: 5.065500259399414, 'acc_5': 0.5778, 'acc_1': 0.5232}
data saved

| Test	 Net1  Acc: 57.32%

==== Epoch:6 Test ACC:57.32 ====

Ensenble {6: 4.85785026550293, 5: 4.98234920501709, 1: 4.99368314743042, 4: 5.005921077728272, 3: 5.037904548645019, 'acc_5': 0.616, 'acc_1': 0.5732}
data saved

| Test	 Net1  Acc: 55.86%

==== Epoch:7 Test ACC:55.86 ====

Ensenble {6: 4.85785026550293, 7: 4.874917221069336, 5: 4.98234920501709, 1: 4.99368314743042, 4: 5.005921077728272, 'acc_5': 0.623, 'acc_1': 0.5732}
data saved

| Test	 Net1  Acc: 55.12%

==== Epoch:8 Test ACC:55.12 ====

Ensenble {8: 4.8387469291687015, 6: 4.85785026550293, 7: 4.874917221069336, 5: 4.98234920501709, 1: 4.99368314743042, 'acc_5': 0.6388, 'acc_1': 0.5512}
data saved

| Test	 Net1  Acc: 62.24%

==== Epoch:9 Test ACC:62.24 ====

Ensenble {9: 4.815961837768555, 8: 4.8387469291687015, 6: 4.85785026550293, 7: 4.874917221069336, 5: 4.98234920501709, 'acc_5': 0.678, 'acc_1': 0.6224}
data saved

| Test	 Net1  Acc: 62.70%

==== Epoch:10 Test ACC:62.7 ====

Ensenble {10: 4.76875057220459, 9: 4.815961837768555, 8: 4.8387469291687015, 6: 4.85785026550293, 7: 4.874917221069336, 'acc_5': 0.701, 'acc_1': 0.627}
data saved

| Test	 Net1  Acc: 64.60%

==== Epoch:11 Test ACC:64.6 ====

Ensenble {10: 4.76875057220459, 11: 4.7981616973876955, 9: 4.815961837768555, 8: 4.8387469291687015, 6: 4.85785026550293, 'acc_5': 0.7204, 'acc_1': 0.627}
data saved

| Test	 Net1  Acc: 64.44%

==== Epoch:12 Test ACC:64.44 ====

Ensenble {12: 4.746823787689209, 10: 4.76875057220459, 11: 4.7981616973876955, 9: 4.815961837768555, 8: 4.8387469291687015, 'acc_5': 0.7294, 'acc_1': 0.6444}
data saved

| Test	 Net1  Acc: 67.06%

==== Epoch:13 Test ACC:67.06 ====

Ensenble {13: 4.711671161651611, 12: 4.746823787689209, 10: 4.76875057220459, 11: 4.7981616973876955, 9: 4.815961837768555, 'acc_5': 0.739, 'acc_1': 0.6706}
data saved

| Test	 Net1  Acc: 60.46%

==== Epoch:14 Test ACC:60.46 ====

Ensenble {13: 4.711671161651611, 12: 4.746823787689209, 10: 4.76875057220459, 11: 4.7981616973876955, 14: 4.7996776580810545, 'acc_5': 0.7322, 'acc_1': 0.6706}
data saved

| Test	 Net1  Acc: 70.18%

==== Epoch:15 Test ACC:70.18 ====

Ensenble {15: 4.663050556182862, 13: 4.711671161651611, 12: 4.746823787689209, 10: 4.76875057220459, 11: 4.7981616973876955, 'acc_5': 0.7494, 'acc_1': 0.7018}
data saved

| Test	 Net1  Acc: 68.70%

==== Epoch:16 Test ACC:68.7 ====

Ensenble {15: 4.663050556182862, 16: 4.70268497467041, 13: 4.711671161651611, 12: 4.746823787689209, 10: 4.76875057220459, 'acc_5': 0.761, 'acc_1': 0.7018}
data saved

| Test	 Net1  Acc: 68.54%

==== Epoch:17 Test ACC:68.54 ====

Ensenble {15: 4.663050556182862, 16: 4.70268497467041, 13: 4.711671161651611, 17: 4.742468643188476, 12: 4.746823787689209, 'acc_5': 0.776, 'acc_1': 0.7018}
data saved

| Test	 Net1  Acc: 70.62%

==== Epoch:18 Test ACC:70.62 ====

Ensenble {18: 4.613642692565918, 15: 4.663050556182862, 16: 4.70268497467041, 13: 4.711671161651611, 17: 4.742468643188476, 'acc_5': 0.7736, 'acc_1': 0.7062}
data saved

| Test	 Net1  Acc: 69.62%

==== Epoch:19 Test ACC:69.62 ====

Ensenble {18: 4.613642692565918, 19: 4.656321239471436, 15: 4.663050556182862, 16: 4.70268497467041, 13: 4.711671161651611, 'acc_5': 0.7712, 'acc_1': 0.7062}
data saved

| Test	 Net1  Acc: 69.72%

==== Epoch:20 Test ACC:69.72 ====

Ensenble {20: 4.608423233032227, 18: 4.613642692565918, 19: 4.656321239471436, 15: 4.663050556182862, 16: 4.70268497467041, 'acc_5': 0.7762, 'acc_1': 0.6972}
data saved

| Test	 Net1  Acc: 71.76%

==== Epoch:21 Test ACC:71.76 ====

Ensenble {20: 4.608423233032227, 18: 4.613642692565918, 21: 4.629177761077881, 19: 4.656321239471436, 15: 4.663050556182862, 'acc_5': 0.7846, 'acc_1': 0.6972}
data saved

| Test	 Net1  Acc: 71.86%

==== Epoch:22 Test ACC:71.86 ====

Ensenble {20: 4.608423233032227, 18: 4.613642692565918, 21: 4.629177761077881, 22: 4.636361694335937, 19: 4.656321239471436, 'acc_5': 0.7862, 'acc_1': 0.6972}
data saved

| Test	 Net1  Acc: 74.68%

==== Epoch:23 Test ACC:74.68 ====

Ensenble {23: 4.54264268875122, 20: 4.608423233032227, 18: 4.613642692565918, 21: 4.629177761077881, 22: 4.636361694335937, 'acc_5': 0.7932, 'acc_1': 0.7468}
data saved

| Test	 Net1  Acc: 73.74%

==== Epoch:24 Test ACC:73.74 ====

Ensenble {23: 4.54264268875122, 20: 4.608423233032227, 18: 4.613642692565918, 21: 4.629177761077881, 22: 4.636361694335937, 'acc_5': 0.7932, 'acc_1': 0.7468}
data saved

| Test	 Net1  Acc: 74.48%

==== Epoch:25 Test ACC:74.48 ====

Ensenble {25: 4.529149913787842, 23: 4.54264268875122, 20: 4.608423233032227, 18: 4.613642692565918, 21: 4.629177761077881, 'acc_5': 0.7954, 'acc_1': 0.7448}
data saved

| Test	 Net1  Acc: 68.38%

==== Epoch:26 Test ACC:68.38 ====

Ensenble {25: 4.529149913787842, 23: 4.54264268875122, 20: 4.608423233032227, 18: 4.613642692565918, 21: 4.629177761077881, 'acc_5': 0.7954, 'acc_1': 0.7448}
data saved

| Test	 Net1  Acc: 69.48%

==== Epoch:27 Test ACC:69.48 ====

Ensenble {25: 4.529149913787842, 23: 4.54264268875122, 27: 4.581626892089844, 20: 4.608423233032227, 18: 4.613642692565918, 'acc_5': 0.8014, 'acc_1': 0.7448}
data saved

| Test	 Net1  Acc: 74.86%

==== Epoch:28 Test ACC:74.86 ====

Ensenble {25: 4.529149913787842, 28: 4.539423847198487, 23: 4.54264268875122, 27: 4.581626892089844, 20: 4.608423233032227, 'acc_5': 0.8114, 'acc_1': 0.7448}
data saved

| Test	 Net1  Acc: 69.12%

==== Epoch:29 Test ACC:69.12 ====

Ensenble {25: 4.529149913787842, 28: 4.539423847198487, 23: 4.54264268875122, 29: 4.575621223449707, 27: 4.581626892089844, 'acc_5': 0.8108, 'acc_1': 0.7448}
data saved

| Test	 Net1  Acc: 75.20%

==== Epoch:30 Test ACC:75.2 ====

Ensenble {25: 4.529149913787842, 28: 4.539423847198487, 23: 4.54264268875122, 30: 4.5573724746704105, 29: 4.575621223449707, 'acc_5': 0.8142, 'acc_1': 0.7448}
data saved

| Test	 Net1  Acc: 67.14%

==== Epoch:31 Test ACC:67.14 ====

Ensenble {25: 4.529149913787842, 28: 4.539423847198487, 23: 4.54264268875122, 30: 4.5573724746704105, 29: 4.575621223449707, 'acc_5': 0.8142, 'acc_1': 0.7448}
data saved

| Test	 Net1  Acc: 71.22%

==== Epoch:32 Test ACC:71.22 ====

Ensenble {25: 4.529149913787842, 28: 4.539423847198487, 23: 4.54264268875122, 30: 4.5573724746704105, 32: 4.562326908111572, 'acc_5': 0.8106, 'acc_1': 0.7448}
data saved

| Test	 Net1  Acc: 74.28%

==== Epoch:33 Test ACC:74.28 ====

Ensenble {25: 4.529149913787842, 28: 4.539423847198487, 23: 4.54264268875122, 33: 4.547902202606201, 30: 4.5573724746704105, 'acc_5': 0.8146, 'acc_1': 0.7448}
data saved

| Test	 Net1  Acc: 74.50%

==== Epoch:34 Test ACC:74.5 ====

Ensenble {34: 4.521546459197998, 25: 4.529149913787842, 28: 4.539423847198487, 23: 4.54264268875122, 33: 4.547902202606201, 'acc_5': 0.8072, 'acc_1': 0.745}
data saved

| Test	 Net1  Acc: 74.58%

==== Epoch:35 Test ACC:74.58 ====

Ensenble {35: 4.501634979248047, 34: 4.521546459197998, 25: 4.529149913787842, 28: 4.539423847198487, 23: 4.54264268875122, 'acc_5': 0.8154, 'acc_1': 0.7458}
data saved

| Test	 Net1  Acc: 72.48%

==== Epoch:36 Test ACC:72.48 ====

Ensenble {36: 4.480897331237793, 35: 4.501634979248047, 34: 4.521546459197998, 25: 4.529149913787842, 28: 4.539423847198487, 'acc_5': 0.8132, 'acc_1': 0.7248}
data saved

| Test	 Net1  Acc: 73.68%

==== Epoch:37 Test ACC:73.68 ====

Ensenble {36: 4.480897331237793, 35: 4.501634979248047, 37: 4.510103034973144, 34: 4.521546459197998, 25: 4.529149913787842, 'acc_5': 0.812, 'acc_1': 0.7248}
data saved

| Test	 Net1  Acc: 75.98%

==== Epoch:38 Test ACC:75.98 ====

Ensenble {38: 4.474848651885987, 36: 4.480897331237793, 35: 4.501634979248047, 37: 4.510103034973144, 34: 4.521546459197998, 'acc_5': 0.8134, 'acc_1': 0.7598}
data saved

| Test	 Net1  Acc: 70.60%

==== Epoch:39 Test ACC:70.6 ====

Ensenble {38: 4.474848651885987, 36: 4.480897331237793, 35: 4.501634979248047, 37: 4.510103034973144, 34: 4.521546459197998, 'acc_5': 0.8134, 'acc_1': 0.7598}
data saved

| Test	 Net1  Acc: 73.36%

==== Epoch:40 Test ACC:73.36 ====

Ensenble {38: 4.474848651885987, 36: 4.480897331237793, 35: 4.501634979248047, 37: 4.510103034973144, 40: 4.520670795440674, 'acc_5': 0.8132, 'acc_1': 0.7598}
data saved

| Test	 Net1  Acc: 75.06%

==== Epoch:41 Test ACC:75.06 ====

Ensenble {41: 4.467358207702636, 38: 4.474848651885987, 36: 4.480897331237793, 35: 4.501634979248047, 37: 4.510103034973144, 'acc_5': 0.8122, 'acc_1': 0.7506}
data saved

| Test	 Net1  Acc: 72.56%

==== Epoch:42 Test ACC:72.56 ====

Ensenble {41: 4.467358207702636, 38: 4.474848651885987, 36: 4.480897331237793, 42: 4.493818283081055, 35: 4.501634979248047, 'acc_5': 0.816, 'acc_1': 0.7506}
data saved

| Test	 Net1  Acc: 74.32%

==== Epoch:43 Test ACC:74.32 ====

Ensenble {41: 4.467358207702636, 38: 4.474848651885987, 43: 4.478214836120605, 36: 4.480897331237793, 42: 4.493818283081055, 'acc_5': 0.8102, 'acc_1': 0.7506}
data saved

| Test	 Net1  Acc: 73.98%

==== Epoch:44 Test ACC:73.98 ====

Ensenble {44: 4.447836685180664, 41: 4.467358207702636, 38: 4.474848651885987, 43: 4.478214836120605, 36: 4.480897331237793, 'acc_5': 0.812, 'acc_1': 0.7398}
data saved

| Test	 Net1  Acc: 73.80%

==== Epoch:45 Test ACC:73.8 ====

Ensenble {44: 4.447836685180664, 41: 4.467358207702636, 38: 4.474848651885987, 43: 4.478214836120605, 36: 4.480897331237793, 'acc_5': 0.812, 'acc_1': 0.7398}
data saved

| Test	 Net1  Acc: 76.30%

==== Epoch:46 Test ACC:76.3 ====

Ensenble {46: 4.404305076599121, 44: 4.447836685180664, 41: 4.467358207702636, 38: 4.474848651885987, 43: 4.478214836120605, 'acc_5': 0.817, 'acc_1': 0.763}
data saved

| Test	 Net1  Acc: 73.16%

==== Epoch:47 Test ACC:73.16 ====

Ensenble {46: 4.404305076599121, 44: 4.447836685180664, 41: 4.467358207702636, 38: 4.474848651885987, 43: 4.478214836120605, 'acc_5': 0.817, 'acc_1': 0.763}
data saved

| Test	 Net1  Acc: 73.06%

==== Epoch:48 Test ACC:73.06 ====

Ensenble {46: 4.404305076599121, 44: 4.447836685180664, 48: 4.465461254119873, 41: 4.467358207702636, 38: 4.474848651885987, 'acc_5': 0.8244, 'acc_1': 0.763}
data saved

| Test	 Net1  Acc: 72.60%

==== Epoch:49 Test ACC:72.6 ====

Ensenble {46: 4.404305076599121, 44: 4.447836685180664, 49: 4.4589330673217775, 48: 4.465461254119873, 41: 4.467358207702636, 'acc_5': 0.8256, 'acc_1': 0.763}
data saved

| Test	 Net1  Acc: 74.90%

==== Epoch:50 Test ACC:74.9 ====

Ensenble {46: 4.404305076599121, 44: 4.447836685180664, 50: 4.449467754364013, 49: 4.4589330673217775, 48: 4.465461254119873, 'acc_5': 0.8196, 'acc_1': 0.763}
data saved

| Test	 Net1  Acc: 70.96%

==== Epoch:51 Test ACC:70.96 ====

Ensenble {46: 4.404305076599121, 44: 4.447836685180664, 50: 4.449467754364013, 49: 4.4589330673217775, 48: 4.465461254119873, 'acc_5': 0.8196, 'acc_1': 0.763}
data saved

| Test	 Net1  Acc: 71.98%

==== Epoch:52 Test ACC:71.98 ====

Ensenble {46: 4.404305076599121, 44: 4.447836685180664, 50: 4.449467754364013, 49: 4.4589330673217775, 48: 4.465461254119873, 'acc_5': 0.8196, 'acc_1': 0.763}
data saved

| Test	 Net1  Acc: 72.76%

==== Epoch:53 Test ACC:72.76 ====

Ensenble {46: 4.404305076599121, 53: 4.445414447784424, 44: 4.447836685180664, 50: 4.449467754364013, 49: 4.4589330673217775, 'acc_5': 0.82, 'acc_1': 0.763}
data saved

| Test	 Net1  Acc: 72.82%

==== Epoch:54 Test ACC:72.82 ====

Ensenble {46: 4.404305076599121, 54: 4.42513370513916, 53: 4.445414447784424, 44: 4.447836685180664, 50: 4.449467754364013, 'acc_5': 0.82, 'acc_1': 0.763}
data saved

| Test	 Net1  Acc: 72.32%

==== Epoch:55 Test ACC:72.32 ====

Ensenble {46: 4.404305076599121, 54: 4.42513370513916, 53: 4.445414447784424, 44: 4.447836685180664, 50: 4.449467754364013, 'acc_5': 0.82, 'acc_1': 0.763}
data saved

| Test	 Net1  Acc: 76.04%

==== Epoch:56 Test ACC:76.04 ====

Ensenble {46: 4.404305076599121, 54: 4.42513370513916, 53: 4.445414447784424, 56: 4.44552640914917, 44: 4.447836685180664, 'acc_5': 0.8244, 'acc_1': 0.763}
data saved

| Test	 Net1  Acc: 73.90%

==== Epoch:57 Test ACC:73.9 ====

Ensenble {46: 4.404305076599121, 54: 4.42513370513916, 53: 4.445414447784424, 56: 4.44552640914917, 44: 4.447836685180664, 'acc_5': 0.8244, 'acc_1': 0.763}
data saved

| Test	 Net1  Acc: 71.72%

==== Epoch:58 Test ACC:71.72 ====

Ensenble {46: 4.404305076599121, 54: 4.42513370513916, 53: 4.445414447784424, 56: 4.44552640914917, 44: 4.447836685180664, 'acc_5': 0.8244, 'acc_1': 0.763}
data saved

| Test	 Net1  Acc: 74.78%

==== Epoch:59 Test ACC:74.78 ====

Ensenble {46: 4.404305076599121, 59: 4.418526554107666, 54: 4.42513370513916, 53: 4.445414447784424, 56: 4.44552640914917, 'acc_5': 0.8272, 'acc_1': 0.763}
data saved

| Test	 Net1  Acc: 70.22%

==== Epoch:60 Test ACC:70.22 ====

Ensenble {46: 4.404305076599121, 59: 4.418526554107666, 54: 4.42513370513916, 53: 4.445414447784424, 56: 4.44552640914917, 'acc_5': 0.8272, 'acc_1': 0.763}
data saved

| Test	 Net1  Acc: 71.66%

==== Epoch:61 Test ACC:71.66 ====

Ensenble {46: 4.404305076599121, 59: 4.418526554107666, 54: 4.42513370513916, 53: 4.445414447784424, 56: 4.44552640914917, 'acc_5': 0.8272, 'acc_1': 0.763}
data saved

| Test	 Net1  Acc: 75.78%

==== Epoch:62 Test ACC:75.78 ====

Ensenble {46: 4.404305076599121, 62: 4.408164024353027, 59: 4.418526554107666, 54: 4.42513370513916, 53: 4.445414447784424, 'acc_5': 0.8234, 'acc_1': 0.763}
data saved

| Test	 Net1  Acc: 72.52%

==== Epoch:63 Test ACC:72.52 ====

Ensenble {46: 4.404305076599121, 62: 4.408164024353027, 59: 4.418526554107666, 54: 4.42513370513916, 53: 4.445414447784424, 'acc_5': 0.8234, 'acc_1': 0.763}
data saved

| Test	 Net1  Acc: 72.80%

==== Epoch:64 Test ACC:72.8 ====

Ensenble {46: 4.404305076599121, 62: 4.408164024353027, 59: 4.418526554107666, 54: 4.42513370513916, 53: 4.445414447784424, 'acc_5': 0.8234, 'acc_1': 0.763}
data saved

| Test	 Net1  Acc: 72.16%

==== Epoch:65 Test ACC:72.16 ====

Ensenble {46: 4.404305076599121, 62: 4.408164024353027, 59: 4.418526554107666, 65: 4.423504638671875, 54: 4.42513370513916, 'acc_5': 0.8286, 'acc_1': 0.763}
data saved

| Test	 Net1  Acc: 75.52%

==== Epoch:66 Test ACC:75.52 ====

Ensenble {46: 4.404305076599121, 62: 4.408164024353027, 66: 4.417538642883301, 59: 4.418526554107666, 65: 4.423504638671875, 'acc_5': 0.8274, 'acc_1': 0.763}
data saved

| Test	 Net1  Acc: 71.40%

==== Epoch:67 Test ACC:71.4 ====

Ensenble {46: 4.404305076599121, 62: 4.408164024353027, 66: 4.417538642883301, 59: 4.418526554107666, 65: 4.423504638671875, 'acc_5': 0.8274, 'acc_1': 0.763}
data saved

| Test	 Net1  Acc: 74.48%

==== Epoch:68 Test ACC:74.48 ====

Ensenble {68: 4.397306156158447, 46: 4.404305076599121, 62: 4.408164024353027, 66: 4.417538642883301, 59: 4.418526554107666, 'acc_5': 0.8256, 'acc_1': 0.7448}
data saved

| Test	 Net1  Acc: 73.58%

==== Epoch:69 Test ACC:73.58 ====

Ensenble {69: 4.379772472381592, 68: 4.397306156158447, 46: 4.404305076599121, 62: 4.408164024353027, 66: 4.417538642883301, 'acc_5': 0.8252, 'acc_1': 0.7358}
data saved

| Test	 Net1  Acc: 70.14%

==== Epoch:70 Test ACC:70.14 ====

Ensenble {69: 4.379772472381592, 68: 4.397306156158447, 46: 4.404305076599121, 62: 4.408164024353027, 66: 4.417538642883301, 'acc_5': 0.8252, 'acc_1': 0.7358}
data saved

| Test	 Net1  Acc: 74.78%

==== Epoch:71 Test ACC:74.78 ====

Ensenble {69: 4.379772472381592, 68: 4.397306156158447, 46: 4.404305076599121, 62: 4.408164024353027, 66: 4.417538642883301, 'acc_5': 0.8252, 'acc_1': 0.7358}
data saved

| Test	 Net1  Acc: 76.56%

==== Epoch:72 Test ACC:76.56 ====

Ensenble {72: 4.378346061706543, 69: 4.379772472381592, 68: 4.397306156158447, 46: 4.404305076599121, 62: 4.408164024353027, 'acc_5': 0.825, 'acc_1': 0.7656}
data saved

| Test	 Net1  Acc: 73.22%

==== Epoch:73 Test ACC:73.22 ====

Ensenble {72: 4.378346061706543, 69: 4.379772472381592, 68: 4.397306156158447, 46: 4.404305076599121, 62: 4.408164024353027, 'acc_5': 0.825, 'acc_1': 0.7656}
data saved

| Test	 Net1  Acc: 73.76%

==== Epoch:74 Test ACC:73.76 ====

Ensenble {72: 4.378346061706543, 69: 4.379772472381592, 68: 4.397306156158447, 46: 4.404305076599121, 62: 4.408164024353027, 'acc_5': 0.825, 'acc_1': 0.7656}
data saved

| Test	 Net1  Acc: 76.70%

==== Epoch:75 Test ACC:76.7 ====

Ensenble {75: 4.318700218200684, 72: 4.378346061706543, 69: 4.379772472381592, 68: 4.397306156158447, 46: 4.404305076599121, 'acc_5': 0.8274, 'acc_1': 0.767}
data saved

| Test	 Net1  Acc: 68.00%

==== Epoch:76 Test ACC:68.0 ====

Ensenble {75: 4.318700218200684, 72: 4.378346061706543, 69: 4.379772472381592, 68: 4.397306156158447, 46: 4.404305076599121, 'acc_5': 0.8274, 'acc_1': 0.767}
data saved

| Test	 Net1  Acc: 75.36%

==== Epoch:77 Test ACC:75.36 ====

Ensenble {75: 4.318700218200684, 77: 4.331617164611816, 72: 4.378346061706543, 69: 4.379772472381592, 68: 4.397306156158447, 'acc_5': 0.8268, 'acc_1': 0.767}
data saved

| Test	 Net1  Acc: 71.00%

==== Epoch:78 Test ACC:71.0 ====

Ensenble {75: 4.318700218200684, 77: 4.331617164611816, 72: 4.378346061706543, 69: 4.379772472381592, 68: 4.397306156158447, 'acc_5': 0.8268, 'acc_1': 0.767}
data saved

| Test	 Net1  Acc: 68.98%

==== Epoch:79 Test ACC:68.98 ====

Ensenble {75: 4.318700218200684, 77: 4.331617164611816, 72: 4.378346061706543, 69: 4.379772472381592, 68: 4.397306156158447, 'acc_5': 0.8268, 'acc_1': 0.767}
data saved

| Test	 Net1  Acc: 66.82%

==== Epoch:80 Test ACC:66.82 ====

Ensenble {75: 4.318700218200684, 77: 4.331617164611816, 72: 4.378346061706543, 69: 4.379772472381592, 68: 4.397306156158447, 'acc_5': 0.8268, 'acc_1': 0.767}
data saved

| Test	 Net1  Acc: 74.06%

==== Epoch:81 Test ACC:74.06 ====

Ensenble {75: 4.318700218200684, 77: 4.331617164611816, 72: 4.378346061706543, 69: 4.379772472381592, 81: 4.38919620513916, 'acc_5': 0.83, 'acc_1': 0.767}
data saved

| Test	 Net1  Acc: 77.30%

==== Epoch:82 Test ACC:77.3 ====

Ensenble {75: 4.318700218200684, 77: 4.331617164611816, 82: 4.346087169647217, 72: 4.378346061706543, 69: 4.379772472381592, 'acc_5': 0.8344, 'acc_1': 0.767}
data saved

| Test	 Net1  Acc: 68.20%

==== Epoch:83 Test ACC:68.2 ====

Ensenble {75: 4.318700218200684, 77: 4.331617164611816, 82: 4.346087169647217, 72: 4.378346061706543, 69: 4.379772472381592, 'acc_5': 0.8344, 'acc_1': 0.767}
data saved

| Test	 Net1  Acc: 74.26%

==== Epoch:84 Test ACC:74.26 ====

Ensenble {75: 4.318700218200684, 77: 4.331617164611816, 82: 4.346087169647217, 72: 4.378346061706543, 69: 4.379772472381592, 'acc_5': 0.8344, 'acc_1': 0.767}
data saved

| Test	 Net1  Acc: 73.42%

==== Epoch:85 Test ACC:73.42 ====

Ensenble {75: 4.318700218200684, 77: 4.331617164611816, 82: 4.346087169647217, 85: 4.368159294128418, 72: 4.378346061706543, 'acc_5': 0.8244, 'acc_1': 0.767}
data saved

| Test	 Net1  Acc: 71.70%

==== Epoch:86 Test ACC:71.7 ====

Ensenble {75: 4.318700218200684, 77: 4.331617164611816, 82: 4.346087169647217, 85: 4.368159294128418, 72: 4.378346061706543, 'acc_5': 0.8244, 'acc_1': 0.767}
data saved

| Test	 Net1  Acc: 72.76%

==== Epoch:87 Test ACC:72.76 ====

Ensenble {75: 4.318700218200684, 77: 4.331617164611816, 82: 4.346087169647217, 85: 4.368159294128418, 72: 4.378346061706543, 'acc_5': 0.8244, 'acc_1': 0.767}
data saved

| Test	 Net1  Acc: 70.00%

==== Epoch:88 Test ACC:70.0 ====

Ensenble {75: 4.318700218200684, 77: 4.331617164611816, 82: 4.346087169647217, 85: 4.368159294128418, 72: 4.378346061706543, 'acc_5': 0.8244, 'acc_1': 0.767}
data saved

| Test	 Net1  Acc: 71.60%

==== Epoch:89 Test ACC:71.6 ====

Ensenble {75: 4.318700218200684, 77: 4.331617164611816, 82: 4.346087169647217, 85: 4.368159294128418, 72: 4.378346061706543, 'acc_5': 0.8244, 'acc_1': 0.767}
data saved

| Test	 Net1  Acc: 71.94%

==== Epoch:90 Test ACC:71.94 ====

Ensenble {75: 4.318700218200684, 77: 4.331617164611816, 82: 4.346087169647217, 85: 4.368159294128418, 72: 4.378346061706543, 'acc_5': 0.8244, 'acc_1': 0.767}
data saved

| Test	 Net1  Acc: 67.94%

==== Epoch:91 Test ACC:67.94 ====

Ensenble {75: 4.318700218200684, 77: 4.331617164611816, 82: 4.346087169647217, 85: 4.368159294128418, 72: 4.378346061706543, 'acc_5': 0.8244, 'acc_1': 0.767}
data saved

| Test	 Net1  Acc: 73.24%

==== Epoch:92 Test ACC:73.24 ====

Ensenble {75: 4.318700218200684, 77: 4.331617164611816, 82: 4.346087169647217, 85: 4.368159294128418, 72: 4.378346061706543, 'acc_5': 0.8244, 'acc_1': 0.767}
data saved

| Test	 Net1  Acc: 65.92%

==== Epoch:93 Test ACC:65.92 ====

Ensenble {75: 4.318700218200684, 77: 4.331617164611816, 82: 4.346087169647217, 85: 4.368159294128418, 72: 4.378346061706543, 'acc_5': 0.8244, 'acc_1': 0.767}
data saved

| Test	 Net1  Acc: 71.20%

==== Epoch:94 Test ACC:71.2 ====

Ensenble {75: 4.318700218200684, 77: 4.331617164611816, 82: 4.346087169647217, 85: 4.368159294128418, 72: 4.378346061706543, 'acc_5': 0.8244, 'acc_1': 0.767}
data saved

| Test	 Net1  Acc: 73.82%

==== Epoch:95 Test ACC:73.82 ====

Ensenble {75: 4.318700218200684, 77: 4.331617164611816, 82: 4.346087169647217, 95: 4.35212459564209, 85: 4.368159294128418, 'acc_5': 0.8252, 'acc_1': 0.767}
data saved

| Test	 Net1  Acc: 73.54%

==== Epoch:96 Test ACC:73.54 ====

Ensenble {75: 4.318700218200684, 77: 4.331617164611816, 82: 4.346087169647217, 95: 4.35212459564209, 85: 4.368159294128418, 'acc_5': 0.8252, 'acc_1': 0.767}
data saved

| Test	 Net1  Acc: 70.92%

==== Epoch:97 Test ACC:70.92 ====

Ensenble {75: 4.318700218200684, 77: 4.331617164611816, 82: 4.346087169647217, 95: 4.35212459564209, 85: 4.368159294128418, 'acc_5': 0.8252, 'acc_1': 0.767}
data saved

| Test	 Net1  Acc: 72.78%

==== Epoch:98 Test ACC:72.78 ====

Ensenble {75: 4.318700218200684, 77: 4.331617164611816, 82: 4.346087169647217, 95: 4.35212459564209, 85: 4.368159294128418, 'acc_5': 0.8252, 'acc_1': 0.767}
data saved

| Test	 Net1  Acc: 72.98%

==== Epoch:99 Test ACC:72.98 ====

Ensenble {75: 4.318700218200684, 77: 4.331617164611816, 82: 4.346087169647217, 95: 4.35212459564209, 85: 4.368159294128418, 'acc_5': 0.8252, 'acc_1': 0.767}
data saved

| Test	 Net1  Acc: 80.24%

==== Epoch:100 Test ACC:80.24 ====

Ensenble {100: 4.202788352966309, 75: 4.318700218200684, 77: 4.331617164611816, 82: 4.346087169647217, 95: 4.35212459564209, 'acc_5': 0.8356, 'acc_1': 0.8024}
data saved

| Test	 Net1  Acc: 80.96%

==== Epoch:101 Test ACC:80.96 ====

Ensenble {101: 4.171822452545166, 100: 4.202788352966309, 75: 4.318700218200684, 77: 4.331617164611816, 82: 4.346087169647217, 'acc_5': 0.8302, 'acc_1': 0.8096}
data saved

| Test	 Net1  Acc: 81.02%

==== Epoch:102 Test ACC:81.02 ====

Ensenble {101: 4.171822452545166, 102: 4.1774650573730465, 100: 4.202788352966309, 75: 4.318700218200684, 77: 4.331617164611816, 'acc_5': 0.824, 'acc_1': 0.8096}
data saved

| Test	 Net1  Acc: 80.74%

==== Epoch:103 Test ACC:80.74 ====

Ensenble {103: 4.160986709594726, 101: 4.171822452545166, 102: 4.1774650573730465, 100: 4.202788352966309, 75: 4.318700218200684, 'acc_5': 0.8158, 'acc_1': 0.8074}
data saved

| Test	 Net1  Acc: 80.14%

==== Epoch:104 Test ACC:80.14 ====

Ensenble {103: 4.160986709594726, 104: 4.1663463592529295, 101: 4.171822452545166, 102: 4.1774650573730465, 100: 4.202788352966309, 'acc_5': 0.8098, 'acc_1': 0.8074}
data saved

| Test	 Net1  Acc: 80.30%

==== Epoch:105 Test ACC:80.3 ====

Ensenble {105: 4.1482768058776855, 103: 4.160986709594726, 104: 4.1663463592529295, 101: 4.171822452545166, 102: 4.1774650573730465, 'acc_5': 0.8088, 'acc_1': 0.803}
data saved

| Test	 Net1  Acc: 80.66%

==== Epoch:106 Test ACC:80.66 ====

Ensenble {105: 4.1482768058776855, 106: 4.153081607818604, 103: 4.160986709594726, 104: 4.1663463592529295, 101: 4.171822452545166, 'acc_5': 0.8062, 'acc_1': 0.803}
data saved

| Test	 Net1  Acc: 80.58%

==== Epoch:107 Test ACC:80.58 ====

Ensenble {105: 4.1482768058776855, 107: 4.1486592292785645, 106: 4.153081607818604, 103: 4.160986709594726, 104: 4.1663463592529295, 'acc_5': 0.8042, 'acc_1': 0.803}
data saved

| Test	 Net1  Acc: 80.62%

==== Epoch:108 Test ACC:80.62 ====

Ensenble {108: 4.146616077423095, 105: 4.1482768058776855, 107: 4.1486592292785645, 106: 4.153081607818604, 103: 4.160986709594726, 'acc_5': 0.806, 'acc_1': 0.8062}
data saved

| Test	 Net1  Acc: 80.76%

==== Epoch:109 Test ACC:80.76 ====

Ensenble {108: 4.146616077423095, 105: 4.1482768058776855, 107: 4.1486592292785645, 109: 4.14874153137207, 106: 4.153081607818604, 'acc_5': 0.806, 'acc_1': 0.8062}
data saved

| Test	 Net1  Acc: 80.56%

==== Epoch:110 Test ACC:80.56 ====

Ensenble {108: 4.146616077423095, 105: 4.1482768058776855, 107: 4.1486592292785645, 109: 4.14874153137207, 110: 4.1509171485900875, 'acc_5': 0.8064, 'acc_1': 0.8062}
data saved

| Test	 Net1  Acc: 80.48%

==== Epoch:111 Test ACC:80.48 ====

Ensenble {111: 4.145226669311524, 108: 4.146616077423095, 105: 4.1482768058776855, 107: 4.1486592292785645, 109: 4.14874153137207, 'acc_5': 0.806, 'acc_1': 0.8048}
data saved

| Test	 Net1  Acc: 80.78%

==== Epoch:112 Test ACC:80.78 ====

Ensenble {111: 4.145226669311524, 112: 4.145589447021484, 108: 4.146616077423095, 105: 4.1482768058776855, 107: 4.1486592292785645, 'acc_5': 0.8072, 'acc_1': 0.8048}
data saved

| Test	 Net1  Acc: 80.42%

==== Epoch:113 Test ACC:80.42 ====

Ensenble {113: 4.144377899169922, 111: 4.145226669311524, 112: 4.145589447021484, 108: 4.146616077423095, 105: 4.1482768058776855, 'acc_5': 0.8072, 'acc_1': 0.8042}
data saved

| Test	 Net1  Acc: 80.52%

==== Epoch:114 Test ACC:80.52 ====

Ensenble {114: 4.13905668258667, 113: 4.144377899169922, 111: 4.145226669311524, 112: 4.145589447021484, 108: 4.146616077423095, 'acc_5': 0.8064, 'acc_1': 0.8052}
data saved

| Test	 Net1  Acc: 80.58%

==== Epoch:115 Test ACC:80.58 ====

Ensenble {114: 4.13905668258667, 115: 4.139749240875244, 113: 4.144377899169922, 111: 4.145226669311524, 112: 4.145589447021484, 'acc_5': 0.8066, 'acc_1': 0.8052}
data saved

| Test	 Net1  Acc: 80.48%

==== Epoch:116 Test ACC:80.48 ====

Ensenble {114: 4.13905668258667, 115: 4.139749240875244, 116: 4.140088844299316, 113: 4.144377899169922, 111: 4.145226669311524, 'acc_5': 0.8068, 'acc_1': 0.8052}
data saved

| Test	 Net1  Acc: 80.68%

==== Epoch:117 Test ACC:80.68 ====

Ensenble {117: 4.135802173614502, 114: 4.13905668258667, 115: 4.139749240875244, 116: 4.140088844299316, 113: 4.144377899169922, 'acc_5': 0.8084, 'acc_1': 0.8068}
data saved

| Test	 Net1  Acc: 80.64%

==== Epoch:118 Test ACC:80.64 ====

Ensenble {118: 4.133238506317139, 117: 4.135802173614502, 114: 4.13905668258667, 115: 4.139749240875244, 116: 4.140088844299316, 'acc_5': 0.8074, 'acc_1': 0.8064}
data saved

| Test	 Net1  Acc: 80.70%

==== Epoch:119 Test ACC:80.7 ====

Ensenble {118: 4.133238506317139, 117: 4.135802173614502, 114: 4.13905668258667, 115: 4.139749240875244, 116: 4.140088844299316, 'acc_5': 0.8074, 'acc_1': 0.8064}
data saved

| Test	 Net1  Acc: 80.76%

==== Epoch:120 Test ACC:80.76 ====

Ensenble {120: 4.129959583282471, 118: 4.133238506317139, 117: 4.135802173614502, 114: 4.13905668258667, 115: 4.139749240875244, 'acc_5': 0.8082, 'acc_1': 0.8076}
data saved

| Test	 Net1  Acc: 80.60%

==== Epoch:121 Test ACC:80.6 ====

Ensenble {120: 4.129959583282471, 118: 4.133238506317139, 117: 4.135802173614502, 121: 4.1363019943237305, 114: 4.13905668258667, 'acc_5': 0.8072, 'acc_1': 0.8076}
data saved

| Test	 Net1  Acc: 80.66%

==== Epoch:122 Test ACC:80.66 ====

Ensenble {120: 4.129959583282471, 118: 4.133238506317139, 117: 4.135802173614502, 121: 4.1363019943237305, 114: 4.13905668258667, 'acc_5': 0.8072, 'acc_1': 0.8076}
data saved

| Test	 Net1  Acc: 80.50%

==== Epoch:123 Test ACC:80.5 ====

Ensenble {120: 4.129959583282471, 118: 4.133238506317139, 123: 4.134728145599365, 117: 4.135802173614502, 121: 4.1363019943237305, 'acc_5': 0.808, 'acc_1': 0.8076}
data saved

| Test	 Net1  Acc: 80.56%

==== Epoch:124 Test ACC:80.56 ====

Ensenble {120: 4.129959583282471, 124: 4.1324738502502445, 118: 4.133238506317139, 123: 4.134728145599365, 117: 4.135802173614502, 'acc_5': 0.807, 'acc_1': 0.8076}
data saved

| Test	 Net1  Acc: 80.88%

==== Epoch:125 Test ACC:80.88 ====

Ensenble {125: 4.129779434204101, 120: 4.129959583282471, 124: 4.1324738502502445, 118: 4.133238506317139, 123: 4.134728145599365, 'acc_5': 0.8082, 'acc_1': 0.8088}
data saved

| Test	 Net1  Acc: 80.66%

==== Epoch:126 Test ACC:80.66 ====

Ensenble {125: 4.129779434204101, 120: 4.129959583282471, 124: 4.1324738502502445, 126: 4.13314266204834, 118: 4.133238506317139, 'acc_5': 0.8082, 'acc_1': 0.8088}
data saved

| Test	 Net1  Acc: 80.92%

==== Epoch:127 Test ACC:80.92 ====

Ensenble {125: 4.129779434204101, 120: 4.129959583282471, 127: 4.131863212585449, 124: 4.1324738502502445, 126: 4.13314266204834, 'acc_5': 0.809, 'acc_1': 0.8088}
data saved
