/home/rhu/anaconda3/envs/py310/lib/python3.10/site-packages/torchvision/io/image.py:13: UserWarning: Failed to load image Python extension: '/home/rhu/anaconda3/envs/py310/lib/python3.10/site-packages/torchvision/image.so: undefined symbol: _ZN3c1017RegisterOperatorsD1Ev'If you don't plan on using image functionality from `torchvision.io`, you can ignore this warning. Otherwise, there might be something wrong with your environment. Did you have `libjpeg` or `libpng` installed before building `torchvision` from source?
  warn(
| Building net
data saved
data saved
Namespace(batch_size=128, lr=0.1, alpha=0.5, lambda_u=0, p_threshold=0.5, T=0.5, num_epochs=150, id='clothing1m_vri', data_path='../data', seed='10', gpuid=0, num_class=10, num_batches=3000, log_wandb=False, wandb_project='', wandb_experiment='', wandb_entity='', wandb_resume=False, need_clean=False, single_meta=0, moco_pretrained='/home/rhu/r_work/VRI/VRI_DivideMix/pretrained/ckpt_clothing_resnet50.pth', warmup=10, cos_lr=True, lam=0.01, meta_goal='clid', tau=0.5, meta_lr=0.01, meta_bsz=100, model='vgg')
data saved
data saved
data saved
data saved
data saved
Warmup Net1

Warmup Net2

| Test Epoch #0	 Accuracy: 35.38%

data saved
data saved
data saved
Warmup Net1

Warmup Net2

| Test Epoch #1	 Accuracy: 41.36%

data saved
data saved
data saved
Warmup Net1

Warmup Net2

| Test Epoch #2	 Accuracy: 50.52%

data saved
data saved
data saved
Warmup Net1

Warmup Net2

| Test Epoch #3	 Accuracy: 51.58%

data saved
data saved
data saved
Warmup Net1

Warmup Net2

| Test Epoch #4	 Accuracy: 55.30%

data saved
data saved
data saved
Warmup Net1

Warmup Net2

| Test Epoch #5	 Accuracy: 59.42%

data saved
data saved
data saved
Warmup Net1

Warmup Net2

| Test Epoch #6	 Accuracy: 62.82%

data saved
data saved
data saved
Warmup Net1

Warmup Net2

| Test Epoch #7	 Accuracy: 63.18%

data saved
data saved
data saved
Warmup Net1

Warmup Net2

| Test Epoch #8	 Accuracy: 66.50%

data saved
data saved
data saved
Warmup Net1

Warmup Net2

| Test Epoch #9	 Accuracy: 65.42%

data saved
data saved
Train Net1
data saved
data saved

Train Net2
data saved
data saved
Training time 0:13:24
