/home/rhu/anaconda3/envs/py310/lib/python3.10/site-packages/torchvision/io/image.py:13: UserWarning: Failed to load image Python extension: '/home/rhu/anaconda3/envs/py310/lib/python3.10/site-packages/torchvision/image.so: undefined symbol: _ZN3c1017RegisterOperatorsD1Ev'If you don't plan on using image functionality from `torchvision.io`, you can ignore this warning. Otherwise, there might be something wrong with your environment. Did you have `libjpeg` or `libpng` installed before building `torchvision` from source?
  warn(
| Building net
Successfully load pre-trained model!!!
Namespace(batch_size=128, lr=0.0005, alpha=0.5, lambda_u=0, p_threshold=0.5, T=0.5, num_epochs=160, id='clothing1m_vri', seed='1', gpuid=0, num_class=14, num_batches=3000, data_path='/home/rhu/r_work/higher_semilearn/data/clothing1m', log_wandb=False, wandb_project='', wandb_experiment='', wandb_entity='', wandb_resume=False, need_clean=False, single_meta=0, moco_pretrained='/home/rhu/r_work/VRI/VRI_DivideMix/pretrained/ckpt_clothing_resnet50.pth', warmup=1, cos_lr=False, lam=0.01, meta_goal='clid', tau=0.5, meta_lr=0.01, meta_bsz=100, model='resnet50')

| Test	 Net1  Acc: 54.28%

==== Epoch 0, Test ACC:54.27512825384762 ====

Encoder unfrozen.

| Test	 Net1  Acc: 61.55%

==== Epoch:1 Test ACC:61.55234657039711 ====

Ensenble {1: 4.2664171397986825, 'acc_5': 0.6155234657039711, 'acc_1': 0.6155234657039711}

| Test	 Net1  Acc: 54.51%

==== Epoch:2 Test ACC:54.51263537906137 ====

Ensenble {1: 4.2664171397986825, 2: 4.286219631929405, 'acc_5': 0.6314839445183356, 'acc_1': 0.6155234657039711}

| Test	 Net1  Acc: 63.70%

==== Epoch:3 Test ACC:63.69941098232947 ====

Ensenble {1: 4.2664171397986825, 2: 4.286219631929405, 3: 4.291268113885067, 'acc_5': 0.665589967699031, 'acc_1': 0.6155234657039711}

| Test	 Net1  Acc: 63.63%

==== Epoch:4 Test ACC:63.632908987269616 ====

Ensenble {4: 4.195021850734455, 1: 4.2664171397986825, 2: 4.286219631929405, 3: 4.291268113885067, 'acc_5': 0.684685540566217, 'acc_1': 0.6363290898726962}

| Test	 Net1  Acc: 65.18%

==== Epoch:5 Test ACC:65.18145544366331 ====

Ensenble {4: 4.195021850734455, 5: 4.213712051263712, 1: 4.2664171397986825, 2: 4.286219631929405, 3: 4.291268113885067, 'acc_5': 0.6987459623788713, 'acc_1': 0.6363290898726962}

| Test	 Net1  Acc: 68.11%

==== Epoch:6 Test ACC:68.10754322629678 ====

Ensenble {4: 4.195021850734455, 6: 4.196982456611573, 5: 4.213712051263712, 1: 4.2664171397986825, 2: 4.286219631929405, 'acc_5': 0.7043511305339161, 'acc_1': 0.6363290898726962}

| Test	 Net1  Acc: 65.34%

==== Epoch:7 Test ACC:65.34296028880867 ====

Ensenble {4: 4.195021850734455, 6: 4.196982456611573, 7: 4.204398260584132, 5: 4.213712051263712, 1: 4.2664171397986825, 'acc_5': 0.7156564696940908, 'acc_1': 0.6363290898726962}

| Test	 Net1  Acc: 66.25%

==== Epoch:8 Test ACC:66.24548736462094 ====

Ensenble {8: 4.189336592461793, 4: 4.195021850734455, 6: 4.196982456611573, 7: 4.204398260584132, 5: 4.213712051263712, 'acc_5': 0.7156564696940908, 'acc_1': 0.6624548736462094}

| Test	 Net1  Acc: 66.98%

==== Epoch:9 Test ACC:66.97700931027931 ====

Ensenble {9: 4.152274762973909, 8: 4.189336592461793, 4: 4.195021850734455, 6: 4.196982456611573, 7: 4.204398260584132, 'acc_5': 0.7174615238457154, 'acc_1': 0.6697700931027931}

| Test	 Net1  Acc: 63.88%

==== Epoch:10 Test ACC:63.879916397491925 ====

Ensenble {10: 4.147123957333499, 9: 4.152274762973909, 8: 4.189336592461793, 4: 4.195021850734455, 6: 4.196982456611573, 'acc_5': 0.7122363670910127, 'acc_1': 0.6387991639749192}

| Test	 Net1  Acc: 67.33%

==== Epoch:11 Test ACC:67.32851985559567 ====

Ensenble {10: 4.147123957333499, 9: 4.152274762973909, 11: 4.152337355156467, 8: 4.189336592461793, 4: 4.195021850734455, 'acc_5': 0.7077712331369941, 'acc_1': 0.6387991639749192}

| Test	 Net1  Acc: 62.81%

==== Epoch:12 Test ACC:62.806384191525744 ====

Ensenble {10: 4.147123957333499, 9: 4.152274762973909, 11: 4.152337355156467, 12: 4.167262909819776, 8: 4.189336592461793, 'acc_5': 0.7067262017860536, 'acc_1': 0.6387991639749192}

| Test	 Net1  Acc: 65.46%

==== Epoch:13 Test ACC:65.45696370891126 ====

Ensenble {10: 4.147123957333499, 9: 4.152274762973909, 11: 4.152337355156467, 13: 4.162183157213317, 12: 4.167262909819776, 'acc_5': 0.7036861105833175, 'acc_1': 0.6387991639749192}

| Test	 Net1  Acc: 66.57%

==== Epoch:14 Test ACC:66.56849705491165 ====

Ensenble {14: 4.128705281702494, 10: 4.147123957333499, 9: 4.152274762973909, 11: 4.152337355156467, 13: 4.162183157213317, 'acc_5': 0.7075812274368231, 'acc_1': 0.6656849705491165}

| Test	 Net1  Acc: 67.69%

==== Epoch:15 Test ACC:67.68953068592057 ====

Ensenble {15: 4.121422362826071, 14: 4.128705281702494, 10: 4.147123957333499, 9: 4.152274762973909, 11: 4.152337355156467, 'acc_5': 0.7110013300399012, 'acc_1': 0.6768953068592057}

| Test	 Net1  Acc: 66.25%

==== Epoch:16 Test ACC:66.25498764962948 ====

Ensenble {15: 4.121422362826071, 16: 4.125827619989914, 14: 4.128705281702494, 10: 4.147123957333499, 9: 4.152274762973909, 'acc_5': 0.7075812274368231, 'acc_1': 0.6768953068592057}

| Test	 Net1  Acc: 64.41%

==== Epoch:17 Test ACC:64.41193235797074 ====

Ensenble {15: 4.121422362826071, 16: 4.125827619989914, 14: 4.128705281702494, 10: 4.147123957333499, 17: 4.151921717486282, 'acc_5': 0.7038761162834885, 'acc_1': 0.6768953068592057}

| Test	 Net1  Acc: 65.09%

==== Epoch:18 Test ACC:65.0864525935778 ====

Ensenble {18: 4.118651068975535, 15: 4.121422362826071, 16: 4.125827619989914, 14: 4.128705281702494, 10: 4.147123957333499, 'acc_5': 0.7063461903857116, 'acc_1': 0.650864525935778}

| Test	 Net1  Acc: 64.55%

==== Epoch:19 Test ACC:64.55443663309899 ====

Ensenble {18: 4.118651068975535, 15: 4.121422362826071, 16: 4.125827619989914, 19: 4.128075483469286, 14: 4.128705281702494, 'acc_5': 0.7027360820824625, 'acc_1': 0.650864525935778}

| Test	 Net1  Acc: 64.02%

==== Epoch:20 Test ACC:64.02242067262019 ====

Ensenble {20: 4.095132668583876, 18: 4.118651068975535, 15: 4.121422362826071, 16: 4.125827619989914, 19: 4.128075483469286, 'acc_5': 0.700171005130154, 'acc_1': 0.6402242067262018}

| Test	 Net1  Acc: 65.64%

==== Epoch:21 Test ACC:65.63746912407372 ====

Ensenble {21: 4.090218438978408, 20: 4.095132668583876, 18: 4.118651068975535, 15: 4.121422362826071, 16: 4.125827619989914, 'acc_5': 0.703971119133574, 'acc_1': 0.6563746912407372}
