/home/rhu/anaconda3/envs/py310/lib/python3.10/site-packages/torchvision/io/image.py:13: UserWarning: Failed to load image Python extension: '/home/rhu/anaconda3/envs/py310/lib/python3.10/site-packages/torchvision/image.so: undefined symbol: _ZN3c1017RegisterOperatorsD1Ev'If you don't plan on using image functionality from `torchvision.io`, you can ignore this warning. Otherwise, there might be something wrong with your environment. Did you have `libjpeg` or `libpng` installed before building `torchvision` from source?
  warn(
| Building net
data saved
data saved
Namespace(batch_size=128, lr=0.02, alpha=0.5, lambda_u=0, p_threshold=0.5, T=0.5, num_epochs=150, id='clothing1m_vri', data_path='../data', seed='2', gpuid=0, num_class=10, num_batches=3000, log_wandb=False, wandb_project='', wandb_experiment='', wandb_entity='', wandb_resume=False, need_clean=False, single_meta=0, moco_pretrained='/home/rhu/r_work/VRI/VRI_DivideMix/pretrained/ckpt_clothing_resnet50.pth', warmup=0, cos_lr=False, lam=0.01, meta_goal='clid', tau=0.5, meta_lr=0.01, meta_bsz=100)
data saved

| Test	 Net1  Acc: 19.70%

==== Test ACC:19.7 ====

Ensenble {0: 5.187527656555176, 'acc_5': 0.197, 'acc_1': 0.197}
data saved

| Test	 Net1  Acc: 40.24%

==== Test ACC:40.24 ====

Ensenble {1: 5.018043518066406, 0: 5.187527656555176, 'acc_5': 0.3508, 'acc_1': 0.4024}
data saved

| Test	 Net1  Acc: 41.20%

==== Test ACC:41.2 ====

Ensenble {1: 5.018043518066406, 2: 5.058965873718262, 0: 5.187527656555176, 'acc_5': 0.4468, 'acc_1': 0.4024}
data saved

| Test	 Net1  Acc: 51.28%

==== Test ACC:51.28 ====

Ensenble {3: 5.00818977355957, 1: 5.018043518066406, 2: 5.058965873718262, 0: 5.187527656555176, 'acc_5': 0.514, 'acc_1': 0.5128}
data saved

| Test	 Net1  Acc: 52.82%

==== Test ACC:52.82 ====

Ensenble {4: 4.93048324584961, 3: 5.00818977355957, 1: 5.018043518066406, 2: 5.058965873718262, 0: 5.187527656555176, 'acc_5': 0.5498, 'acc_1': 0.5282}
data saved

| Test	 Net1  Acc: 54.66%

==== Test ACC:54.66 ====

Ensenble {4: 4.93048324584961, 5: 4.947823429107666, 3: 5.00818977355957, 1: 5.018043518066406, 2: 5.058965873718262, 'acc_5': 0.5906, 'acc_1': 0.5282}
data saved

| Test	 Net1  Acc: 53.54%

==== Test ACC:53.54 ====

Ensenble {6: 4.844018363952637, 4: 4.93048324584961, 5: 4.947823429107666, 3: 5.00818977355957, 1: 5.018043518066406, 'acc_5': 0.5992, 'acc_1': 0.5354}
data saved

| Test	 Net1  Acc: 57.14%

==== Test ACC:57.14 ====

Ensenble {7: 4.837290954589844, 6: 4.844018363952637, 4: 4.93048324584961, 5: 4.947823429107666, 3: 5.00818977355957, 'acc_5': 0.6324, 'acc_1': 0.5714}
data saved

| Test	 Net1  Acc: 60.44%

==== Test ACC:60.44 ====

Ensenble {7: 4.837290954589844, 8: 4.842774963378906, 6: 4.844018363952637, 4: 4.93048324584961, 5: 4.947823429107666, 'acc_5': 0.6624, 'acc_1': 0.5714}
data saved

| Test	 Net1  Acc: 65.10%

==== Test ACC:65.1 ====

Ensenble {9: 4.7407636642456055, 7: 4.837290954589844, 8: 4.842774963378906, 6: 4.844018363952637, 4: 4.93048324584961, 'acc_5': 0.6854, 'acc_1': 0.651}
data saved

| Test	 Net1  Acc: 59.28%

==== Test ACC:59.28 ====

Ensenble {9: 4.7407636642456055, 10: 4.7797199249267575, 7: 4.837290954589844, 8: 4.842774963378906, 6: 4.844018363952637, 'acc_5': 0.6992, 'acc_1': 0.651}
data saved

| Test	 Net1  Acc: 70.34%

==== Test ACC:70.34 ====

Ensenble {11: 4.718805408477783, 9: 4.7407636642456055, 10: 4.7797199249267575, 7: 4.837290954589844, 8: 4.842774963378906, 'acc_5': 0.7374, 'acc_1': 0.7034}
data saved

| Test	 Net1  Acc: 67.40%

==== Test ACC:67.4 ====

Ensenble {11: 4.718805408477783, 9: 4.7407636642456055, 12: 4.770450019836426, 10: 4.7797199249267575, 7: 4.837290954589844, 'acc_5': 0.7372, 'acc_1': 0.7034}
data saved

| Test	 Net1  Acc: 67.44%

==== Test ACC:67.44 ====

Ensenble {13: 4.667615222930908, 11: 4.718805408477783, 9: 4.7407636642456055, 12: 4.770450019836426, 10: 4.7797199249267575, 'acc_5': 0.7494, 'acc_1': 0.6744}
data saved

| Test	 Net1  Acc: 64.78%

==== Test ACC:64.78 ====

Ensenble {13: 4.667615222930908, 14: 4.706169986724854, 11: 4.718805408477783, 9: 4.7407636642456055, 12: 4.770450019836426, 'acc_5': 0.7534, 'acc_1': 0.6744}
data saved

| Test	 Net1  Acc: 70.00%

==== Test ACC:70.0 ====

Ensenble {13: 4.667615222930908, 15: 4.670809364318847, 14: 4.706169986724854, 11: 4.718805408477783, 9: 4.7407636642456055, 'acc_5': 0.7714, 'acc_1': 0.6744}
data saved

| Test	 Net1  Acc: 67.22%

==== Test ACC:67.22 ====

Ensenble {13: 4.667615222930908, 15: 4.670809364318847, 14: 4.706169986724854, 11: 4.718805408477783, 9: 4.7407636642456055, 'acc_5': 0.7714, 'acc_1': 0.6744}
data saved

| Test	 Net1  Acc: 67.28%

==== Test ACC:67.28 ====

Ensenble {13: 4.667615222930908, 15: 4.670809364318847, 17: 4.67442512512207, 14: 4.706169986724854, 11: 4.718805408477783, 'acc_5': 0.7754, 'acc_1': 0.6744}
data saved

| Test	 Net1  Acc: 65.00%

==== Test ACC:65.0 ====

Ensenble {13: 4.667615222930908, 15: 4.670809364318847, 17: 4.67442512512207, 18: 4.684216403961182, 14: 4.706169986724854, 'acc_5': 0.7726, 'acc_1': 0.6744}
data saved

| Test	 Net1  Acc: 69.94%

==== Test ACC:69.94 ====

Ensenble {19: 4.632291221618653, 13: 4.667615222930908, 15: 4.670809364318847, 17: 4.67442512512207, 18: 4.684216403961182, 'acc_5': 0.7798, 'acc_1': 0.6994}
data saved

| Test	 Net1  Acc: 70.34%

==== Test ACC:70.34 ====

Ensenble {20: 4.616535186767578, 19: 4.632291221618653, 13: 4.667615222930908, 15: 4.670809364318847, 17: 4.67442512512207, 'acc_5': 0.784, 'acc_1': 0.7034}
data saved

| Test	 Net1  Acc: 69.60%

==== Test ACC:69.6 ====

Ensenble {21: 4.5863879203796385, 20: 4.616535186767578, 19: 4.632291221618653, 13: 4.667615222930908, 15: 4.670809364318847, 'acc_5': 0.7976, 'acc_1': 0.696}
data saved

| Test	 Net1  Acc: 65.08%

==== Test ACC:65.08 ====

Ensenble {21: 4.5863879203796385, 20: 4.616535186767578, 22: 4.629725074768066, 19: 4.632291221618653, 13: 4.667615222930908, 'acc_5': 0.7824, 'acc_1': 0.696}
data saved

| Test	 Net1  Acc: 72.54%

==== Test ACC:72.54 ====

Ensenble {23: 4.5586997985839846, 21: 4.5863879203796385, 20: 4.616535186767578, 22: 4.629725074768066, 19: 4.632291221618653, 'acc_5': 0.7922, 'acc_1': 0.7254}
data saved

| Test	 Net1  Acc: 75.62%

==== Test ACC:75.62 ====

Ensenble {23: 4.5586997985839846, 21: 4.5863879203796385, 24: 4.5934394836425785, 20: 4.616535186767578, 22: 4.629725074768066, 'acc_5': 0.8008, 'acc_1': 0.7254}
data saved

| Test	 Net1  Acc: 72.06%

==== Test ACC:72.06 ====

Ensenble {25: 4.5534868240356445, 23: 4.5586997985839846, 21: 4.5863879203796385, 24: 4.5934394836425785, 20: 4.616535186767578, 'acc_5': 0.807, 'acc_1': 0.7206}
data saved

| Test	 Net1  Acc: 72.02%

==== Test ACC:72.02 ====

Ensenble {25: 4.5534868240356445, 26: 4.5562254905700685, 23: 4.5586997985839846, 21: 4.5863879203796385, 24: 4.5934394836425785, 'acc_5': 0.7986, 'acc_1': 0.7206}
data saved

| Test	 Net1  Acc: 68.68%

==== Test ACC:68.68 ====

Ensenble {25: 4.5534868240356445, 26: 4.5562254905700685, 23: 4.5586997985839846, 21: 4.5863879203796385, 24: 4.5934394836425785, 'acc_5': 0.7986, 'acc_1': 0.7206}
data saved

| Test	 Net1  Acc: 68.88%

==== Test ACC:68.88 ====

Ensenble {28: 4.528054428100586, 25: 4.5534868240356445, 26: 4.5562254905700685, 23: 4.5586997985839846, 21: 4.5863879203796385, 'acc_5': 0.8, 'acc_1': 0.6888}
data saved

| Test	 Net1  Acc: 67.14%

==== Test ACC:67.14 ====

Ensenble {28: 4.528054428100586, 25: 4.5534868240356445, 26: 4.5562254905700685, 23: 4.5586997985839846, 21: 4.5863879203796385, 'acc_5': 0.8, 'acc_1': 0.6888}
data saved

| Test	 Net1  Acc: 77.02%

==== Test ACC:77.02 ====

Ensenble {28: 4.528054428100586, 30: 4.54337329864502, 25: 4.5534868240356445, 26: 4.5562254905700685, 23: 4.5586997985839846, 'acc_5': 0.8098, 'acc_1': 0.6888}
data saved

| Test	 Net1  Acc: 69.30%

==== Test ACC:69.3 ====

Ensenble {28: 4.528054428100586, 30: 4.54337329864502, 25: 4.5534868240356445, 26: 4.5562254905700685, 23: 4.5586997985839846, 'acc_5': 0.8098, 'acc_1': 0.6888}
data saved

| Test	 Net1  Acc: 76.70%

==== Test ACC:76.7 ====

Ensenble {32: 4.497625923156738, 28: 4.528054428100586, 30: 4.54337329864502, 25: 4.5534868240356445, 26: 4.5562254905700685, 'acc_5': 0.8068, 'acc_1': 0.767}
data saved

| Test	 Net1  Acc: 69.08%

==== Test ACC:69.08 ====

Ensenble {32: 4.497625923156738, 28: 4.528054428100586, 30: 4.54337329864502, 25: 4.5534868240356445, 26: 4.5562254905700685, 'acc_5': 0.8068, 'acc_1': 0.767}
data saved

| Test	 Net1  Acc: 75.78%

==== Test ACC:75.78 ====

Ensenble {34: 4.468870735168457, 32: 4.497625923156738, 28: 4.528054428100586, 30: 4.54337329864502, 25: 4.5534868240356445, 'acc_5': 0.8114, 'acc_1': 0.7578}
data saved

| Test	 Net1  Acc: 74.30%

==== Test ACC:74.3 ====

Ensenble {34: 4.468870735168457, 32: 4.497625923156738, 35: 4.506966495513916, 28: 4.528054428100586, 30: 4.54337329864502, 'acc_5': 0.8148, 'acc_1': 0.7578}
data saved

| Test	 Net1  Acc: 70.68%

==== Test ACC:70.68 ====

Ensenble {34: 4.468870735168457, 32: 4.497625923156738, 35: 4.506966495513916, 36: 4.512766361236572, 28: 4.528054428100586, 'acc_5': 0.8098, 'acc_1': 0.7578}
data saved

| Test	 Net1  Acc: 77.12%

==== Test ACC:77.12 ====

Ensenble {34: 4.468870735168457, 32: 4.497625923156738, 35: 4.506966495513916, 36: 4.512766361236572, 37: 4.520306587219238, 'acc_5': 0.8208, 'acc_1': 0.7578}
data saved

| Test	 Net1  Acc: 71.14%

==== Test ACC:71.14 ====

Ensenble {34: 4.468870735168457, 32: 4.497625923156738, 35: 4.506966495513916, 36: 4.512766361236572, 37: 4.520306587219238, 'acc_5': 0.8208, 'acc_1': 0.7578}
data saved

| Test	 Net1  Acc: 74.02%

==== Test ACC:74.02 ====

Ensenble {34: 4.468870735168457, 32: 4.497625923156738, 35: 4.506966495513916, 36: 4.512766361236572, 39: 4.514217472076416, 'acc_5': 0.8126, 'acc_1': 0.7578}
data saved

| Test	 Net1  Acc: 75.00%

==== Test ACC:75.0 ====

Ensenble {34: 4.468870735168457, 40: 4.484046173095703, 32: 4.497625923156738, 35: 4.506966495513916, 36: 4.512766361236572, 'acc_5': 0.8162, 'acc_1': 0.7578}
data saved

| Test	 Net1  Acc: 69.50%

==== Test ACC:69.5 ====

Ensenble {34: 4.468870735168457, 40: 4.484046173095703, 32: 4.497625923156738, 35: 4.506966495513916, 36: 4.512766361236572, 'acc_5': 0.8162, 'acc_1': 0.7578}
data saved

| Test	 Net1  Acc: 73.14%

==== Test ACC:73.14 ====

Ensenble {34: 4.468870735168457, 40: 4.484046173095703, 42: 4.493880844116211, 32: 4.497625923156738, 35: 4.506966495513916, 'acc_5': 0.824, 'acc_1': 0.7578}
data saved

| Test	 Net1  Acc: 69.12%

==== Test ACC:69.12 ====

Ensenble {34: 4.468870735168457, 40: 4.484046173095703, 42: 4.493880844116211, 32: 4.497625923156738, 35: 4.506966495513916, 'acc_5': 0.824, 'acc_1': 0.7578}
data saved

| Test	 Net1  Acc: 76.20%

==== Test ACC:76.2 ====

Ensenble {44: 4.407925319671631, 34: 4.468870735168457, 40: 4.484046173095703, 42: 4.493880844116211, 32: 4.497625923156738, 'acc_5': 0.8254, 'acc_1': 0.762}
data saved

| Test	 Net1  Acc: 74.34%

==== Test ACC:74.34 ====

Ensenble {44: 4.407925319671631, 34: 4.468870735168457, 40: 4.484046173095703, 45: 4.490639591217041, 42: 4.493880844116211, 'acc_5': 0.825, 'acc_1': 0.762}
data saved

| Test	 Net1  Acc: 73.64%

==== Test ACC:73.64 ====

Ensenble {44: 4.407925319671631, 34: 4.468870735168457, 40: 4.484046173095703, 46: 4.489047813415527, 45: 4.490639591217041, 'acc_5': 0.8248, 'acc_1': 0.762}
data saved

| Test	 Net1  Acc: 72.42%

==== Test ACC:72.42 ====

Ensenble {44: 4.407925319671631, 47: 4.4668597221374515, 34: 4.468870735168457, 40: 4.484046173095703, 46: 4.489047813415527, 'acc_5': 0.8172, 'acc_1': 0.762}
data saved

| Test	 Net1  Acc: 68.96%

==== Test ACC:68.96 ====

Ensenble {44: 4.407925319671631, 47: 4.4668597221374515, 34: 4.468870735168457, 40: 4.484046173095703, 46: 4.489047813415527, 'acc_5': 0.8172, 'acc_1': 0.762}
data saved

| Test	 Net1  Acc: 69.06%

==== Test ACC:69.06 ====

Ensenble {44: 4.407925319671631, 47: 4.4668597221374515, 34: 4.468870735168457, 40: 4.484046173095703, 46: 4.489047813415527, 'acc_5': 0.8172, 'acc_1': 0.762}
data saved

| Test	 Net1  Acc: 74.24%

==== Test ACC:74.24 ====

Ensenble {44: 4.407925319671631, 50: 4.418028259277344, 47: 4.4668597221374515, 34: 4.468870735168457, 40: 4.484046173095703, 'acc_5': 0.8164, 'acc_1': 0.762}
data saved

| Test	 Net1  Acc: 76.50%

==== Test ACC:76.5 ====

Ensenble {44: 4.407925319671631, 50: 4.418028259277344, 51: 4.418532752990723, 47: 4.4668597221374515, 34: 4.468870735168457, 'acc_5': 0.8226, 'acc_1': 0.762}
data saved

| Test	 Net1  Acc: 74.78%

==== Test ACC:74.78 ====

Ensenble {44: 4.407925319671631, 52: 4.410816860198975, 50: 4.418028259277344, 51: 4.418532752990723, 47: 4.4668597221374515, 'acc_5': 0.8228, 'acc_1': 0.762}
data saved

| Test	 Net1  Acc: 75.94%

==== Test ACC:75.94 ====

Ensenble {53: 4.392350864410401, 44: 4.407925319671631, 52: 4.410816860198975, 50: 4.418028259277344, 51: 4.418532752990723, 'acc_5': 0.8258, 'acc_1': 0.7594}
data saved

| Test	 Net1  Acc: 63.84%

==== Test ACC:63.84 ====

Ensenble {53: 4.392350864410401, 44: 4.407925319671631, 52: 4.410816860198975, 50: 4.418028259277344, 51: 4.418532752990723, 'acc_5': 0.8258, 'acc_1': 0.7594}
data saved

| Test	 Net1  Acc: 74.74%

==== Test ACC:74.74 ====

Ensenble {53: 4.392350864410401, 44: 4.407925319671631, 52: 4.410816860198975, 55: 4.412559986114502, 50: 4.418028259277344, 'acc_5': 0.8224, 'acc_1': 0.7594}
data saved

| Test	 Net1  Acc: 73.44%

==== Test ACC:73.44 ====

Ensenble {53: 4.392350864410401, 44: 4.407925319671631, 52: 4.410816860198975, 55: 4.412559986114502, 50: 4.418028259277344, 'acc_5': 0.8224, 'acc_1': 0.7594}
data saved

| Test	 Net1  Acc: 73.26%

==== Test ACC:73.26 ====

Ensenble {53: 4.392350864410401, 44: 4.407925319671631, 52: 4.410816860198975, 55: 4.412559986114502, 50: 4.418028259277344, 'acc_5': 0.8224, 'acc_1': 0.7594}
data saved

| Test	 Net1  Acc: 72.08%

==== Test ACC:72.08 ====

Ensenble {53: 4.392350864410401, 44: 4.407925319671631, 52: 4.410816860198975, 55: 4.412559986114502, 50: 4.418028259277344, 'acc_5': 0.8224, 'acc_1': 0.7594}
data saved

| Test	 Net1  Acc: 73.76%

==== Test ACC:73.76 ====

Ensenble {53: 4.392350864410401, 44: 4.407925319671631, 52: 4.410816860198975, 55: 4.412559986114502, 50: 4.418028259277344, 'acc_5': 0.8224, 'acc_1': 0.7594}
data saved

| Test	 Net1  Acc: 71.22%

==== Test ACC:71.22 ====

Ensenble {53: 4.392350864410401, 44: 4.407925319671631, 52: 4.410816860198975, 55: 4.412559986114502, 50: 4.418028259277344, 'acc_5': 0.8224, 'acc_1': 0.7594}
data saved

| Test	 Net1  Acc: 72.54%

==== Test ACC:72.54 ====

Ensenble {53: 4.392350864410401, 44: 4.407925319671631, 52: 4.410816860198975, 55: 4.412559986114502, 50: 4.418028259277344, 'acc_5': 0.8224, 'acc_1': 0.7594}
data saved

| Test	 Net1  Acc: 70.04%

==== Test ACC:70.04 ====

Ensenble {53: 4.392350864410401, 44: 4.407925319671631, 52: 4.410816860198975, 55: 4.412559986114502, 50: 4.418028259277344, 'acc_5': 0.8224, 'acc_1': 0.7594}
data saved

| Test	 Net1  Acc: 74.14%

==== Test ACC:74.14 ====

Ensenble {53: 4.392350864410401, 63: 4.393683815002442, 44: 4.407925319671631, 52: 4.410816860198975, 55: 4.412559986114502, 'acc_5': 0.8186, 'acc_1': 0.7594}
data saved

| Test	 Net1  Acc: 69.80%

==== Test ACC:69.8 ====

Ensenble {53: 4.392350864410401, 63: 4.393683815002442, 44: 4.407925319671631, 52: 4.410816860198975, 55: 4.412559986114502, 'acc_5': 0.8186, 'acc_1': 0.7594}
data saved

| Test	 Net1  Acc: 72.20%

==== Test ACC:72.2 ====

Ensenble {53: 4.392350864410401, 63: 4.393683815002442, 44: 4.407925319671631, 52: 4.410816860198975, 55: 4.412559986114502, 'acc_5': 0.8186, 'acc_1': 0.7594}
data saved

| Test	 Net1  Acc: 74.20%

==== Test ACC:74.2 ====

Ensenble {53: 4.392350864410401, 63: 4.393683815002442, 66: 4.402270030975342, 44: 4.407925319671631, 52: 4.410816860198975, 'acc_5': 0.8232, 'acc_1': 0.7594}
data saved

| Test	 Net1  Acc: 74.12%

==== Test ACC:74.12 ====

Ensenble {53: 4.392350864410401, 63: 4.393683815002442, 67: 4.397919750213623, 66: 4.402270030975342, 44: 4.407925319671631, 'acc_5': 0.8266, 'acc_1': 0.7594}
data saved

| Test	 Net1  Acc: 75.94%

==== Test ACC:75.94 ====

Ensenble {68: 4.383837890625, 53: 4.392350864410401, 63: 4.393683815002442, 67: 4.397919750213623, 66: 4.402270030975342, 'acc_5': 0.8238, 'acc_1': 0.7594}
data saved

| Test	 Net1  Acc: 73.52%

==== Test ACC:73.52 ====

Ensenble {68: 4.383837890625, 53: 4.392350864410401, 63: 4.393683815002442, 67: 4.397919750213623, 66: 4.402270030975342, 'acc_5': 0.8238, 'acc_1': 0.7594}
data saved

| Test	 Net1  Acc: 73.52%

==== Test ACC:73.52 ====

Ensenble {68: 4.383837890625, 53: 4.392350864410401, 63: 4.393683815002442, 67: 4.397919750213623, 70: 4.398270511627198, 'acc_5': 0.8222, 'acc_1': 0.7594}
data saved

| Test	 Net1  Acc: 73.64%

==== Test ACC:73.64 ====

Ensenble {68: 4.383837890625, 53: 4.392350864410401, 63: 4.393683815002442, 67: 4.397919750213623, 70: 4.398270511627198, 'acc_5': 0.8222, 'acc_1': 0.7594}
data saved

| Test	 Net1  Acc: 74.22%

==== Test ACC:74.22 ====

Ensenble {72: 4.354073333740234, 68: 4.383837890625, 53: 4.392350864410401, 63: 4.393683815002442, 67: 4.397919750213623, 'acc_5': 0.8232, 'acc_1': 0.7422}
data saved

| Test	 Net1  Acc: 76.62%

==== Test ACC:76.62 ====

Ensenble {72: 4.354073333740234, 73: 4.383771228790283, 68: 4.383837890625, 53: 4.392350864410401, 63: 4.393683815002442, 'acc_5': 0.8196, 'acc_1': 0.7422}
data saved

| Test	 Net1  Acc: 72.68%

==== Test ACC:72.68 ====

Ensenble {72: 4.354073333740234, 73: 4.383771228790283, 68: 4.383837890625, 53: 4.392350864410401, 63: 4.393683815002442, 'acc_5': 0.8196, 'acc_1': 0.7422}
data saved

| Test	 Net1  Acc: 81.58%

==== Test ACC:81.58 ====

Ensenble {75: 4.215769290924072, 72: 4.354073333740234, 73: 4.383771228790283, 68: 4.383837890625, 53: 4.392350864410401, 'acc_5': 0.8308, 'acc_1': 0.8158}
data saved

| Test	 Net1  Acc: 81.40%

==== Test ACC:81.4 ====

Ensenble {76: 4.211236763000488, 75: 4.215769290924072, 72: 4.354073333740234, 73: 4.383771228790283, 68: 4.383837890625, 'acc_5': 0.8242, 'acc_1': 0.814}
data saved

| Test	 Net1  Acc: 81.50%

==== Test ACC:81.5 ====

Ensenble {77: 4.190631008148193, 76: 4.211236763000488, 75: 4.215769290924072, 72: 4.354073333740234, 73: 4.383771228790283, 'acc_5': 0.822, 'acc_1': 0.815}
data saved

| Test	 Net1  Acc: 81.20%

==== Test ACC:81.2 ====

Ensenble {78: 4.18887939453125, 77: 4.190631008148193, 76: 4.211236763000488, 75: 4.215769290924072, 72: 4.354073333740234, 'acc_5': 0.8168, 'acc_1': 0.812}
data saved

| Test	 Net1  Acc: 81.48%

==== Test ACC:81.48 ====

Ensenble {79: 4.170291900634766, 78: 4.18887939453125, 77: 4.190631008148193, 76: 4.211236763000488, 75: 4.215769290924072, 'acc_5': 0.8152, 'acc_1': 0.8148}
data saved

| Test	 Net1  Acc: 81.22%

==== Test ACC:81.22 ====

Ensenble {80: 4.1677319526672365, 79: 4.170291900634766, 78: 4.18887939453125, 77: 4.190631008148193, 76: 4.211236763000488, 'acc_5': 0.8162, 'acc_1': 0.8122}
data saved

| Test	 Net1  Acc: 80.90%

==== Test ACC:80.9 ====

Ensenble {80: 4.1677319526672365, 79: 4.170291900634766, 81: 4.173839092254639, 78: 4.18887939453125, 77: 4.190631008148193, 'acc_5': 0.815, 'acc_1': 0.8122}
data saved

| Test	 Net1  Acc: 80.90%

==== Test ACC:80.9 ====

Ensenble {82: 4.16037950515747, 80: 4.1677319526672365, 79: 4.170291900634766, 81: 4.173839092254639, 78: 4.18887939453125, 'acc_5': 0.8146, 'acc_1': 0.809}
data saved

| Test	 Net1  Acc: 80.90%

==== Test ACC:80.9 ====

Ensenble {82: 4.16037950515747, 80: 4.1677319526672365, 79: 4.170291900634766, 83: 4.1722509384155275, 81: 4.173839092254639, 'acc_5': 0.8126, 'acc_1': 0.809}
data saved

| Test	 Net1  Acc: 80.52%

==== Test ACC:80.52 ====

Ensenble {82: 4.16037950515747, 80: 4.1677319526672365, 84: 4.169337749481201, 79: 4.170291900634766, 83: 4.1722509384155275, 'acc_5': 0.8122, 'acc_1': 0.809}
data saved

| Test	 Net1  Acc: 80.46%

==== Test ACC:80.46 ====

Ensenble {82: 4.16037950515747, 85: 4.161316013336181, 80: 4.1677319526672365, 84: 4.169337749481201, 79: 4.170291900634766, 'acc_5': 0.8098, 'acc_1': 0.809}
data saved

| Test	 Net1  Acc: 80.72%

==== Test ACC:80.72 ====

Ensenble {82: 4.16037950515747, 85: 4.161316013336181, 86: 4.161413764953613, 80: 4.1677319526672365, 84: 4.169337749481201, 'acc_5': 0.8082, 'acc_1': 0.809}
data saved

| Test	 Net1  Acc: 80.58%

==== Test ACC:80.58 ====

Ensenble {82: 4.16037950515747, 85: 4.161316013336181, 86: 4.161413764953613, 87: 4.1646100044250485, 80: 4.1677319526672365, 'acc_5': 0.8098, 'acc_1': 0.809}
data saved

| Test	 Net1  Acc: 79.82%

==== Test ACC:79.82 ====

Ensenble {82: 4.16037950515747, 85: 4.161316013336181, 86: 4.161413764953613, 87: 4.1646100044250485, 88: 4.165603351593018, 'acc_5': 0.8072, 'acc_1': 0.809}
data saved

| Test	 Net1  Acc: 80.68%

==== Test ACC:80.68 ====

Ensenble {89: 4.158697032928467, 82: 4.16037950515747, 85: 4.161316013336181, 86: 4.161413764953613, 87: 4.1646100044250485, 'acc_5': 0.809, 'acc_1': 0.8068}
data saved

| Test	 Net1  Acc: 80.88%

==== Test ACC:80.88 ====

Ensenble {90: 4.149459457397461, 89: 4.158697032928467, 82: 4.16037950515747, 85: 4.161316013336181, 86: 4.161413764953613, 'acc_5': 0.8092, 'acc_1': 0.8088}
data saved

| Test	 Net1  Acc: 80.56%

==== Test ACC:80.56 ====

Ensenble {90: 4.149459457397461, 89: 4.158697032928467, 91: 4.159016513824463, 82: 4.16037950515747, 85: 4.161316013336181, 'acc_5': 0.8098, 'acc_1': 0.8088}
data saved

| Test	 Net1  Acc: 80.56%

==== Test ACC:80.56 ====

Ensenble {90: 4.149459457397461, 92: 4.154945659637451, 89: 4.158697032928467, 91: 4.159016513824463, 82: 4.16037950515747, 'acc_5': 0.8084, 'acc_1': 0.8088}
data saved

| Test	 Net1  Acc: 80.58%

==== Test ACC:80.58 ====

Ensenble {90: 4.149459457397461, 92: 4.154945659637451, 93: 4.15684757232666, 89: 4.158697032928467, 91: 4.159016513824463, 'acc_5': 0.8094, 'acc_1': 0.8088}
data saved

| Test	 Net1  Acc: 80.64%

==== Test ACC:80.64 ====

Ensenble {90: 4.149459457397461, 94: 4.152980899810791, 92: 4.154945659637451, 93: 4.15684757232666, 89: 4.158697032928467, 'acc_5': 0.8098, 'acc_1': 0.8088}
data saved

| Test	 Net1  Acc: 80.72%

==== Test ACC:80.72 ====

Ensenble {90: 4.149459457397461, 94: 4.152980899810791, 92: 4.154945659637451, 93: 4.15684757232666, 89: 4.158697032928467, 'acc_5': 0.8098, 'acc_1': 0.8088}
data saved

| Test	 Net1  Acc: 80.62%

==== Test ACC:80.62 ====

Ensenble {90: 4.149459457397461, 94: 4.152980899810791, 92: 4.154945659637451, 93: 4.15684757232666, 89: 4.158697032928467, 'acc_5': 0.8098, 'acc_1': 0.8088}
data saved

| Test	 Net1  Acc: 80.84%

==== Test ACC:80.84 ====

Ensenble {90: 4.149459457397461, 94: 4.152980899810791, 92: 4.154945659637451, 93: 4.15684757232666, 89: 4.158697032928467, 'acc_5': 0.8098, 'acc_1': 0.8088}
data saved

| Test	 Net1  Acc: 80.78%

==== Test ACC:80.78 ====

Ensenble {90: 4.149459457397461, 94: 4.152980899810791, 92: 4.154945659637451, 93: 4.15684757232666, 89: 4.158697032928467, 'acc_5': 0.8098, 'acc_1': 0.8088}
data saved

| Test	 Net1  Acc: 80.34%

==== Test ACC:80.34 ====

Ensenble {90: 4.149459457397461, 94: 4.152980899810791, 92: 4.154945659637451, 93: 4.15684757232666, 89: 4.158697032928467, 'acc_5': 0.8098, 'acc_1': 0.8088}
data saved

| Test	 Net1  Acc: 80.52%

==== Test ACC:80.52 ====

Ensenble {90: 4.149459457397461, 94: 4.152980899810791, 92: 4.154945659637451, 93: 4.15684757232666, 100: 4.157215595245361, 'acc_5': 0.8082, 'acc_1': 0.8088}
data saved

| Test	 Net1  Acc: 80.46%

==== Test ACC:80.46 ====

Ensenble {101: 4.146510219573974, 90: 4.149459457397461, 94: 4.152980899810791, 92: 4.154945659637451, 93: 4.15684757232666, 'acc_5': 0.8082, 'acc_1': 0.8046}
data saved

| Test	 Net1  Acc: 80.70%

==== Test ACC:80.7 ====

Ensenble {101: 4.146510219573974, 90: 4.149459457397461, 94: 4.152980899810791, 92: 4.154945659637451, 93: 4.15684757232666, 'acc_5': 0.8082, 'acc_1': 0.8046}
data saved

| Test	 Net1  Acc: 80.56%

==== Test ACC:80.56 ====

Ensenble {101: 4.146510219573974, 90: 4.149459457397461, 103: 4.150264835357666, 94: 4.152980899810791, 92: 4.154945659637451, 'acc_5': 0.8088, 'acc_1': 0.8046}
data saved

| Test	 Net1  Acc: 80.52%

==== Test ACC:80.52 ====

Ensenble {101: 4.146510219573974, 90: 4.149459457397461, 103: 4.150264835357666, 94: 4.152980899810791, 92: 4.154945659637451, 'acc_5': 0.8088, 'acc_1': 0.8046}
data saved

| Test	 Net1  Acc: 80.78%

==== Test ACC:80.78 ====

Ensenble {101: 4.146510219573974, 105: 4.147186183929444, 90: 4.149459457397461, 103: 4.150264835357666, 94: 4.152980899810791, 'acc_5': 0.8074, 'acc_1': 0.8046}
data saved

| Test	 Net1  Acc: 80.70%

==== Test ACC:80.7 ====

Ensenble {101: 4.146510219573974, 105: 4.147186183929444, 90: 4.149459457397461, 103: 4.150264835357666, 94: 4.152980899810791, 'acc_5': 0.8074, 'acc_1': 0.8046}
data saved

| Test	 Net1  Acc: 80.92%

==== Test ACC:80.92 ====

Ensenble {101: 4.146510219573974, 105: 4.147186183929444, 90: 4.149459457397461, 103: 4.150264835357666, 94: 4.152980899810791, 'acc_5': 0.8074, 'acc_1': 0.8046}
data saved

| Test	 Net1  Acc: 80.98%

==== Test ACC:80.98 ====

Ensenble {101: 4.146510219573974, 105: 4.147186183929444, 90: 4.149459457397461, 103: 4.150264835357666, 94: 4.152980899810791, 'acc_5': 0.8074, 'acc_1': 0.8046}
data saved

| Test	 Net1  Acc: 80.66%

==== Test ACC:80.66 ====

Ensenble {101: 4.146510219573974, 105: 4.147186183929444, 90: 4.149459457397461, 103: 4.150264835357666, 94: 4.152980899810791, 'acc_5': 0.8074, 'acc_1': 0.8046}
data saved

| Test	 Net1  Acc: 80.98%

==== Test ACC:80.98 ====

Ensenble {101: 4.146510219573974, 105: 4.147186183929444, 90: 4.149459457397461, 103: 4.150264835357666, 94: 4.152980899810791, 'acc_5': 0.8074, 'acc_1': 0.8046}
data saved

| Test	 Net1  Acc: 80.76%

==== Test ACC:80.76 ====

Ensenble {101: 4.146510219573974, 105: 4.147186183929444, 90: 4.149459457397461, 103: 4.150264835357666, 111: 4.152606010437012, 'acc_5': 0.8064, 'acc_1': 0.8046}
data saved

| Test	 Net1  Acc: 80.82%

==== Test ACC:80.82 ====

Ensenble {101: 4.146510219573974, 105: 4.147186183929444, 90: 4.149459457397461, 103: 4.150264835357666, 111: 4.152606010437012, 'acc_5': 0.8064, 'acc_1': 0.8046}
data saved

| Test	 Net1  Acc: 80.86%

==== Test ACC:80.86 ====

Ensenble {101: 4.146510219573974, 105: 4.147186183929444, 90: 4.149459457397461, 103: 4.150264835357666, 111: 4.152606010437012, 'acc_5': 0.8064, 'acc_1': 0.8046}
data saved

| Test	 Net1  Acc: 80.78%

==== Test ACC:80.78 ====

Ensenble {101: 4.146510219573974, 105: 4.147186183929444, 90: 4.149459457397461, 103: 4.150264835357666, 111: 4.152606010437012, 'acc_5': 0.8064, 'acc_1': 0.8046}
data saved

| Test	 Net1  Acc: 80.78%

==== Test ACC:80.78 ====

Ensenble {101: 4.146510219573974, 105: 4.147186183929444, 115: 4.149215126037598, 90: 4.149459457397461, 103: 4.150264835357666, 'acc_5': 0.8074, 'acc_1': 0.8046}
data saved

| Test	 Net1  Acc: 80.84%

==== Test ACC:80.84 ====

Ensenble {101: 4.146510219573974, 105: 4.147186183929444, 115: 4.149215126037598, 90: 4.149459457397461, 103: 4.150264835357666, 'acc_5': 0.8074, 'acc_1': 0.8046}
data saved

| Test	 Net1  Acc: 80.82%

==== Test ACC:80.82 ====

Ensenble {101: 4.146510219573974, 105: 4.147186183929444, 115: 4.149215126037598, 90: 4.149459457397461, 117: 4.150210571289063, 'acc_5': 0.8078, 'acc_1': 0.8046}
data saved

| Test	 Net1  Acc: 80.94%

==== Test ACC:80.94 ====

Ensenble {101: 4.146510219573974, 105: 4.147186183929444, 118: 4.148977756500244, 115: 4.149215126037598, 90: 4.149459457397461, 'acc_5': 0.8086, 'acc_1': 0.8046}
data saved

| Test	 Net1  Acc: 80.84%

==== Test ACC:80.84 ====

Ensenble {101: 4.146510219573974, 105: 4.147186183929444, 118: 4.148977756500244, 115: 4.149215126037598, 90: 4.149459457397461, 'acc_5': 0.8086, 'acc_1': 0.8046}
data saved

| Test	 Net1  Acc: 80.92%

==== Test ACC:80.92 ====

Ensenble {101: 4.146510219573974, 105: 4.147186183929444, 120: 4.148872566223145, 118: 4.148977756500244, 115: 4.149215126037598, 'acc_5': 0.8072, 'acc_1': 0.8046}
data saved

| Test	 Net1  Acc: 80.62%

==== Test ACC:80.62 ====

Ensenble {101: 4.146510219573974, 105: 4.147186183929444, 120: 4.148872566223145, 118: 4.148977756500244, 115: 4.149215126037598, 'acc_5': 0.8072, 'acc_1': 0.8046}
data saved

| Test	 Net1  Acc: 80.56%

==== Test ACC:80.56 ====

Ensenble {101: 4.146510219573974, 105: 4.147186183929444, 120: 4.148872566223145, 118: 4.148977756500244, 115: 4.149215126037598, 'acc_5': 0.8072, 'acc_1': 0.8046}
data saved

| Test	 Net1  Acc: 80.56%

==== Test ACC:80.56 ====

Ensenble {101: 4.146510219573974, 105: 4.147186183929444, 120: 4.148872566223145, 118: 4.148977756500244, 115: 4.149215126037598, 'acc_5': 0.8072, 'acc_1': 0.8046}
data saved

| Test	 Net1  Acc: 80.74%

==== Test ACC:80.74 ====

Ensenble {101: 4.146510219573974, 105: 4.147186183929444, 120: 4.148872566223145, 118: 4.148977756500244, 115: 4.149215126037598, 'acc_5': 0.8072, 'acc_1': 0.8046}
data saved

| Test	 Net1  Acc: 80.74%

==== Test ACC:80.74 ====

Ensenble {125: 4.142232131958008, 101: 4.146510219573974, 105: 4.147186183929444, 120: 4.148872566223145, 118: 4.148977756500244, 'acc_5': 0.8076, 'acc_1': 0.8074}
data saved

| Test	 Net1  Acc: 80.88%

==== Test ACC:80.88 ====

Ensenble {125: 4.142232131958008, 101: 4.146510219573974, 105: 4.147186183929444, 126: 4.147745609283447, 120: 4.148872566223145, 'acc_5': 0.8072, 'acc_1': 0.8074}
data saved

| Test	 Net1  Acc: 80.86%

==== Test ACC:80.86 ====

Ensenble {125: 4.142232131958008, 101: 4.146510219573974, 105: 4.147186183929444, 126: 4.147745609283447, 120: 4.148872566223145, 'acc_5': 0.8072, 'acc_1': 0.8074}
data saved

| Test	 Net1  Acc: 80.78%

==== Test ACC:80.78 ====

Ensenble {125: 4.142232131958008, 101: 4.146510219573974, 105: 4.147186183929444, 126: 4.147745609283447, 120: 4.148872566223145, 'acc_5': 0.8072, 'acc_1': 0.8074}
data saved

| Test	 Net1  Acc: 80.84%

==== Test ACC:80.84 ====

Ensenble {125: 4.142232131958008, 101: 4.146510219573974, 105: 4.147186183929444, 126: 4.147745609283447, 120: 4.148872566223145, 'acc_5': 0.8072, 'acc_1': 0.8074}
data saved

| Test	 Net1  Acc: 80.56%

==== Test ACC:80.56 ====

Ensenble {125: 4.142232131958008, 101: 4.146510219573974, 105: 4.147186183929444, 126: 4.147745609283447, 120: 4.148872566223145, 'acc_5': 0.8072, 'acc_1': 0.8074}
data saved

| Test	 Net1  Acc: 80.70%

==== Test ACC:80.7 ====

Ensenble {125: 4.142232131958008, 101: 4.146510219573974, 131: 4.147111511230468, 105: 4.147186183929444, 126: 4.147745609283447, 'acc_5': 0.8062, 'acc_1': 0.8074}
data saved

| Test	 Net1  Acc: 80.66%

==== Test ACC:80.66 ====

Ensenble {125: 4.142232131958008, 101: 4.146510219573974, 131: 4.147111511230468, 105: 4.147186183929444, 126: 4.147745609283447, 'acc_5': 0.8062, 'acc_1': 0.8074}
data saved

| Test	 Net1  Acc: 80.66%

==== Test ACC:80.66 ====

Ensenble {125: 4.142232131958008, 101: 4.146510219573974, 131: 4.147111511230468, 105: 4.147186183929444, 126: 4.147745609283447, 'acc_5': 0.8062, 'acc_1': 0.8074}
data saved

| Test	 Net1  Acc: 80.68%

==== Test ACC:80.68 ====

Ensenble {125: 4.142232131958008, 101: 4.146510219573974, 131: 4.147111511230468, 105: 4.147186183929444, 126: 4.147745609283447, 'acc_5': 0.8062, 'acc_1': 0.8074}
data saved

| Test	 Net1  Acc: 80.84%

==== Test ACC:80.84 ====

Ensenble {125: 4.142232131958008, 101: 4.146510219573974, 131: 4.147111511230468, 105: 4.147186183929444, 126: 4.147745609283447, 'acc_5': 0.8062, 'acc_1': 0.8074}
data saved

| Test	 Net1  Acc: 80.64%

==== Test ACC:80.64 ====

Ensenble {125: 4.142232131958008, 101: 4.146510219573974, 131: 4.147111511230468, 105: 4.147186183929444, 126: 4.147745609283447, 'acc_5': 0.8062, 'acc_1': 0.8074}
data saved

| Test	 Net1  Acc: 80.62%

==== Test ACC:80.62 ====

Ensenble {125: 4.142232131958008, 101: 4.146510219573974, 131: 4.147111511230468, 105: 4.147186183929444, 126: 4.147745609283447, 'acc_5': 0.8062, 'acc_1': 0.8074}
data saved

| Test	 Net1  Acc: 80.72%

==== Test ACC:80.72 ====

Ensenble {125: 4.142232131958008, 101: 4.146510219573974, 131: 4.147111511230468, 105: 4.147186183929444, 126: 4.147745609283447, 'acc_5': 0.8062, 'acc_1': 0.8074}
data saved

| Test	 Net1  Acc: 80.64%

==== Test ACC:80.64 ====

Ensenble {125: 4.142232131958008, 101: 4.146510219573974, 131: 4.147111511230468, 105: 4.147186183929444, 126: 4.147745609283447, 'acc_5': 0.8062, 'acc_1': 0.8074}
data saved

| Test	 Net1  Acc: 80.64%

==== Test ACC:80.64 ====

Ensenble {125: 4.142232131958008, 101: 4.146510219573974, 131: 4.147111511230468, 105: 4.147186183929444, 126: 4.147745609283447, 'acc_5': 0.8062, 'acc_1': 0.8074}
data saved

| Test	 Net1  Acc: 80.82%

==== Test ACC:80.82 ====

Ensenble {125: 4.142232131958008, 101: 4.146510219573974, 131: 4.147111511230468, 105: 4.147186183929444, 126: 4.147745609283447, 'acc_5': 0.8062, 'acc_1': 0.8074}
data saved

| Test	 Net1  Acc: 80.78%

==== Test ACC:80.78 ====

Ensenble {125: 4.142232131958008, 101: 4.146510219573974, 131: 4.147111511230468, 105: 4.147186183929444, 126: 4.147745609283447, 'acc_5': 0.8062, 'acc_1': 0.8074}
data saved

| Test	 Net1  Acc: 80.30%

==== Test ACC:80.3 ====

Ensenble {125: 4.142232131958008, 101: 4.146510219573974, 131: 4.147111511230468, 105: 4.147186183929444, 126: 4.147745609283447, 'acc_5': 0.8062, 'acc_1': 0.8074}
data saved

| Test	 Net1  Acc: 80.64%

==== Test ACC:80.64 ====

Ensenble {125: 4.142232131958008, 101: 4.146510219573974, 131: 4.147111511230468, 105: 4.147186183929444, 126: 4.147745609283447, 'acc_5': 0.8062, 'acc_1': 0.8074}
data saved

| Test	 Net1  Acc: 80.68%

==== Test ACC:80.68 ====

Ensenble {125: 4.142232131958008, 101: 4.146510219573974, 131: 4.147111511230468, 105: 4.147186183929444, 126: 4.147745609283447, 'acc_5': 0.8062, 'acc_1': 0.8074}
data saved

| Test	 Net1  Acc: 80.66%

==== Test ACC:80.66 ====

Ensenble {125: 4.142232131958008, 101: 4.146510219573974, 131: 4.147111511230468, 105: 4.147186183929444, 126: 4.147745609283447, 'acc_5': 0.8062, 'acc_1': 0.8074}
data saved

| Test	 Net1  Acc: 80.80%

==== Test ACC:80.8 ====

Ensenble {125: 4.142232131958008, 147: 4.142719364166259, 101: 4.146510219573974, 131: 4.147111511230468, 105: 4.147186183929444, 'acc_5': 0.8068, 'acc_1': 0.8074}
data saved

| Test	 Net1  Acc: 80.62%

==== Test ACC:80.62 ====

Ensenble {125: 4.142232131958008, 147: 4.142719364166259, 101: 4.146510219573974, 131: 4.147111511230468, 105: 4.147186183929444, 'acc_5': 0.8068, 'acc_1': 0.8074}
data saved

| Test	 Net1  Acc: 80.58%

==== Test ACC:80.58 ====

Ensenble {125: 4.142232131958008, 147: 4.142719364166259, 101: 4.146510219573974, 131: 4.147111511230468, 105: 4.147186183929444, 'acc_5': 0.8068, 'acc_1': 0.8074}
