/home/rhu/anaconda3/envs/py310/lib/python3.10/site-packages/torchvision/io/image.py:13: UserWarning: Failed to load image Python extension: '/home/rhu/anaconda3/envs/py310/lib/python3.10/site-packages/torchvision/image.so: undefined symbol: _ZN3c1017RegisterOperatorsD1Ev'If you don't plan on using image functionality from `torchvision.io`, you can ignore this warning. Otherwise, there might be something wrong with your environment. Did you have `libjpeg` or `libpng` installed before building `torchvision` from source?
  warn(
| Building net
Successfully load pre-trained model!!!
Successfully load pre-trained model!!!
data saved
data saved
data saved

| Test	 Net1  Acc: 50.83%

==== Test ACC:50.832 ====
data saved
data saved
data saved

| Test	 Net1  Acc: 63.75%

==== Test ACC:63.752 ====
data saved
data saved
data saved

| Test	 Net1  Acc: 73.58%

==== Test ACC:73.58 ====
data saved
data saved
