/home/rhu/anaconda3/envs/py310/lib/python3.10/site-packages/torchvision/io/image.py:13: UserWarning: Failed to load image Python extension: '/home/rhu/anaconda3/envs/py310/lib/python3.10/site-packages/torchvision/image.so: undefined symbol: _ZN3c1017RegisterOperatorsD1Ev'If you don't plan on using image functionality from `torchvision.io`, you can ignore this warning. Otherwise, there might be something wrong with your environment. Did you have `libjpeg` or `libpng` installed before building `torchvision` from source?
  warn(
| Building net
Successfully load pre-trained model!!!
Successfully load pre-trained model!!!
Warmup train Net1

| Test	 Net1  Acc: 55.62%

==== Test ACC:55.62416872506175 ====
Warmup train Net1

| Test	 Net1  Acc: 61.10%

==== Test ACC:61.0963328899867 ====
Warmup train Net1

| Test	 Net1  Acc: 56.05%

==== Test ACC:56.05168155044651 ====
Warmup train Net1

| Test	 Net1  Acc: 63.24%

==== Test ACC:63.24339730191906 ====
Warmup train Net1

| Test	 Net1  Acc: 58.93%

==== Test ACC:58.930267908037244 ====
Warmup train Net1

| Test	 Net1  Acc: 54.99%

==== Test ACC:54.987649629488885 ====
Warmup train Net1

| Test	 Net1  Acc: 61.70%

==== Test ACC:61.704351130533915 ====
Warmup train Net1

| Test	 Net1  Acc: 62.37%

==== Test ACC:62.369371081132435 ====
Warmup train Net1

| Test	 Net1  Acc: 60.89%

==== Test ACC:60.88732661979859 ====
Warmup train Net1
