/home/rhu/anaconda3/envs/py310/lib/python3.10/site-packages/torchvision/io/image.py:13: UserWarning: Failed to load image Python extension: '/home/rhu/anaconda3/envs/py310/lib/python3.10/site-packages/torchvision/image.so: undefined symbol: _ZN3c1017RegisterOperatorsD1Ev'If you don't plan on using image functionality from `torchvision.io`, you can ignore this warning. Otherwise, there might be something wrong with your environment. Did you have `libjpeg` or `libpng` installed before building `torchvision` from source?
  warn(
| Building net
Successfully load pre-trained model!!!
Successfully load pre-trained model!!!
data saved
data saved
Namespace(batch_size=128, lr=0.0003, alpha=0.5, lambda_u=0, p_threshold=0.5, T=0.5, num_epochs=200, id='clothing1m_vri', data_path='../data', seed='2', gpuid=0, num_class=10, num_batches=3000, log_wandb=False, wandb_project='', wandb_experiment='', wandb_entity='', wandb_resume=False, need_clean=False, single_meta=0, moco_pretrained='/home/rhu/r_work/VRI/VRI_DivideMix/pretrained/ckpt_clothing_resnet50.pth', warmup=0, cos_lr=False, lam=0.01, meta_goal='clid', tau=0.5, meta_lr=0.001, meta_bsz=200, model='resnet50')
data saved

| Test	 Net1  Acc: 63.18%

==== Epoch:0 Test ACC:63.18 ====

Ensenble {0: 4.629676246643067, 'acc_5': 0.6318, 'acc_1': 0.6318}
data saved

| Test	 Net1  Acc: 69.86%

==== Epoch:1 Test ACC:69.86 ====

Ensenble {1: 4.524071502685547, 0: 4.629676246643067, 'acc_5': 0.696, 'acc_1': 0.6986}
data saved

| Test	 Net1  Acc: 71.62%

==== Epoch:2 Test ACC:71.62 ====

Ensenble {1: 4.524071502685547, 0: 4.629676246643067, 2: 4.675939655303955, 'acc_5': 0.7406, 'acc_1': 0.6986}
data saved

| Test	 Net1  Acc: 66.62%

==== Epoch:3 Test ACC:66.62 ====

Ensenble {1: 4.524071502685547, 0: 4.629676246643067, 2: 4.675939655303955, 3: 4.699442195892334, 'acc_5': 0.7582, 'acc_1': 0.6986}
data saved

| Test	 Net1  Acc: 72.58%

==== Epoch:4 Test ACC:72.58 ====

Ensenble {1: 4.524071502685547, 0: 4.629676246643067, 2: 4.675939655303955, 4: 4.694125461578369, 3: 4.699442195892334, 'acc_5': 0.7666, 'acc_1': 0.6986}
data saved

| Test	 Net1  Acc: 77.52%

==== Epoch:5 Test ACC:77.52 ====

Ensenble {1: 4.524071502685547, 5: 4.539475345611573, 0: 4.629676246643067, 2: 4.675939655303955, 4: 4.694125461578369, 'acc_5': 0.7922, 'acc_1': 0.6986}
data saved

| Test	 Net1  Acc: 78.96%

==== Epoch:6 Test ACC:78.96 ====

Ensenble {1: 4.524071502685547, 5: 4.539475345611573, 6: 4.554725265502929, 0: 4.629676246643067, 2: 4.675939655303955, 'acc_5': 0.803, 'acc_1': 0.6986}
data saved

| Test	 Net1  Acc: 78.94%

==== Epoch:7 Test ACC:78.94 ====

Ensenble {1: 4.524071502685547, 7: 4.539061546325684, 5: 4.539475345611573, 6: 4.554725265502929, 0: 4.629676246643067, 'acc_5': 0.8056, 'acc_1': 0.6986}
data saved

| Test	 Net1  Acc: 73.96%

==== Epoch:8 Test ACC:73.96 ====

Ensenble {1: 4.524071502685547, 7: 4.539061546325684, 5: 4.539475345611573, 6: 4.554725265502929, 8: 4.61653470993042, 'acc_5': 0.8118, 'acc_1': 0.6986}
data saved

| Test	 Net1  Acc: 78.26%

==== Epoch:9 Test ACC:78.26 ====

Ensenble {1: 4.524071502685547, 7: 4.539061546325684, 5: 4.539475345611573, 9: 4.540177631378174, 6: 4.554725265502929, 'acc_5': 0.8166, 'acc_1': 0.6986}
data saved

| Test	 Net1  Acc: 76.04%

==== Epoch:10 Test ACC:76.04 ====

Ensenble {1: 4.524071502685547, 7: 4.539061546325684, 5: 4.539475345611573, 9: 4.540177631378174, 6: 4.554725265502929, 'acc_5': 0.8166, 'acc_1': 0.6986}
data saved

| Test	 Net1  Acc: 76.78%

==== Epoch:11 Test ACC:76.78 ====

Ensenble {11: 4.520671844482422, 1: 4.524071502685547, 7: 4.539061546325684, 5: 4.539475345611573, 9: 4.540177631378174, 'acc_5': 0.8172, 'acc_1': 0.7678}
data saved

| Test	 Net1  Acc: 77.62%

==== Epoch:12 Test ACC:77.62 ====

Ensenble {11: 4.520671844482422, 1: 4.524071502685547, 7: 4.539061546325684, 5: 4.539475345611573, 9: 4.540177631378174, 'acc_5': 0.8172, 'acc_1': 0.7678}
data saved

| Test	 Net1  Acc: 80.00%

==== Epoch:13 Test ACC:80.0 ====

Ensenble {11: 4.520671844482422, 1: 4.524071502685547, 7: 4.539061546325684, 5: 4.539475345611573, 9: 4.540177631378174, 'acc_5': 0.8172, 'acc_1': 0.7678}
data saved

| Test	 Net1  Acc: 80.36%

==== Epoch:14 Test ACC:80.36 ====

Ensenble {11: 4.520671844482422, 1: 4.524071502685547, 14: 4.532617664337158, 7: 4.539061546325684, 5: 4.539475345611573, 'acc_5': 0.8226, 'acc_1': 0.7678}
data saved

| Test	 Net1  Acc: 80.02%

==== Epoch:15 Test ACC:80.02 ====

Ensenble {15: 4.511986446380615, 11: 4.520671844482422, 1: 4.524071502685547, 14: 4.532617664337158, 7: 4.539061546325684, 'acc_5': 0.8202, 'acc_1': 0.8002}
data saved

| Test	 Net1  Acc: 78.90%

==== Epoch:16 Test ACC:78.9 ====

Ensenble {16: 4.503896427154541, 15: 4.511986446380615, 11: 4.520671844482422, 1: 4.524071502685547, 14: 4.532617664337158, 'acc_5': 0.8176, 'acc_1': 0.789}
data saved

| Test	 Net1  Acc: 77.96%

==== Epoch:17 Test ACC:77.96 ====

Ensenble {16: 4.503896427154541, 15: 4.511986446380615, 11: 4.520671844482422, 1: 4.524071502685547, 14: 4.532617664337158, 'acc_5': 0.8176, 'acc_1': 0.789}
data saved

| Test	 Net1  Acc: 78.66%

==== Epoch:18 Test ACC:78.66 ====

Ensenble {16: 4.503896427154541, 15: 4.511986446380615, 11: 4.520671844482422, 1: 4.524071502685547, 18: 4.528643703460693, 'acc_5': 0.8178, 'acc_1': 0.789}
data saved

| Test	 Net1  Acc: 78.64%

==== Epoch:19 Test ACC:78.64 ====

Ensenble {19: 4.502651405334473, 16: 4.503896427154541, 15: 4.511986446380615, 11: 4.520671844482422, 1: 4.524071502685547, 'acc_5': 0.8196, 'acc_1': 0.7864}
data saved

| Test	 Net1  Acc: 78.64%

==== Epoch:20 Test ACC:78.64 ====

Ensenble {19: 4.502651405334473, 16: 4.503896427154541, 20: 4.511278533935547, 15: 4.511986446380615, 11: 4.520671844482422, 'acc_5': 0.8192, 'acc_1': 0.7864}
data saved

| Test	 Net1  Acc: 79.12%

==== Epoch:21 Test ACC:79.12 ====

Ensenble {19: 4.502651405334473, 16: 4.503896427154541, 21: 4.50757942199707, 20: 4.511278533935547, 15: 4.511986446380615, 'acc_5': 0.8178, 'acc_1': 0.7864}
data saved

| Test	 Net1  Acc: 79.38%

==== Epoch:22 Test ACC:79.38 ====

Ensenble {19: 4.502651405334473, 16: 4.503896427154541, 22: 4.504287052154541, 21: 4.50757942199707, 20: 4.511278533935547, 'acc_5': 0.816, 'acc_1': 0.7864}
data saved

| Test	 Net1  Acc: 78.84%

==== Epoch:23 Test ACC:78.84 ====

Ensenble {19: 4.502651405334473, 16: 4.503896427154541, 22: 4.504287052154541, 21: 4.50757942199707, 23: 4.510975360870361, 'acc_5': 0.8164, 'acc_1': 0.7864}
data saved

| Test	 Net1  Acc: 78.80%

==== Epoch:24 Test ACC:78.8 ====

Ensenble {19: 4.502651405334473, 16: 4.503896427154541, 22: 4.504287052154541, 24: 4.507444858551025, 21: 4.50757942199707, 'acc_5': 0.8164, 'acc_1': 0.7864}
data saved

| Test	 Net1  Acc: 77.26%

==== Epoch:25 Test ACC:77.26 ====

Ensenble {19: 4.502651405334473, 16: 4.503896427154541, 22: 4.504287052154541, 24: 4.507444858551025, 21: 4.50757942199707, 'acc_5': 0.8164, 'acc_1': 0.7864}
data saved

| Test	 Net1  Acc: 78.66%

==== Epoch:26 Test ACC:78.66 ====

Ensenble {19: 4.502651405334473, 16: 4.503896427154541, 22: 4.504287052154541, 24: 4.507444858551025, 21: 4.50757942199707, 'acc_5': 0.8164, 'acc_1': 0.7864}
data saved

| Test	 Net1  Acc: 78.96%

==== Epoch:27 Test ACC:78.96 ====

Ensenble {19: 4.502651405334473, 27: 4.5037915229797365, 16: 4.503896427154541, 22: 4.504287052154541, 24: 4.507444858551025, 'acc_5': 0.8164, 'acc_1': 0.7864}
data saved

| Test	 Net1  Acc: 79.44%

==== Epoch:28 Test ACC:79.44 ====

Ensenble {19: 4.502651405334473, 27: 4.5037915229797365, 16: 4.503896427154541, 22: 4.504287052154541, 24: 4.507444858551025, 'acc_5': 0.8164, 'acc_1': 0.7864}
data saved

| Test	 Net1  Acc: 78.58%

==== Epoch:29 Test ACC:78.58 ====

Ensenble {19: 4.502651405334473, 27: 4.5037915229797365, 16: 4.503896427154541, 22: 4.504287052154541, 24: 4.507444858551025, 'acc_5': 0.8164, 'acc_1': 0.7864}
data saved

| Test	 Net1  Acc: 78.40%

==== Epoch:30 Test ACC:78.4 ====

Ensenble {30: 4.498975372314453, 19: 4.502651405334473, 27: 4.5037915229797365, 16: 4.503896427154541, 22: 4.504287052154541, 'acc_5': 0.8206, 'acc_1': 0.784}
data saved

| Test	 Net1  Acc: 77.66%

==== Epoch:31 Test ACC:77.66 ====

Ensenble {30: 4.498975372314453, 19: 4.502651405334473, 27: 4.5037915229797365, 16: 4.503896427154541, 22: 4.504287052154541, 'acc_5': 0.8206, 'acc_1': 0.784}
data saved

| Test	 Net1  Acc: 78.68%

==== Epoch:32 Test ACC:78.68 ====

Ensenble {30: 4.498975372314453, 19: 4.502651405334473, 27: 4.5037915229797365, 16: 4.503896427154541, 22: 4.504287052154541, 'acc_5': 0.8206, 'acc_1': 0.784}
data saved

| Test	 Net1  Acc: 79.20%

==== Epoch:33 Test ACC:79.2 ====

Ensenble {30: 4.498975372314453, 19: 4.502651405334473, 27: 4.5037915229797365, 16: 4.503896427154541, 22: 4.504287052154541, 'acc_5': 0.8206, 'acc_1': 0.784}
data saved

| Test	 Net1  Acc: 79.28%

==== Epoch:34 Test ACC:79.28 ====

Ensenble {30: 4.498975372314453, 19: 4.502651405334473, 27: 4.5037915229797365, 16: 4.503896427154541, 22: 4.504287052154541, 'acc_5': 0.8206, 'acc_1': 0.784}
data saved

| Test	 Net1  Acc: 78.52%

==== Epoch:35 Test ACC:78.52 ====

Ensenble {30: 4.498975372314453, 19: 4.502651405334473, 27: 4.5037915229797365, 16: 4.503896427154541, 22: 4.504287052154541, 'acc_5': 0.8206, 'acc_1': 0.784}
data saved

| Test	 Net1  Acc: 78.88%

==== Epoch:36 Test ACC:78.88 ====

Ensenble {30: 4.498975372314453, 19: 4.502651405334473, 27: 4.5037915229797365, 16: 4.503896427154541, 22: 4.504287052154541, 'acc_5': 0.8206, 'acc_1': 0.784}
data saved

| Test	 Net1  Acc: 78.92%

==== Epoch:37 Test ACC:78.92 ====

Ensenble {30: 4.498975372314453, 19: 4.502651405334473, 27: 4.5037915229797365, 16: 4.503896427154541, 22: 4.504287052154541, 'acc_5': 0.8206, 'acc_1': 0.784}
data saved

| Test	 Net1  Acc: 79.26%

==== Epoch:38 Test ACC:79.26 ====

Ensenble {30: 4.498975372314453, 19: 4.502651405334473, 27: 4.5037915229797365, 16: 4.503896427154541, 22: 4.504287052154541, 'acc_5': 0.8206, 'acc_1': 0.784}
data saved

| Test	 Net1  Acc: 77.60%

==== Epoch:39 Test ACC:77.6 ====

Ensenble {30: 4.498975372314453, 19: 4.502651405334473, 27: 4.5037915229797365, 16: 4.503896427154541, 22: 4.504287052154541, 'acc_5': 0.8206, 'acc_1': 0.784}
data saved

| Test	 Net1  Acc: 78.06%

==== Epoch:40 Test ACC:78.06 ====

Ensenble {30: 4.498975372314453, 19: 4.502651405334473, 27: 4.5037915229797365, 16: 4.503896427154541, 22: 4.504287052154541, 'acc_5': 0.8206, 'acc_1': 0.784}
data saved

| Test	 Net1  Acc: 79.30%

==== Epoch:41 Test ACC:79.3 ====

Ensenble {30: 4.498975372314453, 19: 4.502651405334473, 27: 4.5037915229797365, 16: 4.503896427154541, 22: 4.504287052154541, 'acc_5': 0.8206, 'acc_1': 0.784}
data saved

| Test	 Net1  Acc: 78.62%

==== Epoch:42 Test ACC:78.62 ====

Ensenble {30: 4.498975372314453, 19: 4.502651405334473, 27: 4.5037915229797365, 16: 4.503896427154541, 22: 4.504287052154541, 'acc_5': 0.8206, 'acc_1': 0.784}
data saved

| Test	 Net1  Acc: 78.38%

==== Epoch:43 Test ACC:78.38 ====

Ensenble {30: 4.498975372314453, 19: 4.502651405334473, 27: 4.5037915229797365, 16: 4.503896427154541, 22: 4.504287052154541, 'acc_5': 0.8206, 'acc_1': 0.784}
data saved

| Test	 Net1  Acc: 78.34%

==== Epoch:44 Test ACC:78.34 ====

Ensenble {30: 4.498975372314453, 19: 4.502651405334473, 27: 4.5037915229797365, 16: 4.503896427154541, 22: 4.504287052154541, 'acc_5': 0.8206, 'acc_1': 0.784}
data saved

| Test	 Net1  Acc: 79.10%

==== Epoch:45 Test ACC:79.1 ====

Ensenble {30: 4.498975372314453, 19: 4.502651405334473, 27: 4.5037915229797365, 16: 4.503896427154541, 22: 4.504287052154541, 'acc_5': 0.8206, 'acc_1': 0.784}
data saved

| Test	 Net1  Acc: 78.30%

==== Epoch:46 Test ACC:78.3 ====

Ensenble {30: 4.498975372314453, 19: 4.502651405334473, 27: 4.5037915229797365, 16: 4.503896427154541, 22: 4.504287052154541, 'acc_5': 0.8206, 'acc_1': 0.784}
data saved

| Test	 Net1  Acc: 77.82%

==== Epoch:47 Test ACC:77.82 ====

Ensenble {30: 4.498975372314453, 19: 4.502651405334473, 27: 4.5037915229797365, 16: 4.503896427154541, 22: 4.504287052154541, 'acc_5': 0.8206, 'acc_1': 0.784}
data saved

| Test	 Net1  Acc: 78.74%

==== Epoch:48 Test ACC:78.74 ====

Ensenble {30: 4.498975372314453, 19: 4.502651405334473, 27: 4.5037915229797365, 16: 4.503896427154541, 22: 4.504287052154541, 'acc_5': 0.8206, 'acc_1': 0.784}
data saved

| Test	 Net1  Acc: 78.36%

==== Epoch:49 Test ACC:78.36 ====

Ensenble {30: 4.498975372314453, 19: 4.502651405334473, 27: 4.5037915229797365, 16: 4.503896427154541, 22: 4.504287052154541, 'acc_5': 0.8206, 'acc_1': 0.784}
data saved

| Test	 Net1  Acc: 78.78%

==== Epoch:50 Test ACC:78.78 ====

Ensenble {30: 4.498975372314453, 19: 4.502651405334473, 27: 4.5037915229797365, 16: 4.503896427154541, 22: 4.504287052154541, 'acc_5': 0.8206, 'acc_1': 0.784}
data saved

| Test	 Net1  Acc: 78.72%

==== Epoch:51 Test ACC:78.72 ====

Ensenble {30: 4.498975372314453, 19: 4.502651405334473, 27: 4.5037915229797365, 16: 4.503896427154541, 22: 4.504287052154541, 'acc_5': 0.8206, 'acc_1': 0.784}
data saved

| Test	 Net1  Acc: 78.84%

==== Epoch:52 Test ACC:78.84 ====

Ensenble {30: 4.498975372314453, 19: 4.502651405334473, 27: 4.5037915229797365, 16: 4.503896427154541, 22: 4.504287052154541, 'acc_5': 0.8206, 'acc_1': 0.784}
data saved

| Test	 Net1  Acc: 78.04%

==== Epoch:53 Test ACC:78.04 ====

Ensenble {30: 4.498975372314453, 19: 4.502651405334473, 27: 4.5037915229797365, 16: 4.503896427154541, 22: 4.504287052154541, 'acc_5': 0.8206, 'acc_1': 0.784}
data saved

| Test	 Net1  Acc: 79.02%

==== Epoch:54 Test ACC:79.02 ====

Ensenble {30: 4.498975372314453, 19: 4.502651405334473, 27: 4.5037915229797365, 16: 4.503896427154541, 22: 4.504287052154541, 'acc_5': 0.8206, 'acc_1': 0.784}
data saved

| Test	 Net1  Acc: 78.58%

==== Epoch:55 Test ACC:78.58 ====

Ensenble {30: 4.498975372314453, 19: 4.502651405334473, 27: 4.5037915229797365, 16: 4.503896427154541, 22: 4.504287052154541, 'acc_5': 0.8206, 'acc_1': 0.784}
data saved

| Test	 Net1  Acc: 78.32%

==== Epoch:56 Test ACC:78.32 ====

Ensenble {30: 4.498975372314453, 19: 4.502651405334473, 27: 4.5037915229797365, 16: 4.503896427154541, 22: 4.504287052154541, 'acc_5': 0.8206, 'acc_1': 0.784}
data saved

| Test	 Net1  Acc: 77.42%

==== Epoch:57 Test ACC:77.42 ====

Ensenble {30: 4.498975372314453, 19: 4.502651405334473, 27: 4.5037915229797365, 16: 4.503896427154541, 22: 4.504287052154541, 'acc_5': 0.8206, 'acc_1': 0.784}
data saved

| Test	 Net1  Acc: 78.60%

==== Epoch:58 Test ACC:78.6 ====

Ensenble {30: 4.498975372314453, 19: 4.502651405334473, 27: 4.5037915229797365, 16: 4.503896427154541, 22: 4.504287052154541, 'acc_5': 0.8206, 'acc_1': 0.784}
data saved

| Test	 Net1  Acc: 77.94%

==== Epoch:59 Test ACC:77.94 ====

Ensenble {30: 4.498975372314453, 19: 4.502651405334473, 27: 4.5037915229797365, 16: 4.503896427154541, 22: 4.504287052154541, 'acc_5': 0.8206, 'acc_1': 0.784}
data saved

| Test	 Net1  Acc: 78.54%

==== Epoch:60 Test ACC:78.54 ====

Ensenble {30: 4.498975372314453, 19: 4.502651405334473, 27: 4.5037915229797365, 16: 4.503896427154541, 22: 4.504287052154541, 'acc_5': 0.8206, 'acc_1': 0.784}
data saved

| Test	 Net1  Acc: 78.16%

==== Epoch:61 Test ACC:78.16 ====

Ensenble {30: 4.498975372314453, 19: 4.502651405334473, 27: 4.5037915229797365, 16: 4.503896427154541, 22: 4.504287052154541, 'acc_5': 0.8206, 'acc_1': 0.784}
data saved

| Test	 Net1  Acc: 77.64%

==== Epoch:62 Test ACC:77.64 ====

Ensenble {30: 4.498975372314453, 19: 4.502651405334473, 27: 4.5037915229797365, 16: 4.503896427154541, 22: 4.504287052154541, 'acc_5': 0.8206, 'acc_1': 0.784}
data saved

| Test	 Net1  Acc: 78.40%

==== Epoch:63 Test ACC:78.4 ====

Ensenble {30: 4.498975372314453, 19: 4.502651405334473, 27: 4.5037915229797365, 16: 4.503896427154541, 22: 4.504287052154541, 'acc_5': 0.8206, 'acc_1': 0.784}
data saved

| Test	 Net1  Acc: 77.84%

==== Epoch:64 Test ACC:77.84 ====

Ensenble {30: 4.498975372314453, 19: 4.502651405334473, 27: 4.5037915229797365, 16: 4.503896427154541, 22: 4.504287052154541, 'acc_5': 0.8206, 'acc_1': 0.784}
data saved

| Test	 Net1  Acc: 78.80%

==== Epoch:65 Test ACC:78.8 ====

Ensenble {30: 4.498975372314453, 19: 4.502651405334473, 27: 4.5037915229797365, 16: 4.503896427154541, 22: 4.504287052154541, 'acc_5': 0.8206, 'acc_1': 0.784}
data saved

| Test	 Net1  Acc: 78.38%

==== Epoch:66 Test ACC:78.38 ====

Ensenble {30: 4.498975372314453, 19: 4.502651405334473, 27: 4.5037915229797365, 16: 4.503896427154541, 22: 4.504287052154541, 'acc_5': 0.8206, 'acc_1': 0.784}
data saved

| Test	 Net1  Acc: 78.26%

==== Epoch:67 Test ACC:78.26 ====

Ensenble {30: 4.498975372314453, 19: 4.502651405334473, 27: 4.5037915229797365, 16: 4.503896427154541, 22: 4.504287052154541, 'acc_5': 0.8206, 'acc_1': 0.784}
data saved

| Test	 Net1  Acc: 78.50%

==== Epoch:68 Test ACC:78.5 ====

Ensenble {30: 4.498975372314453, 19: 4.502651405334473, 27: 4.5037915229797365, 16: 4.503896427154541, 22: 4.504287052154541, 'acc_5': 0.8206, 'acc_1': 0.784}
data saved

| Test	 Net1  Acc: 79.08%

==== Epoch:69 Test ACC:79.08 ====

Ensenble {30: 4.498975372314453, 19: 4.502651405334473, 27: 4.5037915229797365, 16: 4.503896427154541, 22: 4.504287052154541, 'acc_5': 0.8206, 'acc_1': 0.784}
data saved

| Test	 Net1  Acc: 79.12%

==== Epoch:70 Test ACC:79.12 ====

Ensenble {30: 4.498975372314453, 19: 4.502651405334473, 27: 4.5037915229797365, 16: 4.503896427154541, 22: 4.504287052154541, 'acc_5': 0.8206, 'acc_1': 0.784}
data saved
