/home/rhu/anaconda3/envs/py310/lib/python3.10/site-packages/torchvision/io/image.py:13: UserWarning: Failed to load image Python extension: '/home/rhu/anaconda3/envs/py310/lib/python3.10/site-packages/torchvision/image.so: undefined symbol: _ZN3c1017RegisterOperatorsD1Ev'If you don't plan on using image functionality from `torchvision.io`, you can ignore this warning. Otherwise, there might be something wrong with your environment. Did you have `libjpeg` or `libpng` installed before building `torchvision` from source?
  warn(
Namespace(batch_size=64, lr=0.02, alpha=1.5, lambda_u=50, p_threshold=0, T=0.5, num_epochs=300, id='redmini_vri', data_path='/home/rhu/r_work/VRI/VRI_DivideMix/data/red_mini_imagenet_s32', seed='8', gpuid=0, num_class=100, num_batches=1000, log_wandb=False, wandb_project='', wandb_experiment='', wandb_entity='', wandb_resume=False, need_clean=False, single_meta=0, moco_pretrained=None, warmup=30, cos_lr=False, lam=0.01, meta_goal='clid', tau=0.5, meta_lr=0.01, meta_bsz=100, split='red_noise_nl_0.4')
| Building net
Warmup Net1

Warmup Net2

| Test	 Net1  Acc: 4.06%

| Test	 Net2  Acc: 3.88%

==== net 1 evaluate next epoch training data loss ====

| Test Acc: 5.46%


==== Test ACC:5.46 ====
Warmup Net1

Warmup Net2

| Test	 Net1  Acc: 8.06%

| Test	 Net2  Acc: 6.68%

==== net 1 evaluate next epoch training data loss ====

| Test Acc: 9.58%


==== Test ACC:9.58 ====
Warmup Net1

Warmup Net2

| Test	 Net1  Acc: 11.30%

| Test	 Net2  Acc: 11.50%

==== net 1 evaluate next epoch training data loss ====

| Test Acc: 14.68%


==== Test ACC:14.68 ====
Warmup Net1

Warmup Net2

| Test	 Net1  Acc: 10.94%

| Test	 Net2  Acc: 13.24%

==== net 1 evaluate next epoch training data loss ====

| Test Acc: 14.34%


==== Test ACC:14.34 ====
Warmup Net1

Warmup Net2

| Test	 Net1  Acc: 12.90%

| Test	 Net2  Acc: 11.74%

==== net 1 evaluate next epoch training data loss ====

| Test Acc: 16.42%


==== Test ACC:16.42 ====
Warmup Net1

Warmup Net2

| Test	 Net1  Acc: 12.50%

| Test	 Net2  Acc: 18.70%

==== net 1 evaluate next epoch training data loss ====

| Test Acc: 18.64%


==== Test ACC:18.64 ====
Warmup Net1

Warmup Net2

| Test	 Net1  Acc: 18.28%

| Test	 Net2  Acc: 20.72%

==== net 1 evaluate next epoch training data loss ====

| Test Acc: 24.02%


==== Test ACC:24.02 ====
Warmup Net1

Warmup Net2

| Test	 Net1  Acc: 20.78%

| Test	 Net2  Acc: 20.86%

==== net 1 evaluate next epoch training data loss ====

| Test Acc: 26.40%


==== Test ACC:26.4 ====
Warmup Net1

Warmup Net2

| Test	 Net1  Acc: 22.12%

| Test	 Net2  Acc: 21.46%

==== net 1 evaluate next epoch training data loss ====

| Test Acc: 27.70%


==== Test ACC:27.7 ====
Warmup Net1

Warmup Net2

| Test	 Net1  Acc: 24.14%

| Test	 Net2  Acc: 20.20%

==== net 1 evaluate next epoch training data loss ====

| Test Acc: 28.36%


==== Test ACC:28.36 ====
Warmup Net1

Warmup Net2

| Test	 Net1  Acc: 27.56%

| Test	 Net2  Acc: 26.56%

==== net 1 evaluate next epoch training data loss ====

| Test Acc: 34.16%


==== Test ACC:34.16 ====
Warmup Net1

Warmup Net2

| Test	 Net1  Acc: 25.32%

| Test	 Net2  Acc: 22.12%

==== net 1 evaluate next epoch training data loss ====

| Test Acc: 31.54%


==== Test ACC:31.54 ====
Warmup Net1

Warmup Net2

| Test	 Net1  Acc: 28.04%

| Test	 Net2  Acc: 32.64%

==== net 1 evaluate next epoch training data loss ====

| Test Acc: 38.72%


==== Test ACC:38.72 ====
Warmup Net1

Warmup Net2

| Test	 Net1  Acc: 31.88%

| Test	 Net2  Acc: 30.92%

==== net 1 evaluate next epoch training data loss ====

| Test Acc: 40.82%


==== Test ACC:40.82 ====
Warmup Net1

Warmup Net2

| Test	 Net1  Acc: 30.34%

| Test	 Net2  Acc: 29.84%

==== net 1 evaluate next epoch training data loss ====

| Test Acc: 40.66%


==== Test ACC:40.66 ====
Warmup Net1

Warmup Net2

| Test	 Net1  Acc: 29.62%

| Test	 Net2  Acc: 30.98%

==== net 1 evaluate next epoch training data loss ====

| Test Acc: 40.76%


==== Test ACC:40.76 ====
Warmup Net1

Warmup Net2

| Test	 Net1  Acc: 37.08%

| Test	 Net2  Acc: 32.92%

==== net 1 evaluate next epoch training data loss ====

| Test Acc: 42.64%


==== Test ACC:42.64 ====
Warmup Net1

Warmup Net2

| Test	 Net1  Acc: 21.88%

| Test	 Net2  Acc: 39.44%

==== net 1 evaluate next epoch training data loss ====

| Test Acc: 40.90%


==== Test ACC:40.9 ====
Warmup Net1

Warmup Net2

| Test	 Net1  Acc: 36.44%

| Test	 Net2  Acc: 38.00%

==== net 1 evaluate next epoch training data loss ====

| Test Acc: 52.82%


==== Test ACC:52.82 ====
Warmup Net1

Warmup Net2

| Test	 Net1  Acc: 40.36%

| Test	 Net2  Acc: 32.04%

==== net 1 evaluate next epoch training data loss ====

| Test Acc: 51.06%


==== Test ACC:51.06 ====
Warmup Net1

Warmup Net2

| Test	 Net1  Acc: 40.32%

| Test	 Net2  Acc: 44.46%

==== net 1 evaluate next epoch training data loss ====

| Test Acc: 55.80%


==== Test ACC:55.8 ====
Warmup Net1

Warmup Net2

| Test	 Net1  Acc: 51.44%

| Test	 Net2  Acc: 41.66%

==== net 1 evaluate next epoch training data loss ====

| Test Acc: 61.72%


==== Test ACC:61.72 ====
Warmup Net1

Warmup Net2

| Test	 Net1  Acc: 42.98%

| Test	 Net2  Acc: 46.68%

==== net 1 evaluate next epoch training data loss ====

| Test Acc: 60.28%


==== Test ACC:60.28 ====
Warmup Net1

Warmup Net2

| Test	 Net1  Acc: 54.44%

| Test	 Net2  Acc: 45.50%

==== net 1 evaluate next epoch training data loss ====

| Test Acc: 66.10%


==== Test ACC:66.1 ====
Warmup Net1

Warmup Net2

| Test	 Net1  Acc: 52.02%

| Test	 Net2  Acc: 47.12%

==== net 1 evaluate next epoch training data loss ====

| Test Acc: 66.24%


==== Test ACC:66.24 ====
Warmup Net1

Warmup Net2

| Test	 Net1  Acc: 54.78%

| Test	 Net2  Acc: 52.04%

==== net 1 evaluate next epoch training data loss ====

| Test Acc: 72.18%


==== Test ACC:72.18 ====
Warmup Net1

Warmup Net2

| Test	 Net1  Acc: 38.62%

| Test	 Net2  Acc: 46.08%

==== net 1 evaluate next epoch training data loss ====

| Test Acc: 64.18%


==== Test ACC:64.18 ====
Warmup Net1

Warmup Net2

| Test	 Net1  Acc: 55.84%

| Test	 Net2  Acc: 52.62%

==== net 1 evaluate next epoch training data loss ====

| Test Acc: 74.08%


==== Test ACC:74.08 ====
Warmup Net1

Warmup Net2

| Test	 Net1  Acc: 43.80%

| Test	 Net2  Acc: 60.20%

==== net 1 evaluate next epoch training data loss ====

| Test Acc: 74.94%


==== Test ACC:74.94 ====
Warmup Net1

Warmup Net2

| Test	 Net1  Acc: 50.44%

| Test	 Net2  Acc: 62.88%

==== net 1 evaluate next epoch training data loss ====

| Test Acc: 75.92%


==== Test ACC:75.92 ====


Train Net1
len(data) 5000
labeled data has a size of 2965
len(data) 5000
labeled data has a size of 2965
len(data) 5000
unlabeled data has a size of 2035
len(data) 5000
labeled data has a size of 3062
len(data) 5000
labeled data has a size of 3062
len(data) 5000
unlabeled data has a size of 1938
