/home/rhu/anaconda3/envs/py310/lib/python3.10/site-packages/torchvision/io/image.py:13: UserWarning: Failed to load image Python extension: '/home/rhu/anaconda3/envs/py310/lib/python3.10/site-packages/torchvision/image.so: undefined symbol: _ZN3c1017RegisterOperatorsD1Ev'If you don't plan on using image functionality from `torchvision.io`, you can ignore this warning. Otherwise, there might be something wrong with your environment. Did you have `libjpeg` or `libpng` installed before building `torchvision` from source?
  warn(
| Building net
Successfully load pre-trained model!!!
data saved
data saved
Namespace(batch_size=128, lr=0.0005, alpha=0.5, lambda_u=0, p_threshold=0.5, T=0.5, num_epochs=160, id='clothing1m_vri', data_path='../data', seed='1', gpuid=0, num_class=10, num_batches=3000, log_wandb=False, wandb_project='', wandb_experiment='', wandb_entity='', wandb_resume=False, need_clean=False, single_meta=0, moco_pretrained='/home/rhu/r_work/VRI/VRI_DivideMix/pretrained/ckpt_clothing_resnet50.pth', warmup=20, cos_lr=False, lam=0.01, meta_goal='clid', tau=0.5, meta_lr=0.01, meta_bsz=200, model='resnet50')

| Test	 Net1  Acc: 54.76%

==== Epoch 0, Test ACC:54.76 ====


| Test	 Net1  Acc: 56.42%

==== Epoch 1, Test ACC:56.42 ====


| Test	 Net1  Acc: 56.40%

==== Epoch 2, Test ACC:56.4 ====


| Test	 Net1  Acc: 57.60%

==== Epoch 3, Test ACC:57.6 ====


| Test	 Net1  Acc: 57.94%

==== Epoch 4, Test ACC:57.94 ====


| Test	 Net1  Acc: 58.02%

==== Epoch 5, Test ACC:58.02 ====


| Test	 Net1  Acc: 57.66%

==== Epoch 6, Test ACC:57.66 ====


| Test	 Net1  Acc: 58.54%

==== Epoch 7, Test ACC:58.54 ====


| Test	 Net1  Acc: 58.18%

==== Epoch 8, Test ACC:58.18 ====


| Test	 Net1  Acc: 57.98%

==== Epoch 9, Test ACC:57.98 ====


| Test	 Net1  Acc: 58.96%

==== Epoch 10, Test ACC:58.96 ====

