/home/rhu/anaconda3/envs/py310/lib/python3.10/site-packages/torchvision/io/image.py:13: UserWarning: Failed to load image Python extension: '/home/rhu/anaconda3/envs/py310/lib/python3.10/site-packages/torchvision/image.so: undefined symbol: _ZN3c1017RegisterOperatorsD1Ev'If you don't plan on using image functionality from `torchvision.io`, you can ignore this warning. Otherwise, there might be something wrong with your environment. Did you have `libjpeg` or `libpng` installed before building `torchvision` from source?
  warn(
| Building net
data saved
data saved
Namespace(batch_size=128, lr=0.1, alpha=0.5, lambda_u=0, p_threshold=0.5, T=0.5, num_epochs=300, id='clothing1m_vri', data_path='../data', seed='8', gpuid=0, num_class=10, num_batches=3000, log_wandb=False, wandb_project='', wandb_experiment='', wandb_entity='', wandb_resume=False, need_clean=False, single_meta=0, moco_pretrained='/home/rhu/r_work/VRI/VRI_DivideMix/pretrained/ckpt_clothing_resnet50.pth', warmup=0, cos_lr=True, lam=0.01, meta_goal='clid', tau=1.0, meta_lr=0.01, meta_bsz=100, model='vgg')
data saved

| Test	 Net1  Acc: 23.12%

==== Epoch:0 Test ACC:23.12 ====

/home/rhu/anaconda3/envs/py310/lib/python3.10/site-packages/torch/optim/lr_scheduler.py:143: UserWarning: Detected call of `lr_scheduler.step()` before `optimizer.step()`. In PyTorch 1.1.0 and later, you should call them in the opposite order: `optimizer.step()` before `lr_scheduler.step()`.  Failure to do this will result in PyTorch skipping the first value of the learning rate schedule. See more details at https://pytorch.org/docs/stable/optim.html#how-to-adjust-learning-rate
  warnings.warn("Detected call of `lr_scheduler.step()` before `optimizer.step()`. "
Ensenble {0: 5.230332469940185, 'acc_5': 0.2312, 'acc_1': 0.2312}
data saved

| Test	 Net1  Acc: 33.86%

==== Epoch:1 Test ACC:33.86 ====

Ensenble {1: 5.148201179504395, 0: 5.230332469940185, 'acc_5': 0.3606, 'acc_1': 0.3386}
data saved

| Test	 Net1  Acc: 29.20%

==== Epoch:2 Test ACC:29.2 ====

Ensenble {1: 5.148201179504395, 2: 5.21362886428833, 0: 5.230332469940185, 'acc_5': 0.3748, 'acc_1': 0.3386}
data saved

| Test	 Net1  Acc: 43.66%

==== Epoch:3 Test ACC:43.66 ====

Ensenble {3: 5.135277557373047, 1: 5.148201179504395, 2: 5.21362886428833, 0: 5.230332469940185, 'acc_5': 0.426, 'acc_1': 0.4366}
data saved

| Test	 Net1  Acc: 41.82%

==== Epoch:4 Test ACC:41.82 ====

Ensenble {4: 5.09182653427124, 3: 5.135277557373047, 1: 5.148201179504395, 2: 5.21362886428833, 0: 5.230332469940185, 'acc_5': 0.4412, 'acc_1': 0.4182}
data saved

| Test	 Net1  Acc: 42.34%

==== Epoch:5 Test ACC:42.34 ====

Ensenble {4: 5.09182653427124, 5: 5.093079566955566, 3: 5.135277557373047, 1: 5.148201179504395, 2: 5.21362886428833, 'acc_5': 0.4782, 'acc_1': 0.4182}
data saved

| Test	 Net1  Acc: 46.94%

==== Epoch:6 Test ACC:46.94 ====

Ensenble {4: 5.09182653427124, 5: 5.093079566955566, 6: 5.097808933258056, 3: 5.135277557373047, 1: 5.148201179504395, 'acc_5': 0.4962, 'acc_1': 0.4182}
data saved

| Test	 Net1  Acc: 49.82%

==== Epoch:7 Test ACC:49.82 ====

Ensenble {7: 5.003561687469483, 4: 5.09182653427124, 5: 5.093079566955566, 6: 5.097808933258056, 3: 5.135277557373047, 'acc_5': 0.5198, 'acc_1': 0.4982}
data saved

| Test	 Net1  Acc: 54.40%

==== Epoch:8 Test ACC:54.4 ====

Ensenble {8: 4.951685905456543, 7: 5.003561687469483, 4: 5.09182653427124, 5: 5.093079566955566, 6: 5.097808933258056, 'acc_5': 0.5324, 'acc_1': 0.544}
data saved

| Test	 Net1  Acc: 57.18%

==== Epoch:9 Test ACC:57.18 ====

Ensenble {9: 4.899446678161621, 8: 4.951685905456543, 7: 5.003561687469483, 4: 5.09182653427124, 5: 5.093079566955566, 'acc_5': 0.5528, 'acc_1': 0.5718}
data saved

| Test	 Net1  Acc: 56.94%

==== Epoch:10 Test ACC:56.94 ====

Ensenble {10: 4.865127658843994, 9: 4.899446678161621, 8: 4.951685905456543, 7: 5.003561687469483, 4: 5.09182653427124, 'acc_5': 0.5626, 'acc_1': 0.5694}
data saved

| Test	 Net1  Acc: 57.84%

==== Epoch:11 Test ACC:57.84 ====

Ensenble {11: 4.86156702041626, 10: 4.865127658843994, 9: 4.899446678161621, 8: 4.951685905456543, 7: 5.003561687469483, 'acc_5': 0.5706, 'acc_1': 0.5784}
data saved

| Test	 Net1  Acc: 54.82%

==== Epoch:12 Test ACC:54.82 ====

Ensenble {11: 4.86156702041626, 10: 4.865127658843994, 9: 4.899446678161621, 8: 4.951685905456543, 7: 5.003561687469483, 'acc_5': 0.5706, 'acc_1': 0.5784}
data saved

| Test	 Net1  Acc: 53.98%

==== Epoch:13 Test ACC:53.98 ====

Ensenble {11: 4.86156702041626, 10: 4.865127658843994, 9: 4.899446678161621, 8: 4.951685905456543, 7: 5.003561687469483, 'acc_5': 0.5706, 'acc_1': 0.5784}
data saved

| Test	 Net1  Acc: 49.72%

==== Epoch:14 Test ACC:49.72 ====

Ensenble {11: 4.86156702041626, 10: 4.865127658843994, 9: 4.899446678161621, 8: 4.951685905456543, 7: 5.003561687469483, 'acc_5': 0.5706, 'acc_1': 0.5784}
data saved

| Test	 Net1  Acc: 49.98%

==== Epoch:15 Test ACC:49.98 ====

Ensenble {11: 4.86156702041626, 10: 4.865127658843994, 9: 4.899446678161621, 8: 4.951685905456543, 7: 5.003561687469483, 'acc_5': 0.5706, 'acc_1': 0.5784}
data saved

| Test	 Net1  Acc: 43.06%

==== Epoch:16 Test ACC:43.06 ====

Ensenble {11: 4.86156702041626, 10: 4.865127658843994, 9: 4.899446678161621, 8: 4.951685905456543, 7: 5.003561687469483, 'acc_5': 0.5706, 'acc_1': 0.5784}
data saved

| Test	 Net1  Acc: 53.10%

==== Epoch:17 Test ACC:53.1 ====

Ensenble {11: 4.86156702041626, 10: 4.865127658843994, 9: 4.899446678161621, 8: 4.951685905456543, 7: 5.003561687469483, 'acc_5': 0.5706, 'acc_1': 0.5784}
data saved

| Test	 Net1  Acc: 52.40%

==== Epoch:18 Test ACC:52.4 ====

Ensenble {11: 4.86156702041626, 10: 4.865127658843994, 9: 4.899446678161621, 8: 4.951685905456543, 7: 5.003561687469483, 'acc_5': 0.5706, 'acc_1': 0.5784}
data saved

| Test	 Net1  Acc: 51.52%

==== Epoch:19 Test ACC:51.52 ====

Ensenble {11: 4.86156702041626, 10: 4.865127658843994, 9: 4.899446678161621, 8: 4.951685905456543, 7: 5.003561687469483, 'acc_5': 0.5706, 'acc_1': 0.5784}
data saved

| Test	 Net1  Acc: 38.96%

==== Epoch:20 Test ACC:38.96 ====

Ensenble {11: 4.86156702041626, 10: 4.865127658843994, 9: 4.899446678161621, 8: 4.951685905456543, 7: 5.003561687469483, 'acc_5': 0.5706, 'acc_1': 0.5784}
data saved

| Test	 Net1  Acc: 48.66%

==== Epoch:21 Test ACC:48.66 ====

Ensenble {11: 4.86156702041626, 10: 4.865127658843994, 9: 4.899446678161621, 8: 4.951685905456543, 7: 5.003561687469483, 'acc_5': 0.5706, 'acc_1': 0.5784}
data saved

| Test	 Net1  Acc: 46.34%

==== Epoch:22 Test ACC:46.34 ====

Ensenble {11: 4.86156702041626, 10: 4.865127658843994, 9: 4.899446678161621, 8: 4.951685905456543, 22: 4.980459594726563, 'acc_5': 0.6006, 'acc_1': 0.5784}
data saved

| Test	 Net1  Acc: 52.74%

==== Epoch:23 Test ACC:52.74 ====

Ensenble {11: 4.86156702041626, 10: 4.865127658843994, 9: 4.899446678161621, 8: 4.951685905456543, 22: 4.980459594726563, 'acc_5': 0.6006, 'acc_1': 0.5784}
data saved

| Test	 Net1  Acc: 54.06%

==== Epoch:24 Test ACC:54.06 ====

Ensenble {11: 4.86156702041626, 10: 4.865127658843994, 9: 4.899446678161621, 8: 4.951685905456543, 24: 4.978491973876953, 'acc_5': 0.6318, 'acc_1': 0.5784}
data saved

| Test	 Net1  Acc: 60.12%

==== Epoch:25 Test ACC:60.12 ====

Ensenble {11: 4.86156702041626, 10: 4.865127658843994, 9: 4.899446678161621, 8: 4.951685905456543, 24: 4.978491973876953, 'acc_5': 0.6318, 'acc_1': 0.5784}
data saved

| Test	 Net1  Acc: 67.16%

==== Epoch:26 Test ACC:67.16 ====

Ensenble {11: 4.86156702041626, 10: 4.865127658843994, 9: 4.899446678161621, 26: 4.929070663452149, 8: 4.951685905456543, 'acc_5': 0.6378, 'acc_1': 0.5784}
data saved

| Test	 Net1  Acc: 70.10%

==== Epoch:27 Test ACC:70.1 ====

Ensenble {11: 4.86156702041626, 10: 4.865127658843994, 9: 4.899446678161621, 26: 4.929070663452149, 27: 4.930936336517334, 'acc_5': 0.7078, 'acc_1': 0.5784}
data saved

| Test	 Net1  Acc: 74.98%

==== Epoch:28 Test ACC:74.98 ====

Ensenble {28: 4.797951507568359, 11: 4.86156702041626, 10: 4.865127658843994, 9: 4.899446678161621, 26: 4.929070663452149, 'acc_5': 0.74, 'acc_1': 0.7498}
data saved

| Test	 Net1  Acc: 79.70%

==== Epoch:29 Test ACC:79.7 ====

Ensenble {29: 4.788000583648682, 28: 4.797951507568359, 11: 4.86156702041626, 10: 4.865127658843994, 9: 4.899446678161621, 'acc_5': 0.7648, 'acc_1': 0.797}
data saved

| Test	 Net1  Acc: 80.00%

==== Epoch:30 Test ACC:80.0 ====

Ensenble {30: 4.786090469360351, 29: 4.788000583648682, 28: 4.797951507568359, 11: 4.86156702041626, 10: 4.865127658843994, 'acc_5': 0.7848, 'acc_1': 0.8}
data saved

| Test	 Net1  Acc: 79.68%

==== Epoch:31 Test ACC:79.68 ====

Ensenble {30: 4.786090469360351, 29: 4.788000583648682, 28: 4.797951507568359, 31: 4.798293590545654, 11: 4.86156702041626, 'acc_5': 0.7946, 'acc_1': 0.8}
data saved

| Test	 Net1  Acc: 77.84%

==== Epoch:32 Test ACC:77.84 ====

Ensenble {32: 4.780309963226318, 30: 4.786090469360351, 29: 4.788000583648682, 28: 4.797951507568359, 31: 4.798293590545654, 'acc_5': 0.796, 'acc_1': 0.7784}
data saved

| Test	 Net1  Acc: 52.34%

==== Epoch:33 Test ACC:52.34 ====

Ensenble {32: 4.780309963226318, 30: 4.786090469360351, 29: 4.788000583648682, 28: 4.797951507568359, 31: 4.798293590545654, 'acc_5': 0.796, 'acc_1': 0.7784}
data saved

| Test	 Net1  Acc: 32.90%

==== Epoch:34 Test ACC:32.9 ====

Ensenble {32: 4.780309963226318, 30: 4.786090469360351, 29: 4.788000583648682, 28: 4.797951507568359, 31: 4.798293590545654, 'acc_5': 0.796, 'acc_1': 0.7784}
data saved

| Test	 Net1  Acc: 62.36%

==== Epoch:35 Test ACC:62.36 ====

Ensenble {32: 4.780309963226318, 30: 4.786090469360351, 29: 4.788000583648682, 28: 4.797951507568359, 31: 4.798293590545654, 'acc_5': 0.796, 'acc_1': 0.7784}
data saved

| Test	 Net1  Acc: 61.98%

==== Epoch:36 Test ACC:61.98 ====

Ensenble {32: 4.780309963226318, 30: 4.786090469360351, 29: 4.788000583648682, 28: 4.797951507568359, 31: 4.798293590545654, 'acc_5': 0.796, 'acc_1': 0.7784}
data saved

| Test	 Net1  Acc: 57.46%

==== Epoch:37 Test ACC:57.46 ====

Ensenble {32: 4.780309963226318, 30: 4.786090469360351, 29: 4.788000583648682, 28: 4.797951507568359, 31: 4.798293590545654, 'acc_5': 0.796, 'acc_1': 0.7784}
data saved

| Test	 Net1  Acc: 54.72%

==== Epoch:38 Test ACC:54.72 ====

Ensenble {32: 4.780309963226318, 30: 4.786090469360351, 29: 4.788000583648682, 28: 4.797951507568359, 31: 4.798293590545654, 'acc_5': 0.796, 'acc_1': 0.7784}
data saved

| Test	 Net1  Acc: 52.32%

==== Epoch:39 Test ACC:52.32 ====

Ensenble {32: 4.780309963226318, 30: 4.786090469360351, 29: 4.788000583648682, 28: 4.797951507568359, 31: 4.798293590545654, 'acc_5': 0.796, 'acc_1': 0.7784}
data saved

| Test	 Net1  Acc: 48.22%

==== Epoch:40 Test ACC:48.22 ====

Ensenble {32: 4.780309963226318, 30: 4.786090469360351, 29: 4.788000583648682, 28: 4.797951507568359, 31: 4.798293590545654, 'acc_5': 0.796, 'acc_1': 0.7784}
data saved

| Test	 Net1  Acc: 49.84%

==== Epoch:41 Test ACC:49.84 ====

Ensenble {32: 4.780309963226318, 30: 4.786090469360351, 29: 4.788000583648682, 28: 4.797951507568359, 31: 4.798293590545654, 'acc_5': 0.796, 'acc_1': 0.7784}
data saved

| Test	 Net1  Acc: 47.34%

==== Epoch:42 Test ACC:47.34 ====

Ensenble {32: 4.780309963226318, 30: 4.786090469360351, 29: 4.788000583648682, 28: 4.797951507568359, 31: 4.798293590545654, 'acc_5': 0.796, 'acc_1': 0.7784}
data saved

| Test	 Net1  Acc: 63.56%

==== Epoch:43 Test ACC:63.56 ====

Ensenble {32: 4.780309963226318, 30: 4.786090469360351, 29: 4.788000583648682, 28: 4.797951507568359, 31: 4.798293590545654, 'acc_5': 0.796, 'acc_1': 0.7784}
data saved

| Test	 Net1  Acc: 65.70%

==== Epoch:44 Test ACC:65.7 ====

Ensenble {32: 4.780309963226318, 30: 4.786090469360351, 29: 4.788000583648682, 28: 4.797951507568359, 31: 4.798293590545654, 'acc_5': 0.796, 'acc_1': 0.7784}
data saved

| Test	 Net1  Acc: 68.60%

==== Epoch:45 Test ACC:68.6 ====

Ensenble {32: 4.780309963226318, 30: 4.786090469360351, 29: 4.788000583648682, 28: 4.797951507568359, 31: 4.798293590545654, 'acc_5': 0.796, 'acc_1': 0.7784}
data saved

| Test	 Net1  Acc: 67.44%

==== Epoch:46 Test ACC:67.44 ====

Ensenble {32: 4.780309963226318, 30: 4.786090469360351, 29: 4.788000583648682, 28: 4.797951507568359, 31: 4.798293590545654, 'acc_5': 0.796, 'acc_1': 0.7784}
data saved

| Test	 Net1  Acc: 75.66%

==== Epoch:47 Test ACC:75.66 ====

Ensenble {32: 4.780309963226318, 30: 4.786090469360351, 29: 4.788000583648682, 28: 4.797951507568359, 31: 4.798293590545654, 'acc_5': 0.796, 'acc_1': 0.7784}
data saved

| Test	 Net1  Acc: 79.06%

==== Epoch:48 Test ACC:79.06 ====

Ensenble {32: 4.780309963226318, 30: 4.786090469360351, 29: 4.788000583648682, 28: 4.797951507568359, 31: 4.798293590545654, 'acc_5': 0.796, 'acc_1': 0.7784}
data saved

| Test	 Net1  Acc: 82.04%

==== Epoch:49 Test ACC:82.04 ====

Ensenble {49: 4.764354610443116, 32: 4.780309963226318, 30: 4.786090469360351, 29: 4.788000583648682, 28: 4.797951507568359, 'acc_5': 0.8082, 'acc_1': 0.8204}
data saved

| Test	 Net1  Acc: 82.52%

==== Epoch:50 Test ACC:82.52 ====

Ensenble {49: 4.764354610443116, 50: 4.769851398468018, 32: 4.780309963226318, 30: 4.786090469360351, 29: 4.788000583648682, 'acc_5': 0.8174, 'acc_1': 0.8204}
data saved

| Test	 Net1  Acc: 82.04%

==== Epoch:51 Test ACC:82.04 ====

Ensenble {49: 4.764354610443116, 50: 4.769851398468018, 32: 4.780309963226318, 51: 4.780443286895752, 30: 4.786090469360351, 'acc_5': 0.8238, 'acc_1': 0.8204}
data saved

| Test	 Net1  Acc: 77.76%

==== Epoch:52 Test ACC:77.76 ====

Ensenble {52: 4.762861919403076, 49: 4.764354610443116, 50: 4.769851398468018, 32: 4.780309963226318, 51: 4.780443286895752, 'acc_5': 0.824, 'acc_1': 0.7776}
data saved

| Test	 Net1  Acc: 51.86%

==== Epoch:53 Test ACC:51.86 ====

Ensenble {52: 4.762861919403076, 49: 4.764354610443116, 50: 4.769851398468018, 32: 4.780309963226318, 51: 4.780443286895752, 'acc_5': 0.824, 'acc_1': 0.7776}
data saved

| Test	 Net1  Acc: 62.20%

==== Epoch:54 Test ACC:62.2 ====

Ensenble {52: 4.762861919403076, 49: 4.764354610443116, 50: 4.769851398468018, 32: 4.780309963226318, 51: 4.780443286895752, 'acc_5': 0.824, 'acc_1': 0.7776}
data saved

| Test	 Net1  Acc: 61.60%

==== Epoch:55 Test ACC:61.6 ====

Ensenble {52: 4.762861919403076, 49: 4.764354610443116, 50: 4.769851398468018, 32: 4.780309963226318, 51: 4.780443286895752, 'acc_5': 0.824, 'acc_1': 0.7776}
data saved

| Test	 Net1  Acc: 51.76%

==== Epoch:56 Test ACC:51.76 ====

Ensenble {52: 4.762861919403076, 49: 4.764354610443116, 50: 4.769851398468018, 32: 4.780309963226318, 51: 4.780443286895752, 'acc_5': 0.824, 'acc_1': 0.7776}
data saved

| Test	 Net1  Acc: 58.06%

==== Epoch:57 Test ACC:58.06 ====

Ensenble {52: 4.762861919403076, 49: 4.764354610443116, 50: 4.769851398468018, 32: 4.780309963226318, 51: 4.780443286895752, 'acc_5': 0.824, 'acc_1': 0.7776}
data saved

| Test	 Net1  Acc: 54.68%

==== Epoch:58 Test ACC:54.68 ====

Ensenble {52: 4.762861919403076, 49: 4.764354610443116, 50: 4.769851398468018, 32: 4.780309963226318, 51: 4.780443286895752, 'acc_5': 0.824, 'acc_1': 0.7776}
data saved

| Test	 Net1  Acc: 45.50%

==== Epoch:59 Test ACC:45.5 ====

Ensenble {52: 4.762861919403076, 49: 4.764354610443116, 50: 4.769851398468018, 32: 4.780309963226318, 51: 4.780443286895752, 'acc_5': 0.824, 'acc_1': 0.7776}
data saved

| Test	 Net1  Acc: 60.76%

==== Epoch:60 Test ACC:60.76 ====

Ensenble {52: 4.762861919403076, 49: 4.764354610443116, 50: 4.769851398468018, 32: 4.780309963226318, 51: 4.780443286895752, 'acc_5': 0.824, 'acc_1': 0.7776}
data saved

| Test	 Net1  Acc: 51.06%

==== Epoch:61 Test ACC:51.06 ====

Ensenble {52: 4.762861919403076, 49: 4.764354610443116, 50: 4.769851398468018, 32: 4.780309963226318, 51: 4.780443286895752, 'acc_5': 0.824, 'acc_1': 0.7776}
data saved

| Test	 Net1  Acc: 48.82%

==== Epoch:62 Test ACC:48.82 ====

Ensenble {52: 4.762861919403076, 49: 4.764354610443116, 50: 4.769851398468018, 32: 4.780309963226318, 51: 4.780443286895752, 'acc_5': 0.824, 'acc_1': 0.7776}
data saved

| Test	 Net1  Acc: 51.32%

==== Epoch:63 Test ACC:51.32 ====

Ensenble {52: 4.762861919403076, 49: 4.764354610443116, 50: 4.769851398468018, 32: 4.780309963226318, 51: 4.780443286895752, 'acc_5': 0.824, 'acc_1': 0.7776}
data saved

| Test	 Net1  Acc: 62.66%

==== Epoch:64 Test ACC:62.66 ====

Ensenble {52: 4.762861919403076, 49: 4.764354610443116, 50: 4.769851398468018, 32: 4.780309963226318, 51: 4.780443286895752, 'acc_5': 0.824, 'acc_1': 0.7776}
data saved

| Test	 Net1  Acc: 60.48%

==== Epoch:65 Test ACC:60.48 ====

Ensenble {52: 4.762861919403076, 49: 4.764354610443116, 50: 4.769851398468018, 32: 4.780309963226318, 51: 4.780443286895752, 'acc_5': 0.824, 'acc_1': 0.7776}
data saved

| Test	 Net1  Acc: 69.92%

==== Epoch:66 Test ACC:69.92 ====

Ensenble {52: 4.762861919403076, 49: 4.764354610443116, 50: 4.769851398468018, 32: 4.780309963226318, 51: 4.780443286895752, 'acc_5': 0.824, 'acc_1': 0.7776}
data saved

| Test	 Net1  Acc: 78.72%

==== Epoch:67 Test ACC:78.72 ====

Ensenble {52: 4.762861919403076, 49: 4.764354610443116, 50: 4.769851398468018, 32: 4.780309963226318, 51: 4.780443286895752, 'acc_5': 0.824, 'acc_1': 0.7776}
data saved

| Test	 Net1  Acc: 81.06%

==== Epoch:68 Test ACC:81.06 ====

Ensenble {68: 4.745668506622314, 52: 4.762861919403076, 49: 4.764354610443116, 50: 4.769851398468018, 32: 4.780309963226318, 'acc_5': 0.8254, 'acc_1': 0.8106}
data saved

| Test	 Net1  Acc: 82.26%

==== Epoch:69 Test ACC:82.26 ====

Ensenble {69: 4.738081550598144, 68: 4.745668506622314, 52: 4.762861919403076, 49: 4.764354610443116, 50: 4.769851398468018, 'acc_5': 0.8302, 'acc_1': 0.8226}
data saved

| Test	 Net1  Acc: 82.74%

==== Epoch:70 Test ACC:82.74 ====

Ensenble {69: 4.738081550598144, 68: 4.745668506622314, 70: 4.747825050354004, 52: 4.762861919403076, 49: 4.764354610443116, 'acc_5': 0.8328, 'acc_1': 0.8226}
data saved

| Test	 Net1  Acc: 82.86%

==== Epoch:71 Test ACC:82.86 ====

Ensenble {69: 4.738081550598144, 68: 4.745668506622314, 70: 4.747825050354004, 52: 4.762861919403076, 49: 4.764354610443116, 'acc_5': 0.8328, 'acc_1': 0.8226}
data saved

| Test	 Net1  Acc: 80.72%

==== Epoch:72 Test ACC:80.72 ====

Ensenble {69: 4.738081550598144, 68: 4.745668506622314, 70: 4.747825050354004, 72: 4.755179595947266, 52: 4.762861919403076, 'acc_5': 0.8326, 'acc_1': 0.8226}
data saved

| Test	 Net1  Acc: 73.98%

==== Epoch:73 Test ACC:73.98 ====

Ensenble {69: 4.738081550598144, 68: 4.745668506622314, 70: 4.747825050354004, 72: 4.755179595947266, 52: 4.762861919403076, 'acc_5': 0.8326, 'acc_1': 0.8226}
data saved

| Test	 Net1  Acc: 64.94%

==== Epoch:74 Test ACC:64.94 ====

Ensenble {69: 4.738081550598144, 68: 4.745668506622314, 70: 4.747825050354004, 72: 4.755179595947266, 52: 4.762861919403076, 'acc_5': 0.8326, 'acc_1': 0.8226}
data saved

| Test	 Net1  Acc: 69.88%

==== Epoch:75 Test ACC:69.88 ====

Ensenble {69: 4.738081550598144, 68: 4.745668506622314, 70: 4.747825050354004, 72: 4.755179595947266, 52: 4.762861919403076, 'acc_5': 0.8326, 'acc_1': 0.8226}
data saved

| Test	 Net1  Acc: 66.74%

==== Epoch:76 Test ACC:66.74 ====

Ensenble {69: 4.738081550598144, 68: 4.745668506622314, 70: 4.747825050354004, 72: 4.755179595947266, 52: 4.762861919403076, 'acc_5': 0.8326, 'acc_1': 0.8226}
data saved

| Test	 Net1  Acc: 58.40%

==== Epoch:77 Test ACC:58.4 ====

Ensenble {69: 4.738081550598144, 68: 4.745668506622314, 70: 4.747825050354004, 72: 4.755179595947266, 52: 4.762861919403076, 'acc_5': 0.8326, 'acc_1': 0.8226}
data saved

| Test	 Net1  Acc: 58.58%

==== Epoch:78 Test ACC:58.58 ====

Ensenble {69: 4.738081550598144, 68: 4.745668506622314, 70: 4.747825050354004, 72: 4.755179595947266, 52: 4.762861919403076, 'acc_5': 0.8326, 'acc_1': 0.8226}
data saved

| Test	 Net1  Acc: 44.60%

==== Epoch:79 Test ACC:44.6 ====

Ensenble {69: 4.738081550598144, 68: 4.745668506622314, 70: 4.747825050354004, 72: 4.755179595947266, 52: 4.762861919403076, 'acc_5': 0.8326, 'acc_1': 0.8226}
data saved

| Test	 Net1  Acc: 54.54%

==== Epoch:80 Test ACC:54.54 ====

Ensenble {69: 4.738081550598144, 68: 4.745668506622314, 70: 4.747825050354004, 72: 4.755179595947266, 52: 4.762861919403076, 'acc_5': 0.8326, 'acc_1': 0.8226}
data saved

| Test	 Net1  Acc: 64.62%

==== Epoch:81 Test ACC:64.62 ====

Ensenble {69: 4.738081550598144, 68: 4.745668506622314, 70: 4.747825050354004, 72: 4.755179595947266, 52: 4.762861919403076, 'acc_5': 0.8326, 'acc_1': 0.8226}
data saved

| Test	 Net1  Acc: 56.00%

==== Epoch:82 Test ACC:56.0 ====

Ensenble {69: 4.738081550598144, 68: 4.745668506622314, 70: 4.747825050354004, 72: 4.755179595947266, 52: 4.762861919403076, 'acc_5': 0.8326, 'acc_1': 0.8226}
data saved

| Test	 Net1  Acc: 58.76%

==== Epoch:83 Test ACC:58.76 ====

Ensenble {69: 4.738081550598144, 68: 4.745668506622314, 70: 4.747825050354004, 72: 4.755179595947266, 52: 4.762861919403076, 'acc_5': 0.8326, 'acc_1': 0.8226}
data saved

| Test	 Net1  Acc: 65.06%

==== Epoch:84 Test ACC:65.06 ====

Ensenble {69: 4.738081550598144, 68: 4.745668506622314, 70: 4.747825050354004, 72: 4.755179595947266, 52: 4.762861919403076, 'acc_5': 0.8326, 'acc_1': 0.8226}
data saved

| Test	 Net1  Acc: 72.42%

==== Epoch:85 Test ACC:72.42 ====

Ensenble {69: 4.738081550598144, 68: 4.745668506622314, 70: 4.747825050354004, 72: 4.755179595947266, 52: 4.762861919403076, 'acc_5': 0.8326, 'acc_1': 0.8226}
data saved

| Test	 Net1  Acc: 65.78%

==== Epoch:86 Test ACC:65.78 ====

Ensenble {69: 4.738081550598144, 68: 4.745668506622314, 70: 4.747825050354004, 72: 4.755179595947266, 52: 4.762861919403076, 'acc_5': 0.8326, 'acc_1': 0.8226}
data saved

| Test	 Net1  Acc: 77.80%

==== Epoch:87 Test ACC:77.8 ====

Ensenble {69: 4.738081550598144, 68: 4.745668506622314, 70: 4.747825050354004, 72: 4.755179595947266, 52: 4.762861919403076, 'acc_5': 0.8326, 'acc_1': 0.8226}
data saved

| Test	 Net1  Acc: 78.22%

==== Epoch:88 Test ACC:78.22 ====

Ensenble {69: 4.738081550598144, 68: 4.745668506622314, 70: 4.747825050354004, 72: 4.755179595947266, 88: 4.756124114990234, 'acc_5': 0.8294, 'acc_1': 0.8226}
data saved

| Test	 Net1  Acc: 82.60%

==== Epoch:89 Test ACC:82.6 ====

Ensenble {69: 4.738081550598144, 68: 4.745668506622314, 70: 4.747825050354004, 89: 4.751988792419434, 72: 4.755179595947266, 'acc_5': 0.8306, 'acc_1': 0.8226}
data saved

| Test	 Net1  Acc: 83.22%

==== Epoch:90 Test ACC:83.22 ====

Ensenble {69: 4.738081550598144, 90: 4.738606929779053, 68: 4.745668506622314, 70: 4.747825050354004, 89: 4.751988792419434, 'acc_5': 0.834, 'acc_1': 0.8226}
data saved

| Test	 Net1  Acc: 83.44%

==== Epoch:91 Test ACC:83.44 ====

Ensenble {91: 4.737168407440185, 69: 4.738081550598144, 90: 4.738606929779053, 68: 4.745668506622314, 70: 4.747825050354004, 'acc_5': 0.8346, 'acc_1': 0.8344}
data saved

| Test	 Net1  Acc: 81.06%

==== Epoch:92 Test ACC:81.06 ====

Ensenble {91: 4.737168407440185, 69: 4.738081550598144, 90: 4.738606929779053, 68: 4.745668506622314, 70: 4.747825050354004, 'acc_5': 0.8346, 'acc_1': 0.8344}
data saved

| Test	 Net1  Acc: 77.44%

==== Epoch:93 Test ACC:77.44 ====

Ensenble {91: 4.737168407440185, 69: 4.738081550598144, 90: 4.738606929779053, 68: 4.745668506622314, 70: 4.747825050354004, 'acc_5': 0.8346, 'acc_1': 0.8344}
data saved

| Test	 Net1  Acc: 60.98%

==== Epoch:94 Test ACC:60.98 ====

Ensenble {91: 4.737168407440185, 69: 4.738081550598144, 90: 4.738606929779053, 68: 4.745668506622314, 70: 4.747825050354004, 'acc_5': 0.8346, 'acc_1': 0.8344}
data saved

| Test	 Net1  Acc: 49.20%

==== Epoch:95 Test ACC:49.2 ====

Ensenble {91: 4.737168407440185, 69: 4.738081550598144, 90: 4.738606929779053, 68: 4.745668506622314, 70: 4.747825050354004, 'acc_5': 0.8346, 'acc_1': 0.8344}
data saved

| Test	 Net1  Acc: 56.68%

==== Epoch:96 Test ACC:56.68 ====

Ensenble {91: 4.737168407440185, 69: 4.738081550598144, 90: 4.738606929779053, 68: 4.745668506622314, 70: 4.747825050354004, 'acc_5': 0.8346, 'acc_1': 0.8344}
data saved

| Test	 Net1  Acc: 52.04%

==== Epoch:97 Test ACC:52.04 ====

Ensenble {91: 4.737168407440185, 69: 4.738081550598144, 90: 4.738606929779053, 68: 4.745668506622314, 70: 4.747825050354004, 'acc_5': 0.8346, 'acc_1': 0.8344}
data saved

| Test	 Net1  Acc: 59.82%

==== Epoch:98 Test ACC:59.82 ====

Ensenble {91: 4.737168407440185, 69: 4.738081550598144, 90: 4.738606929779053, 68: 4.745668506622314, 70: 4.747825050354004, 'acc_5': 0.8346, 'acc_1': 0.8344}
data saved

| Test	 Net1  Acc: 54.80%

==== Epoch:99 Test ACC:54.8 ====

Ensenble {91: 4.737168407440185, 69: 4.738081550598144, 90: 4.738606929779053, 68: 4.745668506622314, 70: 4.747825050354004, 'acc_5': 0.8346, 'acc_1': 0.8344}
data saved

| Test	 Net1  Acc: 58.36%

==== Epoch:100 Test ACC:58.36 ====

Ensenble {91: 4.737168407440185, 69: 4.738081550598144, 90: 4.738606929779053, 68: 4.745668506622314, 70: 4.747825050354004, 'acc_5': 0.8346, 'acc_1': 0.8344}
data saved

| Test	 Net1  Acc: 58.36%

==== Epoch:101 Test ACC:58.36 ====

Ensenble {91: 4.737168407440185, 69: 4.738081550598144, 90: 4.738606929779053, 68: 4.745668506622314, 70: 4.747825050354004, 'acc_5': 0.8346, 'acc_1': 0.8344}
data saved

| Test	 Net1  Acc: 63.66%

==== Epoch:102 Test ACC:63.66 ====

Ensenble {91: 4.737168407440185, 69: 4.738081550598144, 90: 4.738606929779053, 68: 4.745668506622314, 70: 4.747825050354004, 'acc_5': 0.8346, 'acc_1': 0.8344}
data saved

| Test	 Net1  Acc: 67.94%

==== Epoch:103 Test ACC:67.94 ====

Ensenble {91: 4.737168407440185, 69: 4.738081550598144, 90: 4.738606929779053, 68: 4.745668506622314, 70: 4.747825050354004, 'acc_5': 0.8346, 'acc_1': 0.8344}
data saved

| Test	 Net1  Acc: 62.84%

==== Epoch:104 Test ACC:62.84 ====

Ensenble {91: 4.737168407440185, 69: 4.738081550598144, 90: 4.738606929779053, 68: 4.745668506622314, 70: 4.747825050354004, 'acc_5': 0.8346, 'acc_1': 0.8344}
data saved

| Test	 Net1  Acc: 66.80%

==== Epoch:105 Test ACC:66.8 ====

Ensenble {91: 4.737168407440185, 69: 4.738081550598144, 90: 4.738606929779053, 68: 4.745668506622314, 70: 4.747825050354004, 'acc_5': 0.8346, 'acc_1': 0.8344}
data saved

| Test	 Net1  Acc: 67.98%

==== Epoch:106 Test ACC:67.98 ====

Ensenble {91: 4.737168407440185, 69: 4.738081550598144, 90: 4.738606929779053, 68: 4.745668506622314, 70: 4.747825050354004, 'acc_5': 0.8346, 'acc_1': 0.8344}
data saved

| Test	 Net1  Acc: 74.44%

==== Epoch:107 Test ACC:74.44 ====

Ensenble {91: 4.737168407440185, 69: 4.738081550598144, 90: 4.738606929779053, 68: 4.745668506622314, 70: 4.747825050354004, 'acc_5': 0.8346, 'acc_1': 0.8344}
data saved

| Test	 Net1  Acc: 81.62%

==== Epoch:108 Test ACC:81.62 ====

Ensenble {91: 4.737168407440185, 69: 4.738081550598144, 90: 4.738606929779053, 68: 4.745668506622314, 70: 4.747825050354004, 'acc_5': 0.8346, 'acc_1': 0.8344}
data saved

| Test	 Net1  Acc: 83.82%

==== Epoch:109 Test ACC:83.82 ====

Ensenble {91: 4.737168407440185, 69: 4.738081550598144, 90: 4.738606929779053, 68: 4.745668506622314, 70: 4.747825050354004, 'acc_5': 0.8346, 'acc_1': 0.8344}
data saved

| Test	 Net1  Acc: 84.10%

==== Epoch:110 Test ACC:84.1 ====

Ensenble {110: 4.735588455200196, 91: 4.737168407440185, 69: 4.738081550598144, 90: 4.738606929779053, 68: 4.745668506622314, 'acc_5': 0.84, 'acc_1': 0.841}
data saved

| Test	 Net1  Acc: 83.94%

==== Epoch:111 Test ACC:83.94 ====

Ensenble {110: 4.735588455200196, 91: 4.737168407440185, 69: 4.738081550598144, 90: 4.738606929779053, 68: 4.745668506622314, 'acc_5': 0.84, 'acc_1': 0.841}
data saved

| Test	 Net1  Acc: 81.04%

==== Epoch:112 Test ACC:81.04 ====

Ensenble {110: 4.735588455200196, 91: 4.737168407440185, 69: 4.738081550598144, 90: 4.738606929779053, 68: 4.745668506622314, 'acc_5': 0.84, 'acc_1': 0.841}
data saved

| Test	 Net1  Acc: 75.56%

==== Epoch:113 Test ACC:75.56 ====

Ensenble {110: 4.735588455200196, 91: 4.737168407440185, 69: 4.738081550598144, 90: 4.738606929779053, 68: 4.745668506622314, 'acc_5': 0.84, 'acc_1': 0.841}
data saved

| Test	 Net1  Acc: 53.54%

==== Epoch:114 Test ACC:53.54 ====

Ensenble {110: 4.735588455200196, 91: 4.737168407440185, 69: 4.738081550598144, 90: 4.738606929779053, 68: 4.745668506622314, 'acc_5': 0.84, 'acc_1': 0.841}
data saved

| Test	 Net1  Acc: 65.80%

==== Epoch:115 Test ACC:65.8 ====

Ensenble {110: 4.735588455200196, 91: 4.737168407440185, 69: 4.738081550598144, 90: 4.738606929779053, 68: 4.745668506622314, 'acc_5': 0.84, 'acc_1': 0.841}
data saved

| Test	 Net1  Acc: 57.82%

==== Epoch:116 Test ACC:57.82 ====

Ensenble {110: 4.735588455200196, 91: 4.737168407440185, 69: 4.738081550598144, 90: 4.738606929779053, 68: 4.745668506622314, 'acc_5': 0.84, 'acc_1': 0.841}
data saved

| Test	 Net1  Acc: 57.52%

==== Epoch:117 Test ACC:57.52 ====

Ensenble {110: 4.735588455200196, 91: 4.737168407440185, 69: 4.738081550598144, 90: 4.738606929779053, 68: 4.745668506622314, 'acc_5': 0.84, 'acc_1': 0.841}
data saved

| Test	 Net1  Acc: 59.04%

==== Epoch:118 Test ACC:59.04 ====

Ensenble {110: 4.735588455200196, 91: 4.737168407440185, 69: 4.738081550598144, 90: 4.738606929779053, 68: 4.745668506622314, 'acc_5': 0.84, 'acc_1': 0.841}
data saved

| Test	 Net1  Acc: 55.30%

==== Epoch:119 Test ACC:55.3 ====

Ensenble {110: 4.735588455200196, 91: 4.737168407440185, 69: 4.738081550598144, 90: 4.738606929779053, 68: 4.745668506622314, 'acc_5': 0.84, 'acc_1': 0.841}
data saved

| Test	 Net1  Acc: 61.62%

==== Epoch:120 Test ACC:61.62 ====

Ensenble {110: 4.735588455200196, 91: 4.737168407440185, 69: 4.738081550598144, 90: 4.738606929779053, 68: 4.745668506622314, 'acc_5': 0.84, 'acc_1': 0.841}
data saved

| Test	 Net1  Acc: 56.06%

==== Epoch:121 Test ACC:56.06 ====

Ensenble {110: 4.735588455200196, 91: 4.737168407440185, 69: 4.738081550598144, 90: 4.738606929779053, 68: 4.745668506622314, 'acc_5': 0.84, 'acc_1': 0.841}
data saved

| Test	 Net1  Acc: 47.40%

==== Epoch:122 Test ACC:47.4 ====

Ensenble {110: 4.735588455200196, 91: 4.737168407440185, 69: 4.738081550598144, 90: 4.738606929779053, 68: 4.745668506622314, 'acc_5': 0.84, 'acc_1': 0.841}
data saved

| Test	 Net1  Acc: 64.84%

==== Epoch:123 Test ACC:64.84 ====

Ensenble {110: 4.735588455200196, 91: 4.737168407440185, 69: 4.738081550598144, 90: 4.738606929779053, 68: 4.745668506622314, 'acc_5': 0.84, 'acc_1': 0.841}
data saved

| Test	 Net1  Acc: 65.72%

==== Epoch:124 Test ACC:65.72 ====

Ensenble {110: 4.735588455200196, 91: 4.737168407440185, 69: 4.738081550598144, 90: 4.738606929779053, 68: 4.745668506622314, 'acc_5': 0.84, 'acc_1': 0.841}
data saved

| Test	 Net1  Acc: 67.80%

==== Epoch:125 Test ACC:67.8 ====

Ensenble {110: 4.735588455200196, 91: 4.737168407440185, 69: 4.738081550598144, 90: 4.738606929779053, 68: 4.745668506622314, 'acc_5': 0.84, 'acc_1': 0.841}
data saved

| Test	 Net1  Acc: 71.98%

==== Epoch:126 Test ACC:71.98 ====

Ensenble {110: 4.735588455200196, 91: 4.737168407440185, 69: 4.738081550598144, 90: 4.738606929779053, 68: 4.745668506622314, 'acc_5': 0.84, 'acc_1': 0.841}
data saved

| Test	 Net1  Acc: 79.26%

==== Epoch:127 Test ACC:79.26 ====

Ensenble {110: 4.735588455200196, 91: 4.737168407440185, 69: 4.738081550598144, 90: 4.738606929779053, 68: 4.745668506622314, 'acc_5': 0.84, 'acc_1': 0.841}
data saved

| Test	 Net1  Acc: 81.76%

==== Epoch:128 Test ACC:81.76 ====

Ensenble {110: 4.735588455200196, 91: 4.737168407440185, 69: 4.738081550598144, 90: 4.738606929779053, 68: 4.745668506622314, 'acc_5': 0.84, 'acc_1': 0.841}
data saved

| Test	 Net1  Acc: 82.88%

==== Epoch:129 Test ACC:82.88 ====

Ensenble {129: 4.730078315734863, 110: 4.735588455200196, 91: 4.737168407440185, 69: 4.738081550598144, 90: 4.738606929779053, 'acc_5': 0.8454, 'acc_1': 0.8288}
data saved

| Test	 Net1  Acc: 83.40%

==== Epoch:130 Test ACC:83.4 ====

Ensenble {130: 4.722901344299316, 129: 4.730078315734863, 110: 4.735588455200196, 91: 4.737168407440185, 69: 4.738081550598144, 'acc_5': 0.8448, 'acc_1': 0.834}
data saved

| Test	 Net1  Acc: 83.28%

==== Epoch:131 Test ACC:83.28 ====

Ensenble {130: 4.722901344299316, 129: 4.730078315734863, 110: 4.735588455200196, 131: 4.7362470626831055, 91: 4.737168407440185, 'acc_5': 0.8436, 'acc_1': 0.834}
data saved

| Test	 Net1  Acc: 82.24%

==== Epoch:132 Test ACC:82.24 ====

Ensenble {130: 4.722901344299316, 129: 4.730078315734863, 110: 4.735588455200196, 131: 4.7362470626831055, 91: 4.737168407440185, 'acc_5': 0.8436, 'acc_1': 0.834}
data saved

| Test	 Net1  Acc: 70.38%

==== Epoch:133 Test ACC:70.38 ====

Ensenble {130: 4.722901344299316, 129: 4.730078315734863, 110: 4.735588455200196, 131: 4.7362470626831055, 91: 4.737168407440185, 'acc_5': 0.8436, 'acc_1': 0.834}
data saved

| Test	 Net1  Acc: 41.36%

==== Epoch:134 Test ACC:41.36 ====

Ensenble {130: 4.722901344299316, 129: 4.730078315734863, 110: 4.735588455200196, 131: 4.7362470626831055, 91: 4.737168407440185, 'acc_5': 0.8436, 'acc_1': 0.834}
data saved

| Test	 Net1  Acc: 58.50%

==== Epoch:135 Test ACC:58.5 ====

Ensenble {130: 4.722901344299316, 129: 4.730078315734863, 110: 4.735588455200196, 131: 4.7362470626831055, 91: 4.737168407440185, 'acc_5': 0.8436, 'acc_1': 0.834}
data saved

| Test	 Net1  Acc: 64.34%

==== Epoch:136 Test ACC:64.34 ====

Ensenble {130: 4.722901344299316, 129: 4.730078315734863, 110: 4.735588455200196, 131: 4.7362470626831055, 91: 4.737168407440185, 'acc_5': 0.8436, 'acc_1': 0.834}
data saved

| Test	 Net1  Acc: 60.36%

==== Epoch:137 Test ACC:60.36 ====

Ensenble {130: 4.722901344299316, 129: 4.730078315734863, 110: 4.735588455200196, 131: 4.7362470626831055, 91: 4.737168407440185, 'acc_5': 0.8436, 'acc_1': 0.834}
data saved

| Test	 Net1  Acc: 55.22%

==== Epoch:138 Test ACC:55.22 ====

Ensenble {130: 4.722901344299316, 129: 4.730078315734863, 110: 4.735588455200196, 131: 4.7362470626831055, 91: 4.737168407440185, 'acc_5': 0.8436, 'acc_1': 0.834}
data saved

| Test	 Net1  Acc: 58.98%

==== Epoch:139 Test ACC:58.98 ====

Ensenble {130: 4.722901344299316, 129: 4.730078315734863, 110: 4.735588455200196, 131: 4.7362470626831055, 91: 4.737168407440185, 'acc_5': 0.8436, 'acc_1': 0.834}
data saved

| Test	 Net1  Acc: 60.98%

==== Epoch:140 Test ACC:60.98 ====

Ensenble {130: 4.722901344299316, 129: 4.730078315734863, 110: 4.735588455200196, 131: 4.7362470626831055, 91: 4.737168407440185, 'acc_5': 0.8436, 'acc_1': 0.834}
data saved

| Test	 Net1  Acc: 52.18%

==== Epoch:141 Test ACC:52.18 ====

Ensenble {130: 4.722901344299316, 129: 4.730078315734863, 110: 4.735588455200196, 131: 4.7362470626831055, 91: 4.737168407440185, 'acc_5': 0.8436, 'acc_1': 0.834}
data saved

| Test	 Net1  Acc: 60.58%

==== Epoch:142 Test ACC:60.58 ====

Ensenble {130: 4.722901344299316, 129: 4.730078315734863, 110: 4.735588455200196, 131: 4.7362470626831055, 91: 4.737168407440185, 'acc_5': 0.8436, 'acc_1': 0.834}
data saved

| Test	 Net1  Acc: 59.32%

==== Epoch:143 Test ACC:59.32 ====

Ensenble {130: 4.722901344299316, 129: 4.730078315734863, 110: 4.735588455200196, 131: 4.7362470626831055, 91: 4.737168407440185, 'acc_5': 0.8436, 'acc_1': 0.834}
data saved

| Test	 Net1  Acc: 69.96%

==== Epoch:144 Test ACC:69.96 ====

Ensenble {130: 4.722901344299316, 129: 4.730078315734863, 110: 4.735588455200196, 131: 4.7362470626831055, 91: 4.737168407440185, 'acc_5': 0.8436, 'acc_1': 0.834}
data saved

| Test	 Net1  Acc: 67.88%

==== Epoch:145 Test ACC:67.88 ====

Ensenble {130: 4.722901344299316, 129: 4.730078315734863, 110: 4.735588455200196, 131: 4.7362470626831055, 91: 4.737168407440185, 'acc_5': 0.8436, 'acc_1': 0.834}
data saved

| Test	 Net1  Acc: 71.20%

==== Epoch:146 Test ACC:71.2 ====

Ensenble {130: 4.722901344299316, 129: 4.730078315734863, 110: 4.735588455200196, 131: 4.7362470626831055, 91: 4.737168407440185, 'acc_5': 0.8436, 'acc_1': 0.834}
data saved

| Test	 Net1  Acc: 76.90%

==== Epoch:147 Test ACC:76.9 ====

Ensenble {130: 4.722901344299316, 129: 4.730078315734863, 110: 4.735588455200196, 131: 4.7362470626831055, 91: 4.737168407440185, 'acc_5': 0.8436, 'acc_1': 0.834}
data saved

| Test	 Net1  Acc: 80.06%

==== Epoch:148 Test ACC:80.06 ====

Ensenble {130: 4.722901344299316, 129: 4.730078315734863, 110: 4.735588455200196, 131: 4.7362470626831055, 91: 4.737168407440185, 'acc_5': 0.8436, 'acc_1': 0.834}
data saved

| Test	 Net1  Acc: 83.44%

==== Epoch:149 Test ACC:83.44 ====

Ensenble {130: 4.722901344299316, 129: 4.730078315734863, 110: 4.735588455200196, 131: 4.7362470626831055, 91: 4.737168407440185, 'acc_5': 0.8436, 'acc_1': 0.834}
data saved

| Test	 Net1  Acc: 84.04%

==== Epoch:150 Test ACC:84.04 ====

Ensenble {130: 4.722901344299316, 129: 4.730078315734863, 110: 4.735588455200196, 131: 4.7362470626831055, 91: 4.737168407440185, 'acc_5': 0.8436, 'acc_1': 0.834}
data saved

| Test	 Net1  Acc: 83.36%

==== Epoch:151 Test ACC:83.36 ====

Ensenble {130: 4.722901344299316, 129: 4.730078315734863, 110: 4.735588455200196, 131: 4.7362470626831055, 91: 4.737168407440185, 'acc_5': 0.8436, 'acc_1': 0.834}
data saved

| Test	 Net1  Acc: 82.76%

==== Epoch:152 Test ACC:82.76 ====

Ensenble {130: 4.722901344299316, 129: 4.730078315734863, 110: 4.735588455200196, 131: 4.7362470626831055, 91: 4.737168407440185, 'acc_5': 0.8436, 'acc_1': 0.834}
data saved

| Test	 Net1  Acc: 76.90%

==== Epoch:153 Test ACC:76.9 ====

Ensenble {130: 4.722901344299316, 129: 4.730078315734863, 110: 4.735588455200196, 131: 4.7362470626831055, 91: 4.737168407440185, 'acc_5': 0.8436, 'acc_1': 0.834}
data saved

| Test	 Net1  Acc: 55.12%

==== Epoch:154 Test ACC:55.12 ====

Ensenble {130: 4.722901344299316, 129: 4.730078315734863, 110: 4.735588455200196, 131: 4.7362470626831055, 91: 4.737168407440185, 'acc_5': 0.8436, 'acc_1': 0.834}
data saved

| Test	 Net1  Acc: 62.20%

==== Epoch:155 Test ACC:62.2 ====

Ensenble {130: 4.722901344299316, 129: 4.730078315734863, 110: 4.735588455200196, 131: 4.7362470626831055, 91: 4.737168407440185, 'acc_5': 0.8436, 'acc_1': 0.834}
data saved

| Test	 Net1  Acc: 61.90%

==== Epoch:156 Test ACC:61.9 ====

Ensenble {130: 4.722901344299316, 129: 4.730078315734863, 110: 4.735588455200196, 131: 4.7362470626831055, 91: 4.737168407440185, 'acc_5': 0.8436, 'acc_1': 0.834}
data saved

| Test	 Net1  Acc: 52.56%

==== Epoch:157 Test ACC:52.56 ====

Ensenble {130: 4.722901344299316, 129: 4.730078315734863, 110: 4.735588455200196, 131: 4.7362470626831055, 91: 4.737168407440185, 'acc_5': 0.8436, 'acc_1': 0.834}
data saved

| Test	 Net1  Acc: 52.80%

==== Epoch:158 Test ACC:52.8 ====

Ensenble {130: 4.722901344299316, 129: 4.730078315734863, 110: 4.735588455200196, 131: 4.7362470626831055, 91: 4.737168407440185, 'acc_5': 0.8436, 'acc_1': 0.834}
data saved

| Test	 Net1  Acc: 49.94%

==== Epoch:159 Test ACC:49.94 ====

Ensenble {130: 4.722901344299316, 129: 4.730078315734863, 110: 4.735588455200196, 131: 4.7362470626831055, 91: 4.737168407440185, 'acc_5': 0.8436, 'acc_1': 0.834}
data saved

| Test	 Net1  Acc: 61.04%

==== Epoch:160 Test ACC:61.04 ====

Ensenble {130: 4.722901344299316, 129: 4.730078315734863, 110: 4.735588455200196, 131: 4.7362470626831055, 91: 4.737168407440185, 'acc_5': 0.8436, 'acc_1': 0.834}
data saved

| Test	 Net1  Acc: 35.88%

==== Epoch:161 Test ACC:35.88 ====

Ensenble {130: 4.722901344299316, 129: 4.730078315734863, 110: 4.735588455200196, 131: 4.7362470626831055, 91: 4.737168407440185, 'acc_5': 0.8436, 'acc_1': 0.834}
data saved

| Test	 Net1  Acc: 40.78%

==== Epoch:162 Test ACC:40.78 ====

Ensenble {130: 4.722901344299316, 129: 4.730078315734863, 110: 4.735588455200196, 131: 4.7362470626831055, 91: 4.737168407440185, 'acc_5': 0.8436, 'acc_1': 0.834}
data saved

| Test	 Net1  Acc: 60.64%

==== Epoch:163 Test ACC:60.64 ====

Ensenble {130: 4.722901344299316, 129: 4.730078315734863, 110: 4.735588455200196, 131: 4.7362470626831055, 91: 4.737168407440185, 'acc_5': 0.8436, 'acc_1': 0.834}
data saved

| Test	 Net1  Acc: 66.60%

==== Epoch:164 Test ACC:66.6 ====

Ensenble {130: 4.722901344299316, 129: 4.730078315734863, 110: 4.735588455200196, 131: 4.7362470626831055, 91: 4.737168407440185, 'acc_5': 0.8436, 'acc_1': 0.834}
data saved

| Test	 Net1  Acc: 63.86%

==== Epoch:165 Test ACC:63.86 ====

Ensenble {130: 4.722901344299316, 129: 4.730078315734863, 110: 4.735588455200196, 131: 4.7362470626831055, 91: 4.737168407440185, 'acc_5': 0.8436, 'acc_1': 0.834}
data saved

| Test	 Net1  Acc: 71.52%

==== Epoch:166 Test ACC:71.52 ====

Ensenble {130: 4.722901344299316, 129: 4.730078315734863, 110: 4.735588455200196, 131: 4.7362470626831055, 91: 4.737168407440185, 'acc_5': 0.8436, 'acc_1': 0.834}
data saved

| Test	 Net1  Acc: 73.80%

==== Epoch:167 Test ACC:73.8 ====

Ensenble {130: 4.722901344299316, 129: 4.730078315734863, 110: 4.735588455200196, 131: 4.7362470626831055, 91: 4.737168407440185, 'acc_5': 0.8436, 'acc_1': 0.834}
data saved

| Test	 Net1  Acc: 81.08%

==== Epoch:168 Test ACC:81.08 ====

Ensenble {168: 4.720260334014893, 130: 4.722901344299316, 129: 4.730078315734863, 110: 4.735588455200196, 131: 4.7362470626831055, 'acc_5': 0.8432, 'acc_1': 0.8108}
data saved

| Test	 Net1  Acc: 83.50%

==== Epoch:169 Test ACC:83.5 ====

Ensenble {168: 4.720260334014893, 130: 4.722901344299316, 169: 4.723430442810058, 129: 4.730078315734863, 110: 4.735588455200196, 'acc_5': 0.846, 'acc_1': 0.8108}
data saved

| Test	 Net1  Acc: 84.02%

==== Epoch:170 Test ACC:84.02 ====

Ensenble {168: 4.720260334014893, 130: 4.722901344299316, 169: 4.723430442810058, 129: 4.730078315734863, 170: 4.734031677246094, 'acc_5': 0.8416, 'acc_1': 0.8108}
data saved

| Test	 Net1  Acc: 83.58%

==== Epoch:171 Test ACC:83.58 ====

Ensenble {168: 4.720260334014893, 130: 4.722901344299316, 169: 4.723430442810058, 129: 4.730078315734863, 170: 4.734031677246094, 'acc_5': 0.8416, 'acc_1': 0.8108}
data saved

| Test	 Net1  Acc: 82.26%

==== Epoch:172 Test ACC:82.26 ====

Ensenble {168: 4.720260334014893, 130: 4.722901344299316, 169: 4.723430442810058, 129: 4.730078315734863, 170: 4.734031677246094, 'acc_5': 0.8416, 'acc_1': 0.8108}
data saved

| Test	 Net1  Acc: 80.10%

==== Epoch:173 Test ACC:80.1 ====

Ensenble {168: 4.720260334014893, 130: 4.722901344299316, 169: 4.723430442810058, 129: 4.730078315734863, 170: 4.734031677246094, 'acc_5': 0.8416, 'acc_1': 0.8108}
data saved

| Test	 Net1  Acc: 62.20%

==== Epoch:174 Test ACC:62.2 ====

Ensenble {168: 4.720260334014893, 130: 4.722901344299316, 169: 4.723430442810058, 129: 4.730078315734863, 170: 4.734031677246094, 'acc_5': 0.8416, 'acc_1': 0.8108}
data saved

| Test	 Net1  Acc: 65.72%

==== Epoch:175 Test ACC:65.72 ====

Ensenble {168: 4.720260334014893, 130: 4.722901344299316, 169: 4.723430442810058, 129: 4.730078315734863, 170: 4.734031677246094, 'acc_5': 0.8416, 'acc_1': 0.8108}
data saved

| Test	 Net1  Acc: 59.36%

==== Epoch:176 Test ACC:59.36 ====

Ensenble {168: 4.720260334014893, 130: 4.722901344299316, 169: 4.723430442810058, 129: 4.730078315734863, 170: 4.734031677246094, 'acc_5': 0.8416, 'acc_1': 0.8108}
data saved

| Test	 Net1  Acc: 38.20%

==== Epoch:177 Test ACC:38.2 ====

Ensenble {168: 4.720260334014893, 130: 4.722901344299316, 169: 4.723430442810058, 129: 4.730078315734863, 170: 4.734031677246094, 'acc_5': 0.8416, 'acc_1': 0.8108}
data saved

| Test	 Net1  Acc: 50.26%

==== Epoch:178 Test ACC:50.26 ====

Ensenble {168: 4.720260334014893, 130: 4.722901344299316, 169: 4.723430442810058, 129: 4.730078315734863, 170: 4.734031677246094, 'acc_5': 0.8416, 'acc_1': 0.8108}
data saved

| Test	 Net1  Acc: 53.10%

==== Epoch:179 Test ACC:53.1 ====

Ensenble {168: 4.720260334014893, 130: 4.722901344299316, 169: 4.723430442810058, 129: 4.730078315734863, 170: 4.734031677246094, 'acc_5': 0.8416, 'acc_1': 0.8108}
data saved

| Test	 Net1  Acc: 51.58%

==== Epoch:180 Test ACC:51.58 ====

Ensenble {168: 4.720260334014893, 130: 4.722901344299316, 169: 4.723430442810058, 129: 4.730078315734863, 170: 4.734031677246094, 'acc_5': 0.8416, 'acc_1': 0.8108}
data saved

| Test	 Net1  Acc: 49.60%

==== Epoch:181 Test ACC:49.6 ====

Ensenble {168: 4.720260334014893, 130: 4.722901344299316, 169: 4.723430442810058, 129: 4.730078315734863, 170: 4.734031677246094, 'acc_5': 0.8416, 'acc_1': 0.8108}
data saved

| Test	 Net1  Acc: 47.14%

==== Epoch:182 Test ACC:47.14 ====

Ensenble {168: 4.720260334014893, 130: 4.722901344299316, 169: 4.723430442810058, 129: 4.730078315734863, 170: 4.734031677246094, 'acc_5': 0.8416, 'acc_1': 0.8108}
data saved

| Test	 Net1  Acc: 63.52%

==== Epoch:183 Test ACC:63.52 ====

Ensenble {168: 4.720260334014893, 130: 4.722901344299316, 169: 4.723430442810058, 129: 4.730078315734863, 170: 4.734031677246094, 'acc_5': 0.8416, 'acc_1': 0.8108}
data saved

| Test	 Net1  Acc: 72.24%

==== Epoch:184 Test ACC:72.24 ====

Ensenble {168: 4.720260334014893, 130: 4.722901344299316, 169: 4.723430442810058, 129: 4.730078315734863, 170: 4.734031677246094, 'acc_5': 0.8416, 'acc_1': 0.8108}
data saved

| Test	 Net1  Acc: 73.04%

==== Epoch:185 Test ACC:73.04 ====

Ensenble {168: 4.720260334014893, 130: 4.722901344299316, 169: 4.723430442810058, 129: 4.730078315734863, 170: 4.734031677246094, 'acc_5': 0.8416, 'acc_1': 0.8108}
data saved

| Test	 Net1  Acc: 69.30%

==== Epoch:186 Test ACC:69.3 ====

Ensenble {168: 4.720260334014893, 130: 4.722901344299316, 169: 4.723430442810058, 129: 4.730078315734863, 170: 4.734031677246094, 'acc_5': 0.8416, 'acc_1': 0.8108}
data saved

| Test	 Net1  Acc: 73.00%

==== Epoch:187 Test ACC:73.0 ====

Ensenble {168: 4.720260334014893, 130: 4.722901344299316, 169: 4.723430442810058, 129: 4.730078315734863, 170: 4.734031677246094, 'acc_5': 0.8416, 'acc_1': 0.8108}
data saved

| Test	 Net1  Acc: 81.42%

==== Epoch:188 Test ACC:81.42 ====

Ensenble {168: 4.720260334014893, 130: 4.722901344299316, 169: 4.723430442810058, 188: 4.729662990570068, 129: 4.730078315734863, 'acc_5': 0.8452, 'acc_1': 0.8108}
data saved

| Test	 Net1  Acc: 83.96%

==== Epoch:189 Test ACC:83.96 ====

Ensenble {168: 4.720260334014893, 130: 4.722901344299316, 169: 4.723430442810058, 188: 4.729662990570068, 129: 4.730078315734863, 'acc_5': 0.8452, 'acc_1': 0.8108}
data saved

| Test	 Net1  Acc: 84.46%

==== Epoch:190 Test ACC:84.46 ====

Ensenble {168: 4.720260334014893, 130: 4.722901344299316, 169: 4.723430442810058, 188: 4.729662990570068, 129: 4.730078315734863, 'acc_5': 0.8452, 'acc_1': 0.8108}
data saved

| Test	 Net1  Acc: 84.52%

==== Epoch:191 Test ACC:84.52 ====

Ensenble {168: 4.720260334014893, 130: 4.722901344299316, 169: 4.723430442810058, 188: 4.729662990570068, 129: 4.730078315734863, 'acc_5': 0.8452, 'acc_1': 0.8108}
data saved

| Test	 Net1  Acc: 82.82%

==== Epoch:192 Test ACC:82.82 ====

Ensenble {168: 4.720260334014893, 130: 4.722901344299316, 169: 4.723430442810058, 188: 4.729662990570068, 129: 4.730078315734863, 'acc_5': 0.8452, 'acc_1': 0.8108}
data saved

| Test	 Net1  Acc: 75.72%

==== Epoch:193 Test ACC:75.72 ====

Ensenble {168: 4.720260334014893, 130: 4.722901344299316, 169: 4.723430442810058, 188: 4.729662990570068, 129: 4.730078315734863, 'acc_5': 0.8452, 'acc_1': 0.8108}
data saved
