/home/rhu/anaconda3/envs/py310/lib/python3.10/site-packages/torchvision/io/image.py:13: UserWarning: Failed to load image Python extension: '/home/rhu/anaconda3/envs/py310/lib/python3.10/site-packages/torchvision/image.so: undefined symbol: _ZN3c1017RegisterOperatorsD1Ev'If you don't plan on using image functionality from `torchvision.io`, you can ignore this warning. Otherwise, there might be something wrong with your environment. Did you have `libjpeg` or `libpng` installed before building `torchvision` from source?
  warn(
| Building net
data saved
data saved
Namespace(batch_size=128, lr=0.1, alpha=0.5, lambda_u=0, p_threshold=0.5, T=0.5, num_epochs=150, id='clothing1m_vri', data_path='../data', seed='9', gpuid=0, num_class=10, num_batches=3000, log_wandb=False, wandb_project='', wandb_experiment='', wandb_entity='', wandb_resume=False, need_clean=False, single_meta=0, moco_pretrained='/home/rhu/r_work/VRI/VRI_DivideMix/pretrained/ckpt_clothing_resnet50.pth', warmup=10, cos_lr=True, lam=0.01, meta_goal='clid', tau=0.5, meta_lr=0.01, meta_bsz=100, model='vgg')

| Test	 Net1  Acc: 37.34%

==== Test ACC:37.34 ====


| Test	 Net1  Acc: 44.38%

==== Test ACC:44.38 ====


| Test	 Net1  Acc: 47.52%

==== Test ACC:47.52 ====


| Test	 Net1  Acc: 48.86%

==== Test ACC:48.86 ====


| Test	 Net1  Acc: 51.06%

==== Test ACC:51.06 ====


| Test	 Net1  Acc: 52.34%

==== Test ACC:52.34 ====


| Test	 Net1  Acc: 56.26%

==== Test ACC:56.26 ====


| Test	 Net1  Acc: 58.90%

==== Test ACC:58.9 ====


| Test	 Net1  Acc: 64.78%

==== Test ACC:64.78 ====


| Test	 Net1  Acc: 54.02%

==== Test ACC:54.02 ====

data saved

| Test	 Net1  Acc: 50.58%

==== Epoch:10 Test ACC:50.58 ====

/home/rhu/anaconda3/envs/py310/lib/python3.10/site-packages/torch/optim/lr_scheduler.py:143: UserWarning: Detected call of `lr_scheduler.step()` before `optimizer.step()`. In PyTorch 1.1.0 and later, you should call them in the opposite order: `optimizer.step()` before `lr_scheduler.step()`.  Failure to do this will result in PyTorch skipping the first value of the learning rate schedule. See more details at https://pytorch.org/docs/stable/optim.html#how-to-adjust-learning-rate
  warnings.warn("Detected call of `lr_scheduler.step()` before `optimizer.step()`. "
Ensenble {10: 4.940237045288086, 'acc_5': 0.5058, 'acc_1': 0.5058}
data saved

| Test	 Net1  Acc: 46.12%

==== Epoch:11 Test ACC:46.12 ====

Ensenble {10: 4.940237045288086, 11: 4.941738796234131, 'acc_5': 0.5392, 'acc_1': 0.5058}
data saved

| Test	 Net1  Acc: 55.48%

==== Epoch:12 Test ACC:55.48 ====

Ensenble {12: 4.854139995574951, 10: 4.940237045288086, 11: 4.941738796234131, 'acc_5': 0.6218, 'acc_1': 0.5548}
data saved

| Test	 Net1  Acc: 51.52%

==== Epoch:13 Test ACC:51.52 ====

Ensenble {13: 4.820065307617187, 12: 4.854139995574951, 10: 4.940237045288086, 11: 4.941738796234131, 'acc_5': 0.6542, 'acc_1': 0.5152}
data saved

| Test	 Net1  Acc: 44.94%

==== Epoch:14 Test ACC:44.94 ====

Ensenble {13: 4.820065307617187, 12: 4.854139995574951, 10: 4.940237045288086, 11: 4.941738796234131, 14: 4.98984727859497, 'acc_5': 0.6522, 'acc_1': 0.5152}
data saved

| Test	 Net1  Acc: 57.34%

==== Epoch:15 Test ACC:57.34 ====

Ensenble {15: 4.80525016784668, 13: 4.820065307617187, 12: 4.854139995574951, 10: 4.940237045288086, 11: 4.941738796234131, 'acc_5': 0.6874, 'acc_1': 0.5734}
data saved

| Test	 Net1  Acc: 48.66%

==== Epoch:16 Test ACC:48.66 ====

Ensenble {15: 4.80525016784668, 13: 4.820065307617187, 12: 4.854139995574951, 10: 4.940237045288086, 11: 4.941738796234131, 'acc_5': 0.6874, 'acc_1': 0.5734}
data saved

| Test	 Net1  Acc: 61.10%

==== Epoch:17 Test ACC:61.1 ====

Ensenble {15: 4.80525016784668, 13: 4.820065307617187, 12: 4.854139995574951, 17: 4.854429912567139, 10: 4.940237045288086, 'acc_5': 0.7038, 'acc_1': 0.5734}
data saved

| Test	 Net1  Acc: 64.02%

==== Epoch:18 Test ACC:64.02 ====

Ensenble {15: 4.80525016784668, 13: 4.820065307617187, 18: 4.829834270477295, 12: 4.854139995574951, 17: 4.854429912567139, 'acc_5': 0.7038, 'acc_1': 0.5734}
data saved

| Test	 Net1  Acc: 56.48%

==== Epoch:19 Test ACC:56.48 ====

Ensenble {15: 4.80525016784668, 13: 4.820065307617187, 18: 4.829834270477295, 12: 4.854139995574951, 17: 4.854429912567139, 'acc_5': 0.7038, 'acc_1': 0.5734}
data saved

| Test	 Net1  Acc: 50.76%

==== Epoch:20 Test ACC:50.76 ====

Ensenble {15: 4.80525016784668, 13: 4.820065307617187, 20: 4.822470951080322, 18: 4.829834270477295, 12: 4.854139995574951, 'acc_5': 0.7104, 'acc_1': 0.5734}
data saved

| Test	 Net1  Acc: 50.20%

==== Epoch:21 Test ACC:50.2 ====

Ensenble {15: 4.80525016784668, 13: 4.820065307617187, 20: 4.822470951080322, 18: 4.829834270477295, 12: 4.854139995574951, 'acc_5': 0.7104, 'acc_1': 0.5734}
data saved

| Test	 Net1  Acc: 46.22%

==== Epoch:22 Test ACC:46.22 ====

Ensenble {15: 4.80525016784668, 13: 4.820065307617187, 20: 4.822470951080322, 18: 4.829834270477295, 12: 4.854139995574951, 'acc_5': 0.7104, 'acc_1': 0.5734}
data saved

| Test	 Net1  Acc: 50.72%

==== Epoch:23 Test ACC:50.72 ====

Ensenble {15: 4.80525016784668, 13: 4.820065307617187, 20: 4.822470951080322, 18: 4.829834270477295, 12: 4.854139995574951, 'acc_5': 0.7104, 'acc_1': 0.5734}
data saved

| Test	 Net1  Acc: 48.98%

==== Epoch:24 Test ACC:48.98 ====

Ensenble {15: 4.80525016784668, 13: 4.820065307617187, 20: 4.822470951080322, 18: 4.829834270477295, 24: 4.849975681304931, 'acc_5': 0.7028, 'acc_1': 0.5734}
data saved

| Test	 Net1  Acc: 57.92%

==== Epoch:25 Test ACC:57.92 ====

Ensenble {15: 4.80525016784668, 13: 4.820065307617187, 20: 4.822470951080322, 18: 4.829834270477295, 24: 4.849975681304931, 'acc_5': 0.7028, 'acc_1': 0.5734}
data saved

| Test	 Net1  Acc: 45.62%

==== Epoch:26 Test ACC:45.62 ====

Ensenble {15: 4.80525016784668, 13: 4.820065307617187, 20: 4.822470951080322, 18: 4.829834270477295, 24: 4.849975681304931, 'acc_5': 0.7028, 'acc_1': 0.5734}
data saved

| Test	 Net1  Acc: 46.10%

==== Epoch:27 Test ACC:46.1 ====

Ensenble {15: 4.80525016784668, 13: 4.820065307617187, 20: 4.822470951080322, 18: 4.829834270477295, 24: 4.849975681304931, 'acc_5': 0.7028, 'acc_1': 0.5734}
data saved

| Test	 Net1  Acc: 61.16%

==== Epoch:28 Test ACC:61.16 ====

Ensenble {15: 4.80525016784668, 13: 4.820065307617187, 20: 4.822470951080322, 18: 4.829834270477295, 24: 4.849975681304931, 'acc_5': 0.7028, 'acc_1': 0.5734}
data saved

| Test	 Net1  Acc: 53.12%

==== Epoch:29 Test ACC:53.12 ====

Ensenble {29: 4.765611171722412, 15: 4.80525016784668, 13: 4.820065307617187, 20: 4.822470951080322, 18: 4.829834270477295, 'acc_5': 0.7126, 'acc_1': 0.5312}
data saved

| Test	 Net1  Acc: 59.26%

==== Epoch:30 Test ACC:59.26 ====

Ensenble {29: 4.765611171722412, 15: 4.80525016784668, 30: 4.816042137145996, 13: 4.820065307617187, 20: 4.822470951080322, 'acc_5': 0.7178, 'acc_1': 0.5312}
data saved

| Test	 Net1  Acc: 51.14%

==== Epoch:31 Test ACC:51.14 ====

Ensenble {31: 4.66320571899414, 29: 4.765611171722412, 15: 4.80525016784668, 30: 4.816042137145996, 13: 4.820065307617187, 'acc_5': 0.6878, 'acc_1': 0.5114}
data saved

| Test	 Net1  Acc: 52.48%

==== Epoch:32 Test ACC:52.48 ====

Ensenble {31: 4.66320571899414, 29: 4.765611171722412, 15: 4.80525016784668, 30: 4.816042137145996, 13: 4.820065307617187, 'acc_5': 0.6878, 'acc_1': 0.5114}
data saved

| Test	 Net1  Acc: 53.80%

==== Epoch:33 Test ACC:53.8 ====

Ensenble {31: 4.66320571899414, 33: 4.705655097961426, 29: 4.765611171722412, 15: 4.80525016784668, 30: 4.816042137145996, 'acc_5': 0.6846, 'acc_1': 0.5114}
data saved

| Test	 Net1  Acc: 55.40%

==== Epoch:34 Test ACC:55.4 ====

Ensenble {31: 4.66320571899414, 33: 4.705655097961426, 29: 4.765611171722412, 34: 4.796035671234131, 15: 4.80525016784668, 'acc_5': 0.6716, 'acc_1': 0.5114}
data saved

| Test	 Net1  Acc: 59.50%

==== Epoch:35 Test ACC:59.5 ====

Ensenble {31: 4.66320571899414, 33: 4.705655097961426, 29: 4.765611171722412, 34: 4.796035671234131, 15: 4.80525016784668, 'acc_5': 0.6716, 'acc_1': 0.5114}
data saved

| Test	 Net1  Acc: 55.92%

==== Epoch:36 Test ACC:55.92 ====

Ensenble {31: 4.66320571899414, 33: 4.705655097961426, 29: 4.765611171722412, 34: 4.796035671234131, 15: 4.80525016784668, 'acc_5': 0.6716, 'acc_1': 0.5114}
data saved

| Test	 Net1  Acc: 53.36%

==== Epoch:37 Test ACC:53.36 ====

Ensenble {31: 4.66320571899414, 33: 4.705655097961426, 29: 4.765611171722412, 34: 4.796035671234131, 15: 4.80525016784668, 'acc_5': 0.6716, 'acc_1': 0.5114}
data saved

| Test	 Net1  Acc: 57.04%

==== Epoch:38 Test ACC:57.04 ====

Ensenble {31: 4.66320571899414, 33: 4.705655097961426, 29: 4.765611171722412, 38: 4.7746988296508786, 34: 4.796035671234131, 'acc_5': 0.6698, 'acc_1': 0.5114}
data saved

| Test	 Net1  Acc: 67.42%

==== Epoch:39 Test ACC:67.42 ====

Ensenble {39: 4.637565803527832, 31: 4.66320571899414, 33: 4.705655097961426, 29: 4.765611171722412, 38: 4.7746988296508786, 'acc_5': 0.7036, 'acc_1': 0.6742}
data saved

| Test	 Net1  Acc: 62.96%

==== Epoch:40 Test ACC:62.96 ====

Ensenble {39: 4.637565803527832, 31: 4.66320571899414, 33: 4.705655097961426, 40: 4.730667304992676, 29: 4.765611171722412, 'acc_5': 0.7106, 'acc_1': 0.6742}
data saved

| Test	 Net1  Acc: 55.20%

==== Epoch:41 Test ACC:55.2 ====

Ensenble {39: 4.637565803527832, 31: 4.66320571899414, 33: 4.705655097961426, 41: 4.719975566864013, 40: 4.730667304992676, 'acc_5': 0.6872, 'acc_1': 0.6742}
data saved

| Test	 Net1  Acc: 60.68%

==== Epoch:42 Test ACC:60.68 ====

Ensenble {39: 4.637565803527832, 31: 4.66320571899414, 33: 4.705655097961426, 42: 4.709411525726319, 41: 4.719975566864013, 'acc_5': 0.6934, 'acc_1': 0.6742}
data saved

| Test	 Net1  Acc: 56.84%

==== Epoch:43 Test ACC:56.84 ====

Ensenble {39: 4.637565803527832, 31: 4.66320571899414, 33: 4.705655097961426, 42: 4.709411525726319, 41: 4.719975566864013, 'acc_5': 0.6934, 'acc_1': 0.6742}
data saved

| Test	 Net1  Acc: 62.68%

==== Epoch:44 Test ACC:62.68 ====

Ensenble {39: 4.637565803527832, 31: 4.66320571899414, 33: 4.705655097961426, 42: 4.709411525726319, 41: 4.719975566864013, 'acc_5': 0.6934, 'acc_1': 0.6742}
data saved

| Test	 Net1  Acc: 55.38%

==== Epoch:45 Test ACC:55.38 ====

Ensenble {39: 4.637565803527832, 31: 4.66320571899414, 33: 4.705655097961426, 42: 4.709411525726319, 41: 4.719975566864013, 'acc_5': 0.6934, 'acc_1': 0.6742}
data saved

| Test	 Net1  Acc: 64.58%

==== Epoch:46 Test ACC:64.58 ====

Ensenble {39: 4.637565803527832, 31: 4.66320571899414, 33: 4.705655097961426, 42: 4.709411525726319, 41: 4.719975566864013, 'acc_5': 0.6934, 'acc_1': 0.6742}
data saved

| Test	 Net1  Acc: 54.42%

==== Epoch:47 Test ACC:54.42 ====

Ensenble {39: 4.637565803527832, 31: 4.66320571899414, 33: 4.705655097961426, 42: 4.709411525726319, 41: 4.719975566864013, 'acc_5': 0.6934, 'acc_1': 0.6742}
data saved

| Test	 Net1  Acc: 67.48%

==== Epoch:48 Test ACC:67.48 ====

Ensenble {39: 4.637565803527832, 31: 4.66320571899414, 33: 4.705655097961426, 42: 4.709411525726319, 41: 4.719975566864013, 'acc_5': 0.6934, 'acc_1': 0.6742}
data saved

| Test	 Net1  Acc: 55.96%

==== Epoch:49 Test ACC:55.96 ====

Ensenble {39: 4.637565803527832, 31: 4.66320571899414, 33: 4.705655097961426, 42: 4.709411525726319, 41: 4.719975566864013, 'acc_5': 0.6934, 'acc_1': 0.6742}
data saved

| Test	 Net1  Acc: 63.36%

==== Epoch:50 Test ACC:63.36 ====

Ensenble {39: 4.637565803527832, 31: 4.66320571899414, 33: 4.705655097961426, 42: 4.709411525726319, 41: 4.719975566864013, 'acc_5': 0.6934, 'acc_1': 0.6742}
data saved

| Test	 Net1  Acc: 60.70%

==== Epoch:51 Test ACC:60.7 ====

Ensenble {39: 4.637565803527832, 31: 4.66320571899414, 33: 4.705655097961426, 42: 4.709411525726319, 41: 4.719975566864013, 'acc_5': 0.6934, 'acc_1': 0.6742}
data saved

| Test	 Net1  Acc: 67.24%

==== Epoch:52 Test ACC:67.24 ====

Ensenble {39: 4.637565803527832, 31: 4.66320571899414, 33: 4.705655097961426, 42: 4.709411525726319, 41: 4.719975566864013, 'acc_5': 0.6934, 'acc_1': 0.6742}
data saved

| Test	 Net1  Acc: 65.14%

==== Epoch:53 Test ACC:65.14 ====

Ensenble {39: 4.637565803527832, 31: 4.66320571899414, 33: 4.705655097961426, 42: 4.709411525726319, 41: 4.719975566864013, 'acc_5': 0.6934, 'acc_1': 0.6742}
data saved

| Test	 Net1  Acc: 68.16%

==== Epoch:54 Test ACC:68.16 ====

Ensenble {39: 4.637565803527832, 31: 4.66320571899414, 33: 4.705655097961426, 42: 4.709411525726319, 41: 4.719975566864013, 'acc_5': 0.6934, 'acc_1': 0.6742}
data saved

| Test	 Net1  Acc: 52.94%

==== Epoch:55 Test ACC:52.94 ====

Ensenble {39: 4.637565803527832, 31: 4.66320571899414, 33: 4.705655097961426, 42: 4.709411525726319, 41: 4.719975566864013, 'acc_5': 0.6934, 'acc_1': 0.6742}
data saved

| Test	 Net1  Acc: 62.54%

==== Epoch:56 Test ACC:62.54 ====

Ensenble {39: 4.637565803527832, 31: 4.66320571899414, 33: 4.705655097961426, 42: 4.709411525726319, 56: 4.714682865142822, 'acc_5': 0.706, 'acc_1': 0.6742}
data saved

| Test	 Net1  Acc: 52.40%

==== Epoch:57 Test ACC:52.4 ====

Ensenble {39: 4.637565803527832, 31: 4.66320571899414, 33: 4.705655097961426, 42: 4.709411525726319, 56: 4.714682865142822, 'acc_5': 0.706, 'acc_1': 0.6742}
data saved

| Test	 Net1  Acc: 62.32%

==== Epoch:58 Test ACC:62.32 ====

Ensenble {39: 4.637565803527832, 31: 4.66320571899414, 33: 4.705655097961426, 42: 4.709411525726319, 56: 4.714682865142822, 'acc_5': 0.706, 'acc_1': 0.6742}
data saved

| Test	 Net1  Acc: 62.00%

==== Epoch:59 Test ACC:62.0 ====

Ensenble {39: 4.637565803527832, 31: 4.66320571899414, 33: 4.705655097961426, 42: 4.709411525726319, 56: 4.714682865142822, 'acc_5': 0.706, 'acc_1': 0.6742}
data saved

| Test	 Net1  Acc: 59.64%

==== Epoch:60 Test ACC:59.64 ====

Ensenble {39: 4.637565803527832, 31: 4.66320571899414, 33: 4.705655097961426, 42: 4.709411525726319, 56: 4.714682865142822, 'acc_5': 0.706, 'acc_1': 0.6742}
data saved

| Test	 Net1  Acc: 68.06%

==== Epoch:61 Test ACC:68.06 ====

Ensenble {39: 4.637565803527832, 31: 4.66320571899414, 33: 4.705655097961426, 42: 4.709411525726319, 56: 4.714682865142822, 'acc_5': 0.706, 'acc_1': 0.6742}
data saved

| Test	 Net1  Acc: 64.02%

==== Epoch:62 Test ACC:64.02 ====

Ensenble {39: 4.637565803527832, 31: 4.66320571899414, 62: 4.686532020568848, 33: 4.705655097961426, 42: 4.709411525726319, 'acc_5': 0.719, 'acc_1': 0.6742}
data saved

| Test	 Net1  Acc: 69.10%

==== Epoch:63 Test ACC:69.1 ====

Ensenble {39: 4.637565803527832, 31: 4.66320571899414, 62: 4.686532020568848, 33: 4.705655097961426, 42: 4.709411525726319, 'acc_5': 0.719, 'acc_1': 0.6742}
data saved

| Test	 Net1  Acc: 66.26%

==== Epoch:64 Test ACC:66.26 ====

Ensenble {39: 4.637565803527832, 31: 4.66320571899414, 62: 4.686532020568848, 33: 4.705655097961426, 42: 4.709411525726319, 'acc_5': 0.719, 'acc_1': 0.6742}
data saved

| Test	 Net1  Acc: 62.16%

==== Epoch:65 Test ACC:62.16 ====

Ensenble {39: 4.637565803527832, 31: 4.66320571899414, 62: 4.686532020568848, 65: 4.698373889923095, 33: 4.705655097961426, 'acc_5': 0.7228, 'acc_1': 0.6742}
data saved

| Test	 Net1  Acc: 65.56%

==== Epoch:66 Test ACC:65.56 ====

Ensenble {39: 4.637565803527832, 31: 4.66320571899414, 62: 4.686532020568848, 65: 4.698373889923095, 33: 4.705655097961426, 'acc_5': 0.7228, 'acc_1': 0.6742}
data saved

| Test	 Net1  Acc: 68.74%

==== Epoch:67 Test ACC:68.74 ====

Ensenble {39: 4.637565803527832, 31: 4.66320571899414, 62: 4.686532020568848, 67: 4.690619373321534, 65: 4.698373889923095, 'acc_5': 0.7488, 'acc_1': 0.6742}
data saved

| Test	 Net1  Acc: 65.60%

==== Epoch:68 Test ACC:65.6 ====

Ensenble {39: 4.637565803527832, 31: 4.66320571899414, 62: 4.686532020568848, 67: 4.690619373321534, 65: 4.698373889923095, 'acc_5': 0.7488, 'acc_1': 0.6742}
data saved

| Test	 Net1  Acc: 68.42%

==== Epoch:69 Test ACC:68.42 ====

Ensenble {39: 4.637565803527832, 31: 4.66320571899414, 62: 4.686532020568848, 67: 4.690619373321534, 65: 4.698373889923095, 'acc_5': 0.7488, 'acc_1': 0.6742}
data saved

| Test	 Net1  Acc: 67.58%

==== Epoch:70 Test ACC:67.58 ====

Ensenble {70: 4.636739826202392, 39: 4.637565803527832, 31: 4.66320571899414, 62: 4.686532020568848, 67: 4.690619373321534, 'acc_5': 0.7462, 'acc_1': 0.6758}
data saved

| Test	 Net1  Acc: 67.70%

==== Epoch:71 Test ACC:67.7 ====

Ensenble {70: 4.636739826202392, 39: 4.637565803527832, 31: 4.66320571899414, 62: 4.686532020568848, 67: 4.690619373321534, 'acc_5': 0.7462, 'acc_1': 0.6758}
data saved

| Test	 Net1  Acc: 51.82%

==== Epoch:72 Test ACC:51.82 ====

Ensenble {70: 4.636739826202392, 39: 4.637565803527832, 31: 4.66320571899414, 62: 4.686532020568848, 67: 4.690619373321534, 'acc_5': 0.7462, 'acc_1': 0.6758}
data saved

| Test	 Net1  Acc: 60.40%

==== Epoch:73 Test ACC:60.4 ====

Ensenble {70: 4.636739826202392, 39: 4.637565803527832, 31: 4.66320571899414, 62: 4.686532020568848, 67: 4.690619373321534, 'acc_5': 0.7462, 'acc_1': 0.6758}
data saved

| Test	 Net1  Acc: 66.78%

==== Epoch:74 Test ACC:66.78 ====

Ensenble {70: 4.636739826202392, 39: 4.637565803527832, 31: 4.66320571899414, 74: 4.674303436279297, 62: 4.686532020568848, 'acc_5': 0.7482, 'acc_1': 0.6758}
data saved

| Test	 Net1  Acc: 59.48%

==== Epoch:75 Test ACC:59.48 ====

Ensenble {70: 4.636739826202392, 39: 4.637565803527832, 31: 4.66320571899414, 74: 4.674303436279297, 62: 4.686532020568848, 'acc_5': 0.7482, 'acc_1': 0.6758}
data saved

| Test	 Net1  Acc: 62.34%

==== Epoch:76 Test ACC:62.34 ====

Ensenble {70: 4.636739826202392, 39: 4.637565803527832, 31: 4.66320571899414, 76: 4.668612861633301, 74: 4.674303436279297, 'acc_5': 0.7304, 'acc_1': 0.6758}
data saved

| Test	 Net1  Acc: 60.16%

==== Epoch:77 Test ACC:60.16 ====

Ensenble {70: 4.636739826202392, 39: 4.637565803527832, 31: 4.66320571899414, 76: 4.668612861633301, 74: 4.674303436279297, 'acc_5': 0.7304, 'acc_1': 0.6758}
data saved

| Test	 Net1  Acc: 66.16%

==== Epoch:78 Test ACC:66.16 ====

Ensenble {70: 4.636739826202392, 39: 4.637565803527832, 31: 4.66320571899414, 76: 4.668612861633301, 74: 4.674303436279297, 'acc_5': 0.7304, 'acc_1': 0.6758}
data saved

| Test	 Net1  Acc: 67.18%

==== Epoch:79 Test ACC:67.18 ====

Ensenble {79: 4.634875011444092, 70: 4.636739826202392, 39: 4.637565803527832, 31: 4.66320571899414, 76: 4.668612861633301, 'acc_5': 0.7166, 'acc_1': 0.6718}
data saved

| Test	 Net1  Acc: 66.32%

==== Epoch:80 Test ACC:66.32 ====

Ensenble {79: 4.634875011444092, 70: 4.636739826202392, 39: 4.637565803527832, 31: 4.66320571899414, 76: 4.668612861633301, 'acc_5': 0.7166, 'acc_1': 0.6718}
data saved

| Test	 Net1  Acc: 54.88%

==== Epoch:81 Test ACC:54.88 ====

Ensenble {79: 4.634875011444092, 70: 4.636739826202392, 39: 4.637565803527832, 31: 4.66320571899414, 76: 4.668612861633301, 'acc_5': 0.7166, 'acc_1': 0.6718}
data saved

| Test	 Net1  Acc: 69.44%

==== Epoch:82 Test ACC:69.44 ====

Ensenble {79: 4.634875011444092, 70: 4.636739826202392, 39: 4.637565803527832, 82: 4.643849277496338, 31: 4.66320571899414, 'acc_5': 0.7536, 'acc_1': 0.6718}
data saved

| Test	 Net1  Acc: 66.10%

==== Epoch:83 Test ACC:66.1 ====

Ensenble {79: 4.634875011444092, 70: 4.636739826202392, 39: 4.637565803527832, 82: 4.643849277496338, 31: 4.66320571899414, 'acc_5': 0.7536, 'acc_1': 0.6718}
data saved

| Test	 Net1  Acc: 61.12%

==== Epoch:84 Test ACC:61.12 ====

Ensenble {79: 4.634875011444092, 70: 4.636739826202392, 39: 4.637565803527832, 82: 4.643849277496338, 31: 4.66320571899414, 'acc_5': 0.7536, 'acc_1': 0.6718}
data saved

| Test	 Net1  Acc: 68.94%

==== Epoch:85 Test ACC:68.94 ====

Ensenble {85: 4.633801651000977, 79: 4.634875011444092, 70: 4.636739826202392, 39: 4.637565803527832, 82: 4.643849277496338, 'acc_5': 0.7962, 'acc_1': 0.6894}
data saved

| Test	 Net1  Acc: 74.50%

==== Epoch:86 Test ACC:74.5 ====

Ensenble {85: 4.633801651000977, 79: 4.634875011444092, 70: 4.636739826202392, 39: 4.637565803527832, 82: 4.643849277496338, 'acc_5': 0.7962, 'acc_1': 0.6894}
data saved

| Test	 Net1  Acc: 67.08%

==== Epoch:87 Test ACC:67.08 ====

Ensenble {85: 4.633801651000977, 79: 4.634875011444092, 70: 4.636739826202392, 39: 4.637565803527832, 82: 4.643849277496338, 'acc_5': 0.7962, 'acc_1': 0.6894}
data saved

| Test	 Net1  Acc: 72.56%

==== Epoch:88 Test ACC:72.56 ====

Ensenble {88: 4.615278816223144, 85: 4.633801651000977, 79: 4.634875011444092, 70: 4.636739826202392, 39: 4.637565803527832, 'acc_5': 0.7932, 'acc_1': 0.7256}
data saved

| Test	 Net1  Acc: 70.02%

==== Epoch:89 Test ACC:70.02 ====

Ensenble {89: 4.587608051300049, 88: 4.615278816223144, 85: 4.633801651000977, 79: 4.634875011444092, 70: 4.636739826202392, 'acc_5': 0.7902, 'acc_1': 0.7002}
data saved

| Test	 Net1  Acc: 65.40%

==== Epoch:90 Test ACC:65.4 ====

Ensenble {89: 4.587608051300049, 88: 4.615278816223144, 85: 4.633801651000977, 79: 4.634875011444092, 70: 4.636739826202392, 'acc_5': 0.7902, 'acc_1': 0.7002}
data saved

| Test	 Net1  Acc: 68.96%

==== Epoch:91 Test ACC:68.96 ====

Ensenble {89: 4.587608051300049, 88: 4.615278816223144, 85: 4.633801651000977, 79: 4.634875011444092, 70: 4.636739826202392, 'acc_5': 0.7902, 'acc_1': 0.7002}
data saved

| Test	 Net1  Acc: 69.50%

==== Epoch:92 Test ACC:69.5 ====

Ensenble {89: 4.587608051300049, 88: 4.615278816223144, 92: 4.616569519042969, 85: 4.633801651000977, 79: 4.634875011444092, 'acc_5': 0.7994, 'acc_1': 0.7002}
data saved

| Test	 Net1  Acc: 70.86%

==== Epoch:93 Test ACC:70.86 ====

Ensenble {89: 4.587608051300049, 93: 4.6029744148254395, 88: 4.615278816223144, 92: 4.616569519042969, 85: 4.633801651000977, 'acc_5': 0.7956, 'acc_1': 0.7002}
data saved

| Test	 Net1  Acc: 68.30%

==== Epoch:94 Test ACC:68.3 ====

Ensenble {94: 4.564038372039795, 89: 4.587608051300049, 93: 4.6029744148254395, 88: 4.615278816223144, 92: 4.616569519042969, 'acc_5': 0.8062, 'acc_1': 0.683}
data saved

| Test	 Net1  Acc: 64.08%

==== Epoch:95 Test ACC:64.08 ====

Ensenble {94: 4.564038372039795, 89: 4.587608051300049, 93: 4.6029744148254395, 88: 4.615278816223144, 92: 4.616569519042969, 'acc_5': 0.8062, 'acc_1': 0.683}
data saved

| Test	 Net1  Acc: 72.42%

==== Epoch:96 Test ACC:72.42 ====

Ensenble {96: 4.558694458007812, 94: 4.564038372039795, 89: 4.587608051300049, 93: 4.6029744148254395, 88: 4.615278816223144, 'acc_5': 0.8098, 'acc_1': 0.7242}
data saved

| Test	 Net1  Acc: 74.90%

==== Epoch:97 Test ACC:74.9 ====

Ensenble {97: 4.5430145263671875, 96: 4.558694458007812, 94: 4.564038372039795, 89: 4.587608051300049, 93: 4.6029744148254395, 'acc_5': 0.8198, 'acc_1': 0.749}
data saved

| Test	 Net1  Acc: 62.44%

==== Epoch:98 Test ACC:62.44 ====

Ensenble {97: 4.5430145263671875, 96: 4.558694458007812, 94: 4.564038372039795, 89: 4.587608051300049, 93: 4.6029744148254395, 'acc_5': 0.8198, 'acc_1': 0.749}
data saved

| Test	 Net1  Acc: 73.02%

==== Epoch:99 Test ACC:73.02 ====

Ensenble {97: 4.5430145263671875, 96: 4.558694458007812, 94: 4.564038372039795, 89: 4.587608051300049, 99: 4.589850044250488, 'acc_5': 0.8244, 'acc_1': 0.749}
data saved

| Test	 Net1  Acc: 72.76%

==== Epoch:100 Test ACC:72.76 ====

Ensenble {97: 4.5430145263671875, 96: 4.558694458007812, 94: 4.564038372039795, 100: 4.571233940124512, 89: 4.587608051300049, 'acc_5': 0.8286, 'acc_1': 0.749}
data saved

| Test	 Net1  Acc: 68.54%

==== Epoch:101 Test ACC:68.54 ====

Ensenble {97: 4.5430145263671875, 96: 4.558694458007812, 94: 4.564038372039795, 100: 4.571233940124512, 89: 4.587608051300049, 'acc_5': 0.8286, 'acc_1': 0.749}
data saved

| Test	 Net1  Acc: 77.70%

==== Epoch:102 Test ACC:77.7 ====

Ensenble {97: 4.5430145263671875, 96: 4.558694458007812, 94: 4.564038372039795, 102: 4.568963241577149, 100: 4.571233940124512, 'acc_5': 0.8256, 'acc_1': 0.749}
data saved

| Test	 Net1  Acc: 68.54%

==== Epoch:103 Test ACC:68.54 ====

Ensenble {97: 4.5430145263671875, 96: 4.558694458007812, 94: 4.564038372039795, 102: 4.568963241577149, 100: 4.571233940124512, 'acc_5': 0.8256, 'acc_1': 0.749}
data saved

| Test	 Net1  Acc: 65.14%

==== Epoch:104 Test ACC:65.14 ====

Ensenble {97: 4.5430145263671875, 96: 4.558694458007812, 94: 4.564038372039795, 102: 4.568963241577149, 100: 4.571233940124512, 'acc_5': 0.8256, 'acc_1': 0.749}
data saved

| Test	 Net1  Acc: 75.16%

==== Epoch:105 Test ACC:75.16 ====

Ensenble {97: 4.5430145263671875, 105: 4.554651546478271, 96: 4.558694458007812, 94: 4.564038372039795, 102: 4.568963241577149, 'acc_5': 0.8182, 'acc_1': 0.749}
data saved

| Test	 Net1  Acc: 73.02%

==== Epoch:106 Test ACC:73.02 ====

Ensenble {106: 4.484476852416992, 97: 4.5430145263671875, 105: 4.554651546478271, 96: 4.558694458007812, 94: 4.564038372039795, 'acc_5': 0.8216, 'acc_1': 0.7302}
data saved

| Test	 Net1  Acc: 75.38%

==== Epoch:107 Test ACC:75.38 ====

Ensenble {106: 4.484476852416992, 97: 4.5430145263671875, 105: 4.554651546478271, 96: 4.558694458007812, 94: 4.564038372039795, 'acc_5': 0.8216, 'acc_1': 0.7302}
data saved

| Test	 Net1  Acc: 76.52%

==== Epoch:108 Test ACC:76.52 ====

Ensenble {106: 4.484476852416992, 97: 4.5430145263671875, 105: 4.554651546478271, 96: 4.558694458007812, 108: 4.559174633026123, 'acc_5': 0.8338, 'acc_1': 0.7302}
data saved

| Test	 Net1  Acc: 77.74%

==== Epoch:109 Test ACC:77.74 ====

Ensenble {106: 4.484476852416992, 109: 4.539636421203613, 97: 4.5430145263671875, 105: 4.554651546478271, 96: 4.558694458007812, 'acc_5': 0.8334, 'acc_1': 0.7302}
data saved

| Test	 Net1  Acc: 74.56%

==== Epoch:110 Test ACC:74.56 ====

Ensenble {106: 4.484476852416992, 109: 4.539636421203613, 110: 4.541724300384521, 97: 4.5430145263671875, 105: 4.554651546478271, 'acc_5': 0.8332, 'acc_1': 0.7302}
data saved

| Test	 Net1  Acc: 76.08%

==== Epoch:111 Test ACC:76.08 ====

Ensenble {106: 4.484476852416992, 109: 4.539636421203613, 110: 4.541724300384521, 97: 4.5430145263671875, 111: 4.549644660949707, 'acc_5': 0.838, 'acc_1': 0.7302}
data saved

| Test	 Net1  Acc: 75.82%

==== Epoch:112 Test ACC:75.82 ====

Ensenble {106: 4.484476852416992, 109: 4.539636421203613, 110: 4.541724300384521, 97: 4.5430145263671875, 111: 4.549644660949707, 'acc_5': 0.838, 'acc_1': 0.7302}
data saved

| Test	 Net1  Acc: 74.60%

==== Epoch:113 Test ACC:74.6 ====

Ensenble {106: 4.484476852416992, 113: 4.508995914459229, 109: 4.539636421203613, 110: 4.541724300384521, 97: 4.5430145263671875, 'acc_5': 0.8348, 'acc_1': 0.7302}
data saved

| Test	 Net1  Acc: 76.16%

==== Epoch:114 Test ACC:76.16 ====

Ensenble {106: 4.484476852416992, 113: 4.508995914459229, 114: 4.528077220916748, 109: 4.539636421203613, 110: 4.541724300384521, 'acc_5': 0.832, 'acc_1': 0.7302}
data saved

| Test	 Net1  Acc: 78.06%

==== Epoch:115 Test ACC:78.06 ====

Ensenble {115: 4.47874641418457, 106: 4.484476852416992, 113: 4.508995914459229, 114: 4.528077220916748, 109: 4.539636421203613, 'acc_5': 0.8388, 'acc_1': 0.7806}
data saved

| Test	 Net1  Acc: 79.80%

==== Epoch:116 Test ACC:79.8 ====

Ensenble {116: 4.469160747528076, 115: 4.47874641418457, 106: 4.484476852416992, 113: 4.508995914459229, 114: 4.528077220916748, 'acc_5': 0.8396, 'acc_1': 0.798}
data saved

| Test	 Net1  Acc: 77.30%

==== Epoch:117 Test ACC:77.3 ====

Ensenble {116: 4.469160747528076, 115: 4.47874641418457, 106: 4.484476852416992, 117: 4.500574970245362, 113: 4.508995914459229, 'acc_5': 0.8356, 'acc_1': 0.798}
data saved

| Test	 Net1  Acc: 78.86%

==== Epoch:118 Test ACC:78.86 ====

Ensenble {118: 4.442173957824707, 116: 4.469160747528076, 115: 4.47874641418457, 106: 4.484476852416992, 117: 4.500574970245362, 'acc_5': 0.836, 'acc_1': 0.7886}
data saved

| Test	 Net1  Acc: 80.60%

==== Epoch:119 Test ACC:80.6 ====

Ensenble {118: 4.442173957824707, 119: 4.446828937530517, 116: 4.469160747528076, 115: 4.47874641418457, 106: 4.484476852416992, 'acc_5': 0.845, 'acc_1': 0.7886}
data saved

| Test	 Net1  Acc: 79.26%

==== Epoch:120 Test ACC:79.26 ====

Ensenble {118: 4.442173957824707, 119: 4.446828937530517, 116: 4.469160747528076, 115: 4.47874641418457, 106: 4.484476852416992, 'acc_5': 0.845, 'acc_1': 0.7886}
data saved

| Test	 Net1  Acc: 77.98%

==== Epoch:121 Test ACC:77.98 ====

Ensenble {118: 4.442173957824707, 119: 4.446828937530517, 116: 4.469160747528076, 115: 4.47874641418457, 106: 4.484476852416992, 'acc_5': 0.845, 'acc_1': 0.7886}
data saved

| Test	 Net1  Acc: 71.52%

==== Epoch:122 Test ACC:71.52 ====

Ensenble {118: 4.442173957824707, 119: 4.446828937530517, 116: 4.469160747528076, 115: 4.47874641418457, 106: 4.484476852416992, 'acc_5': 0.845, 'acc_1': 0.7886}
data saved

| Test	 Net1  Acc: 78.42%

==== Epoch:123 Test ACC:78.42 ====

Ensenble {118: 4.442173957824707, 119: 4.446828937530517, 116: 4.469160747528076, 115: 4.47874641418457, 106: 4.484476852416992, 'acc_5': 0.845, 'acc_1': 0.7886}
data saved

| Test	 Net1  Acc: 79.36%

==== Epoch:124 Test ACC:79.36 ====

Ensenble {124: 4.42804069519043, 118: 4.442173957824707, 119: 4.446828937530517, 116: 4.469160747528076, 115: 4.47874641418457, 'acc_5': 0.8476, 'acc_1': 0.7936}
data saved

| Test	 Net1  Acc: 81.40%

==== Epoch:125 Test ACC:81.4 ====

Ensenble {125: 4.418138694763184, 124: 4.42804069519043, 118: 4.442173957824707, 119: 4.446828937530517, 116: 4.469160747528076, 'acc_5': 0.8462, 'acc_1': 0.814}
data saved

| Test	 Net1  Acc: 77.30%

==== Epoch:126 Test ACC:77.3 ====

Ensenble {126: 4.411985778808594, 125: 4.418138694763184, 124: 4.42804069519043, 118: 4.442173957824707, 119: 4.446828937530517, 'acc_5': 0.8414, 'acc_1': 0.773}
data saved

| Test	 Net1  Acc: 77.66%

==== Epoch:127 Test ACC:77.66 ====

Ensenble {126: 4.411985778808594, 125: 4.418138694763184, 124: 4.42804069519043, 127: 4.434608364105225, 118: 4.442173957824707, 'acc_5': 0.8362, 'acc_1': 0.773}
data saved

| Test	 Net1  Acc: 79.78%

==== Epoch:128 Test ACC:79.78 ====

