/home/rhu/anaconda3/envs/py310/lib/python3.10/site-packages/torchvision/io/image.py:13: UserWarning: Failed to load image Python extension: '/home/rhu/anaconda3/envs/py310/lib/python3.10/site-packages/torchvision/image.so: undefined symbol: _ZN3c1017RegisterOperatorsD1Ev'If you don't plan on using image functionality from `torchvision.io`, you can ignore this warning. Otherwise, there might be something wrong with your environment. Did you have `libjpeg` or `libpng` installed before building `torchvision` from source?
  warn(
| Building net
data saved
data saved
Namespace(batch_size=128, lr=0.02, alpha=0.5, lambda_u=0, p_threshold=0.5, T=0.5, num_epochs=200, id='clothing1m_vri', data_path='../data', seed='2', gpuid=0, num_class=10, num_batches=3000, log_wandb=False, wandb_project='', wandb_experiment='', wandb_entity='', wandb_resume=False, need_clean=False, single_meta=0, moco_pretrained='/home/rhu/r_work/VRI/VRI_DivideMix/pretrained/ckpt_clothing_resnet50.pth', warmup=0, cos_lr=False, lam=0.01, meta_goal='clid', tau=0.5, meta_lr=0.01, meta_bsz=100, model='vgg')
data saved

| Test	 Net1  Acc: 32.22%

==== Epoch:0 Test ACC:32.22 ====

Ensenble {0: 5.138697242736816, 'acc_5': 0.3222, 'acc_1': 0.3222}
data saved

| Test	 Net1  Acc: 37.04%

==== Epoch:1 Test ACC:37.04 ====

Ensenble {1: 5.0074797630310055, 0: 5.138697242736816, 'acc_5': 0.3772, 'acc_1': 0.3704}
data saved

| Test	 Net1  Acc: 48.96%

==== Epoch:2 Test ACC:48.96 ====

Ensenble {2: 4.965018844604492, 1: 5.0074797630310055, 0: 5.138697242736816, 'acc_5': 0.4728, 'acc_1': 0.4896}
data saved

| Test	 Net1  Acc: 46.20%

==== Epoch:3 Test ACC:46.2 ====

Ensenble {2: 4.965018844604492, 1: 5.0074797630310055, 3: 5.032836627960205, 0: 5.138697242736816, 'acc_5': 0.4948, 'acc_1': 0.4896}
data saved

| Test	 Net1  Acc: 38.32%

==== Epoch:4 Test ACC:38.32 ====

Ensenble {4: 4.951664447784424, 2: 4.965018844604492, 1: 5.0074797630310055, 3: 5.032836627960205, 0: 5.138697242736816, 'acc_5': 0.4954, 'acc_1': 0.3832}
data saved

| Test	 Net1  Acc: 50.52%

==== Epoch:5 Test ACC:50.52 ====

Ensenble {5: 4.911358165740967, 4: 4.951664447784424, 2: 4.965018844604492, 1: 5.0074797630310055, 3: 5.032836627960205, 'acc_5': 0.5408, 'acc_1': 0.5052}
data saved

| Test	 Net1  Acc: 50.88%

==== Epoch:6 Test ACC:50.88 ====

Ensenble {6: 4.891155338287353, 5: 4.911358165740967, 4: 4.951664447784424, 2: 4.965018844604492, 1: 5.0074797630310055, 'acc_5': 0.6076, 'acc_1': 0.5088}
data saved

| Test	 Net1  Acc: 58.26%

==== Epoch:7 Test ACC:58.26 ====

Ensenble {7: 4.830475330352783, 6: 4.891155338287353, 5: 4.911358165740967, 4: 4.951664447784424, 2: 4.965018844604492, 'acc_5': 0.6224, 'acc_1': 0.5826}
data saved

| Test	 Net1  Acc: 46.00%

==== Epoch:8 Test ACC:46.0 ====

Ensenble {7: 4.830475330352783, 8: 4.864457035064698, 6: 4.891155338287353, 5: 4.911358165740967, 4: 4.951664447784424, 'acc_5': 0.6264, 'acc_1': 0.5826}
data saved

| Test	 Net1  Acc: 59.20%

==== Epoch:9 Test ACC:59.2 ====

Ensenble {9: 4.788404846191407, 7: 4.830475330352783, 8: 4.864457035064698, 6: 4.891155338287353, 5: 4.911358165740967, 'acc_5': 0.6768, 'acc_1': 0.592}
data saved

| Test	 Net1  Acc: 65.74%

==== Epoch:10 Test ACC:65.74 ====

Ensenble {10: 4.747674942016602, 9: 4.788404846191407, 7: 4.830475330352783, 8: 4.864457035064698, 6: 4.891155338287353, 'acc_5': 0.7022, 'acc_1': 0.6574}
data saved

| Test	 Net1  Acc: 66.78%

==== Epoch:11 Test ACC:66.78 ====

Ensenble {10: 4.747674942016602, 11: 4.78717269897461, 9: 4.788404846191407, 7: 4.830475330352783, 8: 4.864457035064698, 'acc_5': 0.719, 'acc_1': 0.6574}
data saved

| Test	 Net1  Acc: 56.12%

==== Epoch:12 Test ACC:56.12 ====

Ensenble {12: 4.739422607421875, 10: 4.747674942016602, 11: 4.78717269897461, 9: 4.788404846191407, 7: 4.830475330352783, 'acc_5': 0.7214, 'acc_1': 0.5612}
data saved

| Test	 Net1  Acc: 68.32%

==== Epoch:13 Test ACC:68.32 ====

Ensenble {13: 4.697277164459228, 12: 4.739422607421875, 10: 4.747674942016602, 11: 4.78717269897461, 9: 4.788404846191407, 'acc_5': 0.74, 'acc_1': 0.6832}
data saved

| Test	 Net1  Acc: 63.98%

==== Epoch:14 Test ACC:63.98 ====

Ensenble {13: 4.697277164459228, 14: 4.709023666381836, 12: 4.739422607421875, 10: 4.747674942016602, 11: 4.78717269897461, 'acc_5': 0.768, 'acc_1': 0.6832}
data saved

| Test	 Net1  Acc: 66.18%

==== Epoch:15 Test ACC:66.18 ====

Ensenble {15: 4.663693523406982, 13: 4.697277164459228, 14: 4.709023666381836, 12: 4.739422607421875, 10: 4.747674942016602, 'acc_5': 0.7678, 'acc_1': 0.6618}
data saved

| Test	 Net1  Acc: 62.80%

==== Epoch:16 Test ACC:62.8 ====

Ensenble {15: 4.663693523406982, 13: 4.697277164459228, 14: 4.709023666381836, 16: 4.712278366088867, 12: 4.739422607421875, 'acc_5': 0.7468, 'acc_1': 0.6618}
data saved

| Test	 Net1  Acc: 69.10%

==== Epoch:17 Test ACC:69.1 ====

Ensenble {17: 4.6431831359863285, 15: 4.663693523406982, 13: 4.697277164459228, 14: 4.709023666381836, 16: 4.712278366088867, 'acc_5': 0.7608, 'acc_1': 0.691}
data saved

| Test	 Net1  Acc: 68.54%

==== Epoch:18 Test ACC:68.54 ====

Ensenble {18: 4.5812653541564945, 17: 4.6431831359863285, 15: 4.663693523406982, 13: 4.697277164459228, 14: 4.709023666381836, 'acc_5': 0.7752, 'acc_1': 0.6854}
data saved

| Test	 Net1  Acc: 64.50%

==== Epoch:19 Test ACC:64.5 ====

Ensenble {18: 4.5812653541564945, 17: 4.6431831359863285, 15: 4.663693523406982, 13: 4.697277164459228, 14: 4.709023666381836, 'acc_5': 0.7752, 'acc_1': 0.6854}
data saved

| Test	 Net1  Acc: 61.98%

==== Epoch:20 Test ACC:61.98 ====

Ensenble {18: 4.5812653541564945, 17: 4.6431831359863285, 20: 4.6532844543457035, 15: 4.663693523406982, 13: 4.697277164459228, 'acc_5': 0.7718, 'acc_1': 0.6854}
data saved

| Test	 Net1  Acc: 72.14%

==== Epoch:21 Test ACC:72.14 ====

Ensenble {18: 4.5812653541564945, 21: 4.603463172912598, 17: 4.6431831359863285, 20: 4.6532844543457035, 15: 4.663693523406982, 'acc_5': 0.7862, 'acc_1': 0.6854}
data saved

| Test	 Net1  Acc: 73.64%

==== Epoch:22 Test ACC:73.64 ====

Ensenble {22: 4.581183815002442, 18: 4.5812653541564945, 21: 4.603463172912598, 17: 4.6431831359863285, 20: 4.6532844543457035, 'acc_5': 0.793, 'acc_1': 0.7364}
data saved

| Test	 Net1  Acc: 72.80%

==== Epoch:23 Test ACC:72.8 ====

Ensenble {23: 4.553061771392822, 22: 4.581183815002442, 18: 4.5812653541564945, 21: 4.603463172912598, 17: 4.6431831359863285, 'acc_5': 0.799, 'acc_1': 0.728}
data saved

| Test	 Net1  Acc: 69.62%

==== Epoch:24 Test ACC:69.62 ====

Ensenble {23: 4.553061771392822, 22: 4.581183815002442, 18: 4.5812653541564945, 21: 4.603463172912598, 17: 4.6431831359863285, 'acc_5': 0.799, 'acc_1': 0.728}
data saved

| Test	 Net1  Acc: 71.40%

==== Epoch:25 Test ACC:71.4 ====

Ensenble {23: 4.553061771392822, 25: 4.578239440917969, 22: 4.581183815002442, 18: 4.5812653541564945, 21: 4.603463172912598, 'acc_5': 0.8044, 'acc_1': 0.728}
data saved

| Test	 Net1  Acc: 70.26%

==== Epoch:26 Test ACC:70.26 ====

Ensenble {26: 4.50668478012085, 23: 4.553061771392822, 25: 4.578239440917969, 22: 4.581183815002442, 18: 4.5812653541564945, 'acc_5': 0.8048, 'acc_1': 0.7026}
data saved

| Test	 Net1  Acc: 68.42%

==== Epoch:27 Test ACC:68.42 ====

Ensenble {26: 4.50668478012085, 23: 4.553061771392822, 25: 4.578239440917969, 22: 4.581183815002442, 18: 4.5812653541564945, 'acc_5': 0.8048, 'acc_1': 0.7026}
data saved

| Test	 Net1  Acc: 74.10%

==== Epoch:28 Test ACC:74.1 ====

Ensenble {26: 4.50668478012085, 23: 4.553061771392822, 28: 4.565296077728272, 25: 4.578239440917969, 22: 4.581183815002442, 'acc_5': 0.8052, 'acc_1': 0.7026}
data saved

| Test	 Net1  Acc: 72.00%

==== Epoch:29 Test ACC:72.0 ====

Ensenble {26: 4.50668478012085, 23: 4.553061771392822, 29: 4.555683231353759, 28: 4.565296077728272, 25: 4.578239440917969, 'acc_5': 0.8084, 'acc_1': 0.7026}
data saved

| Test	 Net1  Acc: 73.04%

==== Epoch:30 Test ACC:73.04 ====

Ensenble {26: 4.50668478012085, 30: 4.54146671295166, 23: 4.553061771392822, 29: 4.555683231353759, 28: 4.565296077728272, 'acc_5': 0.8126, 'acc_1': 0.7026}
data saved

| Test	 Net1  Acc: 71.64%

==== Epoch:31 Test ACC:71.64 ====

Ensenble {26: 4.50668478012085, 30: 4.54146671295166, 31: 4.54212064743042, 23: 4.553061771392822, 29: 4.555683231353759, 'acc_5': 0.8132, 'acc_1': 0.7026}
data saved

| Test	 Net1  Acc: 71.62%

==== Epoch:32 Test ACC:71.62 ====

Ensenble {32: 4.479761695861816, 26: 4.50668478012085, 30: 4.54146671295166, 31: 4.54212064743042, 23: 4.553061771392822, 'acc_5': 0.813, 'acc_1': 0.7162}
data saved

| Test	 Net1  Acc: 69.06%

==== Epoch:33 Test ACC:69.06 ====

Ensenble {32: 4.479761695861816, 26: 4.50668478012085, 30: 4.54146671295166, 31: 4.54212064743042, 23: 4.553061771392822, 'acc_5': 0.813, 'acc_1': 0.7162}
data saved

| Test	 Net1  Acc: 72.96%

==== Epoch:34 Test ACC:72.96 ====

Ensenble {32: 4.479761695861816, 26: 4.50668478012085, 30: 4.54146671295166, 31: 4.54212064743042, 34: 4.550622749328613, 'acc_5': 0.8118, 'acc_1': 0.7162}
data saved

| Test	 Net1  Acc: 70.46%

==== Epoch:35 Test ACC:70.46 ====

Ensenble {32: 4.479761695861816, 26: 4.50668478012085, 30: 4.54146671295166, 31: 4.54212064743042, 34: 4.550622749328613, 'acc_5': 0.8118, 'acc_1': 0.7162}
data saved

| Test	 Net1  Acc: 73.00%

==== Epoch:36 Test ACC:73.0 ====

Ensenble {32: 4.479761695861816, 26: 4.50668478012085, 36: 4.5408790588378904, 30: 4.54146671295166, 31: 4.54212064743042, 'acc_5': 0.8146, 'acc_1': 0.7162}
data saved

| Test	 Net1  Acc: 70.54%

==== Epoch:37 Test ACC:70.54 ====

Ensenble {32: 4.479761695861816, 37: 4.492141151428223, 26: 4.50668478012085, 36: 4.5408790588378904, 30: 4.54146671295166, 'acc_5': 0.818, 'acc_1': 0.7162}
data saved

| Test	 Net1  Acc: 76.24%

==== Epoch:38 Test ACC:76.24 ====

Ensenble {38: 4.474750709533692, 32: 4.479761695861816, 37: 4.492141151428223, 26: 4.50668478012085, 36: 4.5408790588378904, 'acc_5': 0.8212, 'acc_1': 0.7624}
data saved

| Test	 Net1  Acc: 69.30%

==== Epoch:39 Test ACC:69.3 ====

Ensenble {38: 4.474750709533692, 32: 4.479761695861816, 37: 4.492141151428223, 26: 4.50668478012085, 36: 4.5408790588378904, 'acc_5': 0.8212, 'acc_1': 0.7624}
data saved

| Test	 Net1  Acc: 72.88%

==== Epoch:40 Test ACC:72.88 ====

Ensenble {38: 4.474750709533692, 32: 4.479761695861816, 37: 4.492141151428223, 40: 4.503131294250489, 26: 4.50668478012085, 'acc_5': 0.816, 'acc_1': 0.7624}
data saved

| Test	 Net1  Acc: 76.32%

==== Epoch:41 Test ACC:76.32 ====

Ensenble {41: 4.452051639556885, 38: 4.474750709533692, 32: 4.479761695861816, 37: 4.492141151428223, 40: 4.503131294250489, 'acc_5': 0.8168, 'acc_1': 0.7632}
data saved

| Test	 Net1  Acc: 70.46%

==== Epoch:42 Test ACC:70.46 ====

Ensenble {41: 4.452051639556885, 38: 4.474750709533692, 32: 4.479761695861816, 37: 4.492141151428223, 40: 4.503131294250489, 'acc_5': 0.8168, 'acc_1': 0.7632}
data saved

| Test	 Net1  Acc: 73.16%

==== Epoch:43 Test ACC:73.16 ====

Ensenble {41: 4.452051639556885, 38: 4.474750709533692, 32: 4.479761695861816, 37: 4.492141151428223, 40: 4.503131294250489, 'acc_5': 0.8168, 'acc_1': 0.7632}
data saved

| Test	 Net1  Acc: 73.66%

==== Epoch:44 Test ACC:73.66 ====

Ensenble {41: 4.452051639556885, 44: 4.461191463470459, 38: 4.474750709533692, 32: 4.479761695861816, 37: 4.492141151428223, 'acc_5': 0.821, 'acc_1': 0.7632}
data saved

| Test	 Net1  Acc: 72.42%

==== Epoch:45 Test ACC:72.42 ====

Ensenble {41: 4.452051639556885, 44: 4.461191463470459, 38: 4.474750709533692, 45: 4.47676944732666, 32: 4.479761695861816, 'acc_5': 0.8208, 'acc_1': 0.7632}
data saved

| Test	 Net1  Acc: 73.34%

==== Epoch:46 Test ACC:73.34 ====

Ensenble {46: 4.444522953033447, 41: 4.452051639556885, 44: 4.461191463470459, 38: 4.474750709533692, 45: 4.47676944732666, 'acc_5': 0.8146, 'acc_1': 0.7334}
data saved

| Test	 Net1  Acc: 74.72%

==== Epoch:47 Test ACC:74.72 ====

Ensenble {46: 4.444522953033447, 41: 4.452051639556885, 44: 4.461191463470459, 38: 4.474750709533692, 47: 4.475762367248535, 'acc_5': 0.8196, 'acc_1': 0.7334}
data saved

| Test	 Net1  Acc: 74.62%

==== Epoch:48 Test ACC:74.62 ====

Ensenble {46: 4.444522953033447, 41: 4.452051639556885, 44: 4.461191463470459, 48: 4.462983703613281, 38: 4.474750709533692, 'acc_5': 0.83, 'acc_1': 0.7334}
data saved

| Test	 Net1  Acc: 71.50%

==== Epoch:49 Test ACC:71.5 ====

Ensenble {46: 4.444522953033447, 41: 4.452051639556885, 44: 4.461191463470459, 48: 4.462983703613281, 38: 4.474750709533692, 'acc_5': 0.83, 'acc_1': 0.7334}
data saved

| Test	 Net1  Acc: 74.12%

==== Epoch:50 Test ACC:74.12 ====

Ensenble {46: 4.444522953033447, 41: 4.452051639556885, 50: 4.4571527481079105, 44: 4.461191463470459, 48: 4.462983703613281, 'acc_5': 0.8232, 'acc_1': 0.7334}
data saved

| Test	 Net1  Acc: 73.74%

==== Epoch:51 Test ACC:73.74 ====

Ensenble {46: 4.444522953033447, 41: 4.452051639556885, 51: 4.4548238754272464, 50: 4.4571527481079105, 44: 4.461191463470459, 'acc_5': 0.8236, 'acc_1': 0.7334}
data saved

| Test	 Net1  Acc: 69.70%

==== Epoch:52 Test ACC:69.7 ====

Ensenble {46: 4.444522953033447, 41: 4.452051639556885, 51: 4.4548238754272464, 50: 4.4571527481079105, 44: 4.461191463470459, 'acc_5': 0.8236, 'acc_1': 0.7334}
data saved

| Test	 Net1  Acc: 72.46%

==== Epoch:53 Test ACC:72.46 ====

Ensenble {46: 4.444522953033447, 41: 4.452051639556885, 51: 4.4548238754272464, 50: 4.4571527481079105, 53: 4.458604049682617, 'acc_5': 0.8224, 'acc_1': 0.7334}
data saved

| Test	 Net1  Acc: 74.28%

==== Epoch:54 Test ACC:74.28 ====

Ensenble {46: 4.444522953033447, 41: 4.452051639556885, 51: 4.4548238754272464, 50: 4.4571527481079105, 53: 4.458604049682617, 'acc_5': 0.8224, 'acc_1': 0.7334}
data saved

| Test	 Net1  Acc: 75.36%

==== Epoch:55 Test ACC:75.36 ====

Ensenble {55: 4.3830132484436035, 46: 4.444522953033447, 41: 4.452051639556885, 51: 4.4548238754272464, 50: 4.4571527481079105, 'acc_5': 0.8268, 'acc_1': 0.7536}
data saved

| Test	 Net1  Acc: 72.28%

==== Epoch:56 Test ACC:72.28 ====

Ensenble {55: 4.3830132484436035, 56: 4.434861564636231, 46: 4.444522953033447, 41: 4.452051639556885, 51: 4.4548238754272464, 'acc_5': 0.8268, 'acc_1': 0.7536}
data saved

| Test	 Net1  Acc: 76.66%

==== Epoch:57 Test ACC:76.66 ====

Ensenble {57: 4.37300672531128, 55: 4.3830132484436035, 56: 4.434861564636231, 46: 4.444522953033447, 41: 4.452051639556885, 'acc_5': 0.8274, 'acc_1': 0.7666}
data saved

| Test	 Net1  Acc: 72.10%

==== Epoch:58 Test ACC:72.1 ====

Ensenble {57: 4.37300672531128, 55: 4.3830132484436035, 56: 4.434861564636231, 46: 4.444522953033447, 41: 4.452051639556885, 'acc_5': 0.8274, 'acc_1': 0.7666}
data saved

| Test	 Net1  Acc: 75.54%

==== Epoch:59 Test ACC:75.54 ====

Ensenble {57: 4.37300672531128, 59: 4.378377532958984, 55: 4.3830132484436035, 56: 4.434861564636231, 46: 4.444522953033447, 'acc_5': 0.825, 'acc_1': 0.7666}
data saved

| Test	 Net1  Acc: 69.66%

==== Epoch:60 Test ACC:69.66 ====

Ensenble {57: 4.37300672531128, 59: 4.378377532958984, 55: 4.3830132484436035, 56: 4.434861564636231, 46: 4.444522953033447, 'acc_5': 0.825, 'acc_1': 0.7666}
data saved

| Test	 Net1  Acc: 70.02%

==== Epoch:61 Test ACC:70.02 ====

Ensenble {57: 4.37300672531128, 59: 4.378377532958984, 55: 4.3830132484436035, 56: 4.434861564636231, 46: 4.444522953033447, 'acc_5': 0.825, 'acc_1': 0.7666}
data saved

| Test	 Net1  Acc: 69.34%

==== Epoch:62 Test ACC:69.34 ====

Ensenble {57: 4.37300672531128, 59: 4.378377532958984, 55: 4.3830132484436035, 56: 4.434861564636231, 46: 4.444522953033447, 'acc_5': 0.825, 'acc_1': 0.7666}
data saved

| Test	 Net1  Acc: 74.26%

==== Epoch:63 Test ACC:74.26 ====

Ensenble {63: 4.369043445587158, 57: 4.37300672531128, 59: 4.378377532958984, 55: 4.3830132484436035, 56: 4.434861564636231, 'acc_5': 0.8202, 'acc_1': 0.7426}
data saved

| Test	 Net1  Acc: 76.16%

==== Epoch:64 Test ACC:76.16 ====

Ensenble {63: 4.369043445587158, 57: 4.37300672531128, 59: 4.378377532958984, 55: 4.3830132484436035, 64: 4.386363792419433, 'acc_5': 0.8154, 'acc_1': 0.7426}
data saved

| Test	 Net1  Acc: 70.10%

==== Epoch:65 Test ACC:70.1 ====

Ensenble {63: 4.369043445587158, 57: 4.37300672531128, 59: 4.378377532958984, 55: 4.3830132484436035, 64: 4.386363792419433, 'acc_5': 0.8154, 'acc_1': 0.7426}
data saved

| Test	 Net1  Acc: 68.96%

==== Epoch:66 Test ACC:68.96 ====

Ensenble {63: 4.369043445587158, 57: 4.37300672531128, 59: 4.378377532958984, 55: 4.3830132484436035, 64: 4.386363792419433, 'acc_5': 0.8154, 'acc_1': 0.7426}
data saved

| Test	 Net1  Acc: 70.52%

==== Epoch:67 Test ACC:70.52 ====

Ensenble {63: 4.369043445587158, 57: 4.37300672531128, 59: 4.378377532958984, 55: 4.3830132484436035, 64: 4.386363792419433, 'acc_5': 0.8154, 'acc_1': 0.7426}
data saved

| Test	 Net1  Acc: 72.22%

==== Epoch:68 Test ACC:72.22 ====

Ensenble {63: 4.369043445587158, 57: 4.37300672531128, 59: 4.378377532958984, 55: 4.3830132484436035, 64: 4.386363792419433, 'acc_5': 0.8154, 'acc_1': 0.7426}
data saved

| Test	 Net1  Acc: 70.20%

==== Epoch:69 Test ACC:70.2 ====

Ensenble {63: 4.369043445587158, 57: 4.37300672531128, 59: 4.378377532958984, 55: 4.3830132484436035, 64: 4.386363792419433, 'acc_5': 0.8154, 'acc_1': 0.7426}
data saved

| Test	 Net1  Acc: 74.88%

==== Epoch:70 Test ACC:74.88 ====

Ensenble {63: 4.369043445587158, 57: 4.37300672531128, 59: 4.378377532958984, 55: 4.3830132484436035, 64: 4.386363792419433, 'acc_5': 0.8154, 'acc_1': 0.7426}
data saved

| Test	 Net1  Acc: 73.18%

==== Epoch:71 Test ACC:73.18 ====

Ensenble {63: 4.369043445587158, 57: 4.37300672531128, 59: 4.378377532958984, 55: 4.3830132484436035, 64: 4.386363792419433, 'acc_5': 0.8154, 'acc_1': 0.7426}
data saved

| Test	 Net1  Acc: 60.64%

==== Epoch:72 Test ACC:60.64 ====

Ensenble {63: 4.369043445587158, 57: 4.37300672531128, 59: 4.378377532958984, 55: 4.3830132484436035, 64: 4.386363792419433, 'acc_5': 0.8154, 'acc_1': 0.7426}
data saved

| Test	 Net1  Acc: 69.54%

==== Epoch:73 Test ACC:69.54 ====

Ensenble {63: 4.369043445587158, 57: 4.37300672531128, 59: 4.378377532958984, 55: 4.3830132484436035, 64: 4.386363792419433, 'acc_5': 0.8154, 'acc_1': 0.7426}
data saved
